<?xml version="1.0" encoding="UTF-8"?>
<testsuite xmlns:xsi="http://www.w3.org/2001/XMLSchema-instance" xsi:noNamespaceSchemaLocation="https://maven.apache.org/surefire/maven-surefire-plugin/xsd/surefire-test-report-3.0.xsd" version="3.0" name="TestRunner.Run" time="342.671" tests="6" errors="0" skipped="0" failures="1">
  <properties>
    <property name="java.specification.version" value="21"/>
    <property name="webdriver.chrome.driver" value="C:\Users\Shree\.cache\selenium\chromedriver\win64\122.0.6261.111\chromedriver.exe"/>
    <property name="sun.cpu.isalist" value="amd64"/>
    <property name="sun.jnu.encoding" value="Cp1252"/>
    <property name="java.class.path" value="C:\Users\Shree\Desktop\Cucumber\CucumberFramework\target\test-classes;C:\Users\Shree\Desktop\Cucumber\CucumberFramework\target\classes;C:\Users\Shree\.m2\repository\junit\junit\4.11\junit-4.11.jar;C:\Users\Shree\.m2\repository\io\cucumber\cucumber-html\0.2.7\cucumber-html-0.2.7.jar;C:\Users\Shree\.m2\repository\net\sourceforge\cobertura\cobertura\2.1.1\cobertura-2.1.1.jar;C:\Users\Shree\.m2\repository\org\ow2\asm\asm\5.0.1\asm-5.0.1.jar;C:\Users\Shree\.m2\repository\org\ow2\asm\asm-tree\5.0.1\asm-tree-5.0.1.jar;C:\Users\Shree\.m2\repository\org\ow2\asm\asm-commons\5.0.1\asm-commons-5.0.1.jar;C:\Users\Shree\.m2\repository\org\ow2\asm\asm-util\5.0.1\asm-util-5.0.1.jar;C:\Users\Shree\.m2\repository\org\ow2\asm\asm-analysis\5.0.1\asm-analysis-5.0.1.jar;C:\Users\Shree\.m2\repository\oro\oro\2.0.8\oro-2.0.8.jar;C:\Users\Shree\.m2\repository\jaxen\jaxen\1.1.4\jaxen-1.1.4.jar;C:\Users\Shree\.m2\repository\org\apache\ant\ant\1.8.3\ant-1.8.3.jar;C:\Users\Shree\.m2\repository\org\apache\ant\ant-launcher\1.8.3\ant-launcher-1.8.3.jar;C:\Users\Shree\.m2\repository\org\apache\ant\ant-junit\1.8.3\ant-junit-1.8.3.jar;C:\Users\Shree\.m2\repository\org\mortbay\jetty\servlet-api-2.5\6.1.14\servlet-api-2.5-6.1.14.jar;C:\Users\Shree\.m2\repository\org\mortbay\jetty\jetty\6.1.14\jetty-6.1.14.jar;C:\Users\Shree\.m2\repository\org\mortbay\jetty\jetty-util\6.1.14\jetty-util-6.1.14.jar;C:\Users\Shree\.m2\repository\org\slf4j\slf4j-api\1.7.5\slf4j-api-1.7.5.jar;C:\Users\Shree\.m2\repository\ch\qos\logback\logback-classic\1.0.13\logback-classic-1.0.13.jar;C:\Users\Shree\.m2\repository\ch\qos\logback\logback-core\1.0.13\logback-core-1.0.13.jar;C:\Users\Shree\.m2\repository\org\apache\commons\commons-lang3\3.3.2\commons-lang3-3.3.2.jar;C:\Users\Shree\.m2\repository\io\cucumber\cucumber-java\7.15.0\cucumber-java-7.15.0.jar;C:\Users\Shree\.m2\repository\io\cucumber\cucumber-core\7.15.0\cucumber-core-7.15.0.jar;C:\Users\Shree\.m2\repository\io\cucumber\cucumber-gherkin\7.15.0\cucumber-gherkin-7.15.0.jar;C:\Users\Shree\.m2\repository\io\cucumber\cucumber-gherkin-messages\7.15.0\cucumber-gherkin-messages-7.15.0.jar;C:\Users\Shree\.m2\repository\io\cucumber\tag-expressions\6.0.0\tag-expressions-6.0.0.jar;C:\Users\Shree\.m2\repository\io\cucumber\cucumber-expressions\17.0.1\cucumber-expressions-17.0.1.jar;C:\Users\Shree\.m2\repository\io\cucumber\datatable\7.15.0\datatable-7.15.0.jar;C:\Users\Shree\.m2\repository\io\cucumber\cucumber-plugin\7.15.0\cucumber-plugin-7.15.0.jar;C:\Users\Shree\.m2\repository\io\cucumber\docstring\7.15.0\docstring-7.15.0.jar;C:\Users\Shree\.m2\repository\io\cucumber\html-formatter\20.4.0\html-formatter-20.4.0.jar;C:\Users\Shree\.m2\repository\io\cucumber\junit-xml-formatter\0.2.0\junit-xml-formatter-0.2.0.jar;C:\Users\Shree\.m2\repository\io\cucumber\ci-environment\10.0.0\ci-environment-10.0.0.jar;C:\Users\Shree\.m2\repository\org\apiguardian\apiguardian-api\1.1.2\apiguardian-api-1.1.2.jar;C:\Users\Shree\.m2\repository\io\cucumber\cucumber-jvm-deps\1.0.6\cucumber-jvm-deps-1.0.6.jar;C:\Users\Shree\.m2\repository\net\masterthought\cucumber-reporting\5.7.8\cucumber-reporting-5.7.8.jar;C:\Users\Shree\.m2\repository\com\fasterxml\jackson\core\jackson-databind\2.16.0\jackson-databind-2.16.0.jar;C:\Users\Shree\.m2\repository\com\fasterxml\jackson\core\jackson-annotations\2.16.0\jackson-annotations-2.16.0.jar;C:\Users\Shree\.m2\repository\com\fasterxml\jackson\core\jackson-core\2.16.0\jackson-core-2.16.0.jar;C:\Users\Shree\.m2\repository\com\fasterxml\jackson\datatype\jackson-datatype-jsr310\2.16.0\jackson-datatype-jsr310-2.16.0.jar;C:\Users\Shree\.m2\repository\org\apache\velocity\velocity-engine-core\2.3\velocity-engine-core-2.3.jar;C:\Users\Shree\.m2\repository\joda-time\joda-time\2.12.5\joda-time-2.12.5.jar;C:\Users\Shree\.m2\repository\org\codehaus\plexus\plexus-utils\3.5.1\plexus-utils-3.5.1.jar;C:\Users\Shree\.m2\repository\org\jsoup\jsoup\1.17.1\jsoup-1.17.1.jar;C:\Users\Shree\.m2\repository\com\googlecode\owasp-java-html-sanitizer\owasp-java-html-sanitizer\20220608.1\owasp-java-html-sanitizer-20220608.1.jar;C:\Users\Shree\.m2\repository\com\google\guava\guava\30.1-jre\guava-30.1-jre.jar;C:\Users\Shree\.m2\repository\com\google\guava\failureaccess\1.0.1\failureaccess-1.0.1.jar;C:\Users\Shree\.m2\repository\com\google\guava\listenablefuture\9999.0-empty-to-avoid-conflict-with-guava\listenablefuture-9999.0-empty-to-avoid-conflict-with-guava.jar;C:\Users\Shree\.m2\repository\com\google\code\findbugs\jsr305\3.0.2\jsr305-3.0.2.jar;C:\Users\Shree\.m2\repository\org\checkerframework\checker-qual\3.5.0\checker-qual-3.5.0.jar;C:\Users\Shree\.m2\repository\com\google\errorprone\error_prone_annotations\2.3.4\error_prone_annotations-2.3.4.jar;C:\Users\Shree\.m2\repository\com\google\j2objc\j2objc-annotations\1.3\j2objc-annotations-1.3.jar;C:\Users\Shree\.m2\repository\commons-configuration\commons-configuration\1.10\commons-configuration-1.10.jar;C:\Users\Shree\.m2\repository\commons-lang\commons-lang\2.6\commons-lang-2.6.jar;C:\Users\Shree\.m2\repository\commons-logging\commons-logging\1.1.1\commons-logging-1.1.1.jar;C:\Users\Shree\.m2\repository\org\hamcrest\hamcrest-core\2.2\hamcrest-core-2.2.jar;C:\Users\Shree\.m2\repository\org\hamcrest\hamcrest\2.2\hamcrest-2.2.jar;C:\Users\Shree\.m2\repository\io\cucumber\gherkin\27.0.0\gherkin-27.0.0.jar;C:\Users\Shree\.m2\repository\io\cucumber\messages\22.0.0\messages-22.0.0.jar;C:\Users\Shree\.m2\repository\org\seleniumhq\selenium\selenium-java\4.17.0\selenium-java-4.17.0.jar;C:\Users\Shree\.m2\repository\org\seleniumhq\selenium\selenium-api\4.17.0\selenium-api-4.17.0.jar;C:\Users\Shree\.m2\repository\org\seleniumhq\selenium\selenium-chrome-driver\4.17.0\selenium-chrome-driver-4.17.0.jar;C:\Users\Shree\.m2\repository\com\google\auto\service\auto-service-annotations\1.1.1\auto-service-annotations-1.1.1.jar;C:\Users\Shree\.m2\repository\org\seleniumhq\selenium\selenium-chromium-driver\4.17.0\selenium-chromium-driver-4.17.0.jar;C:\Users\Shree\.m2\repository\org\seleniumhq\selenium\selenium-json\4.17.0\selenium-json-4.17.0.jar;C:\Users\Shree\.m2\repository\org\seleniumhq\selenium\selenium-manager\4.17.0\selenium-manager-4.17.0.jar;C:\Users\Shree\.m2\repository\org\seleniumhq\selenium\selenium-devtools-v119\4.17.0\selenium-devtools-v119-4.17.0.jar;C:\Users\Shree\.m2\repository\org\seleniumhq\selenium\selenium-devtools-v120\4.17.0\selenium-devtools-v120-4.17.0.jar;C:\Users\Shree\.m2\repository\org\seleniumhq\selenium\selenium-devtools-v121\4.17.0\selenium-devtools-v121-4.17.0.jar;C:\Users\Shree\.m2\repository\org\seleniumhq\selenium\selenium-devtools-v85\4.17.0\selenium-devtools-v85-4.17.0.jar;C:\Users\Shree\.m2\repository\org\seleniumhq\selenium\selenium-edge-driver\4.17.0\selenium-edge-driver-4.17.0.jar;C:\Users\Shree\.m2\repository\org\seleniumhq\selenium\selenium-firefox-driver\4.17.0\selenium-firefox-driver-4.17.0.jar;C:\Users\Shree\.m2\repository\org\seleniumhq\selenium\selenium-http\4.17.0\selenium-http-4.17.0.jar;C:\Users\Shree\.m2\repository\dev\failsafe\failsafe\3.3.2\failsafe-3.3.2.jar;C:\Users\Shree\.m2\repository\org\seleniumhq\selenium\selenium-ie-driver\4.17.0\selenium-ie-driver-4.17.0.jar;C:\Users\Shree\.m2\repository\org\seleniumhq\selenium\selenium-remote-driver\4.17.0\selenium-remote-driver-4.17.0.jar;C:\Users\Shree\.m2\repository\io\opentelemetry\semconv\opentelemetry-semconv\1.23.1-alpha\opentelemetry-semconv-1.23.1-alpha.jar;C:\Users\Shree\.m2\repository\io\opentelemetry\opentelemetry-api\1.34.1\opentelemetry-api-1.34.1.jar;C:\Users\Shree\.m2\repository\io\opentelemetry\opentelemetry-context\1.34.1\opentelemetry-context-1.34.1.jar;C:\Users\Shree\.m2\repository\io\opentelemetry\opentelemetry-exporter-logging\1.34.1\opentelemetry-exporter-logging-1.34.1.jar;C:\Users\Shree\.m2\repository\io\opentelemetry\opentelemetry-sdk-common\1.34.1\opentelemetry-sdk-common-1.34.1.jar;C:\Users\Shree\.m2\repository\io\opentelemetry\opentelemetry-sdk-extension-autoconfigure-spi\1.34.1\opentelemetry-sdk-extension-autoconfigure-spi-1.34.1.jar;C:\Users\Shree\.m2\repository\io\opentelemetry\opentelemetry-sdk-extension-autoconfigure\1.34.1\opentelemetry-sdk-extension-autoconfigure-1.34.1.jar;C:\Users\Shree\.m2\repository\io\opentelemetry\opentelemetry-api-events\1.34.1-alpha\opentelemetry-api-events-1.34.1-alpha.jar;C:\Users\Shree\.m2\repository\io\opentelemetry\opentelemetry-sdk-trace\1.34.1\opentelemetry-sdk-trace-1.34.1.jar;C:\Users\Shree\.m2\repository\io\opentelemetry\opentelemetry-sdk\1.34.1\opentelemetry-sdk-1.34.1.jar;C:\Users\Shree\.m2\repository\io\opentelemetry\opentelemetry-sdk-metrics\1.34.1\opentelemetry-sdk-metrics-1.34.1.jar;C:\Users\Shree\.m2\repository\io\opentelemetry\opentelemetry-extension-incubator\1.34.1-alpha\opentelemetry-extension-incubator-1.34.1-alpha.jar;C:\Users\Shree\.m2\repository\io\opentelemetry\opentelemetry-sdk-logs\1.34.1\opentelemetry-sdk-logs-1.34.1.jar;C:\Users\Shree\.m2\repository\net\bytebuddy\byte-buddy\1.14.11\byte-buddy-1.14.11.jar;C:\Users\Shree\.m2\repository\org\seleniumhq\selenium\selenium-os\4.17.0\selenium-os-4.17.0.jar;C:\Users\Shree\.m2\repository\org\apache\commons\commons-exec\1.3\commons-exec-1.3.jar;C:\Users\Shree\.m2\repository\org\seleniumhq\selenium\selenium-safari-driver\4.17.0\selenium-safari-driver-4.17.0.jar;C:\Users\Shree\.m2\repository\org\seleniumhq\selenium\selenium-support\4.17.0\selenium-support-4.17.0.jar;C:\Users\Shree\.m2\repository\io\github\bonigarcia\webdrivermanager\5.6.3\webdrivermanager-5.6.3.jar;C:\Users\Shree\.m2\repository\com\google\code\gson\gson\2.10.1\gson-2.10.1.jar;C:\Users\Shree\.m2\repository\com\github\docker-java\docker-java\3.3.4\docker-java-3.3.4.jar;C:\Users\Shree\.m2\repository\com\github\docker-java\docker-java-core\3.3.4\docker-java-core-3.3.4.jar;C:\Users\Shree\.m2\repository\com\github\docker-java\docker-java-api\3.3.4\docker-java-api-3.3.4.jar;C:\Users\Shree\.m2\repository\org\bouncycastle\bcpkix-jdk18on\1.76\bcpkix-jdk18on-1.76.jar;C:\Users\Shree\.m2\repository\org\bouncycastle\bcprov-jdk18on\1.76\bcprov-jdk18on-1.76.jar;C:\Users\Shree\.m2\repository\org\bouncycastle\bcutil-jdk18on\1.76\bcutil-jdk18on-1.76.jar;C:\Users\Shree\.m2\repository\org\slf4j\jcl-over-slf4j\1.7.30\jcl-over-slf4j-1.7.30.jar;C:\Users\Shree\.m2\repository\com\github\docker-java\docker-java-transport-httpclient5\3.3.4\docker-java-transport-httpclient5-3.3.4.jar;C:\Users\Shree\.m2\repository\com\github\docker-java\docker-java-transport\3.3.4\docker-java-transport-3.3.4.jar;C:\Users\Shree\.m2\repository\net\java\dev\jna\jna\5.13.0\jna-5.13.0.jar;C:\Users\Shree\.m2\repository\org\brotli\dec\0.1.2\dec-0.1.2.jar;C:\Users\Shree\.m2\repository\org\apache\commons\commons-compress\1.25.0\commons-compress-1.25.0.jar;C:\Users\Shree\.m2\repository\org\apache\httpcomponents\client5\httpclient5\5.2.1\httpclient5-5.2.1.jar;C:\Users\Shree\.m2\repository\org\apache\httpcomponents\core5\httpcore5\5.2\httpcore5-5.2.jar;C:\Users\Shree\.m2\repository\org\apache\httpcomponents\core5\httpcore5-h2\5.2\httpcore5-h2-5.2.jar;C:\Users\Shree\.m2\repository\commons-io\commons-io\2.15.1\commons-io-2.15.1.jar;C:\Users\Shree\.m2\repository\org\apache\logging\log4j\log4j-core\2.22.1\log4j-core-2.22.1.jar;C:\Users\Shree\.m2\repository\org\apache\logging\log4j\log4j-api\2.22.1\log4j-api-2.22.1.jar;C:\Users\Shree\.m2\repository\org\testng\testng\7.9.0\testng-7.9.0.jar;C:\Users\Shree\.m2\repository\com\beust\jcommander\1.82\jcommander-1.82.jar;C:\Users\Shree\.m2\repository\org\webjars\jquery\3.7.1\jquery-3.7.1.jar;C:\Users\Shree\.m2\repository\io\cucumber\cucumber-testng\7.15.0\cucumber-testng-7.15.0.jar;C:\Users\Shree\.m2\repository\tech\grasshopper\extentreports-cucumber7-adapter\1.7.0\extentreports-cucumber7-adapter-1.7.0.jar;C:\Users\Shree\.m2\repository\com\aventstack\extentreports\5.0.9\extentreports-5.0.9.jar;C:\Users\Shree\.m2\repository\io\reactivex\rxjava3\rxjava\3.0.4\rxjava-3.0.4.jar;C:\Users\Shree\.m2\repository\org\reactivestreams\reactive-streams\1.0.3\reactive-streams-1.0.3.jar;C:\Users\Shree\.m2\repository\org\freemarker\freemarker\2.3.30\freemarker-2.3.30.jar;C:\Users\Shree\.m2\repository\org\projectlombok\lombok\1.18.12\lombok-1.18.12.jar;C:\Users\Shree\.m2\repository\tech\grasshopper\extent-pdf-report\2.7.0\extent-pdf-report-2.7.0.jar;C:\Users\Shree\.m2\repository\tech\grasshopper\cucumber-pdf-report\2.10.0\cucumber-pdf-report-2.10.0.jar;C:\Users\Shree\.m2\repository\org\apache\pdfbox\pdfbox\2.0.26\pdfbox-2.0.26.jar;C:\Users\Shree\.m2\repository\org\apache\pdfbox\fontbox\2.0.26\fontbox-2.0.26.jar;C:\Users\Shree\.m2\repository\org\knowm\xchart\xchart\3.8.0\xchart-3.8.0.jar;C:\Users\Shree\.m2\repository\de\erichseifert\vectorgraphics2d\VectorGraphics2D\0.13\VectorGraphics2D-0.13.jar;C:\Users\Shree\.m2\repository\de\rototor\pdfbox\graphics2d\0.30\graphics2d-0.30.jar;C:\Users\Shree\.m2\repository\com\madgag\animated-gif-lib\1.4\animated-gif-lib-1.4.jar;C:\Users\Shree\.m2\repository\org\yaml\snakeyaml\1.28\snakeyaml-1.28.jar;C:\Users\Shree\.m2\repository\tech\grasshopper\table-layout\1.5.1\table-layout-1.5.1.jar;C:\Users\Shree\.m2\repository\tech\grasshopper\rest-assured-cucumber-pdf-report\1.4.1\rest-assured-cucumber-pdf-report-1.4.1.jar;C:\Users\Shree\.m2\repository\com\aventstack\klov-reporter\5.0.9\klov-reporter-5.0.9.jar;C:\Users\Shree\.m2\repository\org\mongodb\mongodb-driver\3.6.4\mongodb-driver-3.6.4.jar;C:\Users\Shree\.m2\repository\org\mongodb\mongodb-driver-core\3.6.4\mongodb-driver-core-3.6.4.jar;C:\Users\Shree\.m2\repository\org\mongodb\bson\3.6.4\bson-3.6.4.jar;C:\Users\Shree\.m2\repository\org\apache\httpcomponents\httpclient\4.5.13\httpclient-4.5.13.jar;C:\Users\Shree\.m2\repository\org\apache\httpcomponents\httpcore\4.4.13\httpcore-4.4.13.jar;C:\Users\Shree\.m2\repository\org\apache\httpcomponents\httpmime\4.5.13\httpmime-4.5.13.jar;C:\Users\Shree\.m2\repository\tech\grasshopper\htmlextentreporter\1.0.1\htmlextentreporter-1.0.1.jar;C:\Program Files\Java\jdk-21\lib\tools-1.5.0.jar;C:\Users\Shree\.m2\repository\org\apache\poi\poi\5.2.5\poi-5.2.5.jar;C:\Users\Shree\.m2\repository\commons-codec\commons-codec\1.16.0\commons-codec-1.16.0.jar;C:\Users\Shree\.m2\repository\org\apache\commons\commons-collections4\4.4\commons-collections4-4.4.jar;C:\Users\Shree\.m2\repository\org\apache\commons\commons-math3\3.6.1\commons-math3-3.6.1.jar;C:\Users\Shree\.m2\repository\com\zaxxer\SparseBitSet\1.3\SparseBitSet-1.3.jar;C:\Users\Shree\.m2\repository\org\apache\poi\poi-ooxml\5.2.5\poi-ooxml-5.2.5.jar;C:\Users\Shree\.m2\repository\org\apache\poi\poi-ooxml-lite\5.2.5\poi-ooxml-lite-5.2.5.jar;C:\Users\Shree\.m2\repository\org\apache\xmlbeans\xmlbeans\5.2.0\xmlbeans-5.2.0.jar;C:\Users\Shree\.m2\repository\com\github\virtuald\curvesapi\1.08\curvesapi-1.08.jar;"/>
    <property name="java.vm.vendor" value="Oracle Corporation"/>
    <property name="sun.arch.data.model" value="64"/>
    <property name="user.variant" value=""/>
    <property name="java.vendor.url" value="https://java.oracle.com/"/>
    <property name="user.timezone" value="Asia/Calcutta"/>
    <property name="os.name" value="Windows 10"/>
    <property name="java.vm.specification.version" value="21"/>
    <property name="sun.java.launcher" value="SUN_STANDARD"/>
    <property name="user.country" value="IN"/>
    <property name="sun.boot.library.path" value="C:\Program Files\Java\jdk-21\bin"/>
    <property name="sun.java.command" value="C:\Users\Shree\AppData\Local\Temp\surefire9246089001787148875\surefirebooter-20240310213516215_3.jar C:\Users\Shree\AppData\Local\Temp\surefire9246089001787148875 2024-03-10T21-35-15_536-jvmRun1 surefire-20240310213516215_1tmp surefire_0-20240310213516215_2tmp"/>
    <property name="jdk.debug" value="release"/>
    <property name="surefire.test.class.path" value="C:\Users\Shree\Desktop\Cucumber\CucumberFramework\target\test-classes;C:\Users\Shree\Desktop\Cucumber\CucumberFramework\target\classes;C:\Users\Shree\.m2\repository\junit\junit\4.11\junit-4.11.jar;C:\Users\Shree\.m2\repository\io\cucumber\cucumber-html\0.2.7\cucumber-html-0.2.7.jar;C:\Users\Shree\.m2\repository\net\sourceforge\cobertura\cobertura\2.1.1\cobertura-2.1.1.jar;C:\Users\Shree\.m2\repository\org\ow2\asm\asm\5.0.1\asm-5.0.1.jar;C:\Users\Shree\.m2\repository\org\ow2\asm\asm-tree\5.0.1\asm-tree-5.0.1.jar;C:\Users\Shree\.m2\repository\org\ow2\asm\asm-commons\5.0.1\asm-commons-5.0.1.jar;C:\Users\Shree\.m2\repository\org\ow2\asm\asm-util\5.0.1\asm-util-5.0.1.jar;C:\Users\Shree\.m2\repository\org\ow2\asm\asm-analysis\5.0.1\asm-analysis-5.0.1.jar;C:\Users\Shree\.m2\repository\oro\oro\2.0.8\oro-2.0.8.jar;C:\Users\Shree\.m2\repository\jaxen\jaxen\1.1.4\jaxen-1.1.4.jar;C:\Users\Shree\.m2\repository\org\apache\ant\ant\1.8.3\ant-1.8.3.jar;C:\Users\Shree\.m2\repository\org\apache\ant\ant-launcher\1.8.3\ant-launcher-1.8.3.jar;C:\Users\Shree\.m2\repository\org\apache\ant\ant-junit\1.8.3\ant-junit-1.8.3.jar;C:\Users\Shree\.m2\repository\org\mortbay\jetty\servlet-api-2.5\6.1.14\servlet-api-2.5-6.1.14.jar;C:\Users\Shree\.m2\repository\org\mortbay\jetty\jetty\6.1.14\jetty-6.1.14.jar;C:\Users\Shree\.m2\repository\org\mortbay\jetty\jetty-util\6.1.14\jetty-util-6.1.14.jar;C:\Users\Shree\.m2\repository\org\slf4j\slf4j-api\1.7.5\slf4j-api-1.7.5.jar;C:\Users\Shree\.m2\repository\ch\qos\logback\logback-classic\1.0.13\logback-classic-1.0.13.jar;C:\Users\Shree\.m2\repository\ch\qos\logback\logback-core\1.0.13\logback-core-1.0.13.jar;C:\Users\Shree\.m2\repository\org\apache\commons\commons-lang3\3.3.2\commons-lang3-3.3.2.jar;C:\Users\Shree\.m2\repository\io\cucumber\cucumber-java\7.15.0\cucumber-java-7.15.0.jar;C:\Users\Shree\.m2\repository\io\cucumber\cucumber-core\7.15.0\cucumber-core-7.15.0.jar;C:\Users\Shree\.m2\repository\io\cucumber\cucumber-gherkin\7.15.0\cucumber-gherkin-7.15.0.jar;C:\Users\Shree\.m2\repository\io\cucumber\cucumber-gherkin-messages\7.15.0\cucumber-gherkin-messages-7.15.0.jar;C:\Users\Shree\.m2\repository\io\cucumber\tag-expressions\6.0.0\tag-expressions-6.0.0.jar;C:\Users\Shree\.m2\repository\io\cucumber\cucumber-expressions\17.0.1\cucumber-expressions-17.0.1.jar;C:\Users\Shree\.m2\repository\io\cucumber\datatable\7.15.0\datatable-7.15.0.jar;C:\Users\Shree\.m2\repository\io\cucumber\cucumber-plugin\7.15.0\cucumber-plugin-7.15.0.jar;C:\Users\Shree\.m2\repository\io\cucumber\docstring\7.15.0\docstring-7.15.0.jar;C:\Users\Shree\.m2\repository\io\cucumber\html-formatter\20.4.0\html-formatter-20.4.0.jar;C:\Users\Shree\.m2\repository\io\cucumber\junit-xml-formatter\0.2.0\junit-xml-formatter-0.2.0.jar;C:\Users\Shree\.m2\repository\io\cucumber\ci-environment\10.0.0\ci-environment-10.0.0.jar;C:\Users\Shree\.m2\repository\org\apiguardian\apiguardian-api\1.1.2\apiguardian-api-1.1.2.jar;C:\Users\Shree\.m2\repository\io\cucumber\cucumber-jvm-deps\1.0.6\cucumber-jvm-deps-1.0.6.jar;C:\Users\Shree\.m2\repository\net\masterthought\cucumber-reporting\5.7.8\cucumber-reporting-5.7.8.jar;C:\Users\Shree\.m2\repository\com\fasterxml\jackson\core\jackson-databind\2.16.0\jackson-databind-2.16.0.jar;C:\Users\Shree\.m2\repository\com\fasterxml\jackson\core\jackson-annotations\2.16.0\jackson-annotations-2.16.0.jar;C:\Users\Shree\.m2\repository\com\fasterxml\jackson\core\jackson-core\2.16.0\jackson-core-2.16.0.jar;C:\Users\Shree\.m2\repository\com\fasterxml\jackson\datatype\jackson-datatype-jsr310\2.16.0\jackson-datatype-jsr310-2.16.0.jar;C:\Users\Shree\.m2\repository\org\apache\velocity\velocity-engine-core\2.3\velocity-engine-core-2.3.jar;C:\Users\Shree\.m2\repository\joda-time\joda-time\2.12.5\joda-time-2.12.5.jar;C:\Users\Shree\.m2\repository\org\codehaus\plexus\plexus-utils\3.5.1\plexus-utils-3.5.1.jar;C:\Users\Shree\.m2\repository\org\jsoup\jsoup\1.17.1\jsoup-1.17.1.jar;C:\Users\Shree\.m2\repository\com\googlecode\owasp-java-html-sanitizer\owasp-java-html-sanitizer\20220608.1\owasp-java-html-sanitizer-20220608.1.jar;C:\Users\Shree\.m2\repository\com\google\guava\guava\30.1-jre\guava-30.1-jre.jar;C:\Users\Shree\.m2\repository\com\google\guava\failureaccess\1.0.1\failureaccess-1.0.1.jar;C:\Users\Shree\.m2\repository\com\google\guava\listenablefuture\9999.0-empty-to-avoid-conflict-with-guava\listenablefuture-9999.0-empty-to-avoid-conflict-with-guava.jar;C:\Users\Shree\.m2\repository\com\google\code\findbugs\jsr305\3.0.2\jsr305-3.0.2.jar;C:\Users\Shree\.m2\repository\org\checkerframework\checker-qual\3.5.0\checker-qual-3.5.0.jar;C:\Users\Shree\.m2\repository\com\google\errorprone\error_prone_annotations\2.3.4\error_prone_annotations-2.3.4.jar;C:\Users\Shree\.m2\repository\com\google\j2objc\j2objc-annotations\1.3\j2objc-annotations-1.3.jar;C:\Users\Shree\.m2\repository\commons-configuration\commons-configuration\1.10\commons-configuration-1.10.jar;C:\Users\Shree\.m2\repository\commons-lang\commons-lang\2.6\commons-lang-2.6.jar;C:\Users\Shree\.m2\repository\commons-logging\commons-logging\1.1.1\commons-logging-1.1.1.jar;C:\Users\Shree\.m2\repository\org\hamcrest\hamcrest-core\2.2\hamcrest-core-2.2.jar;C:\Users\Shree\.m2\repository\org\hamcrest\hamcrest\2.2\hamcrest-2.2.jar;C:\Users\Shree\.m2\repository\io\cucumber\gherkin\27.0.0\gherkin-27.0.0.jar;C:\Users\Shree\.m2\repository\io\cucumber\messages\22.0.0\messages-22.0.0.jar;C:\Users\Shree\.m2\repository\org\seleniumhq\selenium\selenium-java\4.17.0\selenium-java-4.17.0.jar;C:\Users\Shree\.m2\repository\org\seleniumhq\selenium\selenium-api\4.17.0\selenium-api-4.17.0.jar;C:\Users\Shree\.m2\repository\org\seleniumhq\selenium\selenium-chrome-driver\4.17.0\selenium-chrome-driver-4.17.0.jar;C:\Users\Shree\.m2\repository\com\google\auto\service\auto-service-annotations\1.1.1\auto-service-annotations-1.1.1.jar;C:\Users\Shree\.m2\repository\org\seleniumhq\selenium\selenium-chromium-driver\4.17.0\selenium-chromium-driver-4.17.0.jar;C:\Users\Shree\.m2\repository\org\seleniumhq\selenium\selenium-json\4.17.0\selenium-json-4.17.0.jar;C:\Users\Shree\.m2\repository\org\seleniumhq\selenium\selenium-manager\4.17.0\selenium-manager-4.17.0.jar;C:\Users\Shree\.m2\repository\org\seleniumhq\selenium\selenium-devtools-v119\4.17.0\selenium-devtools-v119-4.17.0.jar;C:\Users\Shree\.m2\repository\org\seleniumhq\selenium\selenium-devtools-v120\4.17.0\selenium-devtools-v120-4.17.0.jar;C:\Users\Shree\.m2\repository\org\seleniumhq\selenium\selenium-devtools-v121\4.17.0\selenium-devtools-v121-4.17.0.jar;C:\Users\Shree\.m2\repository\org\seleniumhq\selenium\selenium-devtools-v85\4.17.0\selenium-devtools-v85-4.17.0.jar;C:\Users\Shree\.m2\repository\org\seleniumhq\selenium\selenium-edge-driver\4.17.0\selenium-edge-driver-4.17.0.jar;C:\Users\Shree\.m2\repository\org\seleniumhq\selenium\selenium-firefox-driver\4.17.0\selenium-firefox-driver-4.17.0.jar;C:\Users\Shree\.m2\repository\org\seleniumhq\selenium\selenium-http\4.17.0\selenium-http-4.17.0.jar;C:\Users\Shree\.m2\repository\dev\failsafe\failsafe\3.3.2\failsafe-3.3.2.jar;C:\Users\Shree\.m2\repository\org\seleniumhq\selenium\selenium-ie-driver\4.17.0\selenium-ie-driver-4.17.0.jar;C:\Users\Shree\.m2\repository\org\seleniumhq\selenium\selenium-remote-driver\4.17.0\selenium-remote-driver-4.17.0.jar;C:\Users\Shree\.m2\repository\io\opentelemetry\semconv\opentelemetry-semconv\1.23.1-alpha\opentelemetry-semconv-1.23.1-alpha.jar;C:\Users\Shree\.m2\repository\io\opentelemetry\opentelemetry-api\1.34.1\opentelemetry-api-1.34.1.jar;C:\Users\Shree\.m2\repository\io\opentelemetry\opentelemetry-context\1.34.1\opentelemetry-context-1.34.1.jar;C:\Users\Shree\.m2\repository\io\opentelemetry\opentelemetry-exporter-logging\1.34.1\opentelemetry-exporter-logging-1.34.1.jar;C:\Users\Shree\.m2\repository\io\opentelemetry\opentelemetry-sdk-common\1.34.1\opentelemetry-sdk-common-1.34.1.jar;C:\Users\Shree\.m2\repository\io\opentelemetry\opentelemetry-sdk-extension-autoconfigure-spi\1.34.1\opentelemetry-sdk-extension-autoconfigure-spi-1.34.1.jar;C:\Users\Shree\.m2\repository\io\opentelemetry\opentelemetry-sdk-extension-autoconfigure\1.34.1\opentelemetry-sdk-extension-autoconfigure-1.34.1.jar;C:\Users\Shree\.m2\repository\io\opentelemetry\opentelemetry-api-events\1.34.1-alpha\opentelemetry-api-events-1.34.1-alpha.jar;C:\Users\Shree\.m2\repository\io\opentelemetry\opentelemetry-sdk-trace\1.34.1\opentelemetry-sdk-trace-1.34.1.jar;C:\Users\Shree\.m2\repository\io\opentelemetry\opentelemetry-sdk\1.34.1\opentelemetry-sdk-1.34.1.jar;C:\Users\Shree\.m2\repository\io\opentelemetry\opentelemetry-sdk-metrics\1.34.1\opentelemetry-sdk-metrics-1.34.1.jar;C:\Users\Shree\.m2\repository\io\opentelemetry\opentelemetry-extension-incubator\1.34.1-alpha\opentelemetry-extension-incubator-1.34.1-alpha.jar;C:\Users\Shree\.m2\repository\io\opentelemetry\opentelemetry-sdk-logs\1.34.1\opentelemetry-sdk-logs-1.34.1.jar;C:\Users\Shree\.m2\repository\net\bytebuddy\byte-buddy\1.14.11\byte-buddy-1.14.11.jar;C:\Users\Shree\.m2\repository\org\seleniumhq\selenium\selenium-os\4.17.0\selenium-os-4.17.0.jar;C:\Users\Shree\.m2\repository\org\apache\commons\commons-exec\1.3\commons-exec-1.3.jar;C:\Users\Shree\.m2\repository\org\seleniumhq\selenium\selenium-safari-driver\4.17.0\selenium-safari-driver-4.17.0.jar;C:\Users\Shree\.m2\repository\org\seleniumhq\selenium\selenium-support\4.17.0\selenium-support-4.17.0.jar;C:\Users\Shree\.m2\repository\io\github\bonigarcia\webdrivermanager\5.6.3\webdrivermanager-5.6.3.jar;C:\Users\Shree\.m2\repository\com\google\code\gson\gson\2.10.1\gson-2.10.1.jar;C:\Users\Shree\.m2\repository\com\github\docker-java\docker-java\3.3.4\docker-java-3.3.4.jar;C:\Users\Shree\.m2\repository\com\github\docker-java\docker-java-core\3.3.4\docker-java-core-3.3.4.jar;C:\Users\Shree\.m2\repository\com\github\docker-java\docker-java-api\3.3.4\docker-java-api-3.3.4.jar;C:\Users\Shree\.m2\repository\org\bouncycastle\bcpkix-jdk18on\1.76\bcpkix-jdk18on-1.76.jar;C:\Users\Shree\.m2\repository\org\bouncycastle\bcprov-jdk18on\1.76\bcprov-jdk18on-1.76.jar;C:\Users\Shree\.m2\repository\org\bouncycastle\bcutil-jdk18on\1.76\bcutil-jdk18on-1.76.jar;C:\Users\Shree\.m2\repository\org\slf4j\jcl-over-slf4j\1.7.30\jcl-over-slf4j-1.7.30.jar;C:\Users\Shree\.m2\repository\com\github\docker-java\docker-java-transport-httpclient5\3.3.4\docker-java-transport-httpclient5-3.3.4.jar;C:\Users\Shree\.m2\repository\com\github\docker-java\docker-java-transport\3.3.4\docker-java-transport-3.3.4.jar;C:\Users\Shree\.m2\repository\net\java\dev\jna\jna\5.13.0\jna-5.13.0.jar;C:\Users\Shree\.m2\repository\org\brotli\dec\0.1.2\dec-0.1.2.jar;C:\Users\Shree\.m2\repository\org\apache\commons\commons-compress\1.25.0\commons-compress-1.25.0.jar;C:\Users\Shree\.m2\repository\org\apache\httpcomponents\client5\httpclient5\5.2.1\httpclient5-5.2.1.jar;C:\Users\Shree\.m2\repository\org\apache\httpcomponents\core5\httpcore5\5.2\httpcore5-5.2.jar;C:\Users\Shree\.m2\repository\org\apache\httpcomponents\core5\httpcore5-h2\5.2\httpcore5-h2-5.2.jar;C:\Users\Shree\.m2\repository\commons-io\commons-io\2.15.1\commons-io-2.15.1.jar;C:\Users\Shree\.m2\repository\org\apache\logging\log4j\log4j-core\2.22.1\log4j-core-2.22.1.jar;C:\Users\Shree\.m2\repository\org\apache\logging\log4j\log4j-api\2.22.1\log4j-api-2.22.1.jar;C:\Users\Shree\.m2\repository\org\testng\testng\7.9.0\testng-7.9.0.jar;C:\Users\Shree\.m2\repository\com\beust\jcommander\1.82\jcommander-1.82.jar;C:\Users\Shree\.m2\repository\org\webjars\jquery\3.7.1\jquery-3.7.1.jar;C:\Users\Shree\.m2\repository\io\cucumber\cucumber-testng\7.15.0\cucumber-testng-7.15.0.jar;C:\Users\Shree\.m2\repository\tech\grasshopper\extentreports-cucumber7-adapter\1.7.0\extentreports-cucumber7-adapter-1.7.0.jar;C:\Users\Shree\.m2\repository\com\aventstack\extentreports\5.0.9\extentreports-5.0.9.jar;C:\Users\Shree\.m2\repository\io\reactivex\rxjava3\rxjava\3.0.4\rxjava-3.0.4.jar;C:\Users\Shree\.m2\repository\org\reactivestreams\reactive-streams\1.0.3\reactive-streams-1.0.3.jar;C:\Users\Shree\.m2\repository\org\freemarker\freemarker\2.3.30\freemarker-2.3.30.jar;C:\Users\Shree\.m2\repository\org\projectlombok\lombok\1.18.12\lombok-1.18.12.jar;C:\Users\Shree\.m2\repository\tech\grasshopper\extent-pdf-report\2.7.0\extent-pdf-report-2.7.0.jar;C:\Users\Shree\.m2\repository\tech\grasshopper\cucumber-pdf-report\2.10.0\cucumber-pdf-report-2.10.0.jar;C:\Users\Shree\.m2\repository\org\apache\pdfbox\pdfbox\2.0.26\pdfbox-2.0.26.jar;C:\Users\Shree\.m2\repository\org\apache\pdfbox\fontbox\2.0.26\fontbox-2.0.26.jar;C:\Users\Shree\.m2\repository\org\knowm\xchart\xchart\3.8.0\xchart-3.8.0.jar;C:\Users\Shree\.m2\repository\de\erichseifert\vectorgraphics2d\VectorGraphics2D\0.13\VectorGraphics2D-0.13.jar;C:\Users\Shree\.m2\repository\de\rototor\pdfbox\graphics2d\0.30\graphics2d-0.30.jar;C:\Users\Shree\.m2\repository\com\madgag\animated-gif-lib\1.4\animated-gif-lib-1.4.jar;C:\Users\Shree\.m2\repository\org\yaml\snakeyaml\1.28\snakeyaml-1.28.jar;C:\Users\Shree\.m2\repository\tech\grasshopper\table-layout\1.5.1\table-layout-1.5.1.jar;C:\Users\Shree\.m2\repository\tech\grasshopper\rest-assured-cucumber-pdf-report\1.4.1\rest-assured-cucumber-pdf-report-1.4.1.jar;C:\Users\Shree\.m2\repository\com\aventstack\klov-reporter\5.0.9\klov-reporter-5.0.9.jar;C:\Users\Shree\.m2\repository\org\mongodb\mongodb-driver\3.6.4\mongodb-driver-3.6.4.jar;C:\Users\Shree\.m2\repository\org\mongodb\mongodb-driver-core\3.6.4\mongodb-driver-core-3.6.4.jar;C:\Users\Shree\.m2\repository\org\mongodb\bson\3.6.4\bson-3.6.4.jar;C:\Users\Shree\.m2\repository\org\apache\httpcomponents\httpclient\4.5.13\httpclient-4.5.13.jar;C:\Users\Shree\.m2\repository\org\apache\httpcomponents\httpcore\4.4.13\httpcore-4.4.13.jar;C:\Users\Shree\.m2\repository\org\apache\httpcomponents\httpmime\4.5.13\httpmime-4.5.13.jar;C:\Users\Shree\.m2\repository\tech\grasshopper\htmlextentreporter\1.0.1\htmlextentreporter-1.0.1.jar;C:\Program Files\Java\jdk-21\lib\tools-1.5.0.jar;C:\Users\Shree\.m2\repository\org\apache\poi\poi\5.2.5\poi-5.2.5.jar;C:\Users\Shree\.m2\repository\commons-codec\commons-codec\1.16.0\commons-codec-1.16.0.jar;C:\Users\Shree\.m2\repository\org\apache\commons\commons-collections4\4.4\commons-collections4-4.4.jar;C:\Users\Shree\.m2\repository\org\apache\commons\commons-math3\3.6.1\commons-math3-3.6.1.jar;C:\Users\Shree\.m2\repository\com\zaxxer\SparseBitSet\1.3\SparseBitSet-1.3.jar;C:\Users\Shree\.m2\repository\org\apache\poi\poi-ooxml\5.2.5\poi-ooxml-5.2.5.jar;C:\Users\Shree\.m2\repository\org\apache\poi\poi-ooxml-lite\5.2.5\poi-ooxml-lite-5.2.5.jar;C:\Users\Shree\.m2\repository\org\apache\xmlbeans\xmlbeans\5.2.0\xmlbeans-5.2.0.jar;C:\Users\Shree\.m2\repository\com\github\virtuald\curvesapi\1.08\curvesapi-1.08.jar;"/>
    <property name="sun.cpu.endian" value="little"/>
    <property name="user.home" value="C:\Users\Shree"/>
    <property name="user.language" value="en"/>
    <property name="java.specification.vendor" value="Oracle Corporation"/>
    <property name="java.version.date" value="2024-01-16"/>
    <property name="java.home" value="C:\Program Files\Java\jdk-21"/>
    <property name="file.separator" value="\"/>
    <property name="basedir" value="C:\Users\Shree\Desktop\Cucumber\CucumberFramework"/>
    <property name="java.vm.compressedOopsMode" value="32-bit"/>
    <property name="line.separator" value="&#10;"/>
    <property name="java.vm.specification.vendor" value="Oracle Corporation"/>
    <property name="java.specification.name" value="Java Platform API Specification"/>
    <property name="surefire.real.class.path" value="C:\Users\Shree\AppData\Local\Temp\surefire9246089001787148875\surefirebooter-20240310213516215_3.jar"/>
    <property name="user.script" value=""/>
    <property name="sun.management.compiler" value="HotSpot 64-Bit Tiered Compilers"/>
    <property name="java.runtime.version" value="21.0.2+13-LTS-58"/>
    <property name="user.name" value="Shree"/>
    <property name="stdout.encoding" value="Cp1252"/>
    <property name="path.separator" value=";"/>
    <property name="os.version" value="10.0"/>
    <property name="java.runtime.name" value="Java(TM) SE Runtime Environment"/>
    <property name="file.encoding" value="UTF-8"/>
    <property name="java.vm.name" value="Java HotSpot(TM) 64-Bit Server VM"/>
    <property name="localRepository" value="C:\Users\Shree\.m2\repository"/>
    <property name="java.vendor.url.bug" value="https://bugreport.java.com/bugreport/"/>
    <property name="java.io.tmpdir" value="C:\Users\Shree\AppData\Local\Temp\"/>
    <property name="java.version" value="21.0.2"/>
    <property name="user.dir" value="C:\Users\Shree\Desktop\Cucumber\CucumberFramework"/>
    <property name="os.arch" value="amd64"/>
    <property name="java.vm.specification.name" value="Java Virtual Machine Specification"/>
    <property name="sun.os.patch.level" value=""/>
    <property name="native.encoding" value="Cp1252"/>
    <property name="java.library.path" value="C:\Program Files\Java\jdk-21\bin;C:\Windows\Sun\Java\bin;C:\Windows\system32;C:\Windows;C:\Program Files\Common Files\Oracle\Java\javapath;C:\Windows\system32;C:\Windows;C:\Windows\System32\Wbem;C:\Windows\System32\WindowsPowerShell\v1.0\;C:\Windows\System32\OpenSSH\;C:\Program Files\dotnet\;C:\Program Files (x86)\Intel\Intel(R) Management Engine Components\DAL;C:\Program Files\Intel\Intel(R) Management Engine Components\DAL;C:\Program Files\Java\jdk-21\bin;C:\apache-maven-3.9.6\bin;C:\Program Files\Git\cmd;C:\Program Files\MySQL\MySQL Shell 8.0\bin\;C:\Users\Shree\AppData\Local\Microsoft\WindowsApps;;."/>
    <property name="java.vm.info" value="mixed mode, sharing"/>
    <property name="stderr.encoding" value="Cp1252"/>
    <property name="java.vendor" value="Oracle Corporation"/>
    <property name="java.vm.version" value="21.0.2+13-LTS-58"/>
    <property name="sun.io.unicode.encoding" value="UnicodeLittle"/>
    <property name="java.class.version" value="65.0"/>
  </properties>
  <testcase name="runScenario[&quot;Add New Customer&quot;, &quot;Customers&quot;](1)" classname="TestRunner.Run" time="23.947">
    <system-out><![CDATA[setup1 method exicuted sanity
[DEBUG] Using WebDriverManager 5.6.3
[DEBUG] Removing resolution chrome=122 from cache (expired on Sat Mar 09 13:29:02 IST 2024)
[DEBUG] ex-0000000001 preparing request execution
[DEBUG] ex-0000000001 target auth state: UNCHALLENGED
[DEBUG] ex-0000000001 proxy auth state: UNCHALLENGED
[DEBUG] ex-0000000001 acquiring connection with route {s}->https://raw.githubusercontent.com:443
[DEBUG] ex-0000000001 acquiring endpoint (3 MINUTES)
[DEBUG] ex-0000000001 endpoint lease request (3 MINUTES) [route: {s}->https://raw.githubusercontent.com:443][total available: 0; route allocated: 0 of 5; total allocated: 0 of 25]
[DEBUG] ex-0000000001 endpoint leased [route: {s}->https://raw.githubusercontent.com:443][total available: 0; route allocated: 1 of 5; total allocated: 1 of 25]
[DEBUG] ex-0000000001 acquired ep-0000000001
[DEBUG] ex-0000000001 acquired endpoint ep-0000000001
[DEBUG] ex-0000000001 opening connection {s}->https://raw.githubusercontent.com:443
[DEBUG] ep-0000000001 connecting endpoint (null)
[DEBUG] ep-0000000001 connecting endpoint to https://raw.githubusercontent.com:443 (30 SECONDS)
[DEBUG] raw.githubusercontent.com resolving remote address
[DEBUG] raw.githubusercontent.com resolved to [raw.githubusercontent.com/185.199.108.133, raw.githubusercontent.com/185.199.109.133, raw.githubusercontent.com/185.199.110.133, raw.githubusercontent.com/185.199.111.133, raw.githubusercontent.com/2606:50c0:8003:0:0:0:0:154, raw.githubusercontent.com/2606:50c0:8002:0:0:0:0:154, raw.githubusercontent.com/2606:50c0:8001:0:0:0:0:154, raw.githubusercontent.com/2606:50c0:8000:0:0:0:0:154]
[DEBUG] raw.githubusercontent.com:443 connecting null->raw.githubusercontent.com/185.199.108.133:443 (30 SECONDS)
[DEBUG] Connecting socket to raw.githubusercontent.com/185.199.108.133:443 with timeout 30 SECONDS
[DEBUG] Enabled protocols: [TLSv1.3, TLSv1.2]
[DEBUG] Enabled cipher suites: [TLS_AES_256_GCM_SHA384, TLS_AES_128_GCM_SHA256, TLS_CHACHA20_POLY1305_SHA256, TLS_ECDHE_ECDSA_WITH_AES_256_GCM_SHA384, TLS_ECDHE_ECDSA_WITH_AES_128_GCM_SHA256, TLS_ECDHE_ECDSA_WITH_CHACHA20_POLY1305_SHA256, TLS_ECDHE_RSA_WITH_AES_256_GCM_SHA384, TLS_ECDHE_RSA_WITH_CHACHA20_POLY1305_SHA256, TLS_ECDHE_RSA_WITH_AES_128_GCM_SHA256, TLS_DHE_RSA_WITH_AES_256_GCM_SHA384, TLS_DHE_RSA_WITH_CHACHA20_POLY1305_SHA256, TLS_DHE_DSS_WITH_AES_256_GCM_SHA384, TLS_DHE_RSA_WITH_AES_128_GCM_SHA256, TLS_DHE_DSS_WITH_AES_128_GCM_SHA256, TLS_ECDHE_ECDSA_WITH_AES_256_CBC_SHA384, TLS_ECDHE_RSA_WITH_AES_256_CBC_SHA384, TLS_ECDHE_ECDSA_WITH_AES_128_CBC_SHA256, TLS_ECDHE_RSA_WITH_AES_128_CBC_SHA256, TLS_DHE_RSA_WITH_AES_256_CBC_SHA256, TLS_DHE_DSS_WITH_AES_256_CBC_SHA256, TLS_DHE_RSA_WITH_AES_128_CBC_SHA256, TLS_DHE_DSS_WITH_AES_128_CBC_SHA256, TLS_ECDHE_ECDSA_WITH_AES_256_CBC_SHA, TLS_ECDHE_RSA_WITH_AES_256_CBC_SHA, TLS_ECDHE_ECDSA_WITH_AES_128_CBC_SHA, TLS_ECDHE_RSA_WITH_AES_128_CBC_SHA, TLS_DHE_RSA_WITH_AES_256_CBC_SHA, TLS_DHE_DSS_WITH_AES_256_CBC_SHA, TLS_DHE_RSA_WITH_AES_128_CBC_SHA, TLS_DHE_DSS_WITH_AES_128_CBC_SHA, TLS_RSA_WITH_AES_256_GCM_SHA384, TLS_RSA_WITH_AES_128_GCM_SHA256, TLS_RSA_WITH_AES_256_CBC_SHA256, TLS_RSA_WITH_AES_128_CBC_SHA256, TLS_RSA_WITH_AES_256_CBC_SHA, TLS_RSA_WITH_AES_128_CBC_SHA, TLS_EMPTY_RENEGOTIATION_INFO_SCSV]
[DEBUG] Starting handshake (null)
[DEBUG] Secure session established
[DEBUG]  negotiated protocol: TLSv1.3
[DEBUG]  negotiated cipher suite: TLS_AES_128_GCM_SHA256
[DEBUG]  peer principal: CN=*.github.io, O="GitHub, Inc.", L=San Francisco, ST=California, C=US
[DEBUG]  peer alternative names: [*.github.io, github.io, *.github.com, github.com, www.github.com, *.githubusercontent.com, githubusercontent.com]
[DEBUG]  issuer principal: CN=DigiCert TLS RSA SHA256 2020 CA1, O=DigiCert Inc, C=US
[DEBUG] http-outgoing-0 set socket timeout to 3 MINUTES
[DEBUG] raw.githubusercontent.com:443 connected null->raw.githubusercontent.com/185.199.108.133:443 as http-outgoing-0
[DEBUG] ep-0000000001 connected http-outgoing-0
[DEBUG] ep-0000000001 endpoint connected
[DEBUG] ex-0000000001 executing GET /bonigarcia/webdrivermanager/master/src/main/resources/commands.properties HTTP/1.1
[DEBUG] ex-0000000001 Cookie spec selected: strict
[DEBUG] ep-0000000001 start execution ex-0000000001
[DEBUG] ep-0000000001 executing exchange ex-0000000001 over http-outgoing-0
[DEBUG] http-outgoing-0 >> GET /bonigarcia/webdrivermanager/master/src/main/resources/commands.properties HTTP/1.1
[DEBUG] http-outgoing-0 >> user-agent: Apache-HttpClient/5.0
[DEBUG] http-outgoing-0 >> accept-encoding: gzip, deflate, br
[DEBUG] http-outgoing-0 >> cache-control: max-age=0
[DEBUG] http-outgoing-0 >> connection: keep-alive
[DEBUG] http-outgoing-0 >> Host: raw.githubusercontent.com
[DEBUG] http-outgoing-0 >> "GET /bonigarcia/webdrivermanager/master/src/main/resources/commands.properties HTTP/1.1[\r][\n]"
[DEBUG] http-outgoing-0 >> "user-agent: Apache-HttpClient/5.0[\r][\n]"
[DEBUG] http-outgoing-0 >> "accept-encoding: gzip, deflate, br[\r][\n]"
[DEBUG] http-outgoing-0 >> "cache-control: max-age=0[\r][\n]"
[DEBUG] http-outgoing-0 >> "connection: keep-alive[\r][\n]"
[DEBUG] http-outgoing-0 >> "Host: raw.githubusercontent.com[\r][\n]"
[DEBUG] http-outgoing-0 >> "[\r][\n]"
[DEBUG] http-outgoing-0 << "HTTP/1.1 200 OK[\r][\n]"
[DEBUG] http-outgoing-0 << "Connection: keep-alive[\r][\n]"
[DEBUG] http-outgoing-0 << "Content-Length: 745[\r][\n]"
[DEBUG] http-outgoing-0 << "Cache-Control: max-age=300[\r][\n]"
[DEBUG] http-outgoing-0 << "Content-Security-Policy: default-src 'none'; style-src 'unsafe-inline'; sandbox[\r][\n]"
[DEBUG] http-outgoing-0 << "Content-Type: text/plain; charset=utf-8[\r][\n]"
[DEBUG] http-outgoing-0 << "ETag: W/"dd41edff335272162022217759820159dac501cff56850e2510f504462cd9b5f"[\r][\n]"
[DEBUG] http-outgoing-0 << "Strict-Transport-Security: max-age=31536000[\r][\n]"
[DEBUG] http-outgoing-0 << "X-Content-Type-Options: nosniff[\r][\n]"
[DEBUG] http-outgoing-0 << "X-Frame-Options: deny[\r][\n]"
[DEBUG] http-outgoing-0 << "X-XSS-Protection: 1; mode=block[\r][\n]"
[DEBUG] http-outgoing-0 << "X-GitHub-Request-Id: 5D7E:3D3D33:19B9:412F:65E65CB7[\r][\n]"
[DEBUG] http-outgoing-0 << "Content-Encoding: gzip[\r][\n]"
[DEBUG] http-outgoing-0 << "Accept-Ranges: bytes[\r][\n]"
[DEBUG] http-outgoing-0 << "Date: Sun, 10 Mar 2024 16:05:21 GMT[\r][\n]"
[DEBUG] http-outgoing-0 << "Via: 1.1 varnish[\r][\n]"
[DEBUG] http-outgoing-0 << "X-Served-By: cache-hyd1100020-HYD[\r][\n]"
[DEBUG] http-outgoing-0 << "X-Cache: HIT[\r][\n]"
[DEBUG] http-outgoing-0 << "X-Cache-Hits: 1[\r][\n]"
[DEBUG] http-outgoing-0 << "X-Timer: S1710086721.168708,VS0,VE1[\r][\n]"
[DEBUG] http-outgoing-0 << "Vary: Authorization,Accept-Encoding,Origin[\r][\n]"
[DEBUG] http-outgoing-0 << "Access-Control-Allow-Origin: *[\r][\n]"
[DEBUG] http-outgoing-0 << "Cross-Origin-Resource-Policy: cross-origin[\r][\n]"
[DEBUG] http-outgoing-0 << "X-Fastly-Request-ID: ef7a7066eee96adf35bc268e3746bd30ee613733[\r][\n]"
[DEBUG] http-outgoing-0 << "Expires: Sun, 10 Mar 2024 16:10:21 GMT[\r][\n]"
[DEBUG] http-outgoing-0 << "Source-Age: 299[\r][\n]"
[DEBUG] http-outgoing-0 << "[\r][\n]"
[DEBUG] http-outgoing-0 << HTTP/1.1 200 OK
[DEBUG] http-outgoing-0 << Connection: keep-alive
[DEBUG] http-outgoing-0 << Content-Length: 745
[DEBUG] http-outgoing-0 << Cache-Control: max-age=300
[DEBUG] http-outgoing-0 << Content-Security-Policy: default-src 'none'; style-src 'unsafe-inline'; sandbox
[DEBUG] http-outgoing-0 << Content-Type: text/plain; charset=utf-8
[DEBUG] http-outgoing-0 << ETag: W/"dd41edff335272162022217759820159dac501cff56850e2510f504462cd9b5f"
[DEBUG] http-outgoing-0 << Strict-Transport-Security: max-age=31536000
[DEBUG] http-outgoing-0 << X-Content-Type-Options: nosniff
[DEBUG] http-outgoing-0 << X-Frame-Options: deny
[DEBUG] http-outgoing-0 << X-XSS-Protection: 1; mode=block
[DEBUG] http-outgoing-0 << X-GitHub-Request-Id: 5D7E:3D3D33:19B9:412F:65E65CB7
[DEBUG] http-outgoing-0 << Content-Encoding: gzip
[DEBUG] http-outgoing-0 << Accept-Ranges: bytes
[DEBUG] http-outgoing-0 << Date: Sun, 10 Mar 2024 16:05:21 GMT
[DEBUG] http-outgoing-0 << Via: 1.1 varnish
[DEBUG] http-outgoing-0 << X-Served-By: cache-hyd1100020-HYD
[DEBUG] http-outgoing-0 << X-Cache: HIT
[DEBUG] http-outgoing-0 << X-Cache-Hits: 1
[DEBUG] http-outgoing-0 << X-Timer: S1710086721.168708,VS0,VE1
[DEBUG] http-outgoing-0 << Vary: Authorization,Accept-Encoding,Origin
[DEBUG] http-outgoing-0 << Access-Control-Allow-Origin: *
[DEBUG] http-outgoing-0 << Cross-Origin-Resource-Policy: cross-origin
[DEBUG] http-outgoing-0 << X-Fastly-Request-ID: ef7a7066eee96adf35bc268e3746bd30ee613733
[DEBUG] http-outgoing-0 << Expires: Sun, 10 Mar 2024 16:10:21 GMT
[DEBUG] http-outgoing-0 << Source-Age: 299
[DEBUG] ex-0000000001 connection can be kept alive for 3 MINUTES
[DEBUG] http-outgoing-0 << "[0x1f][0xffffff8b][0x8][0x0][0x0][0x0][0x0][0x0][0x0][0x3][0xffffffb5]W]o[0xffffffda]0[0x14]}[0xffffffe7]W\QUj% [0x1b][0xffffffad][0xffffffa6]i[0x12][0xf]4c[0xffffffdd]4*[0x18][0xffffffb4][0xffffffdd]&[0xfffffff9][0xffffffc5]$N[0xffffffb0][0xffffff94][0xffffffd8][0xffffffc8]NJ[0xffffffb7]_?[0xffffffdb][0xfffffff9]X[0xffffff92]:[0xffffffa3]k[0xffffffe8][0x1b][0xffffffb6][0xffffffef]=[0xffffffe7][0xffffffd8][0xfffffff7][0xffffffe4][0xffffffda][0xffffff9c][0xffffff80][0xffffffcb][0xffffffe3][0x18]3_[0xffffff82][0xffffff8f][0x13][0xffffffbc][0xffffffc1][0xffffff92][0xfffffff4]N[0xffffffe0]vK%[0x4]4"[0xffffffe0]q[0xffffff96]`[0xffffffca]$$[=[0xffffffc8]C[0x13][0xe][0x1b][0x2][0xffffffe4][0xffffff91]xiB|[0xffffffa0][0xffffffcc],[0xffffffcb]-[0xffffff89]"=[0xffffffe0][0xffffffc2]'B[0x7][0xfffffff9]$!^b[0x16][0x1f][0xffffff88][0xffffff90][0xffffff94][0xffffffab][0xffffffb5][0x0][0xffffff88][0xfffffffa][0x1d][\n]"
[DEBUG] http-outgoing-0 << "B[0x18]l[0x4][0xffffffdf]K[0xffffffb5][0xffffffa0]([0xffffffcf][0xffffffdc][0xffffffad][0xffffffe0]1[0x19][0xffffffc0]'*H[0xffffffc0][0x1f][0x7][0xffffffb0][0xffffffd8][0x11][0xffffff81][0x7]0[0xfffffff3]C5kVi[0x1a][0xffffff9f]k|[0xffffff9f][0x6][0x1][0x11][0xffffff84]%[0xffffffc0]uLBY[0x8][0xfffffff2][0xffffff97]LH,[0xffffffe1][0xffffffec];e[0xffffffbe]B[0x1d][0xffffffc0][0xffffff9c][0xffffffb2]T[0xffffffc1][0xffffffdc]`[0xf][0x16][0xffffffeb][0xfffffff3][0xffffff9e][0xffffffe2][0xffffffc8](z[0xfffffff9]6F[0xffffff9e][0x19][0xffffff8e][0xfffffff6]Y[0xffffffc2][0xffffffe8][0xffffffcd][0xffffffdb][0xffffff89][0x17][0xfffffffb]#[0xffffffb5]+p\[0xffffffd8][0xffffffc7][0xffffffd4]3Gb[0xffffff8e]a[0xffffffbf]U|[0xffffffc0]pL&[0xfffffffd][0xffffffd3][0xffffffe5]jq[0xffffffbd][0xffffff9a][0xffffffde]|[0xfffffffa]2[0xffffff9f][0xffffffad]?[0xffffffa0][0x9]B[0xffffffa7][0x8]]s[0x1e]F[0x4][0xffffffa1][0xffffff8c][0x2][0xffffffa1][0xffffffe9]n[0x17]QOI[0xffffffe3][0xc][0xffffffa1][0xffffff9c]H![0xfffffff7]!$[0x9][0xffffffdc][0xffffffe7]g[0xffffffe1]<[0xffffffe0](m[0xffffffd7]3~[0xffffff81][0xffffff9e][0xffffffb3][0x1f][0xffffffef][0xffffffdf][0xffffff9d][0xffffffbf][0xffffffa6][0xffffffa8][0xffffff8b]g[0xffffff8a][0xffffff9a]/[0xffffffdc][0xffffffe9]|[0xffffffba]\~[0xffffff9c][0xffffffde]N_S[0xffffffcf][0xffffffe5]d5[0xffffffbb][0xffffff86]ow[0xffffffb3][0xffffffd5]O[0xfffffff8][0xfffffffc][0xffffffd5][0xffffffbd]Ck[0x1e]${,H[0xffffffc1][0xffffff96][0xffffff93]][0xffffffcd][0xffffffaf][0x8][0xfffffff6][0xc]^[0xffffffe1][0xffffffc5]^[0x13]4[0xffffffd2][0xffffff8e][0xffffffd1]>pR)[0xffffff9c][\r]eNh0[0xffffff86][0xffffffd9]:[0xc][0xffffff87]E[0xffffffa6]=q<i[0xffffff8b]o&[0xffffffc4][0xffffffd8]3<[0xffffff95][0x13][0xffffff90]N&8w[0xffffffe9][0x8][0xffffffef]v[0xffffff8e][0xffffffab][0xffffffbe]>es[0xffffffe9]([0x13]/[0xffffffd6][0xfffffff5][0xffffff80]*[0xffffffba][0xfffffff2]v[0xfffffffe][0xffffffd9][0xffffff94]DA6>[0xffffff8e][0xffffffbb]o[0xfffffff8]o[0x1a]E[0xffffffb8] A[0xffffffa8]@?T[0xffffffad]'*:{[0xfffffffa]xR.*[0xffffffce][0xffffffe9][0xffffffd7][0xffffffad][0xffffff93][0xffffff93]4[0xffffffc9][0xfffffffa][0xffffffda]<n*t[0xffffffeb][0xffffffb9]oV[0xffffffb6][0xffffffc0]/M[0xffffff94]O[0xffffffc0][0xfffffff0][0xffffffe1]i[0xffffff90][0xffffffb5][0xfffffffe]9[0xffffff8b][0xffffffad][0xfffffff2]U,Ul[0xffffffdd][0x13]KL[0xffffffa2][0x6][0xffffffdd][0xffffffca]\?`[0xffffffea][0x9].[0xffffffd5]I [0xffffffa4]i[0x1a]_i,[\r][0xffffffdd][0xffffffa1][0xffffffc3][0xffffffae]kzI[0xffffffd1]_Q[0xffffffce]Ek[0xffffffcb][0xfffffff8]Kf[0xffffffb8][0xfffffffe][0xffffffd9]3[0xc][0xffffffe6][0xffffffd3][0xffffff8e][0x11][0x17][0x10]C[0x1d]`i[0x19][0xffffffd5][0xffffffbc][0xfffffff1][0xffffffa4]5[0xffffffbc][0x1e]o[0xfffffff5]K[0xffffffa9][0xffffffd6][0xfffffff8][0xffffffc1]f[0xffffff9b]z[0x4][0xffffffd4][0x1a][0xffffff86][0xffffffb9]^K[0x16]s[0xffffff91][0xfffffffe][0xffffffbf][0xffffff8b]l]~)x(p,[0x11]2[0x14][0x8]E8e[0xffffff9e][0xffffffca]:X[0xffffffa6][0xffffff86][0xffffff88].[0xffffffb6]9[0xffffff9a][0xffffff88].[0xfffffff7]]G[0xffffffea][0xffffffcb][0xe][0xfffffffb][0x7f].u[0xffffff83][0xffffffbb][0xfffffff4][0xffffffb3][0x19][0xffffffda][0xffffffec][0xffffff98][0xffffffc5]Y[0xfffffffd]h8m6\4[0xffffffc1][0xffffff8a][0xffffffb7][0xffffff98]z[0xffffffd0][0xffffffd5]oF5q[0x1c][0x13][0x16][0xfffffff0][0x1d][0x1e][0x19]5-[0xffffff9d][0xffffffef][0xffffffad]c[0xb]z[0xffffffae]/m[0xffffffe6]8[0xffffffb6][0xffffff96][0xfffffff6]7X[0xffffffc9]t[0xfffffff8][0xfffffff9][0xffffffa5][0x11]K[0xfffffffb][0x15]3[0xffffffc3][0xfffffffc][0x1f]B[0xffffffdb][0xffffffd3][0xffffffab][0xffffff92]4.[0xffffff93]Z[0xffffffdf]]:[0xffffffda][0xffffffea][0xffffffdc]B[0xffffffa6][0xffffffcd][0xffffffbc][0xffffffae][0x5][0xfffffff5][0x4][0xffffffd6]8[0xffffffc0][0xffffff82][0xffffff96][0xfffffff0][0xffffffd2][0xc][0xffffffed][0xffffffe0]Y[0xffffffa8][\r]:[[0xffffffa9][0x0][0xffffffff][0x1][0xfffffff8][0x15][0xffffffb4][0xffffffee][0xffffff8e][\r][0x0][0x0]"
[DEBUG] ep-0000000001 releasing valid endpoint
[DEBUG] ep-0000000001 releasing endpoint
[DEBUG] ep-0000000001 connection http-outgoing-0 can be kept alive for 3 MINUTES
[DEBUG] ep-0000000001 connection released [route: {s}->https://raw.githubusercontent.com:443][total available: 1; route allocated: 1 of 5; total allocated: 1 of 25]
[DEBUG] Detecting chrome version using online commands.properties
[DEBUG] Running command on the shell: [cmd.exe, /C, wmic, datafile, where, name="%PROGRAMFILES:\=\\%\\Google\\Chrome\\Application\\chrome.exe", get, Version, /value]
[DEBUG] Result: 
[DEBUG] Running command on the shell: [cmd.exe, /C, wmic, datafile, where, name="%PROGRAMFILES(X86):\=\\%\\Google\\Chrome\\Application\\chrome.exe", get, Version, /value]
[DEBUG] Result: Version=122.0.6261.112
[DEBUG] Removing resolution chrome122=122.0.6261.111 from cache (expired on Sat Mar 09 14:42:28 IST 2024)
[DEBUG] ex-0000000002 preparing request execution
[DEBUG] ex-0000000002 target auth state: UNCHALLENGED
[DEBUG] ex-0000000002 proxy auth state: UNCHALLENGED
[DEBUG] ex-0000000002 acquiring connection with route {s}->https://googlechromelabs.github.io:443
[DEBUG] ex-0000000002 acquiring endpoint (3 MINUTES)
[DEBUG] ex-0000000002 endpoint lease request (3 MINUTES) [route: {s}->https://googlechromelabs.github.io:443][total available: 1; route allocated: 0 of 5; total allocated: 1 of 25]
[DEBUG] ex-0000000002 endpoint leased [route: {s}->https://googlechromelabs.github.io:443][total available: 1; route allocated: 1 of 5; total allocated: 2 of 25]
[DEBUG] ex-0000000002 acquired ep-0000000002
[DEBUG] ex-0000000002 acquired endpoint ep-0000000002
[DEBUG] ex-0000000002 opening connection {s}->https://googlechromelabs.github.io:443
[DEBUG] ep-0000000002 connecting endpoint (null)
[DEBUG] ep-0000000002 connecting endpoint to https://googlechromelabs.github.io:443 (30 SECONDS)
[DEBUG] googlechromelabs.github.io resolving remote address
[DEBUG] googlechromelabs.github.io resolved to [googlechromelabs.github.io/185.199.108.153, googlechromelabs.github.io/185.199.109.153, googlechromelabs.github.io/185.199.110.153, googlechromelabs.github.io/185.199.111.153, googlechromelabs.github.io/2606:50c0:8000:0:0:0:0:153, googlechromelabs.github.io/2606:50c0:8001:0:0:0:0:153, googlechromelabs.github.io/2606:50c0:8002:0:0:0:0:153, googlechromelabs.github.io/2606:50c0:8003:0:0:0:0:153]
[DEBUG] googlechromelabs.github.io:443 connecting null->googlechromelabs.github.io/185.199.108.153:443 (30 SECONDS)
[DEBUG] Connecting socket to googlechromelabs.github.io/185.199.108.153:443 with timeout 30 SECONDS
[DEBUG] Enabled protocols: [TLSv1.3, TLSv1.2]
[DEBUG] Enabled cipher suites: [TLS_AES_256_GCM_SHA384, TLS_AES_128_GCM_SHA256, TLS_CHACHA20_POLY1305_SHA256, TLS_ECDHE_ECDSA_WITH_AES_256_GCM_SHA384, TLS_ECDHE_ECDSA_WITH_AES_128_GCM_SHA256, TLS_ECDHE_ECDSA_WITH_CHACHA20_POLY1305_SHA256, TLS_ECDHE_RSA_WITH_AES_256_GCM_SHA384, TLS_ECDHE_RSA_WITH_CHACHA20_POLY1305_SHA256, TLS_ECDHE_RSA_WITH_AES_128_GCM_SHA256, TLS_DHE_RSA_WITH_AES_256_GCM_SHA384, TLS_DHE_RSA_WITH_CHACHA20_POLY1305_SHA256, TLS_DHE_DSS_WITH_AES_256_GCM_SHA384, TLS_DHE_RSA_WITH_AES_128_GCM_SHA256, TLS_DHE_DSS_WITH_AES_128_GCM_SHA256, TLS_ECDHE_ECDSA_WITH_AES_256_CBC_SHA384, TLS_ECDHE_RSA_WITH_AES_256_CBC_SHA384, TLS_ECDHE_ECDSA_WITH_AES_128_CBC_SHA256, TLS_ECDHE_RSA_WITH_AES_128_CBC_SHA256, TLS_DHE_RSA_WITH_AES_256_CBC_SHA256, TLS_DHE_DSS_WITH_AES_256_CBC_SHA256, TLS_DHE_RSA_WITH_AES_128_CBC_SHA256, TLS_DHE_DSS_WITH_AES_128_CBC_SHA256, TLS_ECDHE_ECDSA_WITH_AES_256_CBC_SHA, TLS_ECDHE_RSA_WITH_AES_256_CBC_SHA, TLS_ECDHE_ECDSA_WITH_AES_128_CBC_SHA, TLS_ECDHE_RSA_WITH_AES_128_CBC_SHA, TLS_DHE_RSA_WITH_AES_256_CBC_SHA, TLS_DHE_DSS_WITH_AES_256_CBC_SHA, TLS_DHE_RSA_WITH_AES_128_CBC_SHA, TLS_DHE_DSS_WITH_AES_128_CBC_SHA, TLS_RSA_WITH_AES_256_GCM_SHA384, TLS_RSA_WITH_AES_128_GCM_SHA256, TLS_RSA_WITH_AES_256_CBC_SHA256, TLS_RSA_WITH_AES_128_CBC_SHA256, TLS_RSA_WITH_AES_256_CBC_SHA, TLS_RSA_WITH_AES_128_CBC_SHA, TLS_EMPTY_RENEGOTIATION_INFO_SCSV]
[DEBUG] Starting handshake (null)
[DEBUG] Secure session established
[DEBUG]  negotiated protocol: TLSv1.3
[DEBUG]  negotiated cipher suite: TLS_AES_128_GCM_SHA256
[DEBUG]  peer principal: CN=*.github.io, O="GitHub, Inc.", L=San Francisco, ST=California, C=US
[DEBUG]  peer alternative names: [*.github.io, github.io, *.github.com, github.com, www.github.com, *.githubusercontent.com, githubusercontent.com]
[DEBUG]  issuer principal: CN=DigiCert TLS RSA SHA256 2020 CA1, O=DigiCert Inc, C=US
[DEBUG] http-outgoing-1 set socket timeout to 3 MINUTES
[DEBUG] googlechromelabs.github.io:443 connected null->googlechromelabs.github.io/185.199.108.153:443 as http-outgoing-1
[DEBUG] ep-0000000002 connected http-outgoing-1
[DEBUG] ep-0000000002 endpoint connected
[DEBUG] ex-0000000002 executing GET /chrome-for-testing/known-good-versions-with-downloads.json HTTP/1.1
[DEBUG] ex-0000000002 Cookie spec selected: strict
[DEBUG] ep-0000000002 start execution ex-0000000002
[DEBUG] ep-0000000002 executing exchange ex-0000000002 over http-outgoing-1
[DEBUG] http-outgoing-1 >> GET /chrome-for-testing/known-good-versions-with-downloads.json HTTP/1.1
[DEBUG] http-outgoing-1 >> user-agent: Apache-HttpClient/5.0
[DEBUG] http-outgoing-1 >> accept-encoding: gzip, deflate, br
[DEBUG] http-outgoing-1 >> cache-control: max-age=0
[DEBUG] http-outgoing-1 >> connection: keep-alive
[DEBUG] http-outgoing-1 >> Host: googlechromelabs.github.io
[DEBUG] http-outgoing-1 >> "GET /chrome-for-testing/known-good-versions-with-downloads.json HTTP/1.1[\r][\n]"
[DEBUG] http-outgoing-1 >> "user-agent: Apache-HttpClient/5.0[\r][\n]"
[DEBUG] http-outgoing-1 >> "accept-encoding: gzip, deflate, br[\r][\n]"
[DEBUG] http-outgoing-1 >> "cache-control: max-age=0[\r][\n]"
[DEBUG] http-outgoing-1 >> "connection: keep-alive[\r][\n]"
[DEBUG] http-outgoing-1 >> "Host: googlechromelabs.github.io[\r][\n]"
[DEBUG] http-outgoing-1 >> "[\r][\n]"
[DEBUG] http-outgoing-1 << "HTTP/1.1 200 OK[\r][\n]"
[DEBUG] http-outgoing-1 << "Connection: keep-alive[\r][\n]"
[DEBUG] http-outgoing-1 << "Content-Length: 31299[\r][\n]"
[DEBUG] http-outgoing-1 << "Server: GitHub.com[\r][\n]"
[DEBUG] http-outgoing-1 << "Content-Type: application/json; charset=utf-8[\r][\n]"
[DEBUG] http-outgoing-1 << "permissions-policy: interest-cohort=()[\r][\n]"
[DEBUG] http-outgoing-1 << "x-origin-cache: HIT[\r][\n]"
[DEBUG] http-outgoing-1 << "Last-Modified: Sun, 10 Mar 2024 15:09:40 GMT[\r][\n]"
[DEBUG] http-outgoing-1 << "Access-Control-Allow-Origin: *[\r][\n]"
[DEBUG] http-outgoing-1 << "Strict-Transport-Security: max-age=31556952[\r][\n]"
[DEBUG] http-outgoing-1 << "ETag: W/"65edcd34-e7e5c"[\r][\n]"
[DEBUG] http-outgoing-1 << "expires: Sun, 10 Mar 2024 15:19:41 GMT[\r][\n]"
[DEBUG] http-outgoing-1 << "Cache-Control: max-age=600[\r][\n]"
[DEBUG] http-outgoing-1 << "Content-Encoding: gzip[\r][\n]"
[DEBUG] http-outgoing-1 << "x-proxy-cache: HIT[\r][\n]"
[DEBUG] http-outgoing-1 << "X-GitHub-Request-Id: 67E0:1188B5:2C8C89:3488E1:65EDCE11[\r][\n]"
[DEBUG] http-outgoing-1 << "Accept-Ranges: bytes[\r][\n]"
[DEBUG] http-outgoing-1 << "Date: Sun, 10 Mar 2024 16:05:22 GMT[\r][\n]"
[DEBUG] http-outgoing-1 << "Via: 1.1 varnish[\r][\n]"
[DEBUG] http-outgoing-1 << "Age: 40[\r][\n]"
[DEBUG] http-outgoing-1 << "X-Served-By: cache-hyd1100032-HYD[\r][\n]"
[DEBUG] http-outgoing-1 << "X-Cache: HIT[\r][\n]"
[DEBUG] http-outgoing-1 << "X-Cache-Hits: 1[\r][\n]"
[DEBUG] http-outgoing-1 << "X-Timer: S1710086723.558528,VS0,VE1[\r][\n]"
[DEBUG] http-outgoing-1 << "Vary: Accept-Encoding[\r][\n]"
[DEBUG] http-outgoing-1 << "X-Fastly-Request-ID: 92d79eb05ef425ca02090a1478433312a47b4d67[\r][\n]"
[DEBUG] http-outgoing-1 << "[\r][\n]"
[DEBUG] http-outgoing-1 << HTTP/1.1 200 OK
[DEBUG] http-outgoing-1 << Connection: keep-alive
[DEBUG] http-outgoing-1 << Content-Length: 31299
[DEBUG] http-outgoing-1 << Server: GitHub.com
[DEBUG] http-outgoing-1 << Content-Type: application/json; charset=utf-8
[DEBUG] http-outgoing-1 << permissions-policy: interest-cohort=()
[DEBUG] http-outgoing-1 << x-origin-cache: HIT
[DEBUG] http-outgoing-1 << Last-Modified: Sun, 10 Mar 2024 15:09:40 GMT
[DEBUG] http-outgoing-1 << Access-Control-Allow-Origin: *
[DEBUG] http-outgoing-1 << Strict-Transport-Security: max-age=31556952
[DEBUG] http-outgoing-1 << ETag: W/"65edcd34-e7e5c"
[DEBUG] http-outgoing-1 << expires: Sun, 10 Mar 2024 15:19:41 GMT
[DEBUG] http-outgoing-1 << Cache-Control: max-age=600
[DEBUG] http-outgoing-1 << Content-Encoding: gzip
[DEBUG] http-outgoing-1 << x-proxy-cache: HIT
[DEBUG] http-outgoing-1 << X-GitHub-Request-Id: 67E0:1188B5:2C8C89:3488E1:65EDCE11
[DEBUG] http-outgoing-1 << Accept-Ranges: bytes
[DEBUG] http-outgoing-1 << Date: Sun, 10 Mar 2024 16:05:22 GMT
[DEBUG] http-outgoing-1 << Via: 1.1 varnish
[DEBUG] http-outgoing-1 << Age: 40
[DEBUG] http-outgoing-1 << X-Served-By: cache-hyd1100032-HYD
[DEBUG] http-outgoing-1 << X-Cache: HIT
[DEBUG] http-outgoing-1 << X-Cache-Hits: 1
[DEBUG] http-outgoing-1 << X-Timer: S1710086723.558528,VS0,VE1
[DEBUG] http-outgoing-1 << Vary: Accept-Encoding
[DEBUG] http-outgoing-1 << X-Fastly-Request-ID: 92d79eb05ef425ca02090a1478433312a47b4d67
[DEBUG] ex-0000000002 connection can be kept alive for 3 MINUTES
[DEBUG] http-outgoing-1 << "[0x1f][0xffffff8b][0x8][0x0][0x0][0x0][0x0][0x0][0x0][0x3][0xffffffcd][0xffffffbd][0xffffffdd][0xffffff8e]$Kv^y?[0xffffff8f][0xffffffd1][0xffffffd7][0xffffffea][0xffffffc3]p3s[0xfffffffb][0xffffffe1]s[0xffffffcc][0xffffffd5][0xc]t[0xffffffd1]C[0xfffffff6][0xffffff90][\r]4[0xffffffd9]D7%[\r]F[0xffffffd0][0xffffffbb]OddVe[0x1e][0xffffffdb]_[0xffffffd4][0xffffff9c][0xfffffff0]j[0xffffffec][0xfffffff5][0x1][0x12][0x4]J[0xffffffcc]r[0x17][0xffffffb1][0xffffffb0][0xffffffb0][0xffffffda][0xffffffc3][0xfffffff6][0xffffffb6][0xffffffff][0xfffffff9][0xffffffbb][0xffffffff][0xfffffffc][0xffffffd3][0xffffffbf][0xfffffffd][0xfffffff1]o[0xffffffff][0xfffffff9][0xffffff87][0x7f][0xfffffffb][0xffffff8f][0xffffffdf][0xfffffffd][0xffffffe3][0xffffffef][0xffffffca][0xffffffad][0xffffffb4][0xffffffdf][0xffffffdf][0xffffffea][0xffffffef][0xffffff8f][0xffffffdb][0xffffffff]~[[0xffffffff]x[0xffffffff]_[0xffffffb5][0xfffffffd]r[0xffffffeb][0xffffffe7][0xffffffff][0xfffffff1][0xffffffbb][0xffffffff][0xfffffff2][0xffffffbb][0xffffffff][0xfffffffe][0xffffffc7][0xffffffbf][0xfffffffe][0xffffffed]O[0x7f][0xfffffff9][0xfffffff7][0xffffffbf][0xfffffffd][0xffffffee][0x1f][0xffffffff][0xffffffcf][0xffffffff][0xfffffff9][0xffffffed][0xffffffbf][0xffffffb8][0xffffffff][0xffffffc5]q[0xffffffd4]_n[0xffffffbf][0xffffff9c]}[0xffffff94]_n[0xfffffff7][0xffffffff][0xffffffae][0xffffffbf][0xfffffffe][0xfffffff1][0xffffffbf][0xffffffff][0xffffffe9][0xfffffffb][0xffffffff]K9[0xffffffda]y[0xffffffde][0xffffffff]/[0xffffffff][0xfffffff9]/[0xffffffff][0xffffffe3][0xffffffdf][0xffffffff][0xfffffffc][0xffffff97]?[0xfffffffc][0xfffffff3][0xfffffffd]o[0xffffffff][0xffffffe7][0xffffffef][0xfffffffe][0xffffffe9]_[0xffffffff][0xfffffffa][0xffffff97][0x7f][0xfffffffb][0xffffffe3][0xffffffe3]_[0xfffffff9][0xffffff8f]?[0xffffffff][0xffffffe1]?[0xffffffff][0xffffffef][0xffffffbf][0xfffffffc][0xfffffff5][0xffffffdf][0xffffffee][0xffffffff][0xffffffcd][0x7f][0xfffffffe][0xffffffd3][0xffffffbf][0xffffffff][0xffffffb7][0xffffffff][0xffffffa7][0xffffffb7][0xfffffffb][0x7f][0xfffffff3][0x7f][0xfffffffb][0xffffffeb][0xffffff9f][0xffffffef][0xffffffff][0xfffffff5][0xffffffbf][0xfffffffe][0xffffffe7][0x7f][0xfffffffe][0xffffffc7][0xffffffdf][0xfffffffe][0xfffffff1][0x1f][0xfffffffe][0xffffffe1]o[0xffffffff][0xfffffff9][0xffffff97][0xffffffbf][0xfffffffe][0xffffffe1]_[0xfffffffe][0xfffffff8][0xffffffcb][0xffffffbf][0xfffffffc][0xffffffe5]/[0xffffffff][0xfffffff2][0xffffffe7]?[0xfffffffe][0xffffffe1]?[0xfffffffe][0xfffffff4][0xffffffb7]_[0xfffffffe][0xffffffe9]/[0xffffffff][0xfffffff6][0xf][0xffffffef][0xffffffff][0xffffffc8][0xffffffef][0xffffffef][0x7f][0xfffffffc][0xfffffffb][0xffffffff][0xffffffbc][0xffffffbf][0xfffffffc][0xffffff9f][0xfffffffe][0xfffffffd]_~[0xffffffff][0x1f][0xffffffff][0xffffffed][0xffffffff][0xfffffffa][0xfffffff3][0xffffff9f][0xfffffffe][0xffffffe9][0x1f][0xffffffbe][0xffffffbe][0xffffffcf]?|[0xfffffffc][0xffffffab][0xffffffdf][0xfffffffe][0xffffffdb]?[0xfffffffe][0xffffffcb]_[0xfffffffe][0xffffffdf]?[0xfffffffd][0xffffffc7][0xffffffef][0xfffffffe][0xffffffd7][0x7f][0xfffffff9][0xffffffd5][0xfffffff3][0xffffffff][0xffffffed][0xf][0xffffffff][0xfffffff4][0xfffffffb]?[0xfffffffc][0xfffffff5][0xffffffdf][0xfffffffe][0xffffffee]o[0xfffffff0][0xfffffffd][0xffffffdf][0xfffffffd][0xfffffff6][0x7][0xffffffdf][0xffffffff]/[0xffffff9e][0xffffffbd][0xffffffc5][0xffffffdf][0xffffffff][0x7f][\n]"
[DEBUG] http-outgoing-1 << "[0x1f][0xffffffff][0xffffffea][0xffffffd7]7x[0xfffffff2]?[0xffffff85][0xffffffff][0xfffffff1][0xffffffa7][0x7f][0xffffffaf][0xffffffe5][0xffffffef][0xfffffffc][0xfffffff4][0xffffffc7][0xffffffbf][0xfffffff9][0xffffffed][0xffffffbf][0xfffffff9][0xfffffff1]_<y[0xfffffff2][0xffffffdf][0xfffffffd][0xffffffff][0xffffffdf][0xffffff8f][0x7f][0xfffffff3][0xffffffcb][0xffffff93][0xffffffbf][0xfffffffd][0xffffffff][0xfffffff9][0xffffffbf][0xfffffffe][0xffffffaf][0xffffffb7][0xffffff87]K[0xffffff84][0xffffffeb]i[0xffffffc6]p=q[0xffffff88][0xffffffef][0xffffffaf][0xffffffc0]S[0xfffffffc][0xfffffff1][0x12][0x14][0xffffffc6][0xfffffff7][0xffffffc7]S[0x1c][0xffffffbf]?[0xfffffffa]U[0xffffff90]{5[0x3][0xffffffb9]W[0x1c][0xffffffe4][0xfffffffb]+[0xfffffff0] [0x7f][0xffffffbc][0x4][0x5][0xfffffff2][0xfffffffd][0xfffffff1][0x14][0xffffffc8][0xffffffef][0xffffff8f][0xfffffffe][0xffffff8d] [0xffffffb7][0xffffffc7]_[0xffffffad].[0xffffffa2][0xffffffa2][0xffffff97][0xffffffbe][0xffffffd2]9[0xfffffffe]|[0x1f][\n]"
[DEBUG] http-outgoing-1 << "[0xffffffe3]/o[0xffffff80]Q[0xffffffbc][0xffffffbd]C2[0xffffffc4]_[0xffffff9e][0xffffff9e][0xffffffcc][0xfffffff0][0xffffffaf][0xffffff9f][0xfffffffc][\n]"
[DEBUG] http-outgoing-1 << "[0xffffffc2][0xffffffe3]6[0x5][0xffffffc2][0xffffffb3][0xffffff9e][0x7][0xffffff83][0xfffffff0][0xffffffe3]}P[0xffffff84][0xffffffdf][0xffffffdf][0xffffff80]E[0xfffffff8][0xfffffff3][0x1d][0x8][0xffffff84][0xffffffdf][0xffffff9f]N [0xfffffffc][0xfffffffd][0xffffffc9][0xffffffaf]![0xffffffbc][0x14][0xffffffc2]gk[0x14][0xffffffc2][0xb]Gx[0x19] [0xffffffbc]P[0xffffff84][0x17][0xffffff86][0xfffffff0][0xffffffba][0xffffff80][0xfffffff0]qS[0x8][0xffffffcf]:![0xffffff84][0xffffffdf][0xffffffde][0xffffff87]E[0xfffffff8][0xfffffff1][0x6]0[0xffffffc2][0xffffffdf][0xffffffdf][0x1]A[0xfffffff8][0xfffffff1]t[0x4][0xffffffe1]oO~[\r][0xffffffe1][0xffffffe3][0xffffff97][0xfffffff8][0xffffff9f][0xffffffe9][0xffffffd6][0xffffffd1]o[0x14][0xffffffc2][0xfffffff7][0xfffffff7][0xffffff81][0x11]~{[0x3][0x1a][0xffffffe1]o[0xffffffef][0xffffffc0] [0xfffffffc][0xfffffff6]t[0x6][0xffffffe1][0xffffff8f]'[0xffffffbf][0xffffff86]p[0x15][0x16]^[0xffffffa3]S![0xfffffff1][0xfffffff6]>0[0xffffffc2][0xffffffd5][0xffffffc0][0xffffffc2][0x15][0xffffffb5]p[0xffffffc5],\[0xffffffaf]X[0xfffffff8][0xffffff8c][0x8][0xffffffd7][[0xffffff9d][0xffffff95]B[0xfffffff8][0xffffffc4][0x11]>[\r][0x10]>Q[0xffffff84]O[0xc][0xffffffe1][0xfffffff3][\n]"
[DEBUG] http-outgoing-1 << "[0xffffffc2][0xffffffe2][0xffffff8b]D=[\n]"
[DEBUG] http-outgoing-1 << "[0xfffffff0]q[0xfffffff8][0xfffffff3]}`[0xffffff84][\r][0xffffffbe]H[0x1c][0xffffffe8][0x17][0xffffff89][0x3][0xfffffffb]"q\[0xfffffff9]"Qn[0xffffffbf][0xffffffb4][0xffffff88][0xfffffff0][0xffffffbc]u[0x8][0xffffffe1][0xffffffb7][0xfffffff7]a[0x11]~[0xffffffbc][0x1][0xffffff8c][0xfffffff0][0xfffffff7]w@[0x10]~<[0x1d]A[0xfffffff8][0xffffffdb][0xffffff93]_CX[0xffffff9c][0xffffff97][0xffffffa8][0xffffffa5]q[0x8][0xffffff83][0xffffffe7]%[0xffffffbe][0xffffffbc][0x1][0xffffff8d]0t^[0xffffffe2][0xffffffcb][0xffffffd3][0x19][0xffffff84]_;/[0xfffffff1][0xfffffff1]GM \o[0x7][0xfffffff5]E[0xffffffe2][0xffffffed]}`[0xffffff84][0xffffff9b][0x1][0xffffffc2][\r]E[0xffffffb8]a[0x8][0xffffffb7]+[0x8][0xffffffab][0x16]n[0xffffffe5][0xffffffa0]~[0xffffff9d]+x[0xb][0x17][0xffffff83][0x16].h[0xb][0x17][0xffffffac][0xffffff85][0xffffffcb][0xffffff95][0x16][0xffffffae]*$Z[[0x5]B[0xffffffb8][0xffffffe2]!Q[\r]B[0xffffffa2][0xffffffa2]!Q[0xffffffb1][0xffffff90][0xffffffa8]WB[0xffffffa2][0xffffff8a][0xffffffef][0xffffffc2][0xffffffb5][0xffffffcd]A}[0xffffff91][0xffffffa8][0xfffffff8]w[0xffffffe1]j[0xfffffff0]][0xffffffb8][0xffffffa2][0xffffffdf][0xffffff85]+[0xfffffff6]][0xffffffb8]^[0xfffffff9].\U[0xb][0xffffff9f][0xffffffc7][\r]C[0x18]o[0xffffffe1]j[0xffffffd0][0xffffffc2][0xffffffdf][0xffffffdf][0xffffff81]A[0x18]k[0xffffffe1]oO~[\r]a[0xfffffff5][0xffffffd3][0xffffffc6]y[0xe][0xffffffea]?[0xffffffce]U[0xfffffffc][0xffffffa7][0xffffff8d]j[0xfffffff0][0xffffffd3]FE[0x7f][0xffffffda][0xffffffa8][0xffffffd8]O[0x1b][0xfffffff5][0xffffffca]O[0x1b][0xfffffff7]?*f[0x8][0x17][0x1c][0xffffffe1]b[0xffffff80]pA[0x11].[0x18][0xffffffc2][0xffffffe5][\n]"
[DEBUG] http-outgoing-1 << "[0xffffffc2][0xffffffe1][0xffffff98][0xf][0xffffff8c]0|[0xffffffcc][0xffffffe7][0xfffffff1][0x6]<[0xffffffc2][0xffffffe0]1[0xffffff9f][0xffffffc7][0xffffffd3])[0xffffff84]_?[0xffffffe6]s[0xffffffff][0xffffffa3]n[0xffffff86]p[0xffffffc7][0x11][0xffffffee][0x6][0x8]w[0x14][0xffffffe1][0xffffff8e]![0xffffffdc][0xffffffaf] |[0xffffffb8]1|[0xfffffff0][0x10][0x1f][0xe][0x14][0x1f],[0xffffffc6][0x7][0xffffffc7][0xfffffff1]q[0x9][0xffffffe4][0xffffffe2][0x6]r[0xffffffe1]A.[0xe] [0x17][0x16][0xffffffe4][0xffffffc2][0xffffff81]\.[0xffffff81][0x1c][0xffffff87][0xfffffff3]a[0xffffff90][0xffffffb9][0xffffffe1][0xfffffffc][0xffffffaf][0xffffffaf][0xffffffc0][0xffffff83][0xffffffcc][0xc][0xffffffe7][0x7f]}<[0x5][0xfffffff2]K[0xffffffc3][0xfffffff9][0xffffffdf][0xffffffff][0xffffffaa][0xffffffb9][0xffffff81][0xffffffdc]x[0xffffff90][0xffffff9b][0x3][0xffffffc8][0xffffff8d][0x5][0xffffffb9]q [0xffffffb7]K /[0xffffffb7][0xf][0xffffffc6][0xffffff8b][0xffffffff]b|[0x7f][0x5][0x1e][0xffffffe4][0xffffff8f][0xffffff97][0xffffffa0]@^[0xffffffdc]G[0xffffffe3]u[0xffffffe9][0xffffffab][0xfffffff1]Q[0xffffffdd]>[0xffffffba][0xffffffdd][0xffffffdf][0x8]G[0xfffffff9][0xffffffed][0x1d]x[0xffffff96][0xffffffbf][0xffffffbd][0x5][0x5][0xfffffff3][0xffffffdb][0xfffffff3])[0xffffff9a]?[0xffffff9e][0xfffffffd][0x1b]q>[0xffffffdf][0xffffffff]L[0xffffff8c][0xffffffeb][0xffffffd7]q[0xffffffeb][0xfffffff9][0x7][0xffffff82]>[0xffffffdf][0xffffff87]B[0xfffffff9][0xffffffcb][0x1b]` o[0xffffffef][0xffffff90][0xffffff8c][0xfffffff1][0xffffff97][0xffffffa7]'C[0xfffffffc][0xffffffeb]'[0xffffffbf][0xffffff84]p[0x13][0xffffffe3][0xfffffffa]u[0xffffffd4][0xffffff99][0x7f],[0xfffffff3][0xfffffff3]}X[0xffffff84][0x1b]:[0xffffffae][0xffffffbf][0xffffffbd][0x3][0xffffff82]p[0x3][0xffffffc6][0xfffffff5][0x7f][0xfffffffd][0xffffffe4][0xffffffd7][0x10]>[0x14][0xffffffc2]g[0xffffffcb]O[0xffffff8a][0xffffffcf][0xfffffff7][0xffffff81][0x11]>[0xc][0x10]>P[0xffffff84][0xf][0xc][0xffffffe1][0xffffffe3][\n]"
[DEBUG] http-outgoing-1 << "[0xffffffc2][0xffffffea]d[0xfffffff1]8[0xffffffd7][0xffffffa0][0x10][0x6]O[0x16][0x7f]y[0x3][0x1a]a[0xffffffe8]d[0xfffffff1][0xffffff97][0xffffffa7]3[0x8][0xffffffbf]v[0xffffffb2][0xfffffff8][0xffffffe3][0xffffff8f][0xffffffd4][0xffffffc9][0xffffffe2][0xffffffd1][[0xfffffffe][0x2][0xffffffc1][0xffffffcf][0xfffffff7][0xffffff81][0x11]FO[0x16]o[0xffffffef][0xffffffc0] [0xc][0xffffff9c],[0xfffffffe][0xfffffff5][0xffffff93]_C[0xffffffb8]I[0xffffff84]W[0xfffffffe][0xffffffc6][0xffffff89][0xffffffcf][0xfffffff7][0xffffff81][0x11]n[0x6][0x8]7[0x14][0xffffffe1][0xffffff86]![0xffffffdc][0xffffffae] <[0x4][0xffffffc2][0xffffffb3][0x14],$[0x6][0xffffff8e][0xfffffff0]0@x[0xffffffa0][0x8][0xf][0xc][0xffffffe1]q[0x5]a[0xfffffff5]Qm[0xffffffce][0x13][0xffffffb3]0[0xfffffffe]Q[0xffffffad][0x19]|Tk[0xffffffe8]G[0xffffffb5][0xffffff86]}TkW>[0xffffffaa][0xffffff9d][0xffffffea][0xffffffa3][0xffffffda]*[0x7][0xffffff85][0xfffffff0][0xffffff89][0x7f]T;[\r]>[0xffffffaa][0xffffff9d][0xffffffe8]G[0xffffffb5][0x13][0xfffffffb][0xffffffa8]v^[0xfffffff9][0xffffffa8]v[0xffffffaa][0xffffff8f]j[0xffffffab][0x15][0xffffffea][0xffffffa3][0xffffffda][0xffffff89][0x7f]T;[\r]>[0xffffffaa][0xffffff9d][0xffffffe8]G[0xffffffb5][0x13][0xfffffffb][0xffffffa8]v^[0xfffffff9][0xffffffa8]v[0xffffffff][0xffffffa3]8[0xffffffa2][0xffffffc4]"[0xffffff8c][0xffffff8d](}y[0x3][0x1e]adD[0xffffffe9][0xffffffcb][0xffffffd3])[0xffffff84]_[0x19]Q[0xfffffffa][0xfffffff8][0xffffffa3][0xffffffa2][0x10][0xffffffbe]w5[0xffffff85]p[0xffffffc1][0x11]."
[DEBUG] http-outgoing-1 << "[0x6][0x8][0x17][0x14][0xffffffe1][0xffffff82]!\[0xffffffae] ,[0xffffffbe][0xb][0xffffffb7][0xffffffdb][0xffffffad][0xffffffe4]o_[0xfffffffb]|[0x1f][0x18]a[0xffffff83][0xffffffef][0xffffffc2]'[0xfffffffa]][0xfffffff8][0xffffffc4][0xffffffbe][0xb][0xffffff9f]W[0xffffffbe][0xb][0xffffff9f][0xffffffa7]B[0xfffffff8][0x4]6N|[0xffffffbe][0xf][0xffffff8c][0xfffffff0]i[0xffffff80][0xfffffff0][0xffffff89]"|b[0x8][0xffffff9f]W[0x10][0x16][0xffffffd7]{[0xffffffdd][0x11][0xffffffc6]N[0xffffffaa][0xffffff9d][0xffffffe0][0xfffffff5]^_[0xffffffde][0xffffff80]F[0x18][0xffffffba][0xffffffde][0xffffffeb][0xffffffcb][0xffffffd3][0x19][0xffffff84]_[0xffffffbb][0xffffffde][0xffffffeb][0xffffffe3][0xffffff8f][0xffffffc4]O[0x1b][0xffffffed][0xffffffd6]9[0xb][0xffffffe3]?m[0xffffff9c][0x6]?m[0xffffff9c][0xffffffe8]O[0x1b]'[0xfffffff6][0xffffffd3][0xffffffc6]y[0xffffffe5][0xffffffa7][0xffffff8d]S[0xffffffec][0xffffffc0][0xffffffbc]#[0xc]\,[0xfffffff3][0xfffffff9]>0[0xffffffc2][0xffffffe8][0xe][0xffffffcc][0xffffffed][0x1d][0x18][0xffffff84][0xffffff81][0x1d][0xffffff98][0xffffffbf]~[0xfffffff2]k[0x8][0xffffff8b]_[0xffffffe7][0xffffffda]m[0xc][0xffffffea][0xffffffbc][0xfffffff0][0xffffff89][0xffffffff]:w[0x1a][0xfffffffc]:w[0xffffffa2][0xffffffbf][0xffffffce][0xffffff9d][0xffffffd8][0xffffffaf]s[0xffffffe7][0xffffff95]_[0xffffffe7][0xffffffba][0xfffffff8]i[0xffffffa3]![0xffffffb7]r|[0xffffffbe][0xf][0xffffff8b]p7[0xfffffff8]i[0xffffffa3][0xffffffa3]?mt[0xffffffec][0xffffffa7][0xffffff8d]~[0xffffffe5][0xffffffa7][0xffffff8d].[0xffffffce][0xb][0xffffffb7][0xffffffa3]W[0xffffffea][0xffffffa3]Z[0xffffffc7][0xffffffcf][0xb]w[0xffffff83][0xfffffff3][0xffffffc2][0x1d]=/[0xffffffdc][0xffffffb1][0xfffffff3][0xffffffc2][0xfffffffd][0xffffffca]y[0xffffffe1][0xfffffffb][0x1f]53[0xffffff84][0xffffffb1][0xffffff8b]e[0xffffffbe][0xffffffbc][0x1][0xffffff8f]0r[0xffffffb1][0xffffffcc][0xffffff97][0xffffffa7]S[0x8][0xffffffbf]r[0xffffffb1][0xffffffcc][0xffffffc7][0x1f][0xffffffa9][0xffffff9f]6[0xffffff8e][0xffffffd5][0xffffffa9][0x16][0xffffffee][0xfffffff8]O[0x1b][0xffffffdd][0xffffffe0][0xffffffa7][0xffffff8d][0xffffff8e][0xfffffffe][0xffffffb4][0xffffffd1][0xffffffb1][0xffffff9f]6[0xfffffffa][0xf][0x7f][0xffffffda][0xfffffff8]/[0x1f][0x10][0xfffffffe][0xfffffff3]_[0xffffffff]t[0x7][0xffffff99]@[0xfffffff1][0xfffffffd][0xffffffc9][0xe]@~[0xffffffbc][0x9][0xffffff8e][0xffffffe5][0xffffff97][0xfffffff7][0xffffff80][0xffffffe0][0xfffffffc]x[0x3][0xc][0xffffffd1][0xffffffcf][0xffffffe7][0xffffffff][0xffffffff][0xffffffba][0xfffffff6][0x14][0xffffffae]-[0x1d][0xffffffb8]V[0xfffffffc][0xfffffff3]}`[0xffffffd7][0xffffff9e][0x6][0xffffffae]=[0x3][0xffffffd4][0xffffff99]8[0xffffff9f][0xffffff98]kO'[0xffffffd7]F[0x14][0x19][0xffffffd7]* [0x19][0xffffffd7]F,[0xfffffff3]][0xffffffbb][0xffffffc3][0xffffff99][0xffffffed][0xffffffda][0x1d][0xffffffd1][0x17]\[0xffffffab]~i[0xffffffab][0xffffffc7][0xffffffc4]\[0xffffff8b][0xffffffff][0xffffffd2][0xffffffd6][\r]~i[0xffffffeb][0xffffffe8]/m[0x1d][0xfffffffb][0xffffffa5][0xffffffad][0xffffffff][0xfffffff0][0xffffff97][0xffffffb6]l[0xffffffd7]F[0x14][0x19][0xffffffd7]* [0x19][0xffffffd7]F,[0xfffffff3]][0xffffffbb][0xffffffc3][0xffffff99][0xffffffed][0xffffffda][0x1d][0xffffffd1][0x17]\[0xffffffab]~[0x12][0xffffffae]g[0xffffffc5]~[0xffffff8c][0xffffffc0][0x7f][0x12][0xffffffee][0x6]?[0x9]w[0xfffffff4]'[0xffffffe1][0xffffff8e][0xfffffffd]$[0xffffffdc][0x7f][0xfffffff8][0xffffff93]p[0xffffffb6]k#[0xffffff8a][0xffffff8c]k[0x15][0xffffff90][0xffffff8c]k#[0xffffff96][0xfffffff9][0xffffffae][0xffffffdd][0xffffffe1][0xffffffcc]v[0xffffffed][0xffffff8e][0xffffffe8][0xb][0xffffffae]Ug[0x17]j?[0xffffffa9][0x15]%[0x1d]?[0xffffffbb][0xffffffd0][\r][0xffffffce].t[0xfffffff4][0xffffffec]B[0xffffffc7][0xffffffce].[0xfffffff4][0x1f][0xffffff9e]][0xffffffc8]vmD[0xffffff91]q[0xffffffad][0x2][0xffffff92]qm[0xffffffc4]2[0xffffffdf][0xffffffb5];[0xffffff9c][0xffffffd9][0xffffffae][0xffffffdd][0x11][0xfffffffd][0xffffffed][0xffffffae][0x1d]b[0x4][0xffffffbe][0xffffffd5]qP[0xffffff93]k[0x3][0x1f][0xffffff81][0x1f][0x6]#[0xfffffff0][0x3][0x1d][0xffffff81][0x1f][0xffffffd8][0x8][0xfffffffc][0xfffffff8][0xffffffe1][0x8]|[0xffffffb2]k[0x5][0xffffff8a][0xffffff88]k%[0xffffff90][0xffffff88]k[0x5][0xffffff96][0xffffffe9][0xffffffae][\r]p&[0xffffffbb]6 [0xfffffffa][0xffffff82]k[0xffffffd5][0xffffff81][0xffffffc6]z/e[0xffffffca][0xffffffb5][0xfffffff8][0xffffff81][0xffffffc6]ap[0xffffffa0]q[0xffffffa0][0x7][0x1a][0x7]v[0xffffffa0]q[0xfffffffc][0xfffffff0]@c[0xffffffb6]k#[0xffffff8a][0xffffff8c]k[0x15][0xffffff90][0xffffff8c]k#[0xffffff96][0xfffffff9][0xffffffae][0xffffffdd][0xffffffe1][0xffffffcc]v[0xffffffed][0xffffff8e][0xffffffe8][0xb][0xffffffae]U'o[0xffffffeb]<[0xffffffa8]c[0xffffff8b][0x3]?y;[0xc]N[0xffffffde][0xe][0xfffffff4][0xffffffe4][0xffffffed][0xffffffc0]N[0xffffffde][0xffffff8e][0x1f][0xffffff9e][0xffffffbc][0xffffffcd]vmD[0xffffff91]q[0xffffffad][0x2][0xffffff92]qm[0xffffffc4]2[0xffffffdf][0xffffffb5];[0xffffff9c][0xffffffd9][0xffffffae][0xffffffdd][0x11]}[0xffffffc1][0xffffffb5][0xffffffea]|m][0xffffffc0]]A[0xffffff9f][0xffffffef][0x3][0xffffffbb][0xffffffd6][0xffffffe0]|[0xffffffed][0xffffff88][0x7][0x19]3q[0xffffffc6][0xffffffce][0xffffffd7][0xffffff8e][0xfffffffd][0xfffffff0]"[0xffffffea]Z[0xffffff93][0xfffffff3][0xffffffb5][0x12]H[0xffffffc6][0xffffffb5][0x6][0xffffffe7]k[0x3][0xffffff9c][0xffffffd9][0xffffffae][0xffffffbd]~[0xffffffbe][0xfffffff6][0xfffffffe][0xffffffa7][0xffffffcd][0xffffffcc][0xffffffb5][0xfffffff0]8[0xffffffce][0xffffffe3][\r]x[0xffffffd7][0xffffff82][0xffffffe3]8[0xffffff8f][0xffffffa7]S[0xffffffae][0xfffffffd][0xffffffc1]8N[0xffffffbe]kw[0x14])[0xffffffd7]F )[0xffffffd7][0xffffffee]X[0x12][0xffffffae]m[0xffffffb0]k[0xffffffdb]U[0xffffffd7][0xffffffaa]eLma[0xffffffeb][0xffffffa1][0x7][0xffffffbe][0xffffff8c]i[0x18],c[0x1a][0xffffffe8]2[0xffffffa6][0xffffff81]-c[0x1a]?\[0xffffffc6][0xffffff94][0xffffffed][0xffffffda][0xffffff88]"[0xffffffe3]Z[0x5]$[0xffffffe3][0xffffffda][0xffffff88]e[0xffffffbe]kw8[0xffffffb3]][0xffffffbb]#[0xfffffffa][0xffffff82]k[0xffffffd5],[0xffffffc3]Y[0xffffffb0][0xffffffdb]$[0x6]>[0xffffffcb]0[0xc]f[0x19]F<4[0xffffff9e][0xffffff89]36[0xffffffcb]0[0xfffffff6][0xffffff83][0xffffffe2][0xffffffa8]kMf[0x19]$[0xffffff90][0xffffff8c]k[\r]f[0x19][0x2][0xffffff9c][0xffffffd9][0xffffffae][0xffffffbd]>[0xffffffcb]0[0xffffffd5]9[0xffffff84][0xffffffde][0xffffffb0]+[0x0]'~[0xe]a[0x1a][0xffffff9c]C[0xffffff98][0xfffffff1][0x7][0xffffffdf]D[0xffffff9c]'v[0xe]a[0xffffffee]?[0xfffffff2][0xffffff92][0xffffffae][0x15]("[0xffffffae][0xffffff95]@"[0xffffffae][0x15]X[0xffffffa6][0xffffffbb]6[0xffffffc0][0xffffff99][0xffffffec][0xffffffda][0xffffff80][0xffffffe8][0xb][0xffffffae]=[0xffffff95]kWi[0xffffff94]kO[0xffffffdc][0xffffffb5][0xffffffa7][0xffffff81]k[0xffffffcf][0x0]u&[0xffffffce]'[0xffffffe6][0xffffffda][0xffffffd3][0xffffffc9][0xffffffb5][0x11]E[0xffffffc6][0xffffffb5][\n]"
[DEBUG] http-outgoing-1 << "H[0xffffffc6][0xffffffb5][0x11][0xffffffcb]|[0xffffffd7][0xffffffee]pf[0xffffffbb]vG[0xfffffff4][0x5][0xffffffd7][0xffffffaa][0xffffffb9][0xffffffb1]q[0xffffffff][0x17])[0xffffffd7][0xffffffe2]sc[0xffffffd3]`nl[0xffffffc6][0x1][0xffffff9d]L[0xffffff9c][0xffffffb1][0xffffffb9][0xffffffb1][0xffffffb9][0xf][0xffffffe5][0xffffffa0][0xffffffae]5[0xffffff99][0x1b][0xffffff93]@2[0xffffffae]5[0xffffff98][0x1b][0xb]pf[0xffffffbb][0xfffffff6][0xfffffffa][0xffffffdc][0xffffffd8][0xffffffba][0xfffffffd]R[0xffffff83]k[0xffffffe7][0xfffffffd][0x7f]C[0xffffffae]}{[0x1f][0xffffffd6][0xffffffb5][0xffffff8f]7[0xffffff80]][0xfffffffb][0xfffffffd][0x1d][0x10][0xffffffd7]>[0xffffff9e][0xffffff8e][0xffffffb8][0xfffffff6][0xffffffdb][0xffffff93]-\+PD\+[0xffffff81]D\+[0xffffffb0]Lwm[0xffffff80]3[0xffffffd9][0xffffffb5][0x1][0xffffffd1][0xffffff97]\{[0xffffffb8][0xffffffc9][0xfffffff6][0xffffffe0]m{8[0xffffffe8][0xfffffff6]`}{p[0xffffffc2]=[0xffffffac][0xffffff8c][0x1b]x[0xffffffa4][0xffffff94]+[0xffffffa8][0xffffffa4][0xffffff9c][0x1b][0xffffffd8]$[0xffffffa4]{[0xffffffd0][0xffffffd6]=~B[0xffffffbb][0xffffff8f][0xffffffcf][0xffffffb4]N[0xffffffda]-[0xfffffff0]a[0xffffffdb][0xfffffff7]W[0xffffffe0][0xffffffb5][[0xffffffc0][0xffffffe3][0xffffffb6][0xffffffef][0xffffff8f][0xffffffa7][0xffffffb4][|[0xe][0xffffffdc]*[0x1e])[0xffffffed][\n]"
[DEBUG] http-outgoing-1 << "*)[0xffffffed][0x6]6[0x9][0xffffffed][0x16][0xfffffff4][0xffffffd0]m[0xffffffe4][0xfffffff4]%[0xffffffed][0xffffff9e][0xffffffdd]L[0xffffffbb]g[0xffffffc7][0xffffffb5]{[0x7f][0x5]^[0xffffffbb][0x1f]/Ai[0xfffffff7][0xfffffffe]xJ[0xffffffbb][0xffffffef][0xffffff8f]v[0xffffffd1]n[0xffffffe0][0xffffff91][0xffffffd2][0xffffffae][0xffffffa0][0xffffff92][0xffffffd2]n`[0xffffff93][0xffffffd0][0xffffffee]Fh[0xffffffbe]v7N_[0xffffffd2][0xffffffee]8[0xffffffcd][0xffffffb4];N\[0xffffffbb][0xfffffff7]W[0xffffffe0][0xffffffb5][0xfffffffb][0xfffffff1][0x12][0xffffff94]v[0xffffffef][0xffffff8f][0xffffffa7][0xffffffb4][0xfffffffb][0xfffffffe]h[0x17][0xffffffed][0x6][0x1e])[0xffffffed][\n]"
[DEBUG] http-outgoing-1 << "*)[0xffffffed][0x6]6[0x9][0xffffffed]n[0xffffff84][0xffffffe6]kw[0xffffffe3][0xfffffff4]%[0xffffffed][0xffffffae]xh[0xffffff81][0xffffffd5][0xffffffee][0xffffff82]O-[0xffffffbc][0xffffffbf][0x2][0xffffffaf][0xffffffdd][0xffffff8f][0xffffff97][0xffffffa0][0xffffffb4][0xffffffbb][0xffffffa0][0xffffff83][0xb][0xffffffdf][0x1f][0xffffffed][0xffffffa2][0xffffffdd][0xffffffc0]#[0xffffffa5]]A%[0xffffffa5][0xffffffdd][0xffffffc0]&[0xffffffa1][0xffffffdd][0xffffff85][0xffffff9e]^[0xffffff88][0xffffff9c][0xffffffbe][0xffffffa6][0xffffffdd][0xffffffe9][0xffffffa6][0xffffffdd][0xffffffc9]kw:hw[0xffffffb2][0xffffffda][0xffffff9d][0xffffff9c]v[0xffffffa7][0xffffff95]vw[0x1e]1[0xffffffed]F*1[0xffffffed][0xffffffee]l"[0xffffffda][0xffffff9d][0xffffffb4]v[0xffffffe7]u[0xffffffed][0x1e][0xffffffb7]b[0xffffffe6][0xffffffdd][0xfffffffb][0x1b][0xffffffe1][0xffffffe2]}{[0x7][0xffffffde][0xffffffbc][0xffffffdf][0xffffffde][0xffffff82]R[0xffffffef][0xffffffdb][0xfffffff3])[0xfffffff7]~<[0xffffffdb]E[0xffffffbe][0x11]J[0xffffffca][0xffffffbe][\n]"
[DEBUG] http-outgoing-1 << "MJ[0xffffffbf][0x11]P[0xffffffc2][0xffffffbf];[0xffffffa6][0xfffffff9][0x2][0xffffffde]a}[0xffffffcd][0xffffffc0][0xffffffc3][0xffffffed][0xffffff83][0xffffffc3][0xfffffffd][0xffffff8d]x[0x3][0xffffffdf][0xffffffdf][0xffffffc1][0xffffffc0][0xffffffc0][0x1f]o[0xffffff81][0x19]xp[0x1f][0x1d]>[0xffffff9e]mc[0xffffffe0][0x0]%f`[0xffffff81]&"
[DEBUG] http-outgoing-1 << "f[0xffffffe0][0x0](b[0xffffffe0]A[0x7f]y[0xffffffd8]a[0xfffffffd]-[0x6][0xffffffee][0xffffffef][0x7f][0xffffffac][0xffffffb6]/[0xffffffcc]Q[0xfffffff3][0xfffffffd][0xfffffffb][0xfffffff9]>[0xffffff94]}[0xffffffbf][0xffffffbc][0x1][0xffffffe6][0xffffffde][0xffffffed][0x1d][0xffffff92][0xffffffcd][0xfffffffb][0xffffffe5][0xffffffe9][0xffffffc9][0xffffffde][0xfffffffd][0xfffffff5][0xffffff93]a[0xffffffeb]>E1[0xffffffd9][0xffffffb9]?[0x0]2[0xffffffd9][0xffffffb8]O[0xffffffb1]L[0xfffffff4][0xffffffed][0x13]8[0xffffffd3]l[0xfffffffb][0x4][0xffffffd1][0x17]\[0xffffffab]6[0xffffff93][0xffffffaf][0xffffffda][0xb][0xffffffe5]Zp3[0xfffffff9][0xffffff97]7[0xffffffa0]][0xb]m&[0xffffffff][0xfffffff2]t[0xffffffc6][0xffffffb5][0x1e][0xffffff9b][0xffffffc9][0xffffff9f][0xffffffa2][0xffffffc8][0xffffffb8][0xffffffd6]`3[0xfffffff9]S,[0xfffffff3]][0xffffff8b]m&[0x7f][0xffffff82][0xffffffe8][0xb][0xffffffae]m[0xffffffca][0xffffffb5][0xfffffffd][0xffffffcc][0xffffffdf]L[0xfffffffe][0xfffffff9]>[0xffffffb0]k[0xffffff9b][0xffffff81]k[[0xffffff80]:[0x13][0xffffffe7][0xffffff86][0xffffffb9][0xffffffb6]9[0xffffffb9]6[0xffffffa2][0xffffffc8][0xffffffb8]V[0x1][0xffffffc9][0xffffffb8]6b[0xffffff99][0xffffffef][0xffffffda][0x1d][0xffffffce]l[0xffffffd7][0xffffffee][0xffffff88][0xffffffbe][0xffffffe0][0xffffffda]S[0xffffffb9]v[0x1d][0xffffff98]kO[0xffffffdc][0xffffffb5][0xffffffa7][0xffffff81]k[0xffffffcf][0x0]u&[0xffffffce]'[0xffffffe6][0xffffffda][0xffffffd3][0xffffffc9][0xffffffb5][0x11]E[0xffffffc6][0xffffffb5][\n]"
[DEBUG] http-outgoing-1 << "H[0xffffffc6][0xffffffb5][0x11][0xffffffcb]|[0xffffffd7][0xffffffee]pf[0xffffffbb]vG[0xfffffff4][0x5][0xffffffd7][0xfffffff6][0xffffffe8][0xffffffda][0xfffffff3]v[0xffffffeb][0xffffff98]k;[0xffffffee][0xffffffda]n[0xffffffe0][0xffffffda][0x1e][0xffffffa0][0xffffffce][0xffffffc4][0xffffffb9]c[0xffffffae][0xffffffed]N[0xffffffae][0xffffff8d](2[0xffffffae]U@2[0xffffffae][0xffffff8d]X[0xffffffe6][0xffffffbb]v[0xffffff87]3[0xffffffdb][0xffffffb5];[0xffffffa2]/[0xffffffb8]V[0xffffffdc][0x2]qw[0xffffffed][0xffffffc2][0xffffffbe][0xffffffd7][0xffffff82][0xffffffb7]@|y[0x3][0xffffffda][0xffffffb5][0xffffffd0]-[0x10]_[0xffffff9e][0xffffffce][0xffffffb8][0xffffffd6][0xffffffe3][0x16][0xffffff88][0xffffffa7](2[0xffffffae]5[0xffffffb8][0x5][0xffffffe2])[0xffffff96][0xfffffff9][0xffffffae][0xffffffc5]n[0xffffff81]x[0xffffff82][0xffffffe8][0xb][0xffffffae][0xffffff9d][0xffffffca][0xffffffb5][0xffffffc7][0xffffff91][0x7f][0xb][0xffffffc4][0xffffffe7][0xfffffffb][0xffffffc0][0xffffffae][0xffffff9d][0x6][0xffffffae][0xffffff9d][0x1][0xffffffea]L[0xffffff9c]'[0xffffffe6][0xffffffda][0xffffffe9][0xffffffe4][0xffffffda][0xffffff88]"[0xffffffe3]Z[0x5]$[0xffffffe3][0xffffffda][0xffffff88]e[0xffffffbe]kw8[0xffffffb3]][0xffffffbb]#[0xfffffffa][0xffffff82]k[0xffffffc5]f[0xfffffff2][0xffffffbb]k[0xffffff81][0xffffffdb][0xffffffcd]>[0xffffffdf][0x7]v-[0xffffffba][0xffffff99]|{[0x7][0xffffffc6][0xffffffb5][0xffffffc0]f[0xfffffff2]_?[0xffffffd9][0xffffffc3][0xffffffb5][0xfffffff8]f[0xfffffff2][0x1f][0x0][0xffffffc9][0xffffffb8][0x16][0xffffffdd]L[0xfffffffe][0x4][0xffffffce]l[0xffffffd7]^[0xffffffd9]L[0xfffffffe][0xfffffff8][0xffffffd3]y[0xffffffbb])[0xffffffd7][0xffffff96][\n]"
[DEBUG] http-outgoing-1 << "[0xffffffb9][0xfffffff6][0xfffffff1]>[0xffffffa8]k[0xffffffdf][0xffffffdf][0xffffff80]u[0xffffffed][0xffffffe7];[0x10][0xffffffae]}[0x7f]:[0xffffffe1][0xffffffda][0xffffffef]Ovp[0xffffffad]B[0xffffff91]p[0xffffffad][0x6][0xffffff92]p[0xffffffad][0xffffffc2]2[0xffffffdb][0xffffffb5][0x11][0xffffffce]\[0xffffffd7]FD_p[0xffffffad][0xffffff98]e8o[0xffffffb5]B[0xffffffdf][0x10][0x1e][0xffffffef][0x3][0xffffffbb][0xffffff96][0xffffff9f]e[0xfffffff8]|[0x7][0xffffffc6][0xffffffb5][0xffffffd4],[0xffffffc3][0xfffffff7]'{[0xffffffb8][0xffffffd6]c[0xffffff96]A[0x3][0xffffffc9][0xffffffb8][0xffffff96][0xffffff9f]e[0xffffff88]pf[0xffffffbb][0xfffffff6][0xfffffff2],[0xffffffc3][0xffffffbc][0x15][0xffffffe5][0xffffffda][0xffffffd6][0x7][0xffffffe5][0xffffffda][0xffffff82][0xffffffbb][0xffffffb6][0x18][0xffffffb8][0xffffffb6][0x4][0xffffffa8]3q.[0xffffff98]k[0xffffff8b][0xffffff93]k#[0xffffff8a][0xffffff8c]k[0x15][0xffffff90][0xffffff8c]k#[0xffffff96][0xfffffff9][0xffffffae][0xffffffdd][0xffffffe1][0xffffffcc]v[0xffffffed][0xffffff8e][0xffffffe8][0xb][0xffffffae][0xffffffad][0xffffffbf][0xffffff84]-5[0xffffffe7]m[0x15][0xffffffcc][0xffffffb5][0xfffffff7][0xfffffff7][0xffffff81]][0xfffffffb][0xfffffff6][0x6][0xffffffb4]k[0xffffffbf][0xffffffbd][0x3][0xffffffe3][0xffffffda][0xffffffb7][0xffffffa7]3[0xffffffae][0xfffffffd]x[0xffffffb2][0xffffff87]k#[0xffffff8a][0xffffff8c]k[0x15][0xffffff90][0xffffff8c]k#[0xffffff96][0xfffffff9][0xffffffae][0xffffffdd][0xffffffe1][0xffffffcc]v[0xffffffed][0xffffff8e][0xffffffe8][0xb][0xffffffae][0x15]sc[0xffffffe7]qT[0xffffffcc][0xffffffb5][0xfffffff4][0xffffffdc][0xffffffd8][0xfffffffb][0x1b][0xffffffd0][0xffffffae]%[0xffffffe7][0xffffffc6][0xffffffde][0xffffff9f][0xffffffce][0xffffffb8][0xffffffd6]hnL[0xffffffa1][0xffffffc8][0xffffffb8][0xffffffd6]enLa[0xffffff99][0xffffffef]Zvn,"[0xfffffffa][0xffffff82]k[0xffffffc5][0xffffffdc][0xffffffd8]y[0xffffffb4]sR[0xffffffae][0xffffffa5][0xffffffe7][0xffffffc6][0xffffffde][0xffffffdf][0xffffff80]v-97[0xfffffff6][0xfffffffe]t[0xffffffc6][0xffffffb5]Fsc[\n]"
[DEBUG] http-outgoing-1 << "E[0xffffffc6][0xffffffb5].sc[\n]"
[DEBUG] http-outgoing-1 << "[0xffffffcb]|[0xffffffd7][0xffffffb2]sc[0x11][0xffffffd1][0x17]\[0xffffffdb][0xffffff95]kG[0xffffffc3][0xffffffba][0xffffffb6][0xffffffe3][0xffffffae][0xffffffed][0x6][0xffffffae][0xffffffed][0x1][0xffffffea]L[0xffffff9c];[0xffffffe6][0xffffffda][0xffffffee][0xffffffe4][0xffffffda][0xffffff88]"[0xffffffe3]Z[0x5]$[0xffffffe3][0xffffffda][0xffffff88]e[0xffffffbe]kw8[0xffffffb3]][0xffffffbb]#[0xfffffffa][0xffffff82]k[0xffffffd5][0xffffffdc]X9[0x6][0xffffffe6]Zzn[0xffffffec][0xfffffffd][\r]h[0xffffffd7][0xffffff92]sc[0xffffffef]Og\k47[0xffffffa6]Pd\[0xffffffeb]27[0xffffffa6][0xffffffb0][0xffffffcc]w-;7[0x16][0x11]}[0xffffffc1][0xffffffb5]jn[0xffffffac][0xffffffb4][0x1b][0xfffffff6][\r][0xffffff81][0xffffff9e][0x1b]{[0x7f][0x3][0xffffffda][0xffffffb5][0xffffffe4][0xffffffdc][0xffffffd8][0xfffffffb][0xffffffd3][0x19][0xffffffd7][0x1a][0xffffffcd][0xffffff8d])[0x14][0x19][0xffffffd7][0xffffffba][0xffffffcc][0xffffff8d]),[0xfffffff3]][0xffffffcb][0xffffffce][0xffffff8d]ED_rm<[0xffffff87][0xffffffc0][0xffffffba][0xffffff96]>[0xffffff87]0[\r][0xffffffce]![0xffffffcc][0xfffffff0][0xffffff83]o.[0xffffffce][0xffffffd4]9[0xffffff84][0xffffffe9]t[0xe]![0xffffffa2]H[0xffffffb9][0xffffffd6][0xffffffe5][0x1c]B[0xffffffc4][0xffffff92]p-{[0xe]aG[0xfffffff4][0x5][0xffffffd7][0xffffffaa][0x19][0xffffffdd]2[0x6]6[0xffffffcb]@[0xffffffcf][0xffffffe8][0xffffffbe][0xffffffbf][0x1][0xffffffed]ZrF[0xfffffff7][0xfffffffd][0xffffffe9][0xffffff8c]k[0xffffff8d]ft[0x15][0xffffff8a][0xffffff8c]k]ft[0x15][0xffffff96][0xfffffff9][0xffffffae]egt#[0xffffffa2]/[0xffffffb9]Vt-[0xffffffea]Z[0xffffffba]k[0xffffff97]A[0xffffffd7][0xffffffae][0x10][0x10][0xffffffb9]8S][0xffffffbb][0xffffff9c][0xffffffba]6[0xffffffa2]H[0xffffffb9][0xffffffd6][0xffffffa5]k#[0xffffff96][0xffffff84]k[0xffffffd9][0xffffffae][0xffffffdd][0x11][0xfffffffd][0xffffffed][0xffffffae]=[0xffffffd4]>[0xffffff84][0xffffffb2][0xffffff8e][0x3]r[0xffffffed][0xffffff81][0xffffffef]C8[0xc][0xfffffff6]![0x1c]q[0xfffffff0]<[0x11][0xffffffe7][0x3][0xffffffdb][0xffffff87]p[0xffffffec][0xffffffc3][0xffffffe6][0xffffffa4]k[0x5][0xffffff8a][0xffffff88]k%[0xffffff90][0xffffff88]k[0x5][0xffffff96][0xffffffe9][0xffffffae][\r]p&[0xffffffbb]6 [0xfffffffa][0xffffff82]k[0xffffffd5][0xffffff8c]nY[0xffffffb3]P[0xffffffae][0xffffffc5]gt[0xf][0xffffff83][0x19][0xffffffdd]#[0xe]Cf[0xffffffe2][0xffffff8c][0xffffffcd][0xffffffe8][0x1e][0xfffffffb][0x0]$[0xffffffea]Z[0xffffff93][0x19]][0x9]$[0xffffffe3]Z[0xffffff83][0x19][0xffffffdd][0x0]g[0xffffffb6]k[0xffffffaf][0xffffffcf][0xffffffe8][0x1e]j[0xffffff96][0xffffffa1][0xffffff9e][0xffffffb7][0xffffff93]r->[0xffffffcb]p[0x18][0xffffffcc]2[0x1c][0xfffffff1][0xffffffd0]x&[0xffffffce][0xffffffd8],[0xffffffc3][0xffffffb1][0x1f][0x14]G]k2[0xffffffcb] [0xffffff81]d\k0[0xffffffcb][0x10][0xffffffe0][0xffffffcc]v[0xffffffed][0xfffffff5]Y[0xffffff86][0xffffffb7][0xffffffff]#[0xffffffba]vL[0xffffffec][0x1b]B[0xffffffc7]][0xffffffdb][\r]\[0xffffffdb][0x3][0xffffffd4][0xffffff99]8w[0xffffffcc][0xffffffb5][0xffffffdd][0xffffffc9][0xffffffb5][0x11]E[0xffffffc6][0xffffffb5][\n]"
[DEBUG] http-outgoing-1 << "H[0xffffffc6][0xffffffb5][0x11][0xffffffcb]|[0xffffffd7][0xffffffee]pf[0xffffffbb]vG[0xfffffff4][0x5][0xffffffd7][0xffffffaa]Y[0xffffff86]v4[0xffffffec][0x1b][0x2]>[0xffffffcb]p[0x18][0xffffffcc]2[0x1c][0xfffffff1][0xffffffd0]x&[0xffffffce][0xffffffd8],[0xffffffc3][0xffffffb1][0x1f][0x14]G]k2[0xffffffcb] [0xffffff81]d\k0[0xffffffcb][0x10][0xffffffe0][0xffffffcc]v[0xffffffed][0xfffffff5]Y[0xffffff86]C[0xffffffcd]2[0xffffffb4][0xffffffda][0xffffffb0][0xffffffae][0xffffffc5]g[0x19][0xe][0xffffff83]Y[0xffffff86]#[0x1e][0x1a][0xffffffcf][0xffffffc4][0x19][0xffffff9b]e8[0xfffffff6][0xffffff83][0xffffffe2][0xffffffa8]kMf[0x19]$[0xffffff90][0xffffff8c]k[\r]f[0x19][0x2][0xffffff9c][0xffffffd9][0xffffffae][0xffffffbd]>[0xffffffcb]P[0xffffffd4][0xfffffff7][0xffffffda]s5[0xffffffe8][0x1e][0xffffffdd][0xffffffc7][0xfffffffb][0xffffffb0][0xffffffae]-[0x6][0xffffffdf]kK[0xfffffffc]0[0xffffff96][0xffffff88]s[0xffffffc1][0xffffffbe][0xffffffd7][0xffffff96][0xfffffffd]c[0x18][0xffffffe9]Z[0xffffff81]"[0xffffffe2]Z[0x9]$[0xffffffe2]Z[0xffffff81]e[0xffffffba]k[0x3][0xffffff9c][0xffffffc9][0xffffffae][\r][0xffffff88][0xffffffbe][0xffffffe0]Z[0xfffffff5][\r][0xffffffa1][0xffffffdf][0xffffffa8][0xffffffbb][0x1d][0x1f][0xffffffef][0x3][0xffffffbb][0xffffffd6][0xffffffe0][0x1b]B[0xffffff89][0xffffffff]a-[0x13]g[0xffffffec][0x1b]B[0xffffffd9][0xffffffff][0x3][0x1a][0xffffffea]Z[0xffffff93]o[0x8][0x12]H[0xffffffc6][0xffffffb5][0x6][0xffffffdf][0x10][0x2][0xffffff9c][0xffffffd9][0xffffffae][0xffffffbd][0xfffffffe][\r][0xffffffa1][0xffffffa8]o[0x8][0xfffffffd][0xffffffc0][0xffffffee][0x1b]+[0xfffffff8]7[0xffffff84]b[0xfffffff0][\r][0xffffffa1][0xffffffc4][0xffffffff][0xffffffb0][0xffffff96][0xffffff89]3[0xfffffff6][\r][0xffffffa1][0xffffffec][0xffffffff][0x1][\r]u[0xffffffad][0xffffffc9]7[0x4][0x9]$[0xffffffe3]Z[0xffffff83]o[0x8][0x1][0xffffffce]l[0xffffffd7][0xfffffffe][0xffffffc4]7[0x4]5[0xffffffa3][0xffffffdb][0xffffffdb]h[0xffffff94]k[0xfffffff1][0x19][0xffffffdd]b0"
[DEBUG] http-outgoing-1 << "[0xffffffa3][[0xffffffe2]0d&[0xffffffce][0xffffffd8][0xffffff8c]n[0xffffffd9][0x7] Q[0xffffffd7][0xffffff9a][0xffffffcc][0xffffffe8]J [0x19][0xffffffd7][0x1a][0xffffffcc][0xffffffe8][0x6]8[0xffffffb3]]{}F[0xffffffb7][0xffffffaa]Y[0xffffff86][0xffffffd1]N[0xffffffca][0xffffffb5][0x15][0xffffff9f]e[0xffffffa8][0x6][0xffffffb3][0xc]5[0x1e][0x1a]O[0xffffffc4][0xffffffb9]b[0xffffffb3][0xc]u?(N[0xffffffba]V[0xffffffa0][0xffffff88][0xffffffb8]V[0x2][0xffffff89][0xffffffb8]V`[0xffffff99][0xffffffee][0xffffffda][0x0]g[0xffffffb2]k[0x3][0xffffffa2]/[0xffffffb8]V[0xfffffffd]66[0xffffffdb][0xffffffa0][0xffffffbe]!T[0xfffffffc][0xffffffb7][0xffffffb1]j[0xfffffff0][0xffffffdb]X[0xffffff8d]?Bd[0xffffffe2][0xffffff8c][0xfffffffd]6V[0xfffffff7][0x1f][0x1e]P[0xffffffd7][0xffffff9a][0xfffffffc]6&[0xffffff81]d\k[0xfffffff0][0xffffffdb]X[0xffffff80]3[0xffffffdb][0xffffffb5][0xffffffd7][0x7f][0x1b][0xffffffab][0xffffffea][0x1b][0xffffffc2][0xffffffaa][0xffffff95][0xffffffda][0xffffffa9]X[0xfffffff1]o[0x8][0xffffffd5][0xffffffe0][0x1b]B[0xffffff8d][0xffffffff]a-[0x13]g[0xffffffec][0x1b]B[0xffffffdd][0xffffffff][0x3][0x1a][0xffffffea]Z[0xffffff93]o[0x8][0x12]H[0xffffffc6][0xffffffb5][0x6][0xffffffdf][0x10][0x2][0xffffff9c][0xffffffd9][0xffffffae][0xffffffbd][0xfffffffe][\r][0xffffffa1][0xffffffa9][0xffffffdd]3[0xffffffab]bsc[\r][0xffffffdf]=[0xffffffd3][0xc]v[0xffffffcf][0xffffffb4][0xffffffb8][0xffffffe4]#[0x11][0xffffffe7][0xffffff86][0xffffffed][0xffffff9e]i[0xfffffffb]b[0xf][0xffffffd2][0xffffffb5][0x2]E[0xffffffc4][0xffffffb5][0x12]H[0xffffffc4][0xffffffb5][0x2][0xffffffcb]t[0xffffffd7][0x6]8[0xffffff93]][0x1b][0x10]}[0xffffffc1][0xffffffb5][0xffffff87]rm;[0xffffffa8];p[0xffffffde][0xffffffde][0x7]v[0xffffffed]a[0xffffffe0][0xffffffda]#@[0xffffff9d][0xffffff89][0xfffffff3][0xffffff81][0xffffffb9][0xfffffff6]prmD[0xffffff91]q[0xffffffad][0x2][0xffffff92]qm[0xffffffc4]2[0xffffffdf][0xffffffb5];[0xffffff9c][0xffffffd9][0xffffffae][0xffffffdd][0x11]}[0xffffffc1][0xffffffb5][0xffffffea][0xffffffb7][0xffffffb1]uV[0xffffffea]|m[0xffffffc3][0x7f][0x1b]k[0x6][0xffffffbf][0xffffff8d][0xffffffb5][0xfffffff8]#D&[0xffffffce][0xffffffd8]ocm[0xffffffff][0xffffffe1][0x1]u[0xffffffad][0xffffffc9]oc[0x12]H[0xffffffc6][0xffffffb5][0x6][0xffffffbf][0xffffff8d][0x5]8[0xffffffb3]]{[0xfffffffd][0xffffffb7][0xffffffb1]V[0xffffff95]k[0x7][0xffffffb6][0xf][0xffffffe1][0xffffffed]}`[0xffffffd7]V[0x3][0xffffffd7][0xffffffd6][0x0]u&[0xffffffce][0x15]smurmD[0xffffff91]q[0xffffffad][0x2][0xffffff92]qm[0xffffffc4]2[0xffffffdf][0xffffffb5];[0xffffff9c][0xffffffd9][0xffffffae][0xffffffdd][0x11]}[0xffffffc1][0xffffffb5]M[0xffffffb9]v5[0xffffffac]k[0x1b][0xffffffee][0xffffffda]f[0xffffffe0][0xffffffda][0x16][0xffffffa0][0xffffffce][0xffffffc4][0xffffffb9]a[0xffffffae]mN[0xffffffae][0xffffff8d](2[0xffffffae]U@2[0xffffffae][0xffffff8d]X[0xffffffe6][0xffffffbb]v[0xffffff87]3[0xffffffdb][0xffffffb5];[0xffffffa2]/[0xffffffb8]V[0xffffff9c][0xfffffff9][0xffffffea][0xffffffb7]Z[0xffffffb0][0xffffffdf][0xffffffc6][0xfffffff0]3_[0xffffffcd][0xffffffe0][0xffffffcc]W[0xffffff8b][0xffffff87]k2q[0xffffffc6][0xffffffce]|[0xffffffb5][0xfffffffd]@[\r][0xffffffea]Z[0xffffff93]3_[0x12]H[0xffffffc6][0xffffffb5][0x6]g[0xffffffbe][0x2][0xffffff9c][0xffffffd9][0xffffffae][0xffffffbd]~[0xffffffe6][0xffffffeb][0xfffffffe][0xffffffa7][0xffffffc5][0xffffffcc][0xffffffb5][0xfffffff0]}c[0xffffff8f]7[0xffffffe0]][0xb][0xffffffde]7[0xfffffff6]x:[0xffffffe5]Z[0xffffff9f][0xfffffffb][0xffffffc6][0x4][0xffffff8a][0xffffff94]kM[0xffffffee][0x1b][0x13]X[0x12][0xffffffae]E[0xffffffef][0x1b][0xb][0xffffff88][0xffffffbe][0xffffffe4][0xffffffda]j[0xffffffe6][0xffffffda][0xffffff8a][0xffffffbb][0xffffffb6][0x1a][0xffffffb8][0xffffffb6][0xffffffa2][0xffffffae][0xffffffad][0xffffff98]k[0xffffffab][0xffffff93]kw[0x14])[0xffffffd7]F )[0xffffffd7][0xffffffee]X[0x12][0xffffffae][0xffffffad][0xffffffb0]k[0xffffffeb]u[0xffffffd7]63[0xffffffd7]6[0xffffffdc][0xffffffb5][0xffffffcd][0xffffffc0][0xffffffb5][\r]um[0xffffffc3]\[0xffffffdb][0xffffff9c]\[0xffffffbb][0xffffffa3]H[0xffffffb9]6[0x2]I[0xffffffb9]v[0xffffffc7][0xffffff92]pm[0xffffff83]][0xffffffdb][0xffffffae][0xffffffbb][0xfffffff6]p[0xffffff93][0xffffffed][0xffffffc1][0xffffffdb][0xfffffff6]p[0xffffffd0][0xffffffed][0xffffffc1][0xfffffffa][0xfffffff6][0xffffffe0][0xffffff84]{X[0x19]7[0xfffffff0]H)WPI97[0xffffffb0]IH[0xfffffff7][0xffffffa0][0xffffffad]{[0xfffffffc][0xffffff84]v[0xffffffab][0xffffffdb][0xffffffb7][0xffffffdb][0xffffffca][0x7f][0xffffffbc][0xffffffad][0xe]_o+[0xfffffffb][0xfffffff9][0xffffffb6]r[0xffffffdf]o[0xffffffab][0xffffffd5][0x7][0xffffffdc][0xffffffc0]#[0xffffffa5]]A%[0xffffffa5][0xffffffdd][0xffffffc0]&[0xffffffa1][0xffffffdd]J[0x7f][0xffffffc4][0xffffffad]?[0xfffffff1][0x15][0xffffffb7][0xffffffb9]i[0xffffffb7][0xfffffff1][0xffffffda]m[0xe][0xffffffda]m[0xffffffac]v[0x1b][0xffffffa7][0xffffffdd]f[0xffffffa5][0xffffffdd][0xffffffc0]#[0xffffffa5]]A%[0xffffffa5][0xffffffdd][0xffffffc0]&[0xffffffa1][0xffffffdd]Fk[0xffffffb7][0xfffffffd][0xffffff8c]v[0xffffff97][0xffffff9b]v[0x17][0xffffffaf][0xffffffdd][0xffffffe5][0xffffffa0][0xffffffdd][0xffffffc5]jwq[0xffffffda]]V[0xffffffda][0xffffffdd]y[0xffffffc4][0xffffffb4][0x1b][0xffffffa9][0xffffffc4][0xffffffb4][0xffffffbb][0xffffffb3][0xffffff89]hw[0xffffffd1][0xffffffda]][0xffffffd7][0xffffffb5][0xffffffdb][0xffffffdd]j[0xffffffb7][0xfffffff3][0xffffffb5][0xffffffdb][0x1d]j[0xffffffb7][0xffffffb3][0xffffffb5][0xffffffdb][0xffffffb9][0xffffffda][0xffffffed]V[0xffffffb5][0x1b]x[0xffffffa4][0xffffffb4]+[0xffffffa8][0xffffffa4][0xffffffb4][0x1b][0xffffffd8]$[0xffffffb4][0xffffffdb][0xffffffe9][0xffffffda][0xffffffed]?Q[0xffffffbb][0xffffffd3]M[0xffffffbb][0xffffff93][0xffffffd7][0xffffffee]t[0xffffffd0][0xffffffee]d[0xffffffb5];9[0xffffffed]N+[0xffffffed][0x6][0x1e])[0xffffffed][\n]"
[DEBUG] http-outgoing-1 << "*)[0xffffffed][0x6]6[0x9][0xffffffed]NZ[0xffffffbb][0xfffffff3]'[0xffffffb4][0xffffffbb][0xffffffba][0xffffff99]vW[0xffffffc7][0xffffffb5]{[0x7f][0x5]^[0xffffffbb][0x1f]/Ai[0xfffffff7][0xfffffffe]xJ[0xffffffbb][0xffffffef][0xffffff8f]v[0xffffffd1]n[0xffffffe0][0xffffff91][0xffffffd2][0xffffffae][0xffffffa0][0xffffff92][0xffffffd2]n`[0xffffff93][0xffffffd0][0xffffffee]Fh[0xffffffbe]v7N[0x7f][0xffffff8b]v[0xffffffc7][0xfffffffb][0xffffffdf]v5[0xfffffff0][0xffffffbb]JK[0xffffffb7][0xffffffee][0xffffffe7][0xfffffffb]P[0xffffffd2][0xfffffffd][0xfffffff2][0x6][0xffffff98]s[0xffffffb7]wHV[0xffffffee][0xffffff97][0xffffffa7]'[0x1b][0xfffffff7][0xffffffd7]O[0xffffff86][0xffffff85][0xfffffffb][0x14][0xffffffc5]d[0xffffffdf][0xfffffffe][0x0][0xffffffc8]d[0xffffffdd]>[0xffffffc5]2[0xffffffd1][0xffffffb6]O[0xffffffe0]L[0xffffff93][0xffffffed][0x13]D_p[0xffffffad][0xffffffb8][0x0][0xffffffbd][0x1f][0x7][0xffffffb0][0xffffffa0][0xfffffff1][0xfffffff3]}`[0xffffffd7][0xffffffa2][0x17][0xffffffa0]o[0xffffffef][0xffffffc0][0xffffffb8][0x16][0xffffffb8][0x0][0xfffffffd][0xffffffd7]O[0xfffffff6]p-~[0x1][0xfffffffa][0xf][0xffffff80]d\[0xffffff8b]^[0xffffff80][0xfffffffe][0x4][0xffffffce]l[0xffffffd7][0xffffffee][0xffffff88][0xffffffbe][0xffffffe0][0xffffffda])[0xffffff96]+[0x1c][0xffffffad][0xffffffe4]_[0xffffffa8][0xfffffff3][0xfffffff9]>[0xffffffb0]k'[0xffffffb9]\a{[0x7][0xffffffc6][0xffffffb5]3[0x7f][0xffffffb9][0xffffffc2][0xffffffaf][0xffffff9f][0xffffffec][0xffffffe1][0xffffffda][0xffffff88]"[0xffffffe3]Z[0x5]$[0xffffffe3][0xffffffda][0xffffff88]e[0xffffffbe]kw8[0xffffffb3]][0xffffffbb]#[0xfffffffa][0xffffff82]k[0xffffff97]rm[0x1f][0xfffffff9][0xffffff97]<|[0xffffffbe][0xf][0xffffffec][0xffffffda]e[0xffffffe0][0xffffffda][0x15][0xffffffa0][0xffffffce][0xffffffc4]ya[0xffffffae]]N[0xffffffae][0xffffff8d](2[0xffffffae]U@2[0xffffffae][0xffffff8d]X[0xffffffe6][0xffffffbb]v[0xffffff87]3[0xffffffdb][0xffffffb5];[0xffffffa2][0xffffffbf][0xffffffdd][0xffffffb5][0xffffffa7][0xffffffb8]P[0xffffffa7][0xffffff97][0xffffffdb][0xffffffca][0xffffffff][0xffffff95][0xffffffec][0xfffffff3]}X[0xffffffd7][0xffffff9e][0xffffffe8][0xffffff85]:[0xffffffdb]; [0xffffffae]=[0xffffff81][0xb]u~[0xfffffffd]d[0xb][0xffffffd7][\n]"
[DEBUG] http-outgoing-1 << "[0x14][0x11][0xffffffd7]J [0x11][0xffffffd7][\n]"
[DEBUG] http-outgoing-1 << ",[0xffffffd3]][0x1b][0xffffffe0]Lvm@[0xfffffff4][0x5][0xffffffd7][0xffffff8a]K[0x1e]z9:[0xfffffff5][0xffffffbd][0xfffffff6][0x4]/y[0xfffffff8][0xfffffff2][0x6][0xffffffb4]k[0xffffffa1]K[0x1e][0xffffffbe]<[0xffffff9d]q[0xffffffad][0xffffffc7]%[0xf]OQd\kp[0xffffffc9][0xffffffc3]S,[0xfffffff3]][0xffffff8b]][0xfffffff2][0xfffffff0][0x4][0xffffffd1][0x17]\+.y[0xffffffe8][0xffffffa5][0xffffffdc]*[0xffffffe5]Z[0xfffffff0][0xffffff92][0xffffff87]/o@[0xffffffbb][0x16][0xffffffba][0xffffffe4][0xffffffe1][0xffffffcb][0xffffffd3][0x19][0xffffffd7]z\[0xfffffff2][0xfffffff0][0x14]E[0xffffffc6][0xffffffb5][0x6][0xffffff97]<<[0xffffffc5]2[0xffffffdf][0xffffffb5][0xffffffd8]%[0xf]O[0x10]}[0xffffffc1][0xffffffb5][0xffffffea][0xffffff92][0xffffff87]RoX[0xffffffd7][0xffffff82][0xffffff97]<|y[0x3][0xffffffda][0xffffffb5][0xffffffd0]%[0xf]_[0xffffff9e][0xffffffce][0xffffffb8][0xffffffd6][0xffffffe3][0xffffff92][0xffffff87][0xffffffa7](2[0xffffffae]5[0xffffffb8][0xffffffe4][0xffffffe1])[0xffffff96][0xfffffff9][0xffffffae][0xffffffc5].yx[0xffffff82][0xffffffe8][0xb][0xffffffae][0x1d][0xffffffca][0xffffffb5][0xffffffb3][0xffffff9f][0xffffff94]k[0x7][0xffffffee][0xffffffda]a[0xffffffe0][0xffffffda][0x11][0xffffffa0][0xffffffce][0xffffffc4]y`[0xffffffae][0x1d]N[0xffffffae][0xffffff8d](2[0xffffffae]U@2[0xffffffae][0xffffff8d]X[0xffffffe6][0xffffffbb]v[0xffffff87]3[0xffffffdb][0xffffffb5];[0xffffffa2]/[0xffffffb9]6[0xffffff9e]C`][0xb][0xffffff9f]Cx[0xffffffbc][0x1][0xffffffef]Z[0xfffffff0][0x1c][0xffffffc2][0xffffffe3][0xffffffe9][0xffffff94]k}[0xffffffce]![0x8][0x14])[0xffffffd7][0xffffff9a][0xffffff9c]C[0x10]X[0x12][0xffffffae]E[0xffffffcf]![0x4]D_p[0xffffffed][0x14]][[0xffffffcb][0xffffffc0][0xffffffbe][0xffffffd7]N[0xffffffbc]k[0xffffffa7]A[0xffffffd7][0xffffffce][0x10][0x10][0xffffff99]8O[0xffffffac]k[0xffffffa7]S[0xffffffd7]F[0x14][0x19][0xffffffd7]* [0x19][0xffffffd7]F,[0xfffffff3]][0xffffffbb][0xffffffc3][0xffffff99][0xffffffed][0xffffffda][0x1d][0xffffffd1][0x17]\[0xffffffbb][0xffffff94]k[0xffffffdb]([0xffffff94]k"
[DEBUG] http-outgoing-1 << "[0x17][0xffffffee][0xffffffda]e[0xffffffe0][0xffffffda][0x15][0xffffffa0][0xffffffce][0xffffffc4]ya[0xffffffae]]N[0xffffffae][0xffffff8d](2[0xffffffae]U@2[0xffffffae][0xffffff8d]X[0xffffffe6][0xffffffbb]v[0xffffff87]3[0xffffffdb][0xffffffb5];[0xffffffa2][0xffffffbf][0xffffffdd][0xffffffb5][0xfffffffd]&[0xffffffbe]![0xffffffd4][0xffffff81][0xffffffcd][0xffffff8d][0xffffffbd][0xffffffbd][0xf][0xffffffeb][0xffffffda][0xffffffc7][0x1b][0xffffffc0][0xffffffae][0xfffffffd][0xfffffffe][0xe][0xffffff88]k[0x1f]OG\[0xfffffffb][0xffffffed][0xffffffc9][0x16][0xffffffae][0x15]("[0xffffffae][0xffffff95]@"[0xffffffae][0x15]X[0xffffffa6][0xffffffbb]6[0xffffffc0][0xffffff99][0xffffffec][0xffffffda][0xffffff80][0xffffffe8][0xb][0xffffffae]U[0xffffffe7]k[0xffffffdb][0xffffff89]um[0xffffffc7][0xffffffcf][0xffffffd7]v[0xffffff83][0xfffffff3][0xffffffb5]=[0x1e]d[0xffffffcc][0xffffffc4][0x19];_[0xffffffdb][0xfffffff7][0xffffffc3][0xffffff8b][0xffffffa8]kM[0xffffffce][0xffffffd7]J [0x19][0xffffffd7][0x1a][0xffffff9c][0xffffffaf][\r]pf[0xffffffbb][0xfffffff6][0xfffffffa][0xfffffff9][0xffffffda][0xffffffae][0xffffffce][0xffffffd7][0xffffffb6]U0[0xffffffd7][0xffffffe2][0xffffffe7]k[0xffffffbb][0xffffffc1][0xfffffff9][0xffffffda][0x1e][0xf]2f[0xffffffe2][0xffffff8c][0xffffff9d][0xffffffaf][0xffffffed][0xfffffffb][0xffffffe1]E[0xffffffd4][0xffffffb5]&[0xffffffe7]k%[0xffffff90][0xffffff8c]k[\r][0xffffffce][0xffffffd7][0x6]8[0xffffffb3]]{[0xfffffffd]|mW[0xffffffe7]k[0xffffffcf][[0xffffffed][0xffffff94]k[0xfffffff1][0xfffffff3][0xffffffb5][0xffffffdd][0xffffffe0]|m[0xffffff8f][0x7][0x19]3q[0xffffffc6][0xffffffce][0xffffffd7][0xfffffff6][0xfffffffd][0xfffffff0]"[0xffffffea]Z[0xffffff93][0xfffffff3][0xffffffb5][0x12]H[0xffffffc6][0xffffffb5][0x6][0xffffffe7]k[0x3][0xffffff9c][0xffffffd9][0xffffffae][0xffffffbd]~[0xffffffbe][0xffffffb6][0xffffffab][0xfffffffd][0xffffffb5][0xffffffe7]mR[0xfffffffb][0x10]:[0xffffffbe][0xffffffbf][0xffffffb6][0x1b][0xffffffec][0xffffffaf][0xffffffed]qQh&[0xffffffce][0xffffffd8][0xfffffffe][0xffffffda][0xffffffbe]/[0x7]E]k[0xffffffb2][0xffffffbf]V[0x2][0xffffffc9][0xffffffb8][0xffffffd6]`[0x7f]m[0xffffff80]3[0xffffffdb][0xffffffb5][0xffffffd7][0xfffffff7][0xffffffd7][0xfffffff6][0xffffffa1]\{[0xffffffdc][0xffffffa8]=_o[0xffffffef][0x3][0xffffffbb]v[0x18][0xffffffb8]v[0x4][0xffffffa8]3q[0x1e][0xffffff98]k[0xffffff87][0xffffff93]k#[0xffffff8a][0xffffff8c]k[0x15][0xffffff90][0xffffff8c]k#[0xffffff96][0xfffffff9][0xffffffae][0xffffffdd][0xffffffe1][0xffffffcc]v[0xffffffed][0xffffff8e][0xffffffe8][0xb][0xffffffae]Ug[0xffffffbe][0xffffffce]rb[0xffffffdf][0x10][0xfffffff0]3_[0xffffffdd][0xffffffe0][0xffffffcc]W[0xffffff8f][0xffffff87]k2q[0xffffffc6][0xffffffce]|[0xfffffff5][0xfffffffd]@[\r][0xffffffea]Z[0xffffff93]3_[0x12]H[0xffffffc6][0xffffffb5][0x6]g[0xffffffbe][0x2][0xffffff9c][0xffffffd9][0xffffffae][0xffffffbd]~[0xffffffe6]k[0xffffffdc][0xffffff94]k[0x1b][0xffffffb6][0xf][0xffffffe1][0xffffffed]}X[0xffffffd7]>[0xffffffde][0x0]v[0xffffffed][0xfffffff7]w@\[0xfffffffb]x:[0xffffffe2][0xffffffda]oO[0xffffffb6]p[0xffffffad]@[0x11]q[0xffffffad][0x4][0x12]q[0xffffffad][0xffffffc0]2[0xffffffdd][0xffffffb5][0x1][0xffffffce]d[0xffffffd7][0x6]D_p[0xffffffad][0xffffffda]_{[0xffffff9e][0xffffff95][0xffffff9a][0x1b][0x1b][0xfffffff8][0xfffffffe][0xffffffda]a[0xffffffb0][0xffffffbf]v[0xffffffc4]E[0xffffffa1][0xffffff99]8c[0xfffffffb]k[0xffffffc7][0xffffffbe][0x1c][0x14]u[0xffffffad][0xffffffc9][0xfffffffe]Z[0x9]$[0xffffffe3]Z[0xffffff83][0xfffffffd][0xffffffb5][0x1][0xffffffce]l[0xffffffd7]^[0xffffffdf]_;[0xffffff8a]r[0xffffffed][0xffffffb8]Q[0xffffffbf][0xffffff8d][0xffffffbd][0xffffffbd][0xf][0xffffffec][0xffffffda]b[0xffffffe0][0xffffffda][0x12][0xffffffa0][0xffffffce][0xffffffc4][0xffffffb9]`[0xffffffae]-N[0xffffffae][0xffffff8d](2[0xffffffae]U@2[0xffffffae][0xffffff8d]X[0xffffffe6][0xffffffbb]v[0xffffff87]3[0xffffffdb][0xffffffb5];[0xffffffa2]/[0xffffffb8]V[0xffffffcd]2[0xffffff9c][0xffffffb3]c][0xffffff8b][0xffffffcf]2[0xc][0xffffff83]Y[0xffffff86][0x11][0xf][0xffffff8d]g[0xffffffe2][0xffffff8c][0xffffffcd]2[0xffffff8c][0xfffffffd][0xffffffa0]8[0xffffffea]Z[0xffffff93]Y[0x6][0x9]$[0xffffffe3]Z[0xffffff83]Y[0xffffff86][0x0]g[0xffffffb6]k[0xffffffaf][0xffffffcf]2[0xc]5[0xffffffcb][0xffffffd0]K[0xffffffbb]Q[0xffffffae][0xffffffc5]g[0x19][0xffffff86][0xffffffc1],[0xffffffc3][0xffffff88][0xffffff87][0xffffffc6]3q[0xffffffc6]f[0x19][0xffffffc6]~P[0x1c]u[0xffffffad][0xffffffc9],[0xffffff83][0x4][0xffffff92]q[0xffffffad][0xffffffc1],C[0xffffff80]3[0xffffffdb][0xffffffb5][0xffffffd7]g[0x19][0xffffff86][0xffffff9a]e[0xffffffe8]uR[0xfffffffb][0x10][0x6]>[0xffffffcb]0[0xc]f[0x19]F<4[0xffffff9e][0xffffff89]36[0xffffffcb]0[0xfffffff6][0xffffff83][0xffffffe2][0xffffffa8]kMf[0x19]$[0xffffff90][0xffffff8c]k[\r]f[0x19][0x2][0xffffff9c][0xffffffd9][0xffffffae][0xffffffbd]>[0xffffffcb]0[0xffffffd4],C[0x1f]'u[0xffffffbe]v[0xffffffe0][0xffffffb3][0xc][0xffffffc3]`[0xffffff96]a[0xffffffc4]C[0xffffffe3][0xffffff99]8c[0xffffffb3][0xc]c?([0xffffff8e][0xffffffba][0xffffffd6]d[0xffffff96]A[0x2][0xffffffc9][0xffffffb8][0xffffffd6]`[0xffffff96]![0xffffffc0][0xffffff99][0xffffffed][0xffffffda][0xffffffeb][0xffffffb3][0xc]c[0x8][0xffffffd7][0xffffff8e][0xffffffca][0xffffffb9]v[0xffffffe0][0xffffffae][0x1d][0x6][0xffffffae][0x1d][0x1][0xffffffea]L[0xffffff9c][0x7][0xffffffe6][0xffffffda][0xffffffe1][0xffffffe4][0xffffffda][0xffffff88]"[0xffffffe3]Z[0x5]$[0xffffffe3][0xffffffda][0xffffff88]e[0xffffffbe]kw8[0xffffffb3]][0xffffffbb]#[0xfffffffa][0xffffff82]k[0xffffffd5][0xffffffae][0xfffffff0][0xffffffd1][0x1b]5[0xffffffcb]0[0xfffffff0]][0xffffffe1][0xffffffc3]`W[0xfffffff8][0xffffff88]K[0xffffff99]3q[0xffffffc6]v[0xffffff85][0xffffff8f]}[0x11]3[0xffffffea]Z[0xffffff93]][0xffffffe1][0x12]H[0xffffffc6][0xffffffb5][0x6][0xffffffbb][0xffffffc2][0x3][0xffffff9c][0xffffffd9][0xffffffae][0xffffffbd][0xffffffbe]+|[0xffffffa8][0xffffffb9][0xffffffb1]1N[0xffffffec][0xffffffb7]1|nl[0x18][0xffffffcc][0xffffff8d][0xffffff8d]8[0xffffffa0][0xffffff93][0xffffff89]3676[0xfffffff6][0xffffffa1][0x1c][0xffffffd4][0xffffffb5]&sc[0x12]H[0xffffffc6][0xffffffb5][0x6]sc[0x1][0xffffffce]l[0xffffffd7]^[0xffffff9f][0x1b][0xffffff9b][0xffffffb7]_Zt[0xffffffed][0xffffffc4][0xffffffce][0xffffffd7][0xffffffbe][0xffffffbd][0xf][0xffffffeb][0xffffffda][0xffffffc7][0x1b][0xffffffc0][0xffffffae][0xfffffffd][0xfffffffe][0xe][0xffffff88]k[0x1f]OG\[0xfffffffb][0xffffffed][0xffffffc9][0x16][0xffffffae][0x15]("[0xffffffae][0xffffff95]@"[0xffffffae][0x15]X[0xffffffa6][0xffffffbb]6[0xffffffc0][0xffffff99][0xffffffec][0xffffffda][0xffffff80][0xffffffe8][0xb][0xffffffae]Uscc[0xffffff9d][0xffffff98]k[0xfffffff1][0xffffffb9][0xffffffb1]i076[0xffffffe3][0xffffff80]N&[0xffffffce][0xffffffd8][0xffffffdc][0xffffffd8][0xffffffdc][0xffffff87]rP[0xffffffd7][0xffffff9a][0xffffffcc][0xffffff8d]I [0x19][0xffffffd7][0x1a][0xffffffcc][0xffffff8d][0x5]8[0xffffffb3]]{}nl[0xffffffaa][0xffffffb9][0xffffffb1]Y&u[0xffffff8f][0xffffffee][0xffffffc4][0xffffffe7][0xffffffc6][0xffffffa6][0xffffffc1][0xffffffdc][0xffffffd8][0xffffff8c][0x3]:[0xffffff99]8cscs[0x1f][0xffffffca]A]k27&[0xffffff81]d\k07[0x16][0xffffffe0][0xffffffcc]v[0xffffffed][0xfffffff5][0xffffffb9][0xffffffb1][0xffffffa9][0xffffffe6][0xffffffc6][0xffffffe6][0xffffffb9][0xffffffa8][0xffffffdd]3[0x13][0xffffff9f][0x1b][0xffffff9b][0x6]sc3[0xe][0xffffffe8]d[0xffffffe2][0xffffff8c][0xffffffcd][0xffffff8d][0xffffffcd]}([0x7]u[0xffffffad][0xffffffc9][0xffffffdc][0xffffff98][0x4][0xffffff92]q[0xffffffad][0xffffffc1][0xffffffdc]X[0xffffff80]3[0xffffffdb][0xffffffb5][0xffffffd7][0xffffffe7][0xffffffc6][0xffffffa6][0xffffff9a][0x1b][0xffffff9b][0xffffffab]Q3[0xffffffba][0x13][0xffffff9f][0x1b][0xffffff9b][0x6]sc3[0xe][0xffffffe8]d[0xffffffe2][0xffffff8c][0xffffffcd][0xffffff8d][0xffffffcd]}([0x7]u[0xffffffad][0xffffffc9][0xffffffdc][0xffffff98][0x4][0xffffff92]q[0xffffffad][0xffffffc1][0xffffffdc]X[0xffffff80]3[0xffffffdb][0xffffffb5][0xffffffd7][0xffffffe7][0xffffffc6][0xffffffa6][0xffffff9a][0x1b][[0xffffffe5][0xffffffa0][0xffffffe6][0xffffffc6]&>76[\r][0xffffffe6][0xffffffc6]f[0x1c][0xffffffd0][0xffffffc9][0xffffffc4][0x19][0xffffff9b][0x1b][0xffffff9b][0xfffffffb]P[0xe][0xffffffea]Z[0xffffff93][0xffffffb9]1[0x9]$[0xffffffe3]Z[0xffffff83][0xffffffb9][0xffffffb1][0x0]g[0xffffffb6]k[0xffffffaf][0xffffffcf][0xffffff8d]M57[0xffffffb6][0x1a]v[0xffffffe6]k[0xffffffe2]sc[0xffffffd3]`nl[0xffffffc6][0x1][0xffffff9d]L[0xffffff9c][0xffffffb1][0xffffffb9][0xffffffb1][0xffffffb9][0xf][0xffffffe5][0xffffffa0][0xffffffae]5[0xffffff99][0x1b][0xffffff93]@2[0xffffffae]5[0xffffff98][0x1b][0xb]pf[0xffffffbb][0xfffffff6][0xfffffffa][0xffffffdc][0xffffffd8][0x1c][0xffffffca][0xffffffb5][0xffffffb3]Rsco[0xffffffef][0x3][0xffffffbb]v[0x18][0xffffffb8]v[0x4][0xffffffa8]3q[0x1e][0xffffff98]k[0xffffff87][0xffffff93]k#[0xffffff8a][0xffffff8c]k[0x15][0xffffff90][0xffffff8c]k#[0xffffff96][0xfffffff9][0xffffffae][0xffffffdd][0xffffffe1][0xffffffcc]v[0xffffffed][0xffffff8e][0xffffffe8][0xb][0xffffffae][0x15]sc[0xffffffe3]v[0xffffffeb][0xffffffd8][0xffffff99]/|nl[0x1a][0xffffffcc][0xffffff8d][0xffffffcd]8[0xffffffa0][0xffffff93][0xffffff89]3676[0xfffffff7][0xffffffa1][0x1c][0xffffffd4][0xffffffb5]&sc[0x12]H[0xffffffc6][0xffffffb5][0x6]sc[0x1][0xffffffce]l[0xffffffd7]^[0xffffff9f][0x1b][0xffffff9b]bnl[0xffffffdc]*w[0xffffffe6][0xb][0xffffff9f][0x1b][0xffffff9b][0x6]sc3[0xe][0xffffffe8]d[0xffffffe2][0xffffff8c][0xffffffcd][0xffffff8d][0xffffffcd]}([0x7]u[0xffffffad][0xffffffc9][0xffffffdc][0xffffff98][0x4][0xffffff92]q[0xffffffad][0xffffffc1][0xffffffdc]X[0xffffff80]3[0xffffffdb][0xffffffb5][0xffffffd7][0xffffffe7][0xffffffc6][0xffffff96][0xffffffb8]ol[0xffffffdc]:[0xffffffb6]+|[0xffffffe1][0xfffffff7][0xffffff8d]-[0xffffff83][0xfffffffb][0xffffffc6]V[0xffffffbc][0xffffffd8])[0x11][0xffffffe7][0xffffff85][0xffffffdd]7[0xffffffb6][0xfffffff6][0xffffffcb][0xffffff9c]H[0xffffffd7][\n]"
[DEBUG] http-outgoing-1 << "[0x14][0x11][0xffffffd7]J [0x11][0xffffffd7][\n]"
[DEBUG] http-outgoing-1 << ",[0xffffffd3]][0x1b][0xffffffe0]Lvm@[0xfffffff4][0x5][0xffffffd7][0xffffff8a]Y[0xffffff86]q[[0x5]s->[0xffffffcb][0xffffffb0][0xc]f[0x19]V<4[0xffffff9e][0xffffff89]36[0xffffffcb][0xffffffb0][0xfffffff6][0xffffff83][0xffffffe2]"
[DEBUG] http-outgoing-1 << "[0xffffffa8]kMf[0x19]$[0xffffff90][0xffffff8c]k[\r]f[0x19][0x2][0xffffff9c][0xffffffd9][0xffffffae][0xffffffbd]>[0xffffffcb][0xffffffb0][0xffffffc4],[0xffffffc3][0xffffffdd][0xffffffb5][0xffffffd8][0xffffffae][0xfffffff0][0xffffff85][0xffffffcf]2,[0xffffff83]Y[0xffffff86][0x15][0xf][0xffffff8d]g[0xffffffe2][0xffffff8c][0xffffffcd]2[0xffffffac][0xfffffffd][0xffffffa0]8[0xffffffea]Z[0xffffff93]Y[0x6][0x9]$[0xffffffe3]Z[0xffffff83]Y[0xffffff86][0x0]g[0xffffffb6]k[0xffffffaf][0xffffffcf]2,1[0xffffffcb]0[0xffffff8e][0xffffffe3][0xffffffd6]([0xffffffd7][0xffffffe2][0xffffffb3][0xc][0xffffffcb]`[0xffffff96]a[0xffffffc5]C[0xffffffe3][0xffffff99]8c[0xffffffb3][0xc]k?([0xffffff8e][0xffffffba][0xffffffd6]d[0xffffff96]A[0x2][0xffffffc9][0xffffffb8][0xffffffd6]`[0xffffff96]![0xffffffc0][0xffffff99][0xffffffed][0xffffffda][0xffffffeb][0xffffffb3][0xc]K[0xffffffcc]2[0xffffff8c][0xffffffa3][0x1e][0xffffff85]r->[0xffffffcb][0xffffffb0][0xc]f[0x19]V<4[0xffffff9e][0xffffff89]36[0xffffffcb][0xffffffb0][0xfffffff6][0xffffff83][0xffffffe2][0xffffffa8]kMf[0x19]$[0xffffff90][0xffffff8c]k[\r]f[0x19][0x2][0xffffff9c][0xffffffd9][0xffffffae][0xffffffbd]>[0xffffffcb][0xffffffb0][0xffffffc4],[0xffffffc3]8z[0xffffffc3][0xffffffba][0x16][0xffffff9f]eX[0x6][0xffffffb3][0xc]+[0x1e][0x1a][0xffffffcf][0xffffffc4][0x19][0xffffff9b]eX[0xfffffffb]Aq[0xffffffd4][0xffffffb5]&[0xffffffb3][0xc][0x12]H[0xffffffc6][0xffffffb5][0x6][0xffffffb3][0xc][0x1][0xffffffce]l[0xffffffd7]^[0xffffff9f]eXC[0xffffffb9]vM[0xffffffac]k[0x7][0xffffffee][0xffffffda]a[0xffffffe0][0xffffffda][0x11][0xffffffa0][0xffffffce][0xffffffc4]y`[0xffffffae][0x1d]N[0xffffffae][0xffffff8d](2[0xffffffae]U@2[0xffffffae][0xffffff8d]X[0xffffffe6][0xffffffbb]v[0xffffff87]3[0xffffffdb][0xffffffb5];[0xffffffa2]/[0xffffffb9][0xffffffb6][0xffffff9a][0xffffffb9][0xffffffb6][0xffffffe2][0xffffffae][0xffffffad][0x6][0xffffffae][0xffffffad][0xffffffa8]k+[0xffffffe6][0xffffffda][0xffffffea][0xffffffe4][0xffffffda][0x1d]E[0xffffffca][0xffffffb5][0x11]H[0xffffffca][0xffffffb5];[0xffffff96][0xffffff84]k+[0xffffffec][0xffffffda]z[0xffffffd5][0xffffffb5]jn[0xffffffac][0x14]l[0x1f][0xffffffc2][0xffffffc2][0xffffffe7][0xffffffc6][0xffffff96][0xffffffc1][0xffffffdc][0xffffffd8][0xffffff8a][0x3]:[0xffffff99]8csck[0x1f][0xffffffca]A]k27&[0xffffff81]d\k07[0x16][0xffffffe0][0xffffffcc]v[0xffffffed][0xfffffff5][0xffffffb9][0xffffffb1][0xffffffa5][0xffffffe6][0xffffffc6][0xffffffca][0xffffffd9][0xffffffa8][0xffffffb9][0xffffffb1][0xffffff85][0xffffffcf][0xffffff8d]-[0xffffff83][0xffffffb9][0xffffffb1][0x15][0x7]t2q[0xffffffc6][0xffffffe6][0xffffffc6][0xffffffd6]>[0xffffff94][0xffffff83][0xffffffba][0xffffffd6]dnL[0x2][0xffffffc9][0xffffffb8][0xffffffd6]`n,[0xffffffc0][0xffffff99][0xffffffed][0xffffffda][0xffffffcb]sc[0xffffffeb][0xffffffa6][0xffffffe6][0xffffffc6][0xffffffca][0xffffffac][0xffffffd0][0xfffffff9][0xffffffda][0xffffffc7][0xfffffffb][0xffffffa0][0xffffffae]}[0x7f][0x3][0xffffffd6][0xffffffb5][0xffffff9f][0xffffffef]@[0xffffffb8][0xfffffff6][0xfffffffd][0xffffffe9][0xffffff84]k[0xffffffbf]?[0xffffffd9][0xffffffc1][0xffffffb5][\n]"
[DEBUG] http-outgoing-1 << "E[0xffffffc2][0xffffffb5][0x1a]H[0xffffffc2][0xffffffb5][\n]"
[DEBUG] http-outgoing-1 << "[0xffffffcb]l[0xffffffd7]F8s][0x1b][0x11]}[0xffffffc9][0xffffffb5][0xffffffc5][0xffffffcc][0xffffffb5][0x5]wm1pmA][0[0xffffffd7][0x16]'[0xffffffd7][0xffffffee](R[0xffffffae][0xffffff8d]@R[0xffffffae][0xffffffdd][0xffffffb1]$\[`[0xffffffd7][0xffffff96][0xffffffab][0xffffffae][0x15]w;[0xffffff8e]zLh[0xffffffcf][0xffffffd7][0xffffffe3]}`[0xffffffd7][0xfffffff2]w;~[0xffffffbe][0x3][0xffffffe3]Z[0xffffffea]n[0xffffffc7][0xffffffef]O[0xfffffff6]p[0xffffffad][0xffffffc7][0xffffffdd][0xffffff8e][0x1a]H[0xffffffc6][0xffffffb5][0xfffffffc][0xffffffdd][0xffffff8e][0x11][0xffffffce]l[0xffffffd7]^[0xffffffbe][0xffffffdb]q[0xffffffdd][0xffffffd4]>[0xffffff84]Z[0x7][0xffffffb4][0xffffffbf][0xfffffff6][0xfffffff1]>[0xffffffb0]k[0xfffffff9]}[0x8][0xffffff9f][0xffffffef][0xffffffc0][0xffffffb8][0xffffff96][0xffffffda][0xffffff87][0xfffffff0][0xfffffffd][0xffffffc9][0x1e][0xffffffae][0xfffffff5][0xffffffd8][0xffffff87][0xffffffa0][0xffffff81]d\[0xffffffcb][0xffffffef]C[0xffffff88]pf[0xffffffbb][0xfffffff6][0xfffffff2]>[0xffffff84][0xffffffb7]?[0xffffff8d][0xffffffdf][0x10]X[0xffffffd7][0xffffffd2][0xffffffdf][0x10][0xffffff8a][0xffffffc1]7[0xffffff84][0x12][0xfffffffe][0xffffffc3]Z.[0xffffffce][0xffffffd4]7[0xffffff84][0xffffffe2][0xfffffff4][\r]![0xffffffa2]H[0xffffffb9][0xffffffd6][0xffffffe5][0x1b]B[0xffffffc4][0xffffff92]p-[0xfffffffb][\r]aG[0xfffffff4][0x5][0xffffffd7]V[0xffffffe5][0xffffffda][0xffffffbe][0xffffffa0]=_[0xffffff8f][0xfffffff7][0xffffff81]][[\r]\[[0x3][0xffffffd4][0xffffff99]8W[0xffffffcc][0xffffffb5][0xffffffd5][0xffffffc9][0xffffffb5][0x11]E[0xffffffc6][0xffffffb5][\n]"
[DEBUG] http-outgoing-1 << "H[0xffffffc6][0xffffffb5][0x11][0xffffffcb]|[0xffffffd7][0xffffffee]pf[0xffffffbb]vG[0xfffffff4][0x5][0xffffffd7][0xffffffaa][0xffffffdd]3[0x15][0xfffffffc]m[0xffffff8c][0xffffffde]=[0xfffffff3][0xfffffffe][0x6][0xffffffb4]k[0xffffffc9][0xffffffdd]3[0xffffffef]Og\k[0xffffffb4]{F[0xffffffa1][0xffffffc8][0xffffffb8][0xffffffd6]e[0xfffffff7][0xffffff8c][0xffffffc2]2[0xffffffdf][0xffffffb5][0xffffffec][0xffffffee][0xffffff99][0xffffff88][0xffffffe8][0xb][0xffffffae]U[0xffffffbb]g[0xffffffea]\[0xffffffd8]7[0x4]z[0xfffffff7][0xffffffcc][0xfffffffb][0x1b][0xffffffd0][0xffffffae]%w[0xffffffcf][0xffffffbc]?[0xffffff9d]q[0xffffffad][0xffffffd1][0xffffffee][0x19][0xffffff85]"[0xffffffe3]Z[0xffffff97][0xffffffdd]3[\n]"
[DEBUG] http-outgoing-1 << "[0xffffffcb]|[0xffffffd7][0xffffffb2][0xffffffbb]g"[0xffffffa2]/[0xffffffb8]V[0xffffffed][0xffffff9e][0xffffffa9][0xffffffab]A3[0xffffffba][0xffffff8f][0xfffffff7][0xffffff81]][0xffffffcb][0xffffffef][0xffffff9e][0xfffffff9]|[0x7][0xffffffc6][0xffffffb5][0xffffffd4][0xffffffee][0xffffff99][0xffffffef]O[0xfffffff6]p[0xffffffad][0xffffffc7][0xffffffee][0x19][\r]$[0xffffffe3]Z~[0xfffffff7]L[0xffffff84]3[0xffffffdb][0xffffffb5][0xffffff97]w[0xffffffcf][0xffffffac][0xffffffdb][0x10][0xffffffae]m[0xffffffb7][0x1b]4[0xffffffa3][0xfffffffb]x[0x1f][0xffffffd8][0xffffffb5][0xffffffc3][0xffffffc0][0xffffffb5]#@[0xffffff9d][0xffffff89][0xfffffff3][0xffffffc0]\;[0xffffff9c]\[0x1b]Qd\[0xffffffab][0xffffff80]d\[0x1b][0xffffffb1][0xffffffcc]w[0xffffffed][0xe]g[0xffffffb6]kwD_p[0xffffffad][0xffffffda][0xffffff87][0xffffffd0][0xffffff8e][0xffffffd2]([0xffffffd7][0xffffffd2][0xfffffffb][0x10][0xffffffde][0xffffffdf][0xffffff80]v-[0xffffffb9][0xf][0xffffffe1][0xfffffffd][0xffffffe9][0xffffff8c]k[0xffffff8d][0xfffffff6]!([0x14][0x19][0xffffffd7][0xffffffba][0xffffffec]CPX[0xffffffe6][0xffffffbb][0xffffff96][0xffffffdd][0xffffff87][0x10][0x11][0xfffffffd][0xffffffed][0xffffffae]=[0xffffffd4][0xffffff8c]n[0x1b][0xffffffd4][0xfffffffe][0xffffffda][0xffffffc7][0xfffffffb][0xffffffb0][0xffffffae]=[0xc]ft[0xffffff8f]8[0xc][0xffffff99][0xffffff88][0xfffffff3][0xffffff81][0xffffffcd][0xffffffe8][0x1e][0xfffffffb][0x0]$[0xffffffe9]Z[0xffffff81]"[0xffffffe2]Z[0x9]$[0xffffffe2]Z[0xffffff81]e[0xffffffba]k[0x3][0xffffff9c][0xffffffc9][0xffffffae][\r][0xffffff88][0xffffffbe][0xffffffe0]Z57v[0xffffffde][0x6]u[0xe][0xffffffe1][0xffffffc0][0xffffffe7][0xffffffc6][0xe][0xffffff83][0xffffffb9][0xffffffb1]#[0xe][0xffffffe8]d[0xffffffe2][0xffffff8c][0xffffffcd][0xffffff8d][0x1d][0xfffffffb]P[0xe][0xffffffea]Z[0xffffff93][0xffffffb9]1[0x9]$[0xffffffe3]Z[0xffffff83][0xffffffb9][0xffffffb1][0x0]g[0xffffffb6]k[0xffffffaf][0xffffffcf][0xffffff8d][0xffffffdd][0xffffffff]4[0xffffff9e][0xffffffaf]e][0xb][0xffffff9f][0xffffffaf]}[0xffffffbc][0x1][0xffffffef]Z[0xfffffff0]|[0xffffffed][0xffffffe3][0xffffffe9][0xffffff94]k}[0xffffffce][0xffffffd7][\n]"
[DEBUG] http-outgoing-1 << "[0x14])[0xffffffd7][0xffffff9a][0xffffff9c][0xffffffaf][0x15]X[0x12][0xffffffae]E[0xffffffcf][0xffffffd7][0x6]D_p[0xffffffad][0xffffff9a][0xffffffd1]=k[0xffffffa7]f[0x19][0xe]|F[0xfffffff7]0[0xffffff98][0xffffffd1]=[0xffffffe2]0d&[0xffffffce][0xffffffd8][0xffffff8c][0xffffffee][0xffffffb1][0xf]@[0xffffffa2][0xffffffae]5[0xffffff99][0xffffffd1][0xffffff95]@2[0xffffffae]5[0xffffff98][0xffffffd1][\r]pf[0xffffffbb][0xfffffff6][0xfffffffa][0xffffff8c][0xffffffee][0xffffffa1]f[0x19][0xffffffce]5[0xffffffa8]s[0x8][0x7]>[0xffffffcb]p[0x18][0xffffffcc]2[0x1c][0xfffffff1][0xffffffd0]x&[0xffffffce][0xffffffd8],[0xffffffc3][0xffffffb1][0x1f][0x14]G]k2[0xffffffcb] [0xffffff81]d\k0[0xffffffcb][0x10][0xffffffe0][0xffffffcc]v[0xffffffed][0xfffffff5]Y[0xffffff86]C[0xffffffcd]2[0xfffffff4]J[0xffffffdd]Y[0xfffffffe]x[0x1f][0xffffffd8][0xffffffb5][0x6][0xffffffb3][0xc]G<4[0xffffff9e][0xffffff89]36[0xffffffcb]p[0xffffffec][0x7][0xffffffc5]Q[0xffffffd7][0xffffff9a][0xffffffcc]2H [0x19][0xffffffd7][0x1a][0xffffffcc]2[0x4]8[0xffffffb3]]{}[0xffffff96][0xffffffe1]P[0xffffffb3][0xc][0xfffffffd],[0xffffff9d]r->[0xffffffcb]p[0x18][0xffffffcc]2[0x1c][0xfffffff1][0xffffffd0]x&[0xffffffce][0xffffffd8],[0xffffffc3][0xffffffb1][0x1f][0x14]G]k2[0xffffffcb] [0xffffff81]d\k0[0xffffffcb][0x10][0xffffffe0][0xffffffcc]v[0xffffffed][0xfffffff5]Y[0xffffff86][0xffffffb7][0xffffffff]#[0xffffffba]vt[0xffffffac]k[0x7][0xffffffee][0xffffffda]a[0xffffffe0][0xffffffda][0x11][0xffffffa0][0xffffffce][0xffffffc4]y`[0xffffffae][0x1d]N[0xffffffae][0xffffff8d](2[0xffffffae]U@2[0xffffffae][0xffffff8d]X[0xffffffe6][0xffffffbb]v[0xffffff87]3[0xffffffdb][0xffffffb5];[0xffffffa2]/[0xffffffb8]V[0xffffffcd]2[0xfffffff4][0xffffff85][0xffffffed][0xffffff9e]9[0xfffffff0]Y[0xffffff86][0xffffffc3]`[0xffffff96][0xffffffe1][0xffffff88][0xffffff87][0xffffffc6]3q[0xffffffc6]f[0x19][0xffffff8e][0xfffffffd][0xffffffa0]8[0xffffffea]Z[0xffffff93]Y[0x6][0x9]$[0xffffffe3]Z[0xffffff83]Y[0xffffff86][0x0]g[0xffffffb6]k[0xffffffaf][0xffffffcf]2[0x14]5[0xffffffcb]0n[0xffffff85][0xfffffffa]m[0xffffffac][0xffffffe0][0xffffffb3][0xc][0xffffffc5]`[0xffffff96][0xffffffa1][0xffffffc4]C[0xffffffe3][0xffffff89]8[0x17]l[0xffffff96][0xffffffa1][0xffffffec][0x7][0xffffffc5]I[0xffffffd7][\n]"
[DEBUG] http-outgoing-1 << "[0x14][0x11][0xffffffd7]J [0x11][0xffffffd7][\n]"
[DEBUG] http-outgoing-1 << ",[0xffffffd3]][0x1b][0xffffffe0]Lvm@[0xfffffff4][0x5][0xffffffd7][0xffffffaa]3_[0xffffffe3]8[0xffffffa9][0xffffffdd]3[0x5]?[0xfffffff3]U[0xc][0xffffffce]|[0xffffff95]x[0xffffffb8]&[0x13]g[0xffffffec][0xffffffcc]W[0xffffffd9][0xf][0xffffffd4][0xffffffa0][0xffffffae]59[0xfffffff3]%[0xffffff81]d"
[DEBUG] http-outgoing-1 << "\kp[0xffffffe6]+[0xffffffc0][0xffffff99][0xffffffed][0xffffffda][0xffffffeb]g[0xffffffbe][0xffffff8a][0xffffffba][0xffffff97][0xffffff81]u-<[0xffffffcb]P[0xc][0xffffffee]e(q[0x1]~.[0xffffffce][0xffffffd0],C[0xffffffd9][0xffffff97][0xffffffde][0xffffffc3][0xffffffae][0xffffffb5][0xffffff98]e[0xffffff90]@R[0xffffffae][0xffffffc5]g[0x19][0x2][0xffffff9c][0xfffffff9][0xffffffae][0xffffffbd]:[0xffffffcb]P[0xffffffaa][0xffffffea][0xffffffda]vR[0xffffffb3][0xc]o[0xffffffef][0x3][0xffffffbb][0xffffffb6][0x1a]tm[\r][0x1][0xffffff91][0xffffff89]s[0xffffffc5][0xffffffba][0xffffffb6]:umD[0xffffff91]q[0xffffffad][0x2][0xffffff92]qm[0xffffffc4]2[0xffffffdf][0xffffffb5];[0xffffff9c][0xffffffd9][0xffffffae][0xffffffdd][0x11]}[0xffffffc1][0xffffffb5]Mum[0xffffff9f]X[0xffffffd7]6[0xffffffbc]k[0xffffff9b]A[0xffffffd7][0xffffffb6][0x10][0x10][0xffffff99]87[0xffffffac]k[0xffffff9b]S[0xffffffd7]F[0x14][0x19][0xffffffd7]* [0x19][0xffffffd7]F,[0xfffffff3]][0xffffffbb][0xffffffc3][0xffffff99][0xffffffed][0xffffffda][0x1d][0xffffffd1][0x17]\[0xffffffab]f[0x19][0xffffffe6][0xffffffad][0xffffff9f][0xffffff94]k[0xfffffff1]Y[0xffffff86]b0[0xffffffcb]P[0xffffffe2][0xffffffa1][0xfffffff1]L[0xffffff9c][0xffffffb1]Y[0xffffff86][0xffffffb2][0x1f][0x14]G]k2[0xffffffcb] [0xffffff81]d\k0[0xffffffcb][0x10][0xffffffe0][0xffffffcc]v[0xffffffed][0xfffffff5]Y[0xffffff86][0xffffffa2]f[0x19]fm[0xffffff8b]r->[0xffffffcb]P[0xc]f[0x19]J<4[0xffffff9e][0xffffff89]36[0xffffffcb]P[0xfffffff6][0xffffff83][0xffffffe2][0xffffffa8]kMf[0x19]$[0xffffff90][0xffffff8c]k[\r]f[0x19][0x2][0xffffff9c][0xffffffd9][0xffffffae][0xffffffbd]>[0xffffffcb]P[0xffffff86]rm/[0xffffff98]k[0x7][0xffffffee][0xffffffda]a[0xffffffe0][0xffffffda][0x11][0xffffffa0][0xffffffce][0xffffffc4]y`[0xffffffae][0x1d]N[0xffffffae][0xffffff8d](2[0xffffffae]U@2[0xffffffae][0xffffff8d]X[0xffffffe6][0xffffffbb]v[0xffffff87]3[0xffffffdb][0xffffffb5];[0xffffffa2]/[0xffffffb8]V[0xffffffcd]2L[0xffffffee][0xffffffbe][0xffffffb1][0xffffff82][0xffffffcf]2[0x14][0xffffff83]Y[0xffffff86][0x12][0xf][0xffffff8d]g[0xffffffe2][0xffffff8c][0xffffffcd]2[0xffffff94][0xfffffffd][0xffffffa0]8[0xffffffea]Z[0xffffff93]Y[0x6][0x9]$[0xffffffe3]Z[0xffffff83]Y[0xffffff86][0x0]g[0xffffffb6]k[0x7f]b[0xffffff96]a[0x9][0xffffffd7][0xffffffae]rR[0xfffffffb][0x10][0xffffffde][0xffffffde][0x7]v[0xffffffed]2p[0xffffffed][\n]"
[DEBUG] http-outgoing-1 << "Pg[0xffffffe2][0xffffffbc]0[0xffffffd7].'[0xffffffd7]F[0x14][0x19][0xffffffd7]* [0x19][0xffffffd7]F,[0xfffffff3]][0xffffffbb][0xffffffc3][0xffffff99][0xffffffed][0xffffffda][0x1d][0xffffffd1][0xffffffdf][0xffffffee][0xffffffda][0xffffffaa][0xffffffe6][0xffffffc6]V[0xffffff9b][\r]rm[0xffffffc5][0xffffffe7][0xffffffc6][0xffffffaa][0xffffffc1][0xffffffdc]X[0xffffff8d][0x3]:[0xffffff89]8Wln[0xffffffac][0xffffffee]C9[0xffffffa4]k[0x5][0xffffff8a][0xffffff88]k%[0xffffff90][0xffffff88]k[0x5][0xffffff96][0xffffffe9][0xffffffae][\r]p&[0xffffffbb]6 [0xfffffffa][0xffffff82]k[0xffffffd5][0x1d]8k`[0xffffffdf][0x10]*~[0x7]N5[0xffffffb8][0x3][0xffffffa7][0xffffffc6][0xffffffcb]F2q[0xffffffc6][0xffffffee][0xffffffc0][0xffffffa9][0xfffffffb][0x5]#[0xffffffa8]kM[0xffffffee][0xffffffc0][0xffffff91]@2[0xffffffae]5[0xffffffb8][0x3]'[0xffffffc0][0xffffff99][0xffffffed][0xffffffda][0xffffffeb]w[0xffffffe0]T1[0xffffffa3];o[0xffffffb7]rP[0xffffffae][0xffffffc5]gt[0xffffffab][0xffffffc1][0xffffff8c]n[0xffffff8d][0xffffffc3][0xffffff90][0xffffff99]8c3[0xffffffba]u[0x1f][0xffffff80]D]k2[0xffffffa3]+[0xffffff81]d\k0[0xffffffa3][0x1b][0xffffffe0][0xffffffcc]v[0xffffffed][0xfffffff5][0x19][0xffffffdd]*[0xffffffe6][0xffffffc6][0xffffffee][0xffffffae][0xffffffe5][0xffffffba][0x16][0xffffff9f][0x1b][0xffffffab][0x6]sc5[0xe][0xffffffe8]d[0xffffffe2][0xffffff8c][0xffffffcd][0xffffff8d][0xffffffd5]}([0x7]u[0xffffffad][0xffffffc9][0xffffffdc][0xffffff98][0x4][0xffffff92]q[0xffffffad][0xffffffc1][0xffffffdc]X[0xffffff80]3[0xffffffdb][0xffffffb5][0xffffffd7][0xffffffe7][0xffffffc6][0xffffffaa][0xffffffb8][0x3][0xffffffe7][0xffffffee][0xffffffda]I[0xffffffed][0xfffffff9][0xffffffaa][0xfffffff8][0x1d]8[0xffffffd5][0xffffffe0][0xe][0xffffff9c][0x1a]/[0x1b][0xffffffc9][0xffffffc4][0x19][0xffffffbb][0x3][0xffffffa7][0xffffffee][0x17][0xffffff8c][0xffffffa0][0xffffffae]5[0xffffffb9][0x3]G[0x2][0xffffffc9][0xffffffb8][0xffffffd6][0xffffffe0][0xe][0xffffff9c][0x0]g[0xffffffb6]k[0xffffffaf][0xffffffdf][0xffffff81]S[0xffffffc5][0xffffffdc][0xffffffd8][0xffffffbc][0xffffff95][0x1b]u[0xe][0xffffffa1][0xffffffe2]sc[0xffffffd5]`n[0xffffffac][0xffffffc6][0x1][0xffffff9d]L[0xffffff9c][0xffffffb1][0xffffffb9][0xffffffb1][0xffffffba][0xf][0xffffffe5][0xffffffa0][0xffffffae]5[0xffffff99][0x1b][0xffffff93]@2[0xffffffae]5[0xffffff98][0x1b][0xb]pf[0xffffffbb][0xfffffff6][0xfffffffa][0xffffffdc]X[0x15]sc[0xfffffff3]vV[0xffffffac]k[0xfffffff1][0xffffffb9][0xffffffb1]j07V[0xffffffe3][0xffffff80]N&[0xffffffce][0xffffffd8][0xffffffdc]X[0xffffffdd][0xffffff87]rP[0xffffffd7][0xffffff9a][0xffffffcc][0xffffff8d]I [0x19][0xffffffd7][0x1a][0xffffffcc][0xffffff8d][0x5]8[0xffffffb3]]{}n[0xffffffac][0xe][0xffffffe5][0xffffffda]y`[0xffffffbf][0xffffff8d][\r][0xffffffdc][0xffffffb5][0xffffffc3][0xffffffc0][0xffffffb5]#@[0xffffff9d][0xffffff89][0xfffffff3][0xffffffc0]\;[0xffffff9c]\[0x1b]Qd\[0xffffffab][0xffffff80]d\[0x1b][0xffffffb1][0xffffffcc]w[0xffffffed][0xe]g[0xffffffb6]kwD_p[0xffffffad][0xffffff98][0x1b][0xffffff9b]G[0xffffffb9]Q[0xffffffbb]g*>7V[\r][0xffffffe6][0xffffffc6]j[0x1c][0xffffffd0][0xffffffc9][0xffffffc4][0x19][0xffffff9b][0x1b][0xffffffab][0xfffffffb]P[0xe][0xffffffea]Z[0xffffff93][0xffffffb9]1[0x9]$[0xffffffe3]Z[0xffffff83][0xffffffb9][0xffffffb1][0x0]g[0xffffffb6]k[0xffffffaf][0xffffffcf][0xffffff8d][0xffffffdd][0xffffffff][0xffffffb4][0xffffff98][0xffffffb9][0x16][0xffffffde][0xffffffa9][0xfffffff8]x[0x3][0xffffffde][0xffffffb5][0xffffffe0]N[0xffffffc5][0xffffffc7][0xffffffd3])[0xffffffd7][0xfffffffa][0xffffffec]T[0x14](R[0xffffffae]5[0xffffffd9][0xffffffa9]([0xffffffb0]$\[0xffffff8b][0xffffffee]T[0xc][0xffffff88][0xffffffbe][0xffffffe4][0xffffffda]f[0xffffffe6][0xffffffda][0xffffff86][0xffffffbb][0xffffffb6][0x19][0xffffffb8][0xffffffb6][0xffffffa1][0xffffffae]m[0xffffff98]k[0xffffff9b][0xffffff93]kw[0x14])[0xffffffd7]F )[0xffffffd7][0xffffffee]X[0x12][0xffffffae]m[0xffffffb0]k[0xffffffdb]u[0xffffffd7]>[0xffffffbe][0xffffffcd]:[0xffffffc9][0xfffffff6]8p[0xffffffdb][0xffffffde]_[0xffffff81][0xffffffd7][0xffffffed][0xffffffc7]KP[0xffffffbe][0xffffffbd]?[0xffffff9e][0x12][0xffffffee][0xfffffffb][0xffffffa3]][0xffffff8c][0x1b]x[0xffffffa4][0xffffff94]+[0xffffffa8][0xffffffa4][0xffffff9c][0x1b][0xffffffd8]$[0xffffffa4][0xffffffbb][0x11][0xffffff9a]o[0xffffffdd][0xffffff8d][0xffffffd3][0xffffff97][0xffffffb4][[0xffffffec][0xffffffbe]'[0x18]|P[0xffffffb0][0xfffffff8][0xffffffa2][0x0][0x7f]R[0x0][0xffffffbf])x}T[0xffffffb0][0xfffffff9][0xffffffaa]`[0xfffffff4]Y[0xffffffc1][0xffffffe2][0xffffffbb][0x2][0xfffffffe]a[0xffffffe1]'[0xffffffbe],[0xffffffd4][0xffffffd3]L[0xffffffbb][0xfffffff5][0xffffffc4][0xffffffb5]{[0x7f][0x5]^[0xffffffbb][0x1f]/Ai[0xfffffff7][0xfffffffe]xJ[0xffffffbb][0xffffffef][0xffffff8f]v[0xffffffd1]n[0xffffffe0][0xffffff91][0xffffffd2][0xffffffae][0xffffffa0][0xffffff92][0xffffffd2]n`[0xffffff93][0xffffffd0][0xffffffee]Fh[0xffffffbe]v7N_[0xffffffd2]n[0xffffff9b]f[0xffffffda]m[0x13][0xffffffd7][0xffffffee][0xfffffffd][0x15]x[0xffffffed]~[0xffffffbc][0x4][0xffffffa5][0xffffffdd][0xfffffffb][0xffffffe3])[0xffffffed][0xffffffbe]?[0xffffffda]E[0xffffffbb][0xffffff81]GJ[0xffffffbb][0xffffff82]JJ[0xffffffbb][0xffffff81]MB[0xffffffbb][0x1b][0xffffffa1][0xfffffff9][0xffffffda][0xffffffdd]8}I[0xffffffbb][0xffffffdd][0xffffffed]#C[0xffffffe7]?2t[0xffffff87][0xffffff8f][0xc][0xffffff9d][0xfffffffd][0xffffffc8][0xffffffd0][0xffffffb9][0xffffff8f][0xc][0xffffffdd][0xffffffea]#C[0xffffffe0][0xffffff91][0xffffffd2][0xffffffae][0xffffffa0][0xffffff92][0xffffffd2]n`[0xffffff93][0xffffffd0]n[0xffffffa7]?2[0xfffffff4][0xffffff9f][0xfffffff8][0xffffffc8]0[0xffffffdd]jw[0xfffffff2][0xffffffb5];[0x1d]jw[0xffffffb2][0xffffffb5];[0xffffffb9][0xffffffda][0xffffff9d]V[0xffffffb5][0x1b]x[0xffffffa4][0xffffffb4]+[0xffffffa8][0xffffffa4][0xffffffb4][0x1b][0xffffffd8]$[0xffffffb4];[0xffffffe9][0xffffffda][0xffffff9d]?Q[0xffffffbb][0xffffffcb][0xffffffad]v[0x17]_[0xffffffbb][0xffffffcb][0xffffffa1]v[0x17][[0xffffffbb][0xffffff8b][0xffffffab][0xffffffdd]eU[0xffffffbb][0xffffff81]GJ[0xffffffbb][0xffffff82]JJ[0xffffffbb][0xffffff81]MB[0xffffffbb][0xffffff8b][0xffffffae][0xffffffdd][0xfffffff5][0x13][0xffffffb5]{<n[0xffffffe0]u[0xfffffff2][0xffffffee][0xfffffffd][0xffffff8d]p[0xfffffff1][0xffffffbe][0xffffffbd][0x3]o[0xffffffde]ooA[0xffffffa9][0xfffffff7][0xffffffed][0xfffffff9][0xffffff94]{?[0xffffff9e][0xffffffed]"[0xffffffdf][0x8]%e_[0xffffff85]&[0xffffffa5][0xffffffdf][0x8]([0xffffffe1][0xffffffdf][0x1d][0xffffffd3]|[0x1][0xffffffef][0xffffffb0][0xfffffffe][0x16][0x3][0xffffffcf][0xfffffff7]?[0x16]W[0xffffff9a][0xffffffcd][0xffffffa3][0xffffffaf][0xfffffffc][0xffffffab]z?[0xffffffdf][0xffffff87][0xffffffb2][0xffffffef][0xffffff97]7[0xffffffc0][0xffffffdc][0xffffffbb][0xffffffbd]C[0xffffffb2]y[0xffffffbf]<=[0xffffffd9][0xffffffbb][0xffffffbf]~2l[0xffffffdd][0xffffffa7](&;[0xfffffff7][0x7]@&[0x1b][0xfffffff7])[0xffffff96][0xffffff89][0xffffffbe]}[0x2]g[0xffffff9a]m[0xffffff9f] [0xfffffffa][0xffffffdb]][0xffffffdb][0xffffffc4][0xffffff95]f[0xfffffff3]X+[0x7f][0xffffff95][0xffffffd8][0xffffffe7][0xfffffffb][0xffffffb0][0xffffffae]m[0xffffffe8][0xffffff95]f[0xffffffdb]; [0xffffffae]m[0xffffffc0][0xffffff95]f[0xffffffbf]~[0xffffffb2][0xffffff85]k[0x5][0xffffff8a][0xffffff88]k%[0xffffff90][0xffffff88]k[0x5][0xffffff96][0xffffffe9][0xffffffae][\r]p&[0xffffffbb]6 [0xfffffffa][0xffffff82]k[0xffffffc5][0xffffff95]f[0xffffffb3][0xffffffd4][0xffffff86][0xffffffb9][0x16][0xffffffbc][0xffffffd2][0xffffffec][0xffffffcb][0x1b][0xffffffd0][0xffffffae][0xffffff85][0xffffffae]4[0xfffffffb][0xfffffff2]t[0xffffffc6][0xffffffb5][0x1e]W[0xffffff9a]=E[0xffffff91]q[0xffffffad][0xffffffc1][0xffffff95]fO[0xffffffb1][0xffffffcc]w-v[0xffffffa5][0xffffffd9][0x13]D_p[0xffffffad][0xffffffba][0xffffffd2][0xffffffac]"
[DEBUG] http-outgoing-1 << "[0xffffff9c][0xffffffc0][0xffffffda][0xffffffc6][0xffffffcf][0xfffffff7][0xffffff81]][0xffffff8b]^i[0xffffffb6][0xffffffbd][0x3][0xffffffe3]Z[0xffffffe0]J[0xffffffb3]_?[0xffffffd9][0xffffffc3][0xffffffb5][0xfffffff8][0xffffff95]f?[0x0][0xffffff92]q-z[0xffffffa5][0xffffffd9][0x13]8[0xffffffb3]]{[0xffffffe5]J[0xffffffb3][0xffffff8f]?UW[0xffffff9a][0xffffff95][0xffffffb1]*[0xffffffe5]Z[0xfffffff0]J[0xffffffb3]/o@[0xffffffbb][0x16][0xffffffba][0xffffffd2][0xffffffec][0xffffffcb][0xffffffd3][0x19][0xffffffd7]z\i[0xfffffff6][0x14]E[0xffffffc6][0xffffffb5][0x6]W[0xffffff9a]=[0xffffffc5]2[0xffffffdf][0xffffffb5][0xffffffd8][0xffffff95]fO[0x10][0xfffffffd][0xffffffed][0xffffffae]=[0xffffffd5][0xfffffff7][0xffffffda]z[0xffffffb6][0xfffffffc]kv>[0xffffffdf][0xffffff87]u[0xffffffed]i[0xfffffff0][0xffffffbd][0xfffffff6][0xffffff8c][0x1f][0xffffffc6][0x12]q>[0xffffffb1][0xffffffef][0xffffffb5][0xffffffe7][0xfffffffe]1[0xffffff8c]t[0xffffffad]@[0x11]q[0xffffffad][0x4][0x12]q[0xffffffad][0xffffffc0]2[0xffffffdd][0xffffffb5][0x1][0xffffffce]d[0xffffffd7][0x6]D_p[0xffffffad][0xfffffffa]^[G[0xffffffa7][0xffffffba][0xfffffff6][0xffffffc4][0xffffffbf][0xffffffd7][0xffffff9e][0x6][0xffffffdf]k[0xffffffcf][0xfffffff8]a,[0x13]g[0xffffffec]{[0xffffffed][0xffffffb9][0x7f][0xc]C]k[0xfffffff2][0xffffffbd]V[0x2][0xffffffc9][0xffffffb8][0xffffffd6][0xffffffe0]{m[0xffffff80]3[0xffffffdb][0xffffffb5][0xffffffd7][0xffffffbf][0xffffffd7][0xffffff9e]E[0xffffffac]#o[0xffffffb7][0xffffff99][0x7f][0xffffffe6][0xfffffff6][0xfffffff3]}`[0xffffffd7][0x16]r[0x1d][0xfffffff9][0xfffffff6][0xe][0xffffff8c]kK[0xfffffffe]:[0xfffffff2]_?[0xffffffd9][0xffffffc3][0xffffffb5][0x11]E[0xffffffc6][0xffffffb5][\n]"
[DEBUG] http-outgoing-1 << "H[0xffffffc6][0xffffffb5][0x11][0xffffffcb]|[0xffffffd7][0xffffffee]pf[0xffffffbb]vG[0xfffffff4][0x5][0xffffffd7][0xffffffaa][0xffffffef][0xffffffb5][0xffffffad],[0xffffffec][0x1b][0x2][0xfffffffe][0xffffffbd][0xfffffff6]4[0xfffffff8]^{[0xffffffc6][0xf]c[0xffffff99]8c[0xffffffdf]k[0xffffffcf][0xfffffffd]c[0x18][0xffffffea]Z[0xffffff93][0xffffffef][0xffffffb5][0x12]H[0xffffffc6][0xffffffb5][0x6][0xffffffdf]k[0x3][0xffffff9c][0xffffffd9][0xffffffae][0xfffffffd][0xffffff89][0xffffffef][0xffffffb5]M[0xffffffb9][0xffffffb6][0xffffffdf][0xffffffb0]o[0x8][\r]wm3pm[0xb]Pg[0xffffffe2][0xffffffdc]0[0xffffffd7]6'[0xffffffd7]F[0x14][0x19][0xffffffd7]* [0x19][0xffffffd7]F,[0xfffffff3]][0xffffffbb][0xffffffc3][0xffffff99][0xffffffed][0xffffffda][0x1d][0xffffffd1][0x17]\{*[0xffffffd7]N[0xffffffee]{[0xffffffed][0xffffff89][0xffffffbb][0xfffffff6]4p[0xffffffed][0x19][0xffffffa0][0xffffffce][0xffffffc4][0xfffffff9][0xffffffc4]\{:[0xffffffb9]6[0xffffffa2][0xffffffc8][0xffffffb8]V[0x1][0xffffffc9][0xffffffb8]6b[0xffffff99][0xffffffef][0xffffffda][0x1d][0xffffffce]l[0xffffffd7][0xffffffee][0xffffff88][0xffffffbe][0xffffffe0][0xffffffda].[0xffffffae]4;[0xffffff8f][0x3][0xfffffffb]^[0xffffffdb][0xffffffb9]+[0xffffffcd][0xffffffbe][0xffffffbc][0x1][0xffffffed][0xffffffda][0x1e][0xffffffee][0xffffff8e][0xffffffca][0xffffffc4][0xffffffb9][0xffffffe7]_i[0xfffffff6][0xffffffeb]'{[0xffffffb8]6[0xffffffa2][0xffffffc8][0xffffffb8]V[0x1][0xffffffc9][0xffffffb8]6b[0xffffff99][0xffffffef][0xffffffda][0x1d][0xffffffce]l[0xffffffd7][0xffffffee][0xffffff88][0xffffffbe][0xffffffe0][0xffffffda]![0xffffffba][0xfffffff6]l[0xffffffb7]A[0xffffffb9]v[0xffffffe0]];[0xc][0xffffffba]v[0xffffff84][0xffffff80][0xffffffc8][0xffffffc4]y`];[0xffffff9c][0xffffffba]6[0xffffffa2][0xffffffc8][0xffffffb8]V[0x1][0xffffffc9][0xffffffb8]6b[0xffffff99][0xffffffef][0xffffffda][0x1d][0xffffffce]l[0xffffffd7][0xffffffee][0xffffff88][0xffffffbe][0xffffffe0][0xffffffda][0xffffffa9]\{[0xffffff96]F[0xffffffb9]v[0xffffffe2][0xffffffae][0xffffff9d][0x6][0xffffffae][0xffffff9d][0x1][0xffffffea]L[0xffffff9c]'[0xffffffe6][0xffffffda][0xffffffe9][0xffffffe4][0xffffffda][0xffffff88]"[0xffffffe3]Z[0x5]$[0xffffffe3][0xffffffda][0xffffff88]e[0xffffffbe]kw8[0xffffffb3]][0xffffffbb]#[0xfffffffa][0xffffff82]k[0xffffffd5][0xffffff9e][0xffffffaf][0xfffffff3]|\[0xfffffff1][0xffffff80][0xffffffb8][0x16][0xffffffdf][0xfffffff3]u[0x1a][0xffffffec][0xfffffff9]:[0xffffffe3]B[0xffffffa5]L[0xffffff9c][0xffffffb1]=_[0xffffffe7][0xffffffbe]D[0x9]u[0xffffffad][0xffffffc9][0xffffff9e]/[0x9]$[0xffffffe3]Z[0xffffff83]=_[0x1][0xffffffce]l[0xffffffd7]^[0xffffffdf][0xfffffff3][0xffffffd5][0xffffffd5][0xffffffdc][0xffffffd8][0xffffffd9][0xffffff8f][0x9][0xffffffb9][0xffffffb6][0xffffffe3]sc[0xffffffdd]`n[0xffffffac][0xffffffc7][0x1][0xffffff9d]D[0xffffff9c];67[0xffffffd6][0xfffffff7][0xffffffa1][0x1c][0xffffffd2][0xffffffb5][0x2]E[0xffffffc4][0xffffffb5][0x12]H[0xffffffc4][0xffffffb5][0x2][0xffffffcb]t[0xffffffd7][0x6]8[0xffffff93]][0x1b][0x10]}[0xffffffc1][0xffffffb5]jn[0xffffffec][0xffffffec]'u[0xe][0xffffffa1][0xffffffe3]sc[0xffffffdd]`n[0xffffffac][0xffffffc7][0x1][0xffffff9d]L[0xffffff9c][0xffffffb1][0xffffffb9][0xffffffb1][0xffffffbe][0xf][0xffffffe5][0xffffffa0][0xffffffae]5[0xffffff99][0x1b][0xffffff93]@2[0xffffffae]5[0xffffff98][0x1b][0xb]pf[0xffffffbb][0xfffffff6][0xfffffffa][0xffffffdc]XW{[0xffffffbe][0xffffffce][0xffffffd1][0xffffffa9]][0xffffffe1][0x1d][0xffffffdf][0xfffffff3][0xffffffd5][\r][0xfffffff6]|[0xfffffff5][0xffffffb8]P)[0x13]gl[0xffffffcf]W[0xffffffdf][0xffffff97]([0xffffffa1][0xffffffae]5[0xffffffd9][0xfffffff3]%[0xffffff81]d\k[0xffffffb0][0xffffffe7]+[0xffffffc0][0xffffff99][0xffffffed][0xffffffda][0xffffffeb]{[0xffffffbe][0xffffffba][0xffffff9a]e[0xffffffe8][0xffffffb5]Ssc[0x1d][0xffffff9f]e[0xffffffe8][0x6][0xffffffb3][0xc]=[0x1e][0x1a][0xffffffcf][0xffffffc4][0x19][0xffffff9b]e[0xffffffe8][0xfffffffb]Aq[0xffffffd4][0xffffffb5]&[0xffffffb3][0xc][0x12]H[0xffffffc6][0xffffffb5][0x6][0xffffffb3][0xc][0x1][0xffffffce]l[0xffffffd7]^[0xffffff9f]e[0xffffffe8]][0xffffffb8]v[0x1c]'[0xffffffb5][0xffffffbf][0xfffffff6][0xffffffed]}`[0xffffffd7]v[0x3][0xffffffd7][0xfffffff6][0x0]u&[0xffffffce][0x1d]smwrmD[0xffffff91]q[0xffffffad][0x2][0xffffff92]qm[0xffffffc4]2[0xffffffdf][0xffffffb5];[0xffffff9c][0xffffffd9][0xffffffae][0xffffffdd][0x11]}[0xffffffc1][0xffffffb5]S[0xffffffb9]v`[0xffffffe7]k[0xffffffdf][0xffffffde][0x7]v[0xffffffed]4p[0xffffffed][0xc]Pg[0xffffffe2]<1[0xffffffd7]N'[0xffffffd7]F[0x14][0x19][0xffffffd7]* [0x19][0xffffffd7]F,[0xfffffff3]][0xffffffbb][0xffffffc3][0xffffff99][0xffffffed][0xffffffda][0x1d][0xffffffd1][0x17]\[0xffffffab][0xffffffce]|[0xffffffcd][[0xffffffc7][0xffffffce]![0xffffffe0]g[0xffffffbe][0xffffffba][0xffffffc1][0xffffff99][0xffffffaf][0x1e][0xf][0xffffffd7]d[0xffffffe2][0xffffff8c][0xffffff9d][0xfffffff9][0xffffffea][0xfffffffb][0xffffff81][0x1a][0xffffffd4][0xffffffb5]&g[0xffffffbe]$[0xffffff90][0xffffff8c]k[\r][0xffffffce]|[0x5]8[0xffffffb3]]{[0xfffffffd][0xffffffcc][0xffffffd7]Pg[0xffffffbe]fi[\r]r[0xffffffed][0xffffffc0][0xffffffcf]|[\r][0xffffff83]3_#[0x1e][0xffffffae]I[0xffffffc4]y`g[0xffffffbe][0xffffffc6]~[0xffffffa0][0xffffff86]t[0xffffffad]@[0x11]q[0xffffffad][0x4][0x12]q[0xffffffad][0xffffffc0]2[0xffffffdd][0xffffffb5][0x1][0xffffffce]d[0xffffffd7][0x6]D_p[0xffffffad]:[0xfffffff3]5[0xffffffcf]F[0xffffffed]C[0x18][0xfffffff8][0xffffff99][0xffffffaf]ap[0xffffffe6]k[0xffffffc4][0xffffffc3]5[0xffffff99]8cg[0xffffffbe][0xffffffc6]~[0xffffffa0][0x6]u[0xffffffad][0xffffffc9][0xffffff99]/[0x9]$[0xffffffe3]Z[0xffffff83]3_[0x1][0xffffffce]l[0xffffffd7]^?[0xfffffff3]5[0xffffffd4][0xffffff99][0xffffffaf][0xffffffd9][0x7]u[0xffffffe6]k[0xffffffe0]g[0xffffffbe][0xffffff86][0xffffffc1][0xffffff99][0xffffffaf][0x11][0xf][0xffffffd7]d[0xffffffe2][0xffffff8c][0xffffff9d][0xfffffff9][0x1a][0xfffffffb][0xffffff81][0x1a][0xffffffd4][0xffffffb5]&g[0xffffffbe]$[0xffffff90][0xffffff8c]k[\r][0xffffffce]|[0x5]8[0xffffffb3]]{[0xfffffffd][0xffffffcc][0xffffffd7]P[0xffffffbb][0xffffffc2][0xffffffe7]([0xffffffd4],[0xffffffc3][0xffffffc0]w[0xffffff85][0xf][0xffffff83]][0xffffffe1]#.e[0xffffffce][0xffffffc4][0x19][0xffffffdb][0x15]>[0xfffffff6]E[0xffffffcc][0xffffffa8]kMv[0xffffff85]K [0x19][0xffffffd7][0x1a][0xffffffec][\n]"
[DEBUG] http-outgoing-1 << "[0xf]pf[0xffffffbb][0xfffffff6][0xfffffffa][0xffffffae][0xfffffff0][0xffffffa1][0xffffffce][0xffffffd7][0xffffffce][0xfffffff1]x;[0xffffffc4][0xffffffb5][0xfffffff8][0xfffffff9][0xffffffda]ap[0xffffffbe]v[0xffffffc4][0xffffff83][0xffffff8c][0xffffff99]8c[0xffffffe7]k[0xffffffc7]~x[0x11]u[0xffffffad][0xffffffc9][0xfffffff9]Z[0x9]$[0xffffffe3]Z[0xffffff83][0xfffffff3][0xffffffb5][0x1][0xffffffce]l[0xffffffd7]^?_;[0xffffffd4][0xffffffae][0xfffffff0]9[0x16][0xfffffff6][\r][0x1][0xffffffdf][0x15]>[0xc]v[0xffffff85][0xffffff8f][0xffffffb8][0xffffff94]9[0x13]glW[0xfffffff8][0xffffffd8][0x17]1[0xffffffa3][0xffffffae]5[0xffffffd9][0x15].[0xffffff81]d\k[0xffffffb0]+<[0xffffffc0][0xffffff99][0xffffffed][0xffffffda][0xffffffeb][0xffffffbb][0xffffffc2][0xffffff87][0xffffff9a]e[0xffffff98][0xffffffeb][0xffffff86][0xfffffffd]6[0xffffff86][0xffffffcf]2[0xc][0xffffff83]Y[0xffffff86][0x11][0xf][0xffffff8d]g[0xffffffe2][0xffffff8c][0xffffffcd]2[0xffffff8c][0xfffffffd][0xffffffa0]8[0xffffffea]Z[0xffffff93]Y[0x6][0x9]$[0xffffffe3]Z[0xffffff83]Y[0xffffff86][0x0]g[0xffffffb6]k[0xffffffaf][0xffffffcf]2[0xc][0xffffffb5]+|[0xffffff95][0xffffff83][0xffffff9a]e[0x18][0xfffffff8][0xffffffae][0xfffffff0]a[0xffffffb0]+|[0xffffffc4][0xffffffa5][0xffffffcc][0xffffff99]8c[0xffffffbb][0xffffffc2][0xffffffc7][0xffffffbe][0xffffff88][0x19]u[0xffffffad][0xffffffc9][0xffffffae]p[0x9]$[0xffffffe3]Z[0xffffff83]][0xffffffe1][0x1][0xffffffce]l[0xffffffd7]^[0xffffffdf][0x15]>[0xffffffa6]rm[0xffffffc3]v*[0xffffffbe][0xffffffbd][0xf][0xffffffec][0xffffffda]i[0xffffffe0][0xffffffda][0x19][0xffffffa0][0xffffffce][0xffffffc4]yb[0xffffffae][0xffffff9d]N[0xffffffae][0xffffff8d](2[0xffffffae]U@2[0xffffffae][0xffffff8d]X[0xffffffe6][0xffffffbb]v[0xffffff87]3[0xffffffdb][0xffffffb5];[0xffffffa2]/[0xffffffb8]V[0xffffffcd][0xffffff8d][0xffffffad]qb][0xffffff8b][0xffffffcf][0xffffff8d][\r][0xffffff83][0xffffffb9][0xffffffb1][0x11][0x7]t2q[0xffffffc6][0xffffffe6][0xffffffc6][0xffffffc6]>[0xffffff94][0xffffff83][0xffffffba][0xffffffd6]dnL[0x2][0xffffffc9][0xffffffb8][0xffffffd6]`n,[0xffffffc0][0xffffff99][0xffffffed][0xffffffda][0xffffffeb]scS[0xffffffcd][0xffffff8d][0xffffffad][0xffffff85][0xfffffffd]6"
[DEBUG] http-outgoing-1 << "6[0xfffffff1][0xffffffb9][0xffffffb1]i076[0xffffffe3][0xffffff80]N"[0xffffffce][0x13][0xffffff9b][0x1b][0xffffff9b][0xfffffffb]P[0xe][0xffffffe9]Z[0xffffff81]"[0xffffffe2]Z[0x9]$[0xffffffe2]Z[0xffffff81]e[0xffffffba]k[0x3][0xffffff9c][0xffffffc9][0xffffffae][\r][0xffffff88][0xffffffbe][0xffffffe0]Z17[0xffffffb6]nu[0x16][0xffffffca][0xffffffb5][0xfffffff8][0xffffffdc][0xffffffd8]4[0xffffff98][0x1b][0xffffff9b]q@'[0x13]glnl[0xffffffee]C9[0xffffffa8]kM[0xffffffe6][0xffffffc6]$[0xffffff90][0xffffff8c]k[\r][0xffffffe6][0xffffffc6][0x2][0xffffff9c][0xffffffd9][0xffffffae][0xffffffbd]>76[0xffffffc5][0xffffffdc][0xffffffd8][0xffffffba][0xfffffff5]F[0xffffffed][0xffffffaf][0xffffff9d][0xfffffff8][0xffffffdc][0xffffffd8]4[0xffffff98][0x1b][0xffffff9b]q@'[0x13]glnl[0xffffffee]C9[0xffffffa8]kM[0xffffffe6][0xffffffc6]$[0xffffff90][0xffffff8c]k[\r][0xffffffe6][0xffffffc6][0x2][0xffffff9c][0xffffffd9][0xffffffae][0xffffffbd]>7[0xffffffb6][0xffffffc4][0xffffffdc][0xffffffd8]*[0xffffffe7]j[0xffffff90]k[0x17]>7[0xffffffb6][0xc][0xffffffe6][0xffffffc6]V[0x1c][0xffffffd0]I[0xffffffc4]yasck[0x1f][0xffffffca]!]+PD\+[0xffffff81]D\+[0xffffffb0]Lwm[0xffffff80]3[0xffffffd9][0xffffffb5][0x1][0xffffffd1][0xffffff97]\[[0xffffffcd]\[q[0xffffffd7]V[0x3][0xffffffd7]V[0xffffffd4][0xffffffb5][0x15]smur[0xffffffed][0xffffff8e]"[0xffffffe5][0xffffffda][0x8]$[0xffffffe5][0xffffffda][0x1d]K[0xffffffc2][0xffffffb5][0x15]vm[0xffffffbd][0xffffffee][0xffffffda][0xffffffc7][0xfffffff9].'[0xffffffd9][0x1e][0x13][0xffffffb7][0xffffffed][0xfffffffd][0x15]x[0xffffffdd]~[0xffffffbc][0x4][0xffffffe5][0xffffffdb][0xfffffffb][0xffffffe3])[0xffffffe1][0xffffffbe]?[0xffffffda][0xffffffc5][0xffffffb8][0xffffff81]GJ[0xffffffb9][0xffffff82]J[0xffffffca][0xffffffb9][0xffffff81]MB[0xffffffba][0x1b][0xffffffa1][0xfffffff9][0xffffffd6][0xffffffdd]8}I[0xffffffbb][0xffffff8f][0xffffffff]Y8i[0xfffffff7][0xfffffffe]?GZ[0xffffffbb][0xfffffff7]W[0xffffffe0][0xffffffb5][0xfffffffb][0xfffffff1][0x12][0xffffff94]v[0xffffffef][0xffffff8f][0xffffffa7][0xffffffb4][0xfffffffb][0xfffffffe]h[0x17][0xffffffed][0x6][0x1e])[0xffffffed][\n]"
[DEBUG] http-outgoing-1 << "*)[0xffffffed][0x6]6[0x9][0xffffffed]n[0xffffff84][0xffffffe6]kw[0xffffffe3][0xfffffff4]%[0xffffffed][0xffffff9e][0xffffffcd]L[0xffffffbb]g[0xffffffc3][0xffffffb5]{[0x7f][0x5]^[0xffffffbb][0x1f]/Ai[0xfffffff7][0xfffffffe]xJ[0xffffffbb][0xffffffef][0xffffff8f]v[0xffffffd1]n[0xffffffe0][0xffffff91][0xffffffd2][0xffffffae][0xffffffa0][0xffffff92][0xffffffd2]n`[0xffffff93][0xffffffd0][0xffffffee]Fh[0xffffffbe]v7N_[0xffffffd2][0xffffffee]p[0xfffffffb][0xfffffff5]l[0xfffffff0]?[0xffffff9f][0xffffffdd]_[0xffffff81][0xffffffd7][0xffffffee][0xffffffc7]KP[0xffffffda][0x1d][0xffffffdc]/h[0xffffffc3][0xffffffea]'[0xffffffb4][0xffffffc0]#[0xffffffa5]]A%[0xffffffa5][0xffffffdd][0xffffffc0]&[0xffffffa1][0xffffffdd]A[0xffffffff][0xffffff8c]6^[0xffffffff][0x1d]m[0xffffffbd][0xffffffff][0xffffffad][0xffffffd8][0xffffff9d][0xffffffb0]*1[0xfffffff7][0xfffffff0][0xfffffff9]>[0xffffff94]t[0xffffffbf][0xffffffbc][0x1][0xffffffe6][0xffffffdc][0xffffffed][0x1d][0xffffff92][0xffffff95][0xfffffffb][0xffffffe5][0xffffffe9][0xffffffc9][0xffffffc6][0xfffffffd][0xfffffff5][0xffffff93]a[0xffffffe1]>E1[0xffffffd9][0xffffffb7]?[0x0]2Y[0xffffffb7]O[0xffffffb1]L[0xffffffb4][0xffffffed][0x13]8[0xffffffd3]d[0xfffffffb][0x4][0xffffffd1][0x17]\+[0xffffffe6]yWk=[0x7f][0xffffffee][0xffffffe1][0xfffffff3]}`[0xffffffd7][0xffffffa2][0xfffffff3][0xffffffbc][0xffffffdb];0[0xffffffae][0x5][0xffffffe6]y[0x7f][0xfffffffd]d[0xf][0xffffffd7][0xffffffe2][0xfffffff3][0xffffffbc]?[0x0][0xffffff92]q-:[0xffffffcf][0xfffffffb][0x4][0xffffffce]l[0xffffffd7][0xffffffee][0xffffff88][0xfffffffe]V[0xffffffd7][0xfffffff6][0xffffffdb]M[0xffffffcc][0xfffffff3][0xffffffae]v[0xffffff96][0xfffffffc][0xffffffdd][0x9][0xffffff9f][0xffffffef]C[0xffffffba][0xfffffff6][0xffffffe3][\r]P[0xffffffd7]~y[0x7][0xffffffc0][0xffffffb5][0x1f]O[0x7]\[0xfffffffb][0xfffffff9]d[0x3][0xffffffd7]J[0x14][0x1][0xffffffd7]>[0x1][0x12]p[0xffffffad][0xffffffc4]2[0xffffffd9][0xffffffb5][0x2][0xffffffce]T[0xffffffd7][\n]"
[DEBUG] http-outgoing-1 << "D_p[0xffffffad][0xffffff9a][0xffffffe7]m[0xffffffe7][0xffffffe3]s.[0xffffffe2]Zp[0xffffff9e][0xfffffff7][0xffffffcb][0x1b][0xffffffd0][0xffffffae][0xffffff85][0xffffffe6]y[0xffffffbf]<[0xffffff9d]q[0xffffffad][0xffffffc7]<[0xffffffef]S[0x14][0x19][0xffffffd7][0x1a][0xffffffcc][0xfffffff3]>[0xffffffc5]2[0xffffffdf][0xffffffb5][0xffffffd8]<[0xffffffef][0x13]D_p[0xffffffad][0xffffff9a][0xffffffe7]m[0xffffff9d][0xffffffeb]Zp[0xffffff9e][0xfffffff7][0xffffffcb][0x1b][0xffffffd0][0xffffffae][0xffffff85][0xffffffe6]y[0xffffffbf]<[0xffffff9d]q[0xffffffad][0xffffffc7]<[0xffffffef]S[0x14][0x19][0xffffffd7][0x1a][0xffffffcc][0xfffffff3]>[0xffffffc5]2[0xffffffdf][0xffffffb5][0xffffffd8]<[0xffffffef][0x13]D_p[0xffffffad][0xffffff9a][0xffffffe7]m[0xffffffe3][0xffffffcc][0xffffffbf][0xffffffc3][0xffffffe1][0xfffffff3]}`[0xffffffd7][0xffffffa2][0xfffffff3][0xffffffbc][0xffffffdb];0[0xffffffae][0x5][0xffffffe6]y[0x7f][0xfffffffd]d[0xf][0xffffffd7][0xffffffe2][0xfffffff3][0xffffffbc]?[0x0][0xffffff92]q-:[0xffffffcf][0xfffffffb][0x4][0xffffffce]l[0xffffffd7]^[0xffffff99][0xffffffe7][0xfffffffd][0xfffffff8]Sq[0xf][0xffffffe4]j[0xffffffeb]d[0xffffffce]![0xffffffbc][0xffffffbf][0xf][0xffffffec]Z[0xfffffff4][0x1e][0xffffffc8][0xffffffed][0x1d][0x18][0xffffffd7][0x2][0xfffffff7]@[0xfffffffe][0xfffffffa][0xffffffc9][0x1e][0xffffffae][0xffffffc5][0xffffffef][0xffffff81][0xfffffffc][0x1][0xffffff90][0xffffff8c]k[0xffffffd1]{ [0xffffff9f][0xffffffc0][0xffffff99][0xffffffed][0xffffffda]+[0xfffffff7]@~[0xfffffffc][0xffffffa9][0xffffffb8][0x7]r[0xffffff9d]e1[0xffffffe7][0x10][0xffffffde][0xffffffdf][0x7]v-z[0xf][0xffffffe4][0xfffffff6][0xe][0xffffff8c]k[0xffffff81]{ [0x7f][0xfffffffd]d[0xf][0xffffffd7][0xffffffe2][0xfffffff7]@[0xfffffffe][0x0]H[0xffffffc6][0xffffffb5][0xffffffe8]=[0xffffff90]O[0xffffffe0][0xffffffcc]v[0xffffffed][0xffffff95]{ ?[0xfffffffe]T[0xffffff9d][0xffffffaf]=[0xffffffe7]<([0xffffffd7][0xffffffc2][0xffffffe7]k?[0xffffffde][0xffffff80]v-x[0xffffffbe][0xfffffff6][0xffffffe3][0xffffffe9][0xffffff8c]k}[0xffffffce][0xffffffd7]J[0x14][0x19][0xffffffd7][0xffffff9a][0xffffff9c][0xffffffaf][0xffffff95]X[0xffffffe6][0xffffffbb][0x16]=_+[0x10]}[0xffffffc1][0xffffffb5]S[0xffffffb8][0xffffffb6][0x1f][0xffffffbd]R[0xffffffae][0xffffff9d][0xffffffb8]k[0xffffffa7][0xffffff81]kg[0xffffff80]:[0x13][0xffffffe7][0xffffff89][0xffffffb9]v:[0xffffffb9]6[0xffffffa2][0xffffffc8][0xffffffb8]V[0x1][0xffffffc9][0xffffffb8]6b[0xffffff99][0xffffffef][0xffffffda][0x1d][0xffffffce]l[0xffffffd7][0xffffffee][0xffffff88][0xfffffffe]v[0xffffffd7][0x1e][0xffffffca][0xffffffb5][0xffffffb3][0xffffffcc][0x6][0xffffffb9][0xfffffff6][0xffffffc0]]{[0x18][0xffffffb8][0xfffffff6][0xffffff88]P'[0xffffffe2]|`[0xffffffae]=v[0xffffff90]I[0xffffffd7][\n]"
[DEBUG] http-outgoing-1 << "[0x14][0x11][0xffffffd7]J [0x11][0xffffffd7][\n]"
[DEBUG] http-outgoing-1 << ",[0xffffffd3]][0x1b][0xffffffe0]Lvm@[0xfffffff4]%[0xffffffd7]63[0xffffffd7]b[0xfffffffb]h[0xffffffbe][0xffffffbc][0x1][0xffffffef]Zd[0x1b][0xffffffcd][0xffffff97][0xffffffa7]S[0xffffffae]u[0xffffffd8]E[0xfffffff3][0x14]E[0xffffffca][0xffffffb5][0xfffffff8]&[0xffffff9a][0xffffffa7]X[0x12][0xffffffae][0xffffff85][0xfffffff6][0xffffffd0]<A[0xfffffff4][0xffffffb7][0xffffffbb][0xffffffb6][0xffffffdc]~)[0xffffffd1][0xffffffb5][0xffffffab]P[0xffffffe7][0x10][0xffffffde][0xffffffde][0xffffff87]u[0xffffffed][0xffffffe3][\r]`[0xffffffd7]~[0x7f][0x7][0xffffffc4][0xffffffb5][0xffffff8f][0xffffffa7]#[0xffffffae][0xfffffffd][0xfffffff6]d[0xb][0xffffffd7][\n]"
[DEBUG] http-outgoing-1 << "[0x14][0x11][0xffffffd7]J [0x11][0xffffffd7][\n]"
[DEBUG] http-outgoing-1 << ",[0xffffffd3]][0x1b][0xffffffe0]Lvm@[0xfffffff4][0x5][0xffffffd7][0xffffffaa]Y[0xffffff86][0xffffffd5][0x6]5[0xffffffcb]P[0xfffffff0]Y[0xffffff86]b0[0xffffffcb]P[0xffffffe2][0xffffffa1][0xfffffff1]L[0xffffff9c][0xffffffb1]Y[0xffffff86][0xffffffb2][0x1f][0x14]G]k2[0xffffffcb] [0xffffff81]d\k0[0xffffffcb][0x10][0xffffffe0][0xffffffcc]v[0xffffffed][0xfffffff5]Y[0xffffff86][0xffffffa2]f[0x19][0xffffffd6],[0xffffffd4],C[0xffffffc1]g[0x19][0xffffff8a][0xffffffc1],C[0xffffff89][0xffffff87][0xffffffc6]3q[0xffffffc6]f[0x19][0xffffffca]~P[0x1c]u[0xffffffad][0xffffffc9],[0xffffff83][0x4][0xffffff92]q[0xffffffad][0xffffffc1],C[0xffffff80]3[0xffffffdb][0xffffffb5][0xffffffd7]g[0x19]J[0xffffff9c]e([0xffffffb7][0xffffffdb]mQ[0xfffffffb][0x10][\n]"
[DEBUG] http-outgoing-1 << ">[0xffffffcb]P[0xc]f[0x19]J<4[0xffffff9e][0xffffff89]36[0xffffffcb]P[0xfffffff6][0xffffff83][0xffffffe2][0xffffffa8]kMf[0x19]$[0xffffff90][0xffffff8c]k[\r]f[0x19][0x2][0xffffff9c][0xffffffd9][0xffffffae][0xffffffbd]>[0xffffffcb]P[0xffffffba]rm[0xffffffaf][0xffffff93]rm[0xffffffc7]][0xffffffdb][\r]\[0xffffffdb][0x3][0xffffffd4][0xffffff99]8w[0xffffffcc][0xffffffb5][0xffffffdd][0xffffffc9][0xffffffb5][0x11]E[0xffffffc6][0xffffffb5][\n]"
[DEBUG] http-outgoing-1 << "H[0xffffffc6][0xffffffb5][0x11][0xffffffcb]|[0xffffffd7][0xffffffee]pf[0xffffffbb]vG[0xfffffff4][0x5][0xffffffd7][0xffffffc6]Y[0xffffff86]7[0xffffffd7]Njn[0xffffffac][0xffffffe0][0xffffffb3][0xc][0xffffffc5]`[0xffffff96][0xffffffa1][0xffffffc4]C[0xffffffe3][0xffffff99]8c[0xffffffb3][0xc]e?([0xffffff8e][0xffffffba][0xffffffd6]d[0xffffff96]A[0x2][0xffffffc9][0xffffffb8][0xffffffd6]`[0xffffff96]![0xffffffc0][0xffffff99][0xffffffed][0xffffffda][0xffffffeb][0xffffffb3][0xc]%[0xffffff9e][0xffffffaf][0xffffffbd][0xffffffbb]vp[0xffffffdf]k[0xfffffff1][0xfffffff3][0xffffffb5][0xffffffc5][0xffffffe0]|m[0xffffff89][0x7][0x19]3q[0xffffffc6][0xffffffce][0xffffffd7][0xffffff96][0xfffffffd][0xfffffff0]"[0xffffffea]Z[0xffffff93][0xfffffff3][0xffffffb5][0x12]H[0xffffffc6][0xffffffb5][0x6][0xffffffe7]k[0x3][0xffffff9c][0xffffffd9][0xffffffae][0xffffffbd]~[0xffffffbe][0xffffffb6],[0xffffffe9]ZlF[0xfffffff7][0xffffffed]}`[0xffffffd7].[0x3][0xffffffd7][0xffffffae][0x0]u&[0xffffffce][0xb]s[0xffffffed]rrmD[0xffffff91]q[0xffffffad][0x2][0xffffff92]qm[0xffffffc4]2[0xffffffdf][0xffffffb5];[0xffffff9c][0xffffffd9][0xffffffae][0xffffffdd][0x11][0xfffffffd][0xffffffed][0xffffffae][0xffffffad][0xffffffed][0xffffff97][0x1a]\{[0xffffffac][0xffffffd1] [0xffffffd7][0xffffffbe]"
[DEBUG] http-outgoing-1 << "[0xffffffbd][0xf][0xffffffeb][0xffffffda][0xffffffc7][0x1b][0xffffffc0][0xffffffae][0xfffffffd][0xfffffffe][0xe][0xffffff88]k[0x1f]OG\[0xfffffffb][0xffffffed][0xffffffc9][0x16][0xffffffae][0x15]("[0xffffffae][0xffffff95]@"[0xffffffae][0x15]X[0xffffffa6][0xffffffbb]6[0xffffffc0][0xffffff99][0xffffffec][0xffffffda][0xffffff80][0xffffffe8][0xb][0xffffffae]U[0xffffffbf][0xffffff8d][0xffffff95]st[0xffffffca][0xffffffb5][0xfffffff8]oc[0xffffffd5][0xffffffe0][0xffffffb7][0xffffffb1][0x1a][0x7f][0xffffff84][0xffffffc8][0xffffffc4][0x19][0xfffffffb]m[0xffffffac][0xffffffee]?<[0xffffffa0][0xffffffae]5[0xfffffff9]mL[0x2][0xffffffc9][0xffffffb8][0xffffffd6][0xffffffe0][0xffffffb7][0xffffffb1][0x0]g[0xffffffb6]k[0xffffffaf][0xffffffff]6V[0xffffff97]pm=o[0xffffffd4][0xffffffee][0xffffff99][0xffffffb7][0xfffffff7][0xffffff81]][0xffffffbb][0x4][0xffffffda][0xffffffd9]P[0xffffffaf][0x0]u&[0xffffffce][0xb]s[0xffffffed]rrmD[0xffffff91]q[0xffffffad][0x2][0xffffff92]qm[0xffffffc4]2[0xffffffdf][0xffffffb5];[0xffffff9c][0xffffffd9][0xffffffae][0xffffffdd][0x11][0xfffffffd][0xffffffed][0xffffffae]m[0xfffffff1]n[0xffffffc7][0xffffffbb]k{[0xffffffa7][0xffffffbe][0xffffffd7]6[0xfffffffc]n[0xffffffc7]fp[0xffffffb7]c[0xffffff8b][0xffffff97][0xffffffe8]%[0xffffffe2][0xffffffdc][0xffffffb0][0xffffffbb][0x1d][0xffffffdb]~q[0x1e][0xffffffe9]Z[0xffffff81]"[0xffffffe2]Z[0x9]$[0xffffffe2]Z[0xffffff81]e[0xffffffba]k[0x3][0xffffff9c][0xffffffc9][0xffffffae][\r][0xffffff88][0xffffffbe][0xffffffe0][0xffffffda]x[0xffffffb7][0xffffffe3][0xffffffdd][0xffffffb5][0xffffffe3][0xffffffa0]ft[0x1b]~[0xffffffb7]c3[0xffffffb8][0xffffffdb][0xffffffb1][0xffffffc5]K[0xfffffff4]2q[0xffffffc6][0xffffffee]vl[0xfffffffb][0xffffffc5]y[0xffffffa8]kM[0xffffffee]v[0xffffff94]@2[0xffffffae]5[0xffffffb8][0xffffffdb]1[0xffffffc0][0xffffff99][0xffffffed][0xffffffda][0xffffffeb]w;[0xffffffb6][0xffffffb8][0xf][0xffffffe1][0xffffffcd][0xffffffb5]'5[0xffffffcb][0xffffffd0][0xfffffff0]}[0x8][0xffffffcd]`[0x1f]B[0xffffff8b][0xffffff83][0xffffffe7][0xffffff99]8c[0xfffffffb][0x10][0xffffffda]>l[0xffffff8e][0xffffffba][0xffffffd6]d[0x1f][0xffffff82][0x4][0xffffff92]q[0xffffffad][0xffffffc1]>[0xffffff84][0x0]g[0xffffffb6]k[0xffffffaf][0xffffffef]ChjF[0xffffffb7][0xffffffce]N[0xffffffed][0xfffffff9]j[0xfffffff8][0xffffff8c]n3[0xffffff98][0xffffffd1]mq[0x18]2[0x13]glF[0xffffffb7][0xffffffed][0x3][0xffffff90][0xffffffa8]kMft%[0xffffff90][0xffffff8c]k[\r]ft[0x3][0xffffff9c][0xffffffd9][0xffffffae][0xffffffbd]>[0xffffffa3][0xffffffdb][0xffffffe2]}c[0xffffffe5][0xffffffee][0xffffffee]J[0xffffffcd][0xffffff8d]5[0xfffffffc][0xffffffbe][0xffffffb1]fp[0xffffffdf]X[0xffffff8b][0x17];e[0xffffffe2][0xffffff8c][0xffffffdd]7[0xffffffd6][0xfffffff6][0xffffffcb][0xffffff9c]P[0xffffffd7][0xffffff9a][0xffffffdc]7&[0xffffff81]d\kp[0xffffffdf]X[0xffffff80]3[0xffffffdb][0xffffffb5][0xffffffd7][0xffffffef][0x1b][0xffffffbb][0xffffffff]i7sm[0xffffffc7]][0xffffffdb][\r]\[0xffffffdb]Q[0xffffffd7]v[0xffffffcc][0xffffffb5][0xffffffdd][0xffffffc9][0xffffffb5];[0xffffff8a][0xffffff94]k#[0xffffff90][0xffffff94]kw,[0x9][0xffffffd7]v[0xffffffd8][0xffffffb5][0xfffffffd][0xffffffba]k[0xffffff97][0xffffff99]k[0x17][0xffffffee][0xffffffda]e[0xffffffe0][0xffffffda][0xffffff85][0xffffffba]va[0xffffffae]]N[0xffffffae][0xffffffdd]Q[0xffffffa4]\[0x1b][0xffffff81][0xffffffa4]\[0xffffffbb]cI[0xffffffb8]v[0xffffffc1][0xffffffae]][0xffffffd7]][[0xe]3[0xffffffd9][0xffffff96][0x3][0xffffffb7][0xffffffed][0xfffffffd][0x15]x[0xffffffdd]~[0xffffffbc][0x4][0xffffffe5][0xffffffdb][0xfffffffb][0xffffffe3])[0xffffffe1][0xffffffbe]?[0xffffffda][0xffffffc5][0xffffffb8][0xffffff81]GJ[0xffffffb9][0xffffff82]J[0xffffffca][0xffffffb9][0xffffff81]MB[0xffffffba][0x1b][0xffffffa1][0xfffffff9][0xffffffd6][0xffffffdd]8}I[0xffffffbb][0xffffffa7][[0xffffffe3][0xffffff9e]|[0xffffffe4][0xffffff9e][0xe][0xffffff95]{[0xffffffb2][0xffffff99]{r[0xffffff9d]{Z[0xffffff85]n[0xffffffe0][0xffffff91][0xffffffd2][0xffffffae][0xffffffa0][0xffffff92][0xffffffd2]n`[0xffffff93][0xffffffd0][0xffffffee]I[0xffffffc7][0xffffffee][0xfffffff9][0x13][0xffffffb5]{[0xffffffdc]N3[0xffffffef][0xffffffde][0xffffffdf][0x8][0x17][0xffffffef][0xffffffdb];[0xfffffff0][0xffffffe6][0xfffffffd][0xfffffff6][0x16][0xffffff94]z[0xffffffdf][0xffffff9e]O[0xffffffb9][0xfffffff7][0xffffffe3][0xffffffd9].[0xfffffff2][0xffffff8d]PR[0xfffffff6]UhR[0xfffffffa][0xffffff8d][0xffffff80][0x12][0xfffffffe][0xffffffdd]1[0xffffffcd][0x17][0xfffffff0][0xe][0xffffffeb]o0p[0xffffffb9][0xffffffbd][0xffffffff][0xffffffb1][0xffffffda][0xffffff9d][0xffffffd0][0xffffffd6][0xffffff91][0xffffffbe];[0xffffffe1][0xffffffcb][0xfffffffb]@[0xfffffff6][0xfffffffd][0xfffffffa][0x6][0xffffff94]{[0xfffffff7]w[0xffffffc8]5[0xffffffef][0xffffffd7][0xffffffa7][0xffffffe7]zw{2k[0xffffffdd][0xffffffe7]([0xffffffe6]:[0xfffffff7]G@[0xffffffe6][0x1a][0xfffffff7]9[0xffffff96]y[0xffffffbe]}[0x6]g[0xffffff96]m[0xffffff9f]![0xfffffffa][0xffffff82]k[0xffffffd5][0xffffffae][0xffffffdb][0xfffffff3]\[0xffffffe9][0xffffffbb][0x13][0xffffffbe][0xffffffbc][0xf][0xffffffec]Zr[0xffffffd7][0xffffffed][0xfffffffe][0xe][0xffffff8c]k[0xfffffff3]w[0xffffffdd]nO[0xfffffff6]p-[0xffffffbd][0xffffffeb][0xfffffff6]G@2[0xffffffae]%w[0xffffffdd]>[0xffffff83]3[0xffffffdb][0xffffffb5][0x17]v[0xffffffdd]~[0xfffffffb][0xffffffd3][0xffffffa5]\;o[0xffffffe9]s[0xf]_[0xffffffde][0x7]v[0xffffffed]2p[0xffffffed][\n]"
[DEBUG] http-outgoing-1 << "Pg[0xffffffe2][0xffffffbc]0[0xffffffd7].'[0xffffffd7]F[0x14][0x19][0xffffffd7]* [0x19][0xffffffd7]F,[0xfffffff3]][0xffffffbb][0xffffffc3][0xffffff99][0xffffffed][0xffffffda][0x1d][0xffffffd1][0xffffffdf][0xffffffee][0xffffffda][0xfffffff3]&\[0xffffffdb][0xffffff8f][0xffffff9e][0xffffffbe];[0xffffffe1][0xffffffcb][0xfffffffb][0xffffffb0][0xffffffae]}[0xffffffbc][0x1][0xffffffec][0xffffffda][0xffffffef][0xffffffef][0xffffff80][0xffffffb8][0xfffffff6][0xfffffff1]t[0xffffffc4][0xffffffb5][0xffffffdf][0xffffff9e]l[0xffffffe1]Z[0xffffff81]"[0xffffffe2]Z[0x9]$[0xffffffe2]Z[0xffffff81]e[0xffffffba]k[0x3][0xffffff9c][0xffffffc9][0xffffffae][\r][0xffffff88][0xffffffbe][0xffffffe0]Z[0xffffffb5][0xffffffa7][0xffffffa6][0xffffffd7][0xffffff96][0xffffffbe][0x13][0xffffffec][0xffffffcb][0xfffffffb][0xffffffc0][0xffffffae]%[0xfffffff7][0xffffffd4][0xffffffec][0xffffffef][0xffffffc0][0xffffffb8]6[0x7f]O[0xffffffcd][0xfffffff6]d[0xf][0xffffffd7][0xffffffd2]{j~[0x4]$[0xffffffe3]ZrO[0xffffffcd]38[0xffffffb3]]{aO[0xffffffcd][0xffffffe7][0xffffff9f][0x16]3[0xffffffd7][0x16][0xffffffdc][0xffffffb5][0xffffffc5][0xffffffc0][0xffffffb5][0x5]um[0xffffffc1]\[[0xffffff9c]\[0xffffffbb][0xffffffa3]H[0xffffffb9]6[0x2]I[0xffffffb9]v[0xffffffc7][0xffffff92]pm[0xffffff81]][[0xffffffae][0xffffffba]V[0xffffffed]N[0xffffffe8]s[0xffffffa6][0xffffffef][0x4][0xfffffffb][0xfffffff2]>[0xffffffb0]k[0xffffffc9][0xffffffdd][0x9][0xfffffffb];0[0xffffffae][0xffffffcd][0xffffffdf][0xffffff9d][0xffffffb0]=[0xffffffd9][0xffffffc3][0xffffffb5][0xfffffff4][0xffffffee][0xffffff84][0x1f][0x1][0xffffffc9][0xffffffb8][0xffffff96][0xffffffdc][0xffffff9d][0xfffffff0][0xc][0xffffffce]l[0xffffffd7]^[0xffffffd8][0xffffff9d][0xfffffff0][0xffffffed]O[0xffffffd5][0xfffffffd][0xffffffe6][0xffffffe3]v6[0xffffffca][0xffffffb5][0xffffffdc][0xfffffffd][0xffffffe6]_[0xffffffdf][0xffffff80]v-s[0xffffffbf][0xfffffff9][0xffffffd7][0xffffffa7]3[0xffffffae][0xffffffb5][0xffffffb8][0xffffffdf][0xfffffffc]9[0xffffff8a][0xffffff8c]k[0xfffffff9][0xfffffffb][0xffffffcd][0xffffff9f]c[0xffffff99][0xffffffef]Z[0xffffffea]~[0xfffffff3]g[0xffffff88][0xfffffffe]v[0xffffffd7]v[0xfffffff5][0xffffffbd]v[0x1e][0xffffff8b]rm[0xffffffc7][0xffffffbf][0xffffffd7]v[0xffffff83][0xffffffef][0xffffffb5]=~[0x18]K[0xffffffc4][0xffffffb9]c[0xffffffdf]k[0xfffffffb][0xfffffffe]1[0xffffff8c]t[0xffffffad]@[0x11]q[0xffffffad][0x4][0x12]q[0xffffffad][0xffffffc0]2[0xffffffdd][0xffffffb5][0x1][0xffffffce]d[0xffffffd7][0x6]D_pm[0x11][0xffffffdf]k[0xffffffe7][0xffffffd9][0xffffffa9]o[0x8]o[0xffffffef][0x3][0xffffffbb][0xffffffb6][0xfffffff0][0xffffffdf]k[0xffffffbf][0xffffffbf][0x3][0xffffffe3][0xffffffda]B}[0xffffffaf][0xfffffffd][0xfffffff6]d[0xf][0xffffffd7]F[0x14][0x19][0xffffffd7]* [0x19][0xffffffd7]F,[0xfffffff3]][0xffffffbb][0xffffffc3][0xffffff99][0xffffffed][0xffffffda][0x1d][0xffffffd1][0x17]\[0xffffffab][0xffffffbe][0xffffffd7][0xffffffae]v[0xffffffa3]~[0x1b][0xffffffeb][0xfffffff8][0xfffffff7][0xffffffda]n[0xfffffff0][0xffffffbd][0xffffffb6][0xffffffc7][0xf]c[0xffffff99]8c[0xffffffdf]k[0xfffffffb][0xfffffffe]1[0xc]u[0xffffffad][0xffffffc9][0xfffffff7]Z[0x9]$[0xffffffe3]Z[0xffffff83][0xffffffef][0xffffffb5][0x1][0xffffffce]l[0xffffffd7]^[0xffffffff]^[0xffffffdb][0xffffffd5][0xffffff8c][0xffffffee][0x1a][0xfffffff9];[0x12][0xffffffbe][0xffffffbc][0xf][0xffffffec]Z[0xffffff83][0x19][0xffffffdd][0x1e][0xffffff87]!3q[0xffffffc6]ft[0xfffffffb]>[0x0][0xffffff89][0xffffffba][0xffffffd6]dFW[0x2][0xffffffc9][0xffffffb8][0xffffffd6]`F7[0xffffffc0][0xffffff99][0xffffffed][0xffffffda][0xffffffeb]3[0xffffffba]][0xfffffffd]6[0xffffffb6][0xffffffe6]q[0xffffffa3]\[0xffffff8b][0xffffffff]6[0xffffffd6][\r]~[0x1b][0xffffffeb][0xfffffff1]G[0xffffff88]L[0xffffff9c][0xffffffb1][0xffffffdf][0xffffffc6][0xfffffffa][0xfffffffe][0xffffffc3][0x3][0xffffffea]Z[0xffffff93][0xffffffdf][0xffffffc6]$[0xffffff90][0xffffff8c]k[\r]~[0x1b][0xb]pf[0xffffffbb][0xfffffff6]'~[0x1b]S[0xfffffffb][0x10][0xffffffd6]|[0xffffffbc][0x1d][0xffffffe2]Z|[0x1f]B7[0xffffffd8][0xffffff87][0xffffffd0][0xffffffe3][0xffffffe0]y&[0xffffffce][0xffffffd8]>[0xffffff84][0xffffffbe][0xf][0xffffff9b][0xffffffa3][0xffffffae]5[0xffffffd9][0xffffff87] [0xffffff81]d\k[0xffffffb0][0xf]![0xffffffc0][0xffffff99][0xffffffed][0xffffffda][0xffffffeb][0xfffffffb][0x10][0xffffffba][0xffffffda][0xffffff87][0xffffffb0][0xffffffd6][0xffffff81]}C[0xffffffc0][0xfffffff7]!t[0xffffff83]}[0x8]=[0xe][0xffffff9e]g[0xffffffe2][0xffffff8c][0xffffffed]C[0xffffffe8][0xfffffffb][0xffffffb0]9[0xffffffea]Z[0xffffff93]}[0x8][0x12]H[0xffffffc6][0xffffffb5][0x6][0xfffffffb][0x10][0x2][0xffffff9c][0xffffffd9][0xffffffae][0xffffffbd][0xffffffbe][0xf]a[0xffffffdc][0xffffffa4]k[0x7][0xffffffb5][0xffffffe7][0xffffffeb][0xffffffed]}X[0xffffffd7]>[0xffffffde][0x0]v[0xffffffed][0xfffffff7]w@\[0xfffffffb]x:[0xffffffe2][0xffffffda]oO[0xffffffb6]p[0xffffffad]@[0x11]q[0xffffffad][0x4][0x12]q[0xffffffad][0xffffffc0]2[0xffffffdd][0xffffffb5][0x1][0xffffffce]d[0xffffffd7][0x6]D_p[0xffffffad]8_{[0xffffffdc][0xffffff8e][0xffffff93][0xffffffda][0xfffffff3]5"
[DEBUG] http-outgoing-1 << "[0xfffffff0][0xfffffff3][0xffffffb5][0xffffffc3][0xffffffe0]|[0xffffffed][0xffffff88][0x7][0x19]3q[0xffffffc6][0xffffffce][0xffffffd7][0xffffff8e][0xfffffffd][0xfffffff0]"[0xffffffea]Z[0xffffff93][0xfffffff3][0xffffffb5][0x12]H[0xffffffc6][0xffffffb5][0x6][0xffffffe7]k[0x3][0xffffff9c][0xffffffd9][0xffffffae][0xffffffbd]~[0xffffffbe]v[0x14][0xffffffe5][0xffffffda]sR[0xffffffbb][0xffffffc2][0xffffffdf][0xffffffde][0x7]vm1pm[0x9]Pg[0xffffffe2]\0[0xffffffd7][0x16]'[0xffffffd7]F[0x14][0x19][0xffffffd7]* [0x19][0xffffffd7]F,[0xfffffff3]][0xffffffbb][0xffffffc3][0xffffff99][0xffffffed][0xffffffda][0x1d][0xffffffd1][0x17]\[[0xffffff95]k[0x7][0xffffffb6]+[0xfffffffc][0xffffffed]}`[0xffffffd7]V[0x3][0xffffffd7][0xffffffd6][0x0]u&[0xffffffce][0x15]smurmD[0xffffff91]q[0xffffffad][0x2][0xffffff92]qm[0xffffffc4]2[0xffffffdf][0xffffffb5];[0xffffff9c][0xffffffd9][0xffffffae][0xffffffdd][0x11]}[0xffffffc1][0xffffffb5]b[0xffffff96][0xffffffe1]8[0x1a][0xfffffff7][0xffffffbd][0x16][0xffffff9f]e[0x18][0x6][0xffffffb3][0xc]#[0x1e][0x1a][0xffffffcf][0xffffffc4][0x19][0xffffff9b]e[0x18][0xfffffffb]Aq[0xffffffd4][0xffffffb5]&[0xffffffb3][0xc][0x12]H[0xffffffc6][0xffffffb5][0x6][0xffffffb3][0xc][0x1][0xffffffce]l[0xffffffd7]^[0xffffff9f]e[0x18][0xffffffe2]|[0xffffffed][0xfffffffd][0xffffffff][0xffffffed][0xffffffa0]ft[0x7]~[0xffffffbe]v[0x18][0xffffff9c][0xffffffaf][0x1d][0xfffffff1] c&[0xffffffce][0xffffffd8][0xfffffff9][0xffffffda][0xffffffb1][0x1f]^D]kr[0xffffffbe]V[0x2][0xffffffc9][0xffffffb8][0xffffffd6][0xffffffe0]|m[0xffffff80]3[0xffffffdb][0xffffffb5][0xffffffd7][0xffffffcf][0xffffffd7][0xe]q[0xffffffbe][0xfffffff6]([0xffffffe7][0xffffffd1]([0xffffffd7][0xffffffe2][0xffffffe7]k[0xffffff87][0xffffffc1][0xfffffff9][0xffffffda][0x11][0xf]2f[0xffffffe2][0xffffff8c][0xffffff9d][0xffffffaf][0x1d][0xfffffffb][0xffffffe1]E[0xffffffd4][0xffffffb5]&[0xffffffe7]k%[0xffffff90][0xffffff8c]k[\r][0xffffffce][0xffffffd7][0x6]8[0xffffffb3]]{[0xfffffffd]|[0xffffffed][0x10][0xffffffe7]k[0xffffff8f]2[0xffffff8e][0xffffff93]r-~[0xffffffbe]v[0x18][0xffffff9c][0xffffffaf][0x1d][0xfffffff1] c&[0xffffffce][0xffffffd8][0xfffffff9][0xffffffda][0xffffffb1][0x1f]^D]kr[0xffffffbe]V[0x2][0xffffffc9][0xffffffb8][0xffffffd6][0xffffffe0]|m[0xffffff80]3[0xffffffdb][0xffffffb5][0xffffffd7][0xffffffcf][0xffffffd7][0xffffffce][0xffffff9b]pm[0xffffffbd][0xffffff9d][0xffffffd4]}co[0xffffffef][0xffffffc3][0xffffffba][0xfffffff6][0xfffffff1][0x6][0xffffffb0]k[0xffffffbf][0xffffffbf][0x3][0xffffffe2][0xffffffda][0xffffffc7][0xffffffd3][0x11][0xffffffd7]~{[0xffffffb2][0xffffff85]k[0x5][0xffffff8a][0xffffff88]k%[0xffffff90][0xffffff88]k[0x5][0xffffff96][0xffffffe9][0xffffffae][\r]p&[0xffffffbb]6 [0xfffffffa][0xffffff82]k[0xffffffd5][0xfffffff9][0xffffffda]z[[0xffffffd4][0xfffffff9][0xffffffda][0xffffff89][0xffffff9f][0xffffffaf][0xffffff9d][0x6][0xffffffe7]kg<[0xffffffc8][0xffffff98][0xffffff89]3v[0xffffffbe]v[0xffffffee][0xffffff87][0x17]Q[0xffffffd7][0xffffff9a][0xffffff9c][0xffffffaf][0xffffff95]@2[0xffffffae]58_[0x1b][0xffffffe0][0xffffffcc]v[0xffffffed][0xfffffff5][0xfffffff3][0xffffffb5]S[0xffffff9d][0xffffffaf][0xffffffad]G[0xffffffc7]\[0xffffff8b][0xffffff9f][0xffffffaf][0xffffff9d][0x6][0xffffffe7]kg<[0xffffffc8][0xffffff98][0xffffff89]3v[0xffffffbe]v[0xffffffee][0xffffff87][0x17]Q[0xffffffd7][0xffffff9a][0xffffff9c][0xffffffaf][0xffffff95]@2[0xffffffae]58_[0x1b][0xffffffe0][0xffffffcc]v[0xffffffed][0xfffffff5][0xfffffff3][0xffffffb5][0xffffffb3])[0xffffffd7][0xffffff96]N[0xffffffed]Cx{[0x1f][0xffffffd8][0xffffffb5][0xffffffcd][0xffffffc0][0xffffffb5]-@[0xffffff9d][0xffffff89]s[0xffffffc3]\[0xffffffdb][0xffffff9c]\[0x1b]Qd\[0xffffffab][0xffffff80]d\[0x1b][0xffffffb1][0xffffffcc]w[0xffffffed][0xe]g[0xffffffb6]kwD_p[0xffffffad][0xffffffd8]_{[0xffffffd4]91[0xffffffd7][0xffffffe2][0xfffffffb]k[0xffffffa7][0xffffffc1][0xfffffffe][0xffffffda][0x19][0x17][0xffffff85]f[0xffffffe2][0xffffff8c][0xffffffed][0xffffffaf][0xffffff9d][0xfffffffb]rP[0xffffffd4][0xffffffb5]&[0xfffffffb]k%[0xffffff90][0xffffff8c]k[\r][0xfffffff6][0xffffffd7][0x6]8[0xffffffb3]]{}[0x7f][0xffffffed]T[0xffffffe7]k[0xffffffdb][0xffffff81][0xffffff9d][0xffffffaf][0xffffff9d][0xfffffff8][0xfffffff9][0xffffffda]ip[0xffffffbe]v[0xffffffc6][0xffffff83][0xffffff8c][0xffffff99]8c[0xffffffe7]k[0xffffffe7]~x[0x11]u[0xffffffad][0xffffffc9][0xfffffff9]Z[0x9]$[0xffffffe3]Z[0xffffff83][0xfffffff3][0xffffffb5][0x1][0xffffffce]l[0xffffffd7]^?_;g[0xffffffbc]o[0xffffffec]h[0xffffffe7][0xffffffe3][0xffffffed][0x10][0xffffffd7]N[0xfffffffa][0xffffffbe][0xffffffb1][0xffffffc7][0x1b][0xffffffd0][0xffffffae][0xffffff9d][0xffffffe1]b[0xffffffa7]L[0xffffff9c]'u[0xffffffdf][0xffffffd8][0xffffffb7]'{[0xffffffb8]6[0xffffffa2][0xffffffc8][0xffffffb8]V[0x1][0xffffffc9][0xffffffb8]6b[0xffffff99][0xffffffef][0xffffffda][0x1d][0xffffffce]l[0xffffffd7][0xffffffee][0xffffff88][0xffffffbe][0xffffffe0]Zu[0xffffffbe][0xffffffb6][\r][0xffffffee][0xffffffb7]1[0xfffffffc]|[0xffffffed]48_;[0xffffffe3]A[0xffffffc6]L[0xffffff9c][0xffffffb1][0xfffffff3][0xffffffb5]s?[0xffffffbc][0xffffff88][0xffffffba][0xffffffd6][0xffffffe4]|[0xffffffad][0x4][0xffffff92]q[0xffffffad][0xffffffc1][0xfffffff9][0xffffffda][0x0]g[0xffffffb6]k[0x7f][0xffffffe2]|[0xffffffed][0xfffffffa][0xffffffa5][0xffffff9a][0xffffffb9][0xffffffb6][0xffffffe2][0xffffffae][0xffffffad][0x6][0xffffffae][0xffffffad][0xffffffa8]k+[0xffffffe6][0xffffffda][0xffffffea][0xffffffe4][0xffffffda][0x1d]E[0xffffffca][0xffffffb5][0x11]H[0xffffffca][0xffffffb5];[0xffffff96][0xffffff84]k+[0xffffffec][0xffffffda]z[0xffffffd1][0xffffffb5]K[0xffffff9d][0xffffffaf]=+[0xfffffff6][0xffffffbd]v[0xffffffe1][0xffffffe7]k[0xffffff97][0xffffffc1][0xfffffff9][0xffffffda][0x15][0xf]2&[0xffffffe2][0xffffffbc][0xffffffb0][0xfffffff3][0xffffffb5]k?[0xffffffbc]H[0xffffffba]V[0xffffffa0][0xffffff88][0xffffffb8]V[0x2][0xffffff89][0xffffffb8]V`[0xffffff99][0xffffffee][0xffffffda][0x0]g[0xffffffb2]k[0x3][0xffffffa2]/[0xffffffb8]V[0xffffff9d][0xffffffaf][0xffffffed][0x7]v[0xe]a[0xffffffe1][0xffffffe7]k[0xffffff97][0xffffffc1][0xfffffff9][0xffffffda][0x15][0xf]2f[0xffffffe2][0xffffff8c][0xffffff9d][0xffffffaf]][0xfffffffb][0xffffffe1]E[0xffffffd4][0xffffffb5]&[0xffffffe7]k%[0xffffff90][0xffffff8c]k[\r][0xffffffce][0xffffffd7][0x6]8[0xffffffb3]]{[0xfffffffd]|[0xffffffed]R[0xfffffffb]k[0xfffffffb]yP;[0x15][0x17][0xffffffbe][0xffffffbf]v[0x19][0xffffffec][0xffffffaf]]qQh&[0xffffffce][0xffffffd8][0xfffffffe][0xffffffda][0xffffffb5]/[0x7]E]k[0xffffffb2][0xffffffbf]V[0x2][0xffffffc9][0xffffffb8][0xffffffd6]`[0x7f]m[0xffffff80]3[0xffffffdb][0xffffffb5][0xffffffd7][0xfffffff7][0xffffffd7].5[0xffffffcb][0xffffffd0][0xffffffcf]qP[0xffffffae][0xffffffc5]g[0x19][0xffffff96][0xffffffc1],[0xffffffc3][0xffffff8a][0xffffff87][0xffffffc6]3q[0xffffffc6]f[0x19][0xffffffd6]~P[0x1c]u[0xffffffad][0xffffffc9],[0xffffff83][0x4][0xffffff92]q[0xffffffad][0xffffffc1],C[0xffffff80]3[0xffffffdb][0xffffffb5][0xffffffd7]g[0x19][0xffffff96][0xffffffda][0x15][0xffffffde];[0xffffffb6][0xffffffe7]k[0xffffffe1][0xffffffbb][0xffffffc2][0xffffff97][0xffffffc1][0xffffffae][0xfffffff0][0x15][0xffffff97]2g[0xffffffe2][0xffffff8c][0xffffffed][\n]"
[DEBUG] http-outgoing-1 << "_[0xfffffffb]"f[0xffffffd4][0xffffffb5]&[0xffffffbb][0xffffffc2]%[0xffffff90][0xffffff8c]k[\r]v[0xffffff85][0x7]8[0xffffffb3]]{}W[0xfffffff8]Rsc[0xffffffbd]w[0xffffffec][0xffffffb7]1|nl[0x19][0xffffffcc][0xffffff8d][0xffffffad]8[0xffffffa0][0xffffff93][0xffffff89]367[0xffffffb6][0xfffffff6][0xffffffa1][0x1c][0xffffffd4][0xffffffb5]&sc[0x12]H[0xffffffc6][0xffffffb5][0x6]sc[0x1][0xffffffce]l[0xffffffd7]^[0xffffff9f][0x1b][jn[0xffffffac][0xffffff8f]F[0xffffffdd][0xffffffed][0xffffffb8][0xfffffff0][0xffffffb9][0xffffffb1]e07[0xffffffb6][0xffffffe2][0xffffff80]N&[0xffffffce][0xffffffd8][0xffffffdc][0xffffffd8][0xffffffda][0xffffff87]rP[0xffffffd7][0xffffff9a][0xffffffcc][0xffffff8d]I [0x19][0xffffffd7][0x1a][0xffffffcc][0xffffff8d][0x5]8[0xffffffb3]]{}nl[0xffffffa9]{[0x19][0xfffffffa][0xffffffba]Q[0xfffffffb]k[0x17]~/[0xffffffc3]2[0xffffffb8][0xffffff97]a[0xffffffc5][0x5][0xfffffff8][0xffffff99]8c[0xfffffff7]2[0xffffffac]}[0xffffffe9]=[0xffffffea]Z[0xffffff93]{[0x19]$[0xffffff90][0xffffff8c]k[\r][0xffffffee]e[0x8]pf[0xffffffbb][0xfffffff6]7[0xffffffdc][0xffffffcb][0xfffffff0][\r][0xffffffd4][0xffffffdf][0xffffffff][0xffffffeb][0x1f][0xffffffff][0xfffffff0][0xffffffcf][0x7f][0xfffffffe][0xffffffe3][0xffffffdf][0xfffffffe][0xfffffff6][0xfffffffb][0xffffffbf][0xfffffffd][0xffffffeb][0x1f][0xffffffff][0xfffffffc]g[0xffffff82][0xffffffd8][0xffffffed][0x15][0x1c][0xffffffd0][0xffffffdd]_[0x9]gX[0xffffffbd][0x10][0x4][0xfffffff3][0xfffffffe]*[0x18][0xffffffd5][0xffffffe2]E[0xfffffffe][0x7f]SB[0xffffff8d]E[0xffffff8e][0xffffff8a][0xffffffad][0xffffffb1][[0xfffffff8]X[0xffffffe4]2[0x18][0xffffff8b]\q[0xfffffffe],[0x13]pl,r[0xffffffed]3ghJ[0xffffff98][0xffffff8c]EJ [0xffffff99][0xffffff94]0[0x18][0xffffff8b][0xc]pf[0xffffffa7][0xffffffc4]o[0x18][0xffffff8b][0xffffffc4]RB[0xffffffc8][0xffffff93]M[0x9][0xffffffe9]R6%[0xffffff84]Z[0xffffffb9][0xffffff94][0x8][0xffffffa6][0xffffffa5]R"[0xffffff88][0xfffffff7]RJ[0xffffffc4]m6lJ[0xffffffc0][0xffffffdb]l[0x1e]o[0xffffffc0][0xffffffa7][0x4][0xffffffb8][0xffffffcd][0xffffffe6][0xfffffff1]t*%|[0xffffffb6][0xffffffd9][0x8][0x14][0xffffffa9][0xffffff94]0[0xffffffd9]f#[0xffffffb0]$R[0x2][0xffffffdd]f[0x13][0x10][0xfffffff5]J[0xffffff89] O:%[0xffffff84]K[0xffffffe9][0xffffff94][0x8]j%S[0xffffffa2][0xffffffb8][0xffffffa4]D[0xfffffff9];[0xffffffa4][0xffffffc4]i[0xffffff96][0x12]'[0xffffff9e][0x12][0xffffffa7]AJ[0xffffff9c]hJ[0xffffff9c]XJ[0xffffff9c]N)[0xffffffb1][0xffffffa3]H[0xffffffa5]D[0x4][0xffffff92]J[0xffffff89][0x1d]K"%N8%N[0xffffffe3][0xffffff94][0x8][0xfffffff2][0xffffffa4]SB[0xffffffb8][0xffffff94]N[0xffffff89][0xffffffa0]V2%N[0xffffff97][0xffffff94]8[0xffffffff][0xe])[0xfffffff1][0xffffffd8][0xffffff85][0xffffffe3][0xffffffd4][0x12][0xffffffc7][0xffffffc4]c[0xffffffe2][0xfffffffe][\n]"
[DEBUG] http-outgoing-1 << "|M|[0xffffffbc][0x4][0xffffff95][0x13][0xfffffff7][0xffffffc7]"
[DEBUG] http-outgoing-1 << "S=[0xfffffff1][0xfffffffe]h[0xffffff97][0xffffffa0][0x8]<RE![0xffffffa8][0xffffffa4][0xffffff92]"[0xffffffb0]I4[0xffffffc5]Fh~Tl[0xffffff9c]zUE[0xffffffd4]([0xffffff9d][0x15][0xffffffca][0xffffffaa]tWD[0xffffffc9][0xffffff92]a[0xffffffb1];[0xffffff97]+[0xffffff8b]][0xffffffc1][0xffffff97][0xffffffd2][0xffffffa2][0xffffffb8][0xffffffa5]E[0xffffffe1][0xffffffd3][0xffffffa2]8[0xffffffa4]Ea[0xffffffd3][0xffffffa2]piQ[0xffffffac][0xffffffd2]"[0xfffffff0]H[0xffffffa5][0xffffff85][0xffffffa0][0xffffff92]J[0xffffff8b][0xffffffc0]&[0xffffff91][0x16][0xffffff85]N[0xffffff8b][0xffffffe2][0xffffff9c][0x16]Q[0xffffffa3]tZ([0xffffffab][0xffffffd2]i[0x11]%K[0xffffffa6][0xffffffc5][0xffffffee]\.-v[0x5]_J[0xffffff8b][0xffffffea][0xfffffff6][0xb]H[0xffffffe5][0x7f][0x2][0xffffffa9][0xe][0xffffffbf][0xffffff81]T[0xfffffff6]G[0xffffff90][0xffffffca][0xfffffffd][\n]"
[DEBUG] http-outgoing-1 << "R[0xffffffad]~[0x6][0x9]<Ri![0xffffffa8][0xffffffa4][0xffffffd2]"[0xffffffb0]I[0xffffffa4]E[0xffffffa5][0x7f][\n]"
[DEBUG] http-outgoing-1 << "[0xffffffa9][0xffffffce][0xffffffbf][0xffffff85]D[0xffffff8d][0xffffffd2]i[0xffffffa1][0xffffffac]J[0xffffffa7]E[0xffffff94],[0xffffff99][0x16][0xffffffbb]s[0xffffffb9][0xffffffb4][0xffffffd8][0x15]|)-[0xffffffce]n[0xffffff96][0x16]g[0xffffffc7][0xffffffd3][0xffffffe2][0xfffffffe][\n]"
[DEBUG] http-outgoing-1 << "|Z|[0xffffffbc][0x4][0xffffff95][0x16][0xfffffff7][0xffffffc7]Si[0xfffffff1][0xfffffffe]h[0xffffff97][0xffffffb4][0x8]<Ri![0xffffffa8][0xffffffa4][0xffffffd2]"[0xffffffb0]I[0xffffffa4][0xffffffc5]Fh~Zl[0xffffff9c]z[0xffffffa5]E[0xffffffd4]([0xffffff9d][0x16][0xffffffca][0xffffffaa]tZD[0xffffffc9][0xffffff92]i[0xffffffb1];[0xffffff97]K[0xffffff8b]][0xffffffc1][0xffffff97][0xffffffd2][0xffffffa2][0xffffffbb][0xffffff8d][0xffffff80]t~[0x6][0xffffffa4];[0xc][0xffffff81]tv[\n]"
[DEBUG] http-outgoing-1 << "[0xffffffa4]sc [0xffffffdd]j[0xe]$[0xfffffff0]H[0xffffffa5][0xffffff85][0xffffffa0][0xffffff92]J[0xffffff8b][0xffffffc0]&[0xffffff91][0x16][0xffffff9d][0xffffff9e][0x5][0xffffffe9][0xffffffce][0xffffffc3] Q[0xffffffa3]tZ([0xffffffab][0xffffffd2]i[0x11]%K[0xffffffa6][0xffffffc5][0xffffffee]\.-v[0x5]_J[0xffffff8b][0xffffffc7]u[0x4]Ni1[0xe]<-[0xffffffee][0xffffffaf][0xffffffc0][0xffffffa7][0xffffffc5][0xffffffc7]KPiq[0x7f]<[0xffffff95][0x16][0xffffffef][0xffffff8f]vI[0xffffff8b][0xffffffc0]#[0xffffff95][0x16][0xffffff82]J*-[0x2][0xffffff9b]DZl[0xffffff84][0xffffffe6][0xffffffa7][0xffffffc5][0xffffffc6][0xffffffa9]WZD[0xffffff8d][0xffffffd2]i[0xffffffa1][0xffffffac]J[0xffffffa7]E[0xffffff94],[0xffffff99][0x16][0xffffffbb]s[0xffffffb9][0xffffffb4][0xffffffd8][0x15]|)-[0xffffff8e][0xffffffdb]2k[0xffffff8b][0xfffffffb][0x1b][0xffffffe1]q[0xfffffff1][0xfffffff6][0xe]|]|{[0xb]*/[0xffffffde][0xffffff9e]O[0xfffffff5][0xffffffc5][0xffffffc7][0xffffffb3]][0x2]#BI[0x15][0xffffff86]B[0xffffff93]J[0xffffff8c][0x8]([0xffffffd1][0x18];[0xffffffa6][0xfffffff9][0xffffff91][0xffffffb1][0xffffffc3][0xffffffea]U[0x19]B[0xffffffa8]tfH[0xffffffbf][0xffffffd2][0xffffff9d]!tK[0xffffff86]F[0xffffffb0]/W[0x1a]A[0xffffffc6][0xffffffaf][0xffffffa4][0xffffffc6][0xfffffff1][0xfffffff6][0xffffffaf][0x1c][0xffffffb7][0xffffff9b][0xffffffda][0xffffffb6][0xffffffb9][0xffffffe6]J[0xf][0xffffff8d][0xffffffcf][0xfffffff7][0xffffffa1]2[0xffffffe3][0xffffffcb][0x1b]`[0xffffff91][0xffffffb1][0xffffffbd]Crb|yzr`[0xfffffffc][0xfffffffa][0xffffffc9]p^<E19.~[0x0]drZ<[0xffffffc5]21,[0xffffff9e][0xffffffc0][0xffffff99][0xffffff96][0x15]O[0x10][0xffffffb5][0xffffff88][0xffffff8a][0xffffffe7][0xfffffff2][0xffffff84][0xffffff92][0xffffffe2]G.[0xffffff85][0xffffff82][0xffffffe2][0xffffffb9]Z[0xffffff81][0xffffff9c]xf[0xffffffda][0xfffffff4][0xffffff98]x&[0xffffffde][0xb])q[0xffffff88][0xffffff94][0xffffff98][0xffffffc7][0xffffffc8][0xffffffbf][0xffffffdb][0xffffffee][0xfffffff3]}[0xffffffe0][0xffffff94]8[0xc]R[0xffffffe2][0xffffff88][0xffffffbc]'[0x2]~`)q8[0xffffffa5]DD[0xffffff91]I[0x9][0x5]$[0xffffff93][0x12][0x11][0xffffffcb][0xfffffffc][0xffffff94][0xffffffd8][0xffffffe1][0xffffffcc]N[0xffffff89][0x1d]Q[0xffffffa7][0xffffff94][0x10][0xfffffff2]dSB[0xffffffba][0xffffff94]M[0x9][0xffffffa1]V.%[0xffffff82]i[0xffffffa9][0xffffff94][0x8][0xffffffe2][0xffffffbd][0xffffff90][0x12]E[0xffffffa5][0xffffffc4][0xffffffb9][0xfffffff2][0xffffffaf]n[0xfffffffc]|[0x1f]8%[0xffffff8a]AJ[0xffffff94][0xffffffc8]{"[0xffffffe0][0x5]K[0xffffff89][0xffffffe2][0xffffff94][0x12][0x11]E&%[0x14][0xffffff90]LJD,[0xfffffff3]Sb[0xffffff87]3;%vD[0xffffff9d]RB[0xffffffc8][0xffffff93]M[0x9][0xffffffe9]R6%[0xffffff84]Z[0xffffffb9][0xffffff94][0x8][0xffffffa6][0xffffffa5]R"[0xffffff88][0xfffffff7]BJT[0xffffff95][0x12]c[0xffffffe6][0xffffff9f][0xffffffa4][0xfffffff8]|[0x1f]8%[0xffffffaa]AJ[0xffffffd4][0xffffffc8]{"[0xffffffe0][0x15]K[0xffffff89][0xffffffea][0xffffff94][0x12][0x11]E&%[0x14][0xffffff90]LJD,[0xfffffff3]Sb[0xffffff87]3;%vD[0xffffff9d]RB[0xffffffc8][0xffffff93]M[0x9][0xffffffe9]R6%[0xffffff84]Z[0xffffffb9][0xffffff94][0x8][0xffffffa6][0xffffffa5]R"[0xffffff88][0xfffffff7]RJT[0xffffffb3][0xffffff94][0xffffffa8]xJT[0xffffff83][0xffffff94][0xffffffa8]hJT,%[0xffffffaa]SJ[0xffffffec](R)[0x11][0xffffff81][0xffffffa4]Rb[0xffffffc7][0xffffff92]H[0xffffff89][\n]"
[DEBUG] http-outgoing-1 << "[0xffffffa7]D5N[0xffffff89] O:%[0xffffff84]K[0xffffffe9][0xffffff94][0x8]j%S[0xffffffa2][0xffffffba][0xffffffa4]D[0xfffffffd][0xffffffe9][0xffffff94]h[0xffffffe2][0xffffffab][0xffffffc4]*g[0xffffffa5]R[0xffffffa2][0xffffffe1]_%[0xffffff9a][0xffffffc1]W[0xffffff89][0x16][0xffffffd3]9[0x11][0xfffffff0][0xffffff86]}[0xffffff95]hN_%"[0xffffff8a]LJ( [0xffffff99][0xffffff94][0xffffff88]X[0xffffffe6][0xffffffa7][0xffffffc4][0xe]gvJ[0xffffffec][0xffffff88]:[0xffffffa5][0xffffff84][0xffffff90]'[0xffffff9b][0x12][0xffffffd2][0xffffffa5]lJ[0x8][0xffffffb5]r)[0x11]LK[0xffffffa5]D[0x10][0xffffffef][0xffffff85][0xffffff94]8UJ[0xffffffb4]vP)q[0xffffffe2])q[0x1a][0xffffffa4][0xffffffc4][0x19]yO[0x4][0xfffffffc][0xffffffc4]R[0xffffffe2]tJ[0xffffff89][0xffffff88]"[0xffffff93][0x12][\n]"
[DEBUG] http-outgoing-1 << "H&%"[0xffffff96][0xfffffff9])[0xffffffb1][0xffffffc3][0xffffff99][0xffffff9d][0x12];[0xffffffa2]N)![0xffffffe4][0xffffffc9][0xffffffa6][0xffffff84]t)[0xffffff9b][0x12]B[0xffffffad]\J[0x4][0xffffffd3]R)[0x11][0xffffffc4]{)%[0xffffff8a]YJ`[0xffffffbb]2[0xffffffbf][0xffffffbc][0x1][0xffffff9f][0x12][0xffffffc8][0xffffffa6][0xffffffcc]/O[0xffffffa7]R[0xffffffc2]aO[0xffffffe6]S[0x14][0xffffffa9][0xffffff94][0xffffffc0][0xffffffb7]d>[0xffffffc5][0xffffff92]H[0x9]hG[0xffffffe6][0x13]D[0xffffffbd]R[0xffffffc2]eC[0xffffffe6][0xffffff8f]\J[0xffffffa7][0xffffff84][0xffffffc3]~[0xffffffcc]g[0xffffffa6][0xffffffe5]R[0xffffffe2]'[0xffffffb6]c~[0xfffffffc][0x1b]]}[0xffffff95][0xffffff98]mP)[0xffffffd1][0xfffffff1][0xffffffaf][0x12][0xffffffdd][0xffffffe0][0xffffffab]D[0xffffff8f][0xffffffe9][0xffffff9c][0x8]x[0xffffffc7][0xffffffbe]Jt[0xffffffa7][0xffffffaf][0x12][0x11]E&%[0x14][0xffffff90]LJD,[0xfffffff3]Sb[0xffffff87]3;%vD[0xffffff9d]RB[0xffffffc8][0xffffff93]M[0x9][0xffffffe9]R6%[0xffffff84]Z[0xffffffb9][0xffffff94][0x8][0xffffffa6][0xffffffa5]R"[0xffffff88][0xfffffff7]BJ[0xc][0xffffff95][0x12][0xffffffeb][0xffffffc0][0xffffffbe]J[0xc]<%[0xffffff86]AJ[0xffffff8c][0xffffffc8]{"[0xffffffe0][0x3]K[0xffffff89][0xffffffe1][0xffffff94][0x12][0x11]E&%[0x14][0xffffff90]LJD,[0xfffffff3]Sb[0xffffff87]3;%vD[0xffffff9d]RB[0xffffffc8][0xffffff93]M[0x9][0xffffffe9]R6%[0xffffff84]Z[0xffffffb9][0xffffff94][0x8][0xffffffa6][0xffffffa5]R"[0xffffff88][0xfffffff7]BJL[0xffffff99][0x12][0x1d][0xffffffdb]v9[0xfffffff1][0xffffff94][0xffffff98][0x6])1#[0xffffffef][0xffffff89][0xffffff80]O,%[0xffffffa6]SJD[0x14][0xffffff99][0xffffff94]P@2)[0x11][0xffffffb1][0xffffffcc]O[0xffffff89][0x1d][0xffffffce][0xffffffec][0xffffff94][0xffffffd8][0x11]uJ[0x9]!O6%[0xffffffa4]K[0xffffffd9][0xffffff94][0x10]j[0xffffffe5]R"[0xffffff98][0xffffff96]J[0xffffff89] [0xffffffde][0xb])[0xffffffb1]bJ[0xffffff94][0xffffffdb][0xffffff8d][0xfffffffb]*[0xffffffb1][0xfffffff0][0xffffff94]X[0x6])[0xffffffb1]"[0xffffffef][0xffffff89][0xffffff80]/,%[0xffffff96]SJD[0x14][0xffffff99][0xffffff94]P@2)[0x11][0xffffffb1][0xffffffcc]O[0xffffff89][0x1d][0xffffffce][0xffffffec][0xffffff94][0xffffffd8][0x11]uJ[0x9]!O6%[0xffffffa4]K[0xffffffd9][0xffffff94][0x10]j[0xffffffe5]R"[0xffffff98][0xffffff96]J[0xffffff89] [0xffffffde][0xffffffd7]S[0xffffffe2]8TJ[0xffffff94]J[0xffffffed][0xffffff95]x{[0x1f]6%[0x1e]o[0x0][0xffffffa7][0xffffffc4][0xfffffff7]w@R[0xffffffe2][0xfffffff1]t$%[0xffffffbe]=[0xffffffd9]"%[0x4][0xffffff8a]HJH [0xffffff91][0xffffff94][0x10]X[0xffffffa6][0xffffffa7]D[0xffffff80]39%[0x2][0xffffffa2]F)[0xffffffa1][0xffffffe4][0xffffff89][0xffffffa6][0xffffff84]v)[0xffffff9a][0x12]J[0xffffffad]XJD[0xffffffd3]B)[0x11][0xffffffc5]{!%[0xffffffc4]^[0xffffff89]r[[0xffffffb7]F[0xffffffa5][0x4][0xffffffbe]W[0xffffffe2]0[0xffffffd8]+q[0xffffff88][0xffffffe1][0xffffffe7]D[0xffffffc0][0xffffffb1][0xffffffbd][0x12]G[0x18]o&S[0xffffffc2]"
[DEBUG] http-outgoing-1 << "d[0xffffffaf][0xffffff84][0x4][0xffffff92]I[0x9][0xffffff83][0xffffffbd][0x12][0x1][0xffffffce][0xffffffec][0xffffff94]0[0xffffffde]+[0xffffffa1][0xffffffe4][0xffffffc9][0xffffffa6][0xffffff84][0xffffffdf]^[0x9][0xffffffa5]V.%\[0xfffffff6]JD[0xfffffff1]^H[0x9]1[0xc]Z[0xffffff8e][0xffffffb2]N*%[0xfffffff0]a[0xffffffd0][0xffffffc3]`[0x18][0xfffffff4][0x10][0x13]K[0xffffff89][0xffffff80]c[0xffffffc3][0xffffffa0]G[0xffffff98]I"S[0xffffffc2]d[0x18]T[0x2][0xffffffc9][0xffffffa4][0xffffff84][0xffffffc1]0h[0xffffff80]3;%[0xffffff8c][0xffffff87]A[0xffffff95]<[0xffffffd9][0xffffff94][0xfffffff0][0x1b][0x6]Uj[0xffffffe5]R[0xffffffc2]e[0x18]4[0xffffff8a][0xfffffff7]BJ[0xffffffa8][0xffffffb3][0x12][0xffffffa5]O[0xffffffea]f[0xffffffd0][0x3]?+q[0x18][0xffffff9c][0xffffff95]8[0xffffffc4][0xf]z[0xffffff89][0xffffff80]cg%[0xffffff8e][0xfffffff0][0xffffff93][0x1d][0xffffff99][0x12]&g%$[0xffffff90]LJ[0x18][0xffffff9c][0xffffff95][0x8]pf[0xffffffa7][0xffffff84][0xfffffff1]Y[0x9]%O6%[0xfffffffc][0xffffffce]J([0xffffffb5]r)[0xffffffe1]rV"[0xffffff8a][0xfffffff7][0xfffffff5][0xffffff94](7[0xffffff95][0x12][0xffffffeb]F[0xffffff9d][0xffffff95]x{[0x1f]6%[0xffffffca]M[0xffffffe1][0xffffff9f][0xffffffcb][0xfffffffb][0xfffffff7]w@R[0xffffffa2][0xffffffdc][0xffffffa8][0xffffff94][0xfffffff8][0xfffffff6]d[0xffffff8b][0xffffff94][0x10](")![0xffffff81]DRB`[0xffffff99][0xffffff9e][0x12][0x1][0xffffffce][0xffffffe4][0xffffff94][0x8][0xffffff88][0x1a][0xffffffa5][0xffffff84][0xffffff92]'[0xffffff9a][0x12][0xffffffda][0xffffffa5]hJ([0xffffffb5]b)[0x11]M[0xb][0xffffffa5]D[0x14][0xffffffef][0xffffff85][0xffffff94][0x10][0xffffff97][0xffffff8c][0xffffff97]Z[0xffffffcb][0xffffff8d]J[0x9][0xfffffffc][0xffffff92][0xfffffff1]bp[0xffffffc9]x[0x11]7[0xffffffe1]&[0x2][0xffffff8e]]2^[0xffffffc2]][0xffffffb7]dJ[0xffffff98]\2.[0xffffff81]dR[0xffffffc2][0xffffffe0][0xffffff92][0xfffffff1][0x0]gvJ[0x18]_2[0xffffffae][0xffffffe4][0xffffffc9][0xffffffa6][0xffffff84][0xffffffdf]%[0xffffffe3]J[0xffffffad]\J[0xffffffb8]\2[0x1e][0xffffffc5]{!%[0xffffffc4]%[0xffffffe3][0xfffffff7][0xffffff94][0xffffffc0][0xffffffae][0xfffffff3]*[0xfffffff8]%[0xffffffe3][0xffffffc5][0xffffffe0][0xffffff92][0xfffffff1]"n[0xffffffc2]M[0x4][0x1c][0xffffffbb]d[0xffffffbc][0xffffff84][0xffffffbb]n[0xffffffc9][0xffffff94]0[0xffffffb9]d\[0x2][0xffffffc9][0xffffffa4][0xffffff84][0xffffffc1]%[0xffffffe3][0x1][0xffffffce][0xffffffec][0xffffff94]0[0xffffffbe]d\[0xffffffc9][0xffffff93]M[0x9][0xffffffbf]K[0xffffffc6][0xffffff95]Z[0xffffffb9][0xffffff94]p[0xffffffb9]d<[0xffffff8a][0xfffffff7]BJ[0xffffffa8][0x9][0xffffff8e]Z'[0xfffffff6]U[0x2][0xffffff9f][0xffffffe0]([0x6][0x13][0x1c]E[0x1c]3N[0x4][0x1c][0xffffff9b][0xffffffe0]([0xffffffe1] 1[0xffffff99][0x12]&[0x13][0x1c][0x12]H&%[0xc]&8[0x2][0xffffff9c][0xffffffd9])a<[0xffffffc1][0xffffffa1][0xffffffe4][0xffffffc9][0xffffffa6][0xffffff84][0xffffffdf][0x4][0xffffff87]R+[0xffffff97][0x12].[0x13][0x1c]Q[0xffffffbc][0x17]RB[0xffffffdc][0xc]Zj[0xffffffab][0xffffffd4][0x1d][0x1c][0x5][0xffffffbf][0x19][0xffffffb4][0x18][0xffffffdc][0xc]Z[0xffffffc4][0xfffffff5]u[0xffffff89][0xffffff80]c7[0xffffff83][0xffffff96]pA[0x1d][0xffffff99][0x12]&7[0xffffff83]J [0xffffff99][0xffffff94]0[0xffffffb8][0x19]4[0xffffffc0][0xffffff99][0xffffff9d][0x12][0xffffffc6]7[0xffffff83]*y[0xffffffb2])[0xffffffe1]w3[0xffffffa8]R+[0xffffff97][0x12].7[0xffffff83]F[0xfffffff1]^H[0x9]q[0xffffff9d]W[0xffffffa9][0xffffffe7][0xffffffa2]&8[\n]"
[DEBUG] http-outgoing-1 << "~[0xffffff9d]W1[0xffffffb8][0xffffffce][0xffffffab][0xffffff88];g[0x12][0x1][0xffffffc7][0xffffffae][0xfffffff3]*[0xffffffe1]V[0x19]2%L[0xffffffae][0xfffffff3][0xffffff92]@2)ap[0xffffff9d]W[0xffffff80]3;%[0xffffff8c][0xffffffaf][0xfffffff3]R[0xfffffff2]dS[0xffffffc2][0xffffffef]:/[0xffffffa5]V.%\[0xffffffae][0xfffffff3][0xffffff8a][0xffffffe2][0xffffffbd][0xffffff90][0x12][0xffffffe2]:[0xffffffaf][0xffffffd2]n'[0xffffffb5]W[0xffffffa2][0xffffffe0][0xffffffd7]y[0x15][0xffffff83][0xffffffeb][0xffffffbc][0xffffff8a][0xffffffb8]s&[0x11]p[0xffffffec]:[0xffffffaf][0x12]n[0xffffff95]!S[0xffffffc2][0xffffffe4]:/[0x9]$[0xffffff93][0x12][0x6][0xffffffd7]y[0x5]8[0xffffffb3]S[0xffffffc2][0xfffffff8]:/%O6%[0xfffffffc][0xffffffae][0xfffffff3]Rj[0xffffffe5]R[0xffffffc2][0xffffffe5]:[0xffffffaf]([0xffffffde][0xb])![0xffffffae][0xfffffff3]*[0xffffffad][0xffffff8c]F[0xffffffa5][0x4]~[0xffffff9d]W1[0xffffffb8][0xffffffce][0xffffffab][0xffffff88];g[0x12][0x1][0xffffffc7][0xffffffae][0xfffffff3]*[0xffffffe1]V[0x19]2%L[0xffffffae][0xfffffff3][0xffffff92]@2)ap[0xffffff9d]W[0xffffff80]3;%[0xffffff8c][0xffffffaf][0xfffffff3]R[0xfffffff2]dS[0xffffffc2][0xffffffef]:/[0xffffffa5]V.%\[0xffffffae][0xfffffff3][0xffffff8a][0xffffffe2][0xffffffbd][0xffffff94][0x12]q[0xffffffdb]%[0xffffff9b][0x12][0xfffffff0][0xffffffb6][0xffffffcb][0xffffffc7][0x1b][0xfffffff0])[0x1]n[0xffffffbb]|<[0xffffff9d]J[0x9][0xffffff9f]m[0xffffff97][0x2]E*%L[0xffffffb6]][\n]"
[DEBUG] http-outgoing-1 << ",[0xffffff89][0xffffff94]@[0xffffffb7]][0x6]D[0xffffffbd]R[0xffffffc2]k[0xffffffdb][0xffffffa5]v)[0xffffff9d][0x12]>[0xffffffdb].[0xffffffa3]i[0xffffffb9][0xffffff94][0xfffffff8][0xffffffe9]m[0xffffff97]Em[0xffffffbb]l[0xffffffe3]F[0xffffffdd][0xc]Z[0xfffffff0]m[0xffffff97][0xffffffc5]`[0xffffffdb]e[0x11]+[0xffffffd9][0x12][0x1][0xffffffc7][0xffffffb6]][0xffffff96][0xffffffb0]t[0xffffff8d]L[0x9][0xffffff93]m[0xffffff97][0x12]H&%[0xc][0xffffffb6]][0x6]8[0xffffffb3]S[0xffffffc2]x[0xffffffdb][0xffffffa5][0xffffff92]'[0xffffff9b][0x12]~[0xffffffdb].[0xffffff95]Z[0xffffffb9][0xffffff94]p[0xffffffd9]v[0x19][0xffffffc5][0xfffffffb]zJT[0xffffffb5][0xffffffed][0xffffffb2]q[0xffffffdb].+[0xffffffbe][0xffffffed][0xffffffb2][0x1a]l[0xffffffbb][0xffffffac]b%[[0x1e][0xffffffe0][0x15][0xffffffdb]vY[0xffffffc3][0xffffffd2]50%[0x4][0xffffff8a]HJH [0xffffff91][0xffffff94][0x10]X[0xffffffa6][0xffffffa7]D[0xffffff80]39%[0x2][0xffffffa2]F)[0xffffffa1][0xffffffe4][0xffffff89][0xffffffa6][0xffffff84]v)[0xffffff9a][0x12]J[0xffffffad]XJD[0xffffffd3]B)[0x11][0xffffffc5]{!%[0xffffffd4][0xffffff8a][0xffffffaa]svj[0x18][0xffffffb4][0xffffffe2]+[0xffffffaa][0xffffffaa][0xffffffc1][0xffffff8a][0xffffffaa]*[0xfffffff6][0xffffffa8]$[0x2][0xffffff8e][0xffffffad][0xffffffa8][0xffffffaa]aS[\n]"
[DEBUG] http-outgoing-1 << "[0xffffff99][0x12]&+[0xffffffaa]$[0xffffff90]LJ[0x18][0xffffffac][0xffffffa8][\n]"
[DEBUG] http-outgoing-1 << "pf[0xffffffa7][0xffffff84][0xfffffff1][0xffffff8a]*%O6%[0xfffffffc]VT)[0xffffffb5]r)[0xffffffe1][0xffffffb2][0xffffffa2]*[0xffffff8a][0xfffffff7]BJ[0xffffffa8][0x15]U[0xfffffffd]6[0xffffffb0][0xffffffaf][0x12][0xfffffff8][0xffffff8a][0xffffffaa]j[0xffffffb0][0xffffffa2][0xffffffaa][0xffffff8a]=*[0xffffff89][0xffffff80]c+[0xffffffaa]j[0xffffffd8][0xffffff94]B[0xffffffa6][0xffffff84][0xffffffc9][0xffffff8a]*[0x9]$[0xffffff93][0x12][0x6]+[0xffffffaa][0x2][0xffffff9c][0xffffffd9])a[0xffffffbc][0xffffffa2]J[0xffffffc9][0xffffff93]M[0x9][0xffffffbf][0x15]UJ[0xffffffad]\J[0xffffffb8][0xffffffac][0xffffffa8][0xffffff8a][0xffffffe2][0xffffffbd][0xffffff90][0x12]j[0xffffffaf]D?[0xffffffb1][0x15]U[0x15][0xffffffdf]+Q[\r][0xfffffff6]JT1[0xfffffffc][0xffffff9c][0x8]8[0xffffffb6]W[0xffffffa2][0xffffff86][0xfffffff1]f2%L[0xfffffff6]JH [0xffffff99][0xffffff94]0[0xffffffd8]+[0x11][0xffffffe0][0xffffffcc]N[0x9][0xffffffe3][0xffffffbd][0x12]J[0xffffff9e]lJ[0xfffffff8][0xffffffed][0xffffff95]Pj[0xffffffe5]R[0xffffffc2]e[0xffffffaf]D[0x14][0xffffffef][0xffffff85][0xffffff94]P{%zo[0xffffff8d]J[0x9]|[0xffffffaf]D5[0xffffffd8]+Q[0xffffffc5][0xfffffff0]s"[0xffffffe0][0xffffffd8]^[0xffffff89][0x1a][0xffffffc6][0xffffff9b][0xffffffc9][0xffffff94]0[0xffffffd9]+![0xffffff81]dR[0xffffffc2]`[0xffffffaf]D[0xffffff80]3;%[0xffffff8c][0xfffffff7]J(y[0xffffffb2])[0xffffffe1][0xffffffb7]WB[0xffffffa9][0xffffff95]K[0x9][0xffffff97][0xffffffbd][0x12]Q[0xffffffbc][0x17]RBMp[0xffffff8c]cR[0xffffffd7]yU|[0xffffff82][0xffffffa3][0x1a]LpTq[0xffffffcc]8[0x11]pl[0xffffff82][0xffffffa3][0xffffff86][0xffffff83][0xffffffc4]dJ[0xffffff98]LpH [0xffffff99][0xffffff94]0[0xffffff98][0xffffffe0][0x8]pf[0xffffffa7][0xffffff84][0xfffffff1][0x4][0xffffff87][0xffffff92]'[0xffffff9b][0x12]~[0x13][0x1c]J[0xffffffad]\J[0xffffffb8]LpD[0xfffffff1][0xffffffbe][0xffffff9e][0x12]MMp[0xffffff8c]zv(%[0x1a]>[0xffffffc1][0xffffffd1][0xc]&8[0xffffff9a]8f[0xffffff9c][0x7]x[0xffffffc3]&8Z8H[0xc][0xffffffa6][0xffffff84]@[0x11]I[0x9][0x9]$[0xffffff92][0x12][0x2][0xffffffcb][0xfffffff4][0xffffff94][0x8]p&[0xffffffa7]D@[0xffffffd4](%[0xffffff94]<[0xffffffd1][0xffffff94][0xffffffd0].ESB[0xffffffa9][0x15]K[0xffffff89]hZ(%[0xffffffa2]x/[0xffffffa4][0xffffffc4][0xffffffa1]Rb[0xffffff9c][0xffffffd4][0x1d][0x1c]o[0xffffffef][0x3][0xffffffa7][0xffffffc4]a[0xffffff90][0x12]G[0xffffffe4]=[0x11][0xfffffff0][0x3]K[0xffffff89][0xffffffc3])%"[0xffffff8a]LJ( [0xffffff99][0xffffff94][0xffffff88]X[0xffffffe6][0xffffffa7][0xffffffc4][0xe]gvJ[0xffffffec][0xffffff88]:[0xffffffa5][0xffffff84][0xffffff90]'[0xffffff9b][0x12][0xffffffd2][0xffffffa5]lJ[0x8][0xffffffb5]r)[0x11]"
[DEBUG] http-outgoing-1 << "LK[0xffffffa5]D[0x10][0xffffffef][0xffffff85][0xffffff94](*%[0xffffffd6][0xffffffb9][0xffffffa8][0xffffff94](xJ[0x14][0xffffff83][0xffffff94]([0xffffff91][0xfffffff7]D[0xffffffc0][0xb][0xffffff96][0x12][0xffffffc5])%"[0xffffff8a]LJ( [0xffffff99][0xffffff94][0xffffff88]X[0xffffffe6][0xffffffa7][0xffffffc4][0xe]gvJ[0xffffffec][0xffffff88]:[0xffffffa5][0xffffff84][0xffffff90]'[0xffffff9b][0x12][0xffffffd2][0xffffffa5]lJ[0x8][0xffffffb5]r)[0x11]LK[0xffffffa5]D[0x10][0xffffffef][0xffffff85][0xffffff94]P{%f9[0xffffffa9]a[0xffffffd0][0xffffff86][0xffffffef][0xffffff95]h[0x6]{%[0xffffff9a][0x18]~N[0x4][0x1c][0xffffffdb]+[0xffffffd1][0xffffffc2]x3[0xffffff99][0x12]&{%$[0xffffff90]LJ[0x18][0xffffffec][0xffffff95][0x8]pf[0xffffffa7][0xffffff84][0xfffffff1]^[0x9]%O6%[0xfffffffc][0xfffffff6]J([0xffffffb5]r)[0xffffffe1][0xffffffb2]W"[0xffffff8a][0xfffffff7]BJ[0xffffffa8][0xffffffbd][0x12][0xffffffb3]5jqv[0xffffffc3][0xfffffff7]J4[0xffffff83][0xffffffbd][0x12]M[0xc]?'[0x2][0xffffff8e][0xffffffed][0xffffff95]ha[0xffffffbc][0xffffff99]L[0x9][0xffffff93][0xffffffbd][0x12][0x12]H&%[0xc][0xfffffff6]J[0x4]8[0xffffffb3]S[0xffffffc2]x[0xffffffaf][0xffffff84][0xffffff92]'[0xffffff9b][0x12]~{%[0xffffff94]Z[0xffffffb9][0xffffff94]p[0xffffffd9]+[0x11][0xffffffc5]{!%N[0xffffff95][0x12][0xffffffbd]b_%N<%N[0xffffff83][0xffffff94]8#[0xffffffef][0xffffff89][0xffffff80][0xffffff9f]XJ[0xffffff9c]N)[0x11]QdRB[0x1][0xffffffc9][0xffffffa4]D[0xffffffc4]2?%v8[0xffffffb3]SbG[0xffffffd4])%[0xffffff84]<[0xffffffd9][0xffffff94][0xffffff90].eSB[0xffffffa8][0xffffff95]K[0xffffff89]`Z*%[0xffffff82]x/[0xffffffa4][0xffffff84]ZQ5[0xffffffc7]8[0xffffffa9][0xffffff94][0xffffffc0]WT5[0xffffff83][0x15]UM[0xffffffec]QI[0x4][0x1c][Q[0xffffffd5][0xffffffc2][0xffffffa6][0x14]2%LVTI [0xffffff99][0xffffff94]0XQ[0x15][0xffffffe0][0xffffffcc]N[0x9][0xffffffe3][0x15]UJ[0xffffff9e]lJ[0xfffffff8][0xffffffad][0xffffffa8]Rj[0xffffffe5]R[0xffffffc2]eEU[0x14][0xffffffef][0xffffff85][0xffffff94]P+[0xffffffaa][0xffffffe6]:[0xffffffb0][0xffffffaf][0x12][0xfffffff8][0xffffff8a][0xffffffaa]f[0xffffffb0][0xffffffa2][0xffffffaa][0xffffff89]=*[0xffffff89][0xffffff80]c+[0xffffffaa]Z[0xffffffd8][0xffffff94]B[0xffffffa6][0xffffff84][0xffffffc9][0xffffff8a]*[0x9]$[0xffffff93][0x12][0x6]+[0xffffffaa][0x2][0xffffff9c][0xffffffd9])a[0xffffffbc][0xffffffa2]J[0xffffffc9][0xffffff93]M[0x9][0xffffffbf][0x15]UJ[0xffffffad]\J[0xffffffb8][0xffffffac][0xffffffa8][0xffffff8a][0xffffffe2][0xffffffbd][0xffffff90][0x12]S[0xffffffa6][0xffffffc4][0xffffffe3]5[0xffffff91][0xffffff94][0xffffff98]xJL[0xffffff83][0xffffff94][0xffffff98][0xffffff91][0xfffffff7]D[0xffffffc0]'[0xffffff96][0x12][0xffffffd3])%"[0xffffff8a]LJ( [0xffffff99][0xffffff94][0xffffff88]X[0xffffffe6][0xffffffa7][0xffffffc4][0xe]gvJ[0xffffffec][0xffffff88]:[0xffffffa5][0xffffff84][0xffffff90]'[0xffffff9b][0x12][0xffffffd2][0xffffffa5]lJ[0x8][0xffffffb5]r)[0x11]LK[0xffffffa5]D[0x10][0xffffffef][0xffffffeb])q[0xffffffaa][0x15]U[0xffffffeb]6nPJ[0xffffff9c][0xfffffff8][0xffffff8a][0xffffffaa][0xffffffd3]`E[0xffffffd5])[0xfffffff6][0xffffffa8][0xffffffe4][0x1]~b+[0xffffffaa][0xffffffce][0xffffffb0])[0x5]L[0x9][0xffffff81]"[0xffffff92][0x12][0x12]H$%[0x4][0xffffff96][0xffffffe9])[0x11][0xffffffe0]LN[0xffffff89][0xffffff80][0xffffffa8]QJ(y[0xffffffa2])[0xffffffa1]][0xffffff8a][0xffffffa6][0xffffff84]R+[0xffffff96][0x12][0xffffffd1][0xffffffb4]PJD[0xfffffff1]^H[0x9][0xffffffb5]Wb[0xffffffd5][0x1b]u[0xffffff9d][0xffffffd7][0xffffff89][0xffffffef][0xffffff95]8[\r][0xfffffff6]J[0xffffff9c]b[0xfffffff8]9[0x11]pl[0xffffffaf][0xffffffc4][0x19][0xffffffc6][0xffffff9b][0xffffffc9][0xffffff94]0[0xffffffd9]+![0xffffff81]dR[0xffffffc2]`[0xffffffaf]D[0xffffff80]3;%[0xffffff8c][0xfffffff7]J(y[0xffffffb2])[0xffffffe1][0xffffffb7]WB[0xffffffa9][0xffffff95]K[0x9][0xffffff97][0xffffffbd][0x12]Q[0xffffffbc][0x17]RB[\r][0xffffff83][0xffffffae]9[0xffffffa8]a[0xffffffd0][0x13][0x1f][0x6]=[\r][0xffffff86]AO1[0xffffffb1][0xffffff94][0x8]86[0xc]z[0xffffff86][0xffffff99]$2%L[0xffffff86]A%[0xffffff90]LJ[0x18][0xc][0xffffff83][0x6]8[0xffffffb3]S[0xffffffc2]x[0x18]T[0xffffffc9][0xffffff93]M[0x9][0xffffffbf]aP[0xffffffa5]V.%\[0xffffff86]A[0xffffffa3]x/[0xffffffa4][0xffffff84][0xffffff98][0xffffffe0][0xffffffa8][0xffffffb7][0xfffffff3][0xffffff86][0xffffffa5][0x4]>[0xffffffc1]q[0x1a]Lp[0xffffff9c][0xffffffe2][0xffffff98]q"[0xffffffe0][0xffffffd8][0x4][0xffffffc7][0x19][0xe][0x12][0xffffff93])a2[0xffffffc1]![0xffffff81]dR[0xffffffc2]`[0xffffff82]#[0xffffffc0][0xffffff99][0xffffff9d][0x12][0xffffffc6][0x13][0x1c]J[0xffffff9e]lJ[0xfffffff8]Mp([0xffffffb5]r)[0xffffffe1]2[0xffffffc1][0x11][0xffffffc5]{)%[0xffffff8a]YJ[0x14]<%[0xffffff8a]AJ[0x14]4%[\n]"
[DEBUG] http-outgoing-1 << "[0xffffff96][0x12][0xffffffc5])%v[0x14][0xffffffa9][0xffffff94][0xffffff88]@R)[0xffffffb1]cI[0xffffffa4]D[0xffffff81]S[0xffffffa2][0x18][0xffffffa7]D[0xffffff90]'[0xffffff9d][0x12][0xffffffc2][0xffffffa5]tJ[0x4][0xffffffb5][0xffffff92])Q\R[0xffffffa2][0xfffffffc]lJt[0xfffffff5]U[0xffffffa2][0xfffffff4]E[0xffffffed][0xffffff95][0xffffffe8][0xfffffff8]W[0xffffff89]n[0xfffffff0]U[0xffffffa2][0xffffff8b]t[0xffffffce][0x3][0xffffffbc]c_%z[0xffffff88]c0%[0x4][0xffffff8a]HJH [0xffffff91][0xffffff94][0x10]X[0xffffffa6][0xffffffa7]D[0xffffff80]39%[0x2][0xffffffa2]F)[0xffffffa1][0xffffffe4][0xffffff89][0xffffffa6][0xffffff84]v)[0xffffff9a][0x12]J[0xffffffad]XJD[0xffffffd3]B)[0x11][0xffffffc5]{!%[0xffffffc4]^[0xffffff89]Z[0xf][0xffffffec][0xffffffd8]e[0xffffffc7][0xfffffff7]Jt[0xffffff83][0xffffffbd][0x12]][0xc]?'[0x2][0xffffff8e][0xffffffed][0xffffff95][0xffffffe8]a[0xffffffbc][0xffffff99]L[0x9][0xffffff93][0xffffffbd][0x12][0x12]H&%[0xc][0xfffffff6]J[0x4]8[0xffffffb3]S[0xffffffc2]x[0xffffffaf][0xffffff84][0xffffff92]'[0xffffff9b][0x12]~{%[0xffffff94]Z[0xffffffb9][0xffffff94]p[0xffffffd9]+[0x11][0xffffffc5]{)%[0xffffffe2][0xf][0x1c]lJ[0xffffffc0]?p<[0xffffffde][0xffffff80]O[0x9][0xfffffff0][0x7][0xffffff8e][0xffffffc7][0xffffffd3][0xffffffa9][0xffffff94][0xfffffff0][0xfffffff9][0xffffff81]C[0xffffffa0]H[0xffffffa5][0xffffff84][0xffffffc9][0xf][0x1c][0x2]K"%[0xffffffd0][0x1f]8[0x2][0xffffffa2]^)[0xffffffe1][0xfffffff5][0x3][0xffffff87]v)[0xffffff9d][0x12]>?pD[0xffffffd3]r)[0xfffffff1][0xfffffff3]?p[0xffffff8c]_[0xffffffa6]YJL<%[0xffffffa6]AJL4%&[0xffffff96][0x12][0xffffffd3])%v[0x14][0xffffffa9][0xffffff94][0xffffff88]@R)[0xffffffb1]cI[0xffffffa4][0xffffffc4][0xffffff84]Sb[0x1a][0xffffffa7]D[0xffffff90]'[0xffffff9d][0x12][0xffffffc2][0xffffffa5]tJ[0x4][0xffffffb5][0xffffff92])1]Rb[0xfffffffe][0x1d]R[0xffffffe2][0xffffffe8]f-qt<&[0xffffffee][0xffffffaf][0xffffffc0][0xffffffd7][0xffffffc4][0xffffffc7]KP9q[0x7f]<[0xffffffd5][0x13][0xffffffef][0xffffff8f]v[0x9][0xffffff8a][0xffffffc0]#U[0x14][0xffffff82]J*)[0x2][0xffffff9b]DSl[0xffffff84][0xffffffe6]G[0xffffffc5][0xffffffc6][0xffffffa9]WUD[0xffffff8d][0xffffffd2]Y[0xffffffa1][0xffffffac]JwE[0xffffff94],[0x19][0x16][0xffffffbb]s[0xffffffb9][0xffffffb2][0xffffffd8][0x15]|)-[0xffffffda]0K[0xffffff8b]6[0xfffffff0][0xffffffb4][0xffffffb8][0xffffffbf][0x2][0xffffff9f][0x16][0x1f]/A[0xffffffa5][0xffffffc5][0xfffffffd][0xfffffff1]TZ[0xffffffbc]?[0xffffffda]%-[0x2][0xffffff8f]TZ[0x8]*[0xffffffa9][0xffffffb4][0x8]l[0x12]i[0xffffffb1][0x11][0xffffff9a][0xffffff9f][0x16][0x1b][0xffffffa7]^i[0x11]5J[0xffffffa7][0xffffff85][0xffffffb2]*[0xffffff9d][0x16]Q[0xffffffb2]dZ[0xffffffec][0xffffffce][0xffffffe5][0xffffffd2]bW[0xfffffff0][0xffffffa5][0xffffffb4]8[0xffffffdd][0xffffffd2][0xffffffe2][0xffffffe4][0xffffffd3][0xffffffe2]tH[0xffffff8b][0xffffff93]M[0xffffff8b][0xffffff93]K[0xffffff8b][0xffffffd3]*-[0x2][0xffffff8f]TZ[0x8]*[0xffffffa9][0xffffffb4][0x8]l[0x12]iq[0xffffffd2]iq:[0xffffffa7]E[0xffffffd4]([0xffffff9d][0x16][0xffffffca][0xffffffaa]tZD[0xffffffc9][0xffffff92]i[0xffffffb1];[0xffffff97]K[0xffffff8b]][0xffffffc1][0xffffff97][0xffffffd2]b[0xffffff9e]fi1O<-[0xffffffee][0xffffffaf][0xffffffc0][0xffffffa7][0xffffffc5][0xffffffc7]KPiq[0x7f]<[0xffffff95][0x16][0xffffffef][0xffffff8f]vI[0xffffff8b][0xffffffc0]#[0xffffff95][0x16][0xffffff82]J*-[0x2][0xffffff9b]DZl[0xffffff84][0xffffffe6][0xffffffa7][0xffffffc5][0xffffffc6][0xffffffa9]WZD[0xffffff8d][0xffffffd2]i[0xffffffa1][0xffffffac]J[0xffffffa7]E[0xffffff94],[0xffffff99][0x16][0xffffffbb]s[0xffffffb9][0xffffffb4][0xffffffd8][0x15]|)-[0xffffff8e][0xffffffd9][0xffffffcc][0xffffffda][0xffffffe2][0xfffffffe]Fx\[0xffffffbc][0xffffffbd][0x3]_[0x17][0xffffffdf][0xffffffde][0xffffff82][0xffffffca][0xffffff8b][0xffffffb7][0xffffffe7]S}[0xfffffff1][0xfffffff1]l[0xffffff97][0xffffffc0][0xffffff88]PR[0xffffff85][0xffffffa1][0xffffffd0][0xffffffa4][0x12]#[0x2]J4[0xffffffc6][0xffffff8e]i~d[0xffffffec][0xffffffb0]zU[0xffffff86][0x10]*"
[DEBUG] http-outgoing-1 << "[0xffffff9d][0x19][0xffffffd2][0xffffffaf]tg[0x8][0xffffffdd][0xffffff92][0xffffffa1][0x11][0xffffffec][0xffffffcb][0xffffff95]F[0xffffff90][0xfffffff1]+[0xffffffa9]Q[0xffffffde][0xffffffff][0x15]q[0xffffff89]y[0xffffffad][0xffffffa3][0xffffffd6][0xfffffff4][0xffffffd0][0xfffffff8]|[0x1f]*3[0xffffffbe][0xffffffbc][0x1][0x16][0x19][0xffffffdb];$'[0xffffffc6][0xffffff97][0xffffffa7]'[0x7][0xffffffc6][0xffffffaf][0xffffff9f][0xc][0xffffffe7][0xffffffc5]S[0x14][0xffffff93][0xffffffe3][0xffffffe2][0x7]@&[0xffffffa7][0xffffffc5]S,[0x13][0xffffffc3][0xffffffe2][0x9][0xffffff9c]iY[0xfffffff1][0x4]Q[0xffffff8b][0xffffffa8]x.O()~[0xffffffe4]R(([0xffffff9e][0xffffffab][0x15][0xffffffc8][0xffffff89]g[0xffffffa6]M[0xffffff8f][0xffffff89]g[0xffffffe2][0xffffffbd][0xffffff90][0x12]K[0xffffffa5][0xffffffc4]:[0xfffffff2][0x17]s[0x7f][0xffffffbe][0xf][0xffffff9c][0x12][0xffffffcb] %V[0xffffffe4]=[0x11][0xfffffff0][0xffffff85][0xffffffa5][0xffffffc4]rJ[0xffffff89][0xffffff88]"[0xffffff93][0x12][\n]"
[DEBUG] http-outgoing-1 << "H&%"[0xffffff96][0xfffffff9])[0xffffffb1][0xffffffc3][0xffffff99][0xffffff9d][0x12];[0xffffffa2]N)![0xffffffe4][0xffffffc9][0xffffffa6][0xffffff84]t)[0xffffff9b][0x12]B[0xffffffad]\J[0x4][0xffffffd3]R)[0x11][0xffffffc4][0xfffffffb]zJ[0xffffff8c][0xffffff9b]H[0xffffff89]v[0xffffffd4][0x1b][0xffffff94][0x12]o[0xffffffef][0xffffffc3][0xffffffa6][0xffffffc4][0xffffffe3][\r][0xffffffe0][0xffffff94][0xfffffff8][0xfffffffe][0xe]HJ<[0xffffff9e][0xffffff8e][0xffffffa4][0xffffffc4][0xffffffb7]'[[0xffffffa4][0xffffff84]@[0x11]I[0x9][0x9]$[0xffffff92][0x12][0x2][0xffffffcb][0xfffffff4][0xffffff94][0x8]p&[0xffffffa7]D@[0xffffffd4](%[0xffffff94]<[0xffffffd1][0xffffff94][0xffffffd0].ESB[0xffffffa9][0x15]K[0xffffff89]hZ(%[0xffffffa2]x/[0xffffffa5]D5K[0xffffff89][0xffffff8a][0xffffffa7]D5H[0xffffff89][0xffffff8a][0xffffffa6]D[0xffffffc5]R[0xffffffa2]:[0xffffffa5][0xffffffc4][0xffffff8e]"[0xffffff95][0x12][0x11]H*%v,[0xffffff89][0xffffff94][0xffffffa8]pJT[0xffffffe3][0xffffff94][0x8][0xfffffff2][0xffffffa4]SB[0xffffffb8][0xffffff94]N[0xffffff89][0xffffffa0]V2%[0xffffffaa]KJ[0xffffffd4][0xffffffbf]CJ[0xffffffc4][0xffffff81][0xf]6%[0xffffffb0]y[0xffffff8f]/o[0xffffffc0][0xffffffa7][0x4]2[0xffffffed][0xfffffff1][0xffffffe5][0xffffffe9]TJ8[0xffffffcc]z<E[0xffffff91]J[0x9]|[0xffffffd2][0xffffffe3])[0xffffff96]DJ@s[0x1e]O[0x10][0xfffffff5]J[0x9][0xffffff97])[0xffffff8f][0x1f][0xffffffb9][0xffffff94]N[0x9][0xffffff87][0x19][0xffffff8f]g[0xffffffa6][0xffffffe5]R[0xffffffe2]'&<>[0xfffffffe][0xffffff8d]C[0xfffffffd][0xffffffc0][0xffffffd1]F[0xfffffffe]|[0xffffffc7][0xffffffe7][0xfffffffb][0xffffffc0])q[0x18][0xfffffffc][0xffffffc0]q[0xffffffc4][0xffffffaf]p[0xffffff89][0xffffff80][0x1f][0xffffffd8][0xf][0x1c][0xffffff87][0xffffffd3][0xf][0x1c][0x11]E&%[0x14][0xffffff90]LJD,[0xfffffff3]Sb[0xffffff87]3;%vD[0xffffff9d]RB[0xffffffc8][0xffffff93]M[0x9][0xffffffe9]R6%[0xffffff84]Z[0xffffffb9][0xffffff94][0x8][0xffffffa6][0xffffffa5]R"[0xffffff88][0xfffffff7]BJ[0x14][0xffffff95][0x12][0xffffffb3]`_%[\n]"
[DEBUG] http-outgoing-1 << "[0xffffff9e][0x12][0xffffffc5] %J[0xffffffe4]=[0x11][0xfffffff0][0xffffff82][0xffffffa5]DqJ[0xffffff89][0xffffff88]"[0xffffff93][0x12][\n]"
[DEBUG] http-outgoing-1 << "H&%"[0xffffff96][0xfffffff9])[0xffffffb1][0xffffffc3][0xffffff99][0xffffff9d][0x12];[0xffffffa2]N)![0xffffffe4][0xffffffc9][0xffffffa6][0xffffff84]t)[0xffffff9b][0x12]B[0xffffffad]\J[0x4][0xffffffd3]R)[0x11][0xffffffc4]{!%[0xffffffaa]L[0xffffff89]1[0xffffffa9][0xffffff94][0xffffffa8]xJT[0xffffff83][0xffffff94][0xffffffa8][0xffffff91][0xfffffff7]D[0xffffffc0]+[0xffffff96][0x12][0xffffffd5])%"[0xffffff8a]LJ( [0xffffff99][0xffffff94][0xffffff88]X[0xffffffe6][0xffffffa7][0xffffffc4][0xe]gvJ[0xffffffec][0xffffff88]:[0xffffffa5][0xffffff84][0xffffff90]'[0xffffff9b][0x12][0xffffffd2][0xffffffa5]lJ[0x8][0xffffffb5]r)[0x11]LK[0xffffffa5]D[0x10][0xffffffef][0xffffff85][0xffffff94]h"%[0xffffffce][0xffffffda][0x17][0xffffff95][0x12][\r]O[0xffffff89]f[0xffffff90][0x12]-[0xfffffff2][0xffffff9e][0x8]x[0xffffffc3]R[0xffffffa2]9[0xffffffa5]DD[0xffffff91]I[0x9][0x5]$[0xffffff93][0x12][0x11][0xffffffcb][0xfffffffc][0xffffff94][0xffffffd8][0xffffffe1][0xffffffcc]N[0xffffff89][0x1d]Q[0xffffffa7][0xffffff94][0x10][0xfffffff2]dSB[0xffffffba][0xffffff94]M[0x9][0xffffffa1]V.%[0xffffff82]i[0xffffffa9][0xffffff94][0x8][0xffffffe2][0xffffffbd][0xffffff90][0x12][0xffffffa7]J[0xffffff89]vP+[0xffffffaa][0xffffffde][0xffffffde][0x7]N[0xffffff89][0xffffffd3] %[0xffffffce][0xffffffc8]{"[0xffffffe0]'[0xffffff96][0x12][0xffffffa7]SJD[0x14][0xffffff99][0xffffff94]P@2)[0x11][0xffffffb1][0xffffffcc]O[0xffffff89][0x1d][0xffffffce][0xffffffec][0xffffff94][0xffffffd8][0x11]uJ[0x9]!O6%[0xffffffa4]K[0xffffffd9][0xffffff94][0x10]j[0xffffffe5]R"[0xffffff98][0xffffff96]J[0xffffff89] [0xffffffde][0xb])[0xffffffd1]eJ[0xffffff9c][0xffffff9d]J[0xffffff89][0xffffff8e][0xffffffa7]D7H[0xffffff89][0x1e]yO[0x4][0xffffffbc]c)[0xffffffd1][0xffffff9d]R"[0xffffffa2][0xffffffc8][0xffffffa4][0xffffff84][0x2][0xffffff92]I[0xffffff89][0xffffff88]e~J[0xffffffec]pf[0xffffffa7][0xffffffc4][0xffffff8e][0xffffffa8]SJ[0x8]y[0xffffffb2])!][0xffffffca][0xffffffa6][0xffffff84]P+[0xffffff97][0x12][0xffffffc1][0xffffffb4]TJ[0x4][0xfffffff1]^H[0xffffff89]!Sbag%[0x6][0xffffff9e][0x12][0xffffffc3] %F[0xffffffe4]=[0x11][0xfffffff0][0xffffff81][0xffffffa5][0xffffffc4]pJ[0xffffff89][0xffffff88]"[0xffffff93][0x12][\n]"
[DEBUG] http-outgoing-1 << "H&%"[0xffffff96][0xfffffff9])[0xffffffb1][0xffffffc3][0xffffff99][0xffffff9d][0x12];[0xffffffa2]N)![0xffffffe4][0xffffffc9][0xffffffa6][0xffffff84]t)[0xffffff9b][0x12]B[0xffffffad]\J[0x4][0xffffffd3]R)[0x11][0xffffffc4]{!%[0xffffffd4][0x1d][0x1c][0xffffffe7]ybg%[0xfffffff0];8[0xffffff86][0xffffffc1][0x1d][0x1c]C,[0xffffff8a]O[0x4][0x1c][0xffffffbb][0xffffff83]c[0xffffff84]U[0xfffffff0]dJ[0xffffff98][0xffffffdc][0xffffffc1]![0xffffff81]dR[0xffffffc2][0xffffffe0][0xe][0xffffff8e][0x0]gvJ[0x18][0xffffffdf][0xffffffc1][0xffffffa1][0xffffffe4][0xffffffc9][0xffffffa6][0xffffff84][0xffffffdf][0x1d][0x1c]J[0xffffffad]\J[0xffffffb8][0xffffffdc][0xffffffc1][0x11][0xffffffc5]{!%[0xffffffd4][0x1d][0x1c][0xffffffe7][0xffffffb8]a_%[0xfffffff0];8[0xffffff86][0xffffffc1][0x1d][0x1c]C,[0xffffff8a]O[0x4][0x1c][0xffffffbb][0xffffff83]c[0xffffff84]U[0xfffffff0]dJ[0xffffff98][0xffffffdc][0xffffffc1]![0xffffff81]dR[0xffffffc2][0xffffffe0][0xe][0xffffff8e][0x0]gvJ[0x18][0xffffffdf][0xffffffc1][0xffffffa1][0xffffffe4][0xffffffc9][0xffffffa6][0xffffff84][0xffffffdf][0x1d][0x1c]J[0xffffffad]\J[0xffffffb8][0xffffffdc][0xffffffc1][0x11][0xffffffc5]{)%[0xffffff8a]YJ[0x14]<%[0xffffff8a]AJ[0x14]4%[\n]"
[DEBUG] http-outgoing-1 << "[0xffffff96][0x12][0xffffffc5])%v[0x14][0xffffffa9][0xffffff94][0xffffff88]@R)[0xffffffb1]cI[0xffffffa4]D[0xffffff81]S[0xffffffa2][0x18][0xffffffa7]D[0xffffff90]'[0xffffff9d][0x12][0xffffffc2][0xffffffa5]tJ[0x4][0xffffffb5][0xffffff92])Q\R[0xffffffa2][0xfffffffc]lJLu[0xffffff9d]W?n[0xffffffd4][0xf][0x1c][0x13][0xffffffbf][0xffffffce]k[0x1a]\[0xffffffe7]5[0xffffffc5][0xffffff9d]3y[0xffffff80]O[0xffffffec]:[0xffffffaf][0x19]n[0xffffff95][0x1]SB[0xffffffa0][0xffffff88][0xffffffa4][0xffffff84][0x4][0x12]I[0x9][0xffffff81]ezJ[0x4]8[0xffffff93]S" j[0xffffff94][0x12]J[0xffffff9e]hJh[0xffffff97][0xffffffa2])[0xffffffa1][0xffffffd4][0xffffff8a][0xffffffa5]D4-[0xffffff94][0x12]Q[0xffffffbc][0x17]RB-[0xffffffce][0xffffffee]eR_%&[0xffffffbe]8{[0x1a],[0xffffffce][0xffffff9e]b[0xffffffbb]k"[0xffffffe0][0xffffffd8][0xffffffe2][0xffffffec][0x19][0xfffffff6][0xffffffb7][0xffffff92])a[0xffffffb2]8[[0x2][0xffffffc9][0xffffffa4][0xffffff84][0xffffffc1][0xffffffe2][0xffffffec][0x0]gvJ[0x18]/[0xffffffce]V[0xfffffff2]dS[0xffffffc2]oq[0xffffffb6]R+[0xffffff97][0x12].[0xffffff8b][0xffffffb3][0xffffffa3]x/[0xffffffa4]DQ)1[0x1a][0xffffff96][0x12][0x5]O[0xffffff89]b[0xffffff90][0x12]%[0xfffffff2][0xffffff9e][0x8]x[0xffffffc1]R[0xffffffa2]8[0xffffffa5]DD[0xffffff91]I[0x9][0x5]$[0xffffff93][0x12][0x11][0xffffffcb][0xfffffffc][0xffffff94][0xffffffd8][0xffffffe1][0xffffffcc]N[0xffffff89][0x1d]Q[0xffffffa7][0xffffff94][0x10][0xfffffff2]dSB[0xffffffba][0xffffff94]M[0x9][0xffffffa1]V.%[0xffffff82]i[0xffffffa9][0xffffff94][0x8][0xffffffe2][0xffffffbd][0xffffff90][0x12]jqv_[0x7][0xffffff96][0x12][0xfffffff8][0xffffffe2][0xffffffec]i[0xffffffb0]8{[0xffffff8a][0xffffffed][0xffffffae][0xffffff89][0xffffff80]c[0xffffff8b][0xffffffb3]g[0xffffffd8][0xffffffdf]J[0xffffffa6][0xffffff84][0xffffffc9][0xffffffe2]l[0x9]$[0xffffff93][0x12][0x6][0xffffff8b][0xffffffb3][0x3][0xffffff9c][0xffffffd9])a[0xffffffbc]8[[0xffffffc9][0xffffff93]M[0x9][0xffffffbf][0xffffffc5][0xffffffd9]J[0xffffffad]\J[0xffffffb8],[0xffffffce][0xffffff8e][0xffffffe2][0xffffffbd][0xffffff90][0x12]jq[0xfffffff6][0xffffffa8][0xffffffb7][0xffffff93]J[0x9]|q[0xfffffff6]4X[0xffffff9c]=[0xffffffc5]v[0xffffffd7]D[0xffffffc0][0xffffffb1][0xffffffc5][0xffffffd9]3[0xffffffec]o%S[0xffffffc2]dq[0xffffffb6][0x4][0xffffff92]I[0x9][0xffffff83][0xffffffc5][0xffffffd9][0x1][0xffffffce][0xffffffec][0xffffff94]0^[0xffffff9c][0xffffffad][0xffffffe4][0xffffffc9][0xffffffa6][0xffffff84][0xffffffdf][0xffffffe2]l[0xffffffa5]V.%\[0x16]gG[0xfffffff1]^H[0x9][0xffffffb5]8{"
[DEBUG] http-outgoing-1 << "[0xffffffb4][0xffffff85][0x1d][0xffffffbb][0xffffffc4][0x17]gO[0xffffff83][0xffffffc5][0xffffffd9]SlwM[0x4][0x1c][[0xffffff9c]=[0xffffffc3][0xfffffffe]V2%L[0x16]gK [0xffffff99][0xffffff94]0X[0xffffff9c][0x1d][0xffffffe0][0xffffffcc]N[0x9][0xffffffe3][0xffffffc5][0xffffffd9]J[0xffffff9e]lJ[0xfffffff8]-[0xffffffce]Vj[0xffffffe5]R[0xffffffc2]eqv[0x14][0xffffffef][0xffffff85][0xffffff94]P[0xffffff8b][0xffffffb3][0xffffffc7]\[0xffffffd4]%[0xffffffe3][0x13]_[0xffffff9c]=[\r][0x16]gO[0xffffffb1][0xffffffdd]5[0x11]plq[0xfffffff6][0xc][0xfffffffb][[0xffffffc9][0xffffff94]0Y[0xffffff9c]-[0xffffff81]dR[0xffffffc2]`qv[0xffffff80]3;%[0xffffff8c][0x17]g+y[0xffffffb2])[0xffffffe1][0xffffffb7]8[[0xffffffa9][0xffffff95]K[0x9][0xffffff97][0xffffffc5][0xffffffd9]Q[0xffffffbc][0x17]RB-[0xffffffce][0xffffff9e]7[0xffffffec][0xe][0xffffff8e][0xffffff89]/[0xffffffce][0xffffff9e][0x6][0xffffff8b][0xffffffb3][0xffffffa7][0xffffffd8][0xffffffee][0xffffff9a][0x8]8[0xffffffb6]8{[0xffffff86][0xfffffffd][0xffffffad]dJ[0xffffff98],[0xffffffce][0xffffff96]@2)a[0xffffffb0]8;[0xffffffc0][0xffffff99][0xffffff9d][0x12][0xffffffc6][0xffffff8b][0xffffffb3][0xffffff95]<[0xffffffd9][0xffffff94][0xfffffff0][[0xffffff9c][0xffffffad][0xffffffd4][0xffffffca][0xffffffa5][0xffffff84][0xffffffcb][0xffffffe2][0xffffffec]([0xffffffde][0xb])[0xffffffa1][0x16]g[0xffffffcf][0xffffff8a]-[0xffffffce][0xffffff9e][0xfffffff8][0xffffffe2][0xffffffec]i[0xffffffb0]8{[0xffffff8a][0xffffffed][0xffffffae][0xffffff89][0xffffff80]c[0xffffff8b][0xffffffb3]g[0xffffffd8][0xffffffdf]J[0xffffffa6][0xffffff84][0xffffffc9][0xffffffe2]l[0x9]$[0xffffff93][0x12][0x6][0xffffff8b][0xffffffb3][0x3][0xffffff9c][0xffffffd9])a[0xffffffbc]8[[0xffffffc9][0xffffff93]M[0x9][0xffffffbf][0xffffffc5][0xffffffd9]J[0xffffffad]\J[0xffffffb8],[0xffffffce][0xffffff8e][0xffffffe2][0xffffffbd][0xffffff90][0x12]jq[0xfffffff6][0xffffffe4].[0x19][0xffffff9f][0xfffffff8][0xffffffe2][0xffffffec]i[0xffffffb0]8{[0xffffff8a][0xffffffed][0xffffffae][0xffffff89][0xffffff80]c[0xffffff8b][0xffffffb3]g[0xffffffd8][0xffffffdf]J[0xffffffa6][0xffffff84][0xffffffc9][0xffffffe2]l[0x9]$[0xffffff93][0x12][0x6][0xffffff8b][0xffffffb3][0x3][0xffffff9c][0xffffffd9])a[0xffffffbc]8[[0xffffffc9][0xffffff93]M[0x9][0xffffffbf][0xffffffc5][0xffffffd9]J[0xffffffad]\J[0xffffffb8],[0xffffffce][0xffffff8e][0xffffffe2]}=%[0xffffff96][0xffffffda]v9[[0xffffffa5][0xffffffbe]J,|[0xffffffdb][0xffffffe5]2[0xffffffd8]v[0xffffffb9][0xffffffc4]J[0xffffffb6]<[0xffffffc0][0x17][0xffffffb6][0xffffffed]r[0xffffff85][0xffffffa5]k`J[0x8][0x14][0xffffff91][0xffffff94][0xffffff90]@")![0xffffffb0]LO[0xffffff89][0x0]grJ[0x4]D[0xffffff8d]RB[0xffffffc9][0x13]M[0x9][0xffffffed]R4%[0xffffff94]Z[0xffffffb1][0xffffff94][0xffffff88][0xffffffa6][0xffffff85]R"[0xffffff8a][0xfffffff7]BJ[0x14][0xffffff99][0x12][0xffffffeb][0xffffffa0]R[0xffffffa2][0xffffffe0])Q[0xc]R[0xffffffa2]D[0xffffffde][0x13][0x1]/XJ[0x14][0xffffffa7][0xffffff94][0xffffff88](2)[0xffffffa1][0xffffff80]dR"b[0xffffff99][0xffffff9f][0x12];[0xffffff9c][0xffffffd9])[0xffffffb1]#[0xffffffea][0xffffff94][0x12]B[0xffffff9e]lJH[0xffffff97][0xffffffb2])![0xffffffd4][0xffffffca][0xffffffa5]D0-[0xffffff95][0x12]A[0xffffffbc][0x17]RB[0xffffffad][0xffffffa8][0xffffff9a][0xffffffe7][0xffffffa4]~[0xffffffe0]X[0xfffffff8][0xffffff8a][0xffffffaa]e[0xffffffb0][0xffffffa2]j[0xffffff89]=*[0xffffff89][0xffffff80]c+[0xffffffaa]V[0xffffffd8][0xffffff94]B[0xffffffa6][0xffffff84][0xffffffc9][0xffffff8a]*[0x9]$[0xffffff93][0x12][0x6]+[0xffffffaa][0x2][0xffffff9c][0xffffffd9])a[0xffffffbc][0xffffffa2]J[0xffffffc9][0xffffff93]M[0x9][0xffffffbf][0x15]UJ[0xffffffad]\J[0xffffffb8][0xffffffac][0xffffffa8][0xffffff8a][0xffffffe2][0xffffffbd][0xffffff90][0x12]jE[0xffffffd5]\[0x7]5[0xffffffc1][0xffffffb1][0xfffffff0][0x15]U[0xffffffcb]`E[0xffffffd5][0x12]{T[0x12][0x1][0xffffffc7]VT[0xffffffad][0xffffffb0])[0xffffff85]L[0x9][0xffffff93][0x15]U[0x12]H&%[0xc]VT[0x5]8[0xffffffb3]S[0xffffffc2]xE[0xffffff95][0xffffff92]'[0xffffff9b][0x12]~+[0xffffffaa][0xffffff94]Z[0xffffffb9][0xffffff94]pYQ[0x15][0xffffffc5]{!%[0xffffffd4][0xffffff8a][0xffffffaa]u`[0xffffff8b][0xffffffb3][0x17][0xffffffbe][0xffffffa2]j[0x19][0xffffffac][0xffffffa8]Zb[0xffffff8f]J"[0xffffffe0][0xffffffd8][0xffffff8a][0xffffffaa][0x15]6[0xffffffa5][0xffffff90])a[0xffffffb2][0xffffffa2]J[0x2][0xffffffc9][0xffffffa4][0xffffff84][0xffffffc1][0xffffff8a][0xffffffaa][0x0]gvJ[0x18][0xffffffaf][0xffffffa8]R[0xfffffff2]dS[0xffffffc2]oE[0xffffff95]R+[0xffffff97][0x12].+[0xffffffaa][0xffffffa2]x/[0xffffffa5]D1K[0xffffff89][0xffffff82][0xffffffa7]D1H[0xffffff89][0xffffff82][0xffffffa6]D[0xffffffc1]R[0xffffffa2]8[0xffffffa5][0xffffffc4][0xffffff8e]"[0xffffff95][0x12][0x11]H*%v,[0xffffff89][0xffffff94](pJ[0x14][0xffffffe3][0xffffff94][0x8][0xfffffff2][0xffffffa4]SB[0xffffffb8][0xffffff94]N[0xffffff89][0xffffffa0]V2%[0xffffff8a]KJ[0xffffff94][0xffffff9f]N[0x9][0xffffffb5][0xffffffed]r[0xffffff9d][0xffffffc7][0xffffffa0]R[0x2][0xffffffdf]v[0xffffffb9][0xc][0xffffffb6]].[0xffffffb1][0xffffff92]-[0x11]pl[0xffffffdb][0xffffffe5][\n]"
[DEBUG] http-outgoing-1 << "K[0xffffffd7][0xffffffc8][0xffffff94]0[0xffffffd9]v)[0xffffff81]dR[0xffffffc2]`[0xffffffdb]e[0xffffff80]3;%[0xffffff8c][0xffffffb7]]*y[0xffffffb2])[0xffffffe1][0xffffffb7][0xffffffed]R[0xffffffa9][0xffffff95]K[0x9][0xffffff97]m[0xffffff97]Q[0xffffffbc][0x17]RBm[0xffffffbb]\[0xffffffbd]a[0x13][0x1c][0xfffffff8][0xffffffb6][0xffffffcb]e[0xffffffb0][0xffffffed]r[0xffffff89][0xffffff95]l[0xffffff89][0xffffff80]c[0xffffffdb].WX[0xffffffba]F[0xffffffa6][0xffffff84][0xffffffc9][0xffffffb6]K[0x9]$[0xffffff93][0x12][0x6][0xffffffdb].[0x3][0xffffff9c][0xffffffd9])a[0xffffffbc][0xffffffed]R[0xffffffc9][0xffffff93]M[0x9][0xffffffbf]m[0xffffff97]J[0xffffffad]\J[0xffffffb8]l[0xffffffbb][0xffffff8c][0xffffffe2][0xffffffbd][0xffffff90][0x12]bEU[0xffffffbb][0x1d][0xffffffb7]F[0xffffffa5][0x4][0xffffffbe][0xffffffa2]j[0x19][0xffffffac][0xffffffa8]Zb[0xffffff8f]J"[0xffffffe0][0xffffffd8][0xffffff8a][0xffffffaa][0x15]6[0xffffffa5][0xffffff90])a[0xffffffb2][0xffffffa2]J[0x2][0xffffffc9][0xffffffa4][0xffffff84][0xffffffc1][0xffffff8a][0xffffffaa][0x0]gvJ[0x18][0xffffffaf][0xffffffa8]R[0xfffffff2]dS[0xffffffc2]oE[0xffffff95]R+[0xffffff97][0x12].+[0xffffffaa][0xffffffa2]x_N[0xffffff89]r[0x13]+[0xffffffaa][0xffffffda][0xffffffad][0x15][0xffffffe8][0x7][0xffffff8e][0xffffffc7][0xfffffffb][0xffffffa0])[0xfffffff1][0xfffffffe][0x6]lJ|[0xffffffbe][0x3][0xffffff91][0x12][0xffffffef]O'R[0xffffffe2][0xfffffffb][0xffffff93][0x1d]RB[0xffffffa1]H[0xffffffa4][0xffffff84][0x6][0xffffff92]H[0x9][0xffffff85]evJD8sS""[0xffffffea][0xffffff93][0x12]R[0xffffff9e]dJ<q)[0xffffff99][0x12]R[0xffffffad]TJ[0x8][0xffffffd3]2)![0xffffffc4]{!%[0xe][0xffffff95][0x12]g[0xffffff87]~[0xffffffe0]x[0xffffffbc][0xf][0xffffff9c][0x12][0xffffff87]AJ[0x1c][0xffffff91][0xfffffff7]D[0xffffffc0][0xf],%[0xe][0xffffffa7][0xffffff94][0xffffff88](2)[0xffffffa1][0xffffff80]dR"b[0xffffff99][0xffffff9f][0x12];[0xffffff9c][0xffffffd9])[0xffffffb1]#[0xffffffea][0xffffff94][0x12]B[0xffffff9e]lJH[0xffffff97][0xffffffb2])![0xffffffd4][0xffffffca][0xffffffa5]D0-[0xffffff95][0x12]A[0xffffffbc][0x17]R[0xffffffa2][0xffffffa8][0xffffff94][0xffffffe8]'[0xffffffb4][0xffffffa2][0xffffffea][0xfffffff1]>pJ[0x14][0xffffff83][0xffffff94]([0xffffff91][0xfffffff7]D[0xffffffc0][0xb][0xffffff96][0x12][0xffffffc5])%"[0xffffff8a]LJ( [0xffffff99][0xffffff94][0xffffff88]X[0xffffffe6][0xffffffa7][0xffffffc4][0xe]gvJ[0xffffffec][0xffffff88]:[0xffffffa5][0xffffff84][0xffffff90]'[0xffffff9b][0x12][0xffffffd2][0xffffffa5]lJ[0x8][0xffffffb5]r)[0x11]LK[0xffffffa5]D[0x10][0xffffffef][0xffffff85][0xffffff94][0x10][0xffffffdb].[0xffffffdb]m[0xffffffdc]nTJ[0xffffffd0][0xffffffdb].[0xffffffdf][0xffffffdf][0xffffff80]N[0x9]r[0xffffffdb][0xffffffe5][0xfffffffb][0xffffffd3][0xffffff99][0xffffff94]0[0xffffffda]v[0xffffffa9]PdR[0xffffffc2]e[0xffffffdb][0xffffffa5][0xffffffc2]2?%[0xffffffd8]m[0xffffff97][0x11]Q[0xffffffa7][0xffffff94]0[0xffffffdb]v[0xfffffff9][0xffffffc4][0xffffffa5]lJ[0x18]m[0xffffffbb][0x14][0xffffffa6][0xffffffa5]R[0xffffffe2][0xffffffe7][0xffffffb7]][0xffffff96][0xffffff9b][0xffffffd8]vyO[0x9]j[0xffffff82][0xffffffe3][0xfffffff1]>pJ[0xfffffff0][0xffffffdb].?[0xffffffdf][0xffffff81]I[0x9]j[0xffffffdb][0xffffffe5][0xfffffff7]'{[0xffffffa4][0xffffff84][0xffffffc7][0xffffffb6]K[\r]$[0xffffff93][0x12][0xfffffffc][0xffffffb6][0xffffffcb][0x8]gvJ[0xfffffff8]n[0xffffffbb][0xffffff94][0xfffffff2]dS[0xffffffc2]n[0xffffffdb][0xffffffa5]T+[0xffffff97][0x12]&[0xffffffdb].[0xffffff85]x/[0xffffffa4][0xffffff84][0xffffffd8]+[0xffffffd1]n[0xffffffb3]b?p[0xffffffd0]{%[0xffffffde][0xffffffdf][0xffffff80]N[0x9]r[0xffffffaf][0xffffffc4][0xfffffffb][0xffffffd3][0xffffff99][0xffffff94]0[0xffffffda]+[0xffffffa1]PdR[0xffffffc2]e[0xffffffaf][0xffffff84][0xffffffc2]2?%[0xffffffd8][0xffffffbd][0x12][0x11]Q[0xffffffa7][0xffffff94]0[0xffffffdb]+[0xfffffff1][0xffffffc4][0xffffffa5]lJ[0x18][0xffffffed][0xffffff95][0x10][0xffffffa6][0xffffffa5]R[0xffffffe2][0xffffffe7][0xfffffff7]J[0xffffff94][0xffffff9b][0xffffffd8]+qO[0xffffff89][0x9]]2[0xfffffffe]x[0x1f]8%[0xfffffff8][0xffffffbd][0x12][0xffffff9f][0xffffffef][0xffffffc0][0xffffffa4][0x4][0xffffffb5]W[0xffffffe2][0xfffffffb][0xffffff93]=R[0xffffffc2]c[0xffffffaf][0xffffff84][0x6][0xffffff92]I[0x9]~[0xffffffaf]D[0xffffff84]3;%|[0xfffffff7]JHy"
[DEBUG] http-outgoing-1 << "[0xffffffb2])a[0xffffffb7]WB[0xffffffaa][0xffffff95]K[0x9][0xffffff93][0xffffffbd][0x12]B[0xffffffbc][0x17]Rb[0xffffffaa][0xffffff94]X[\r];+1[0xfffffff1][0xffffff94][0xffffff98][0x6])1#[0xffffffef][0xffffff89][0xffffff80]O,%[0xffffffa6]SJD[0x14][0xffffff99][0xffffff94]P@2)[0x11][0xffffffb1][0xffffffcc]O[0xffffff89][0x1d][0xffffffce][0xffffffec][0xffffff94][0xffffffd8][0x11]uJ[0x9]!O6%[0xffffffa4]K[0xffffffd9][0xffffff94][0x10]j[0xffffffe5]R"[0xffffff98][0xffffff96]J[0xffffff89] [0xffffffde][0xb])!WT[0xffffffad][0xffffffd5][0xffffffa8][0xffffff94][0xffffffa0]WT[0xffffffbd][0xffffffbf][0x1][0xffffff9d][0x12][0xffffffe4][0xffffff8a][0xffffffaa][0xfffffff7][0xffffffa7]3)a[0xffffffb4][0xffffffa2]J[0xffffffa1][0xffffffc8][0xffffffa4][0xffffff84][0xffffffcb][0xffffff8a]*[0xffffff85]e~J[0xffffffb0]+[0xffffffaa]"[0xffffffa2]N)a[0xffffffb6][0xffffffa2][0xffffffea][0xffffff89]K[0xffffffd9][0xffffff94]0ZQ%LK[0xffffffa5][0xffffffc4][0xffffffdf]aE[0xffffffd5][0xffffffa1]VT[0x1d]7[0xffffffec][0x7][0xffffff8e][0x3]_Qu[0x18][0xffffffac][0xffffffa8]:[0xffffffc4][0x1e][0xffffff95]<[0xffffffc0][0xf]lE[0xffffffd5][0x11]6[0xffffffa5][0xffffff80])!PDRB[0x2][0xffffff89][0xffffffa4][0xffffff84][0xffffffc0]2=%[0x2][0xffffff9c][0xffffffc9])[0x11][0x10]5J[0x9]%O4%[0xffffffb4]K[0xffffffd1][0xffffff94]Pj[0xffffffc5]R"[0xffffff9a][0x16]J[0xffffff89]([0xffffffde][0xb])[0xffffffa1]VT[0x1d][0x7][0xffffffb6]W[0xffffffe2][0xffffffc0]WT[0x1d][0x6]+[0xffffffaa][0xe][0xffffffb1]G%[0x11]plE[0xffffffd5][0x11]6[0xffffffa5][0xffffff90])a[0xffffffb2][0xffffffa2]J[0x2][0xffffffc9][0xffffffa4][0xffffff84][0xffffffc1][0xffffff8a][0xffffffaa][0x0]gvJ[0x18][0xffffffaf][0xffffffa8]R[0xfffffff2]dS[0xffffffc2]oE[0xffffff95]R+[0xffffff97][0x12].+[0xffffffaa][0xffffffa2]x/[0xffffffa4]DQ)Q[0x16]uV[0xffffffe2][0xffffffed]}[0xffffffe0][0xffffff94]([0x6])Q"[0xffffffef][0xffffff89][0xffffff80][0x17],%[0xffffff8a]SJD[0x14][0xffffff99][0xffffff94]P@2)[0x11][0xffffffb1][0xffffffcc]O[0xffffff89][0x1d][0xffffffce][0xffffffec][0xffffff94][0xffffffd8][0x11]uJ[0x9]!O6%[0xffffffa4]K[0xffffffd9][0xffffff94][0x10]j[0xffffffe5]R"[0xffffff98][0xffffff96]J[0xffffff89] [0xffffffde][0xb])[0xffffffa1][0xfffffff6]J[0x1c][0xffffffad]Rwp[0x1c][0xfffffff8]^[0xffffff89][0xffffffc3]`[0xffffffaf][0xffffffc4]![0xffffff86][0xffffff9f][0x13][0x1][0xffffffc7][0xfffffff6]J[0x1c]a[0xffffffbc][0xffffff99]L[0x9][0xffffff93][0xffffffbd][0x12][0x12]H&%[0xc][0xfffffff6]J[0x4]8[0xffffffb3]S[0xffffffc2]x[0xffffffaf][0xffffff84][0xffffff92]'[0xffffff9b][0x12]~{%[0xffffff94]Z[0xffffffb9][0xffffff94]p[0xffffffd9]+[0x11][0xffffffc5]{!%N[0xffffff95][0x12][0xffffffe7][\r];+q[0xffffffe2])q[0x1a][0xffffffa4][0xffffffc4][0x19]yO[0x4][0xfffffffc][0xffffffc4]R[0xffffffe2]tJ[0xffffff89][0xffffff88]"[0xffffff93][0x12][\n]"
[DEBUG] http-outgoing-1 << "H&%"[0xffffff96][0xfffffff9])[0xffffffb1][0xffffffc3][0xffffff99][0xffffff9d][0x12];[0xffffffa2]N)![0xffffffe4][0xffffffc9][0xffffffa6][0xffffff84]t)[0xffffff9b][0x12]B[0xffffffad]\J[0x4][0xffffffd3]R)[0x11][0xffffffc4]{!%[0xffffffd4][0xffffff8a][0xffffffaa][0xffffffe3][0xffffffec][0xffffff9d]J[0x9]|E[0xffffffd5]a[0xffffffb0][0xffffffa2][0xffffffea][0x10]{T[0x12][0x1][0xffffffc7]VT[0x1d]aS[\n]"
[DEBUG] http-outgoing-1 << "[0xffffff99][0x12]&+[0xffffffaa]$[0xffffff90]LJ[0x18][0xffffffac][0xffffffa8][\n]"
[DEBUG] http-outgoing-1 << "pf[0xffffffa7][0xffffff84][0xfffffff1][0xffffff8a]*%O6%[0xfffffffc]VT)[0xffffffb5]r)[0xffffffe1][0xffffffb2][0xffffffa2]*[0xffffff8a][0xfffffff7]BJ[0xffffffa8][0x15]U[0xffffffc7][0xffffffb9][\n]"
[DEBUG] http-outgoing-1 << "[0xffffff95][0x12][0xfffffff8][0xffffff8a][0xffffffaa][0xffffffc3]`E[0xffffffd5]![0xfffffff6][0xffffffa8]$[0x2][0xffffff8e][0xffffffad][0xffffffa8]:[0xffffffc2][0xffffffa6][0x14]2%LVTI [0xffffff99][0xffffff94]0XQ[0x15][0xffffffe0][0xffffffcc]N[0x9][0xffffffe3][0x15]UJ[0xffffff9e]lJ[0xfffffff8][0xffffffad][0xffffffa8]Rj[0xffffffe5]R[0xffffffc2]eEU[0x14][0xffffffef][0xffffff85][0xffffff94]P+[0xffffffaa][0xffffff8e]^'[0xffffff95][0x12][0xfffffff8][0xffffff8a][0xffffffaa][0xffffffc3]`E[0xffffffd5]![0xfffffff6][0xffffffa8]$[0x2][0xffffff8e][0xffffffad][0xffffffa8]:[0xffffffc2][0xffffffa6][0x14]2%LVTI [0xffffff99][0xffffff94]0XQ[0x15][0xffffffe0][0xffffffcc]N[0x9][0xffffffe3][0x15]UJ[0xffffff9e]lJ[0xfffffff8][0xffffffad][0xffffffa8]Rj[0xffffffe5]R[0xffffffc2]eEU[0x14][0xffffffef][0xffffffeb])Q[0xffffffd4][0xffffffcd][0xffffffa0][0xffffffc7][0xffffff9c]TJ[0x14][0xfffffffc]f[0xffffffd0]bp3h[0x11][0xffffffd7][0xffffffd7][0xffffffe5][0x1]^[0xffffffb0][0xffffff9b]AK[0xffffffb8][0xffffffa0][0xe]L[0x9][0xffffff81]"[0xffffff92][0x12][0x12]H$%[0x4][0xffffff96][0xffffffe9])[0x11][0xffffffe0]LN[0xffffff89][0xffffff80][0xffffffa8]QJ(y[0xffffffa2])[0xffffffa1]][0xffffff8a][0xffffffa6][0xffffff84]R+[0xffffff96][0x12][0xffffffd1][0xffffffb4]PJD[0xfffffff1]^H[0x9]5[0xffffffc1]q[0xffffffff][0xffffff97][0xffffffa9]c[0xffffff97][0x5][0xffffff9f][0xffffffe0]([0x6][0x13][0x1c]E[0x1c]3N[0x4][0x1c][0xffffff9b][0xffffffe0]([0xffffffe1] 1[0xffffff99][0x12]&[0x13][0x1c][0x12]H&%[0xc]&8[0x2][0xffffff9c][0xffffffd9])a<[0xffffffc1][0xffffffa1][0xffffffe4][0xffffffc9][0xffffffa6][0xffffff84][0xffffffdf][0x4][0xffffff87]R+[0xffffff97][0x12].[0x13][0x1c]Q[0xffffffbc][0x17]RBMp[0xffffffbc][0xfffffffd][0xffffffc4]A[0xffffffa5][0x4]>[0xffffffc1]Q[0xc]&8[0xffffff8a]8f[0xffffff9c][0x8]86[0xffffffc1]Q[0xffffffc2]Ab2%L&8$[0xffffff90]LJ[0x18]Lp[0x4]8[0xffffffb3]S[0xffffffc2]x[0xffffff82]C[0xffffffc9][0xffffff93]M[0x9][0xffffffbf][0x9][0xe][0xffffffa5]V.%\&8[0xffffffa2]x/[0xffffffa4][0xffffff84][0xffffff9a][0xffffffe0]([0xffffffa3][0x1f]TJ[0xffffffe0][0x13][0x1c][0xffffffc5]`[0xffffff82][0xffffffa3][0xffffff88]c[0xffffffc6][0xffffff89][0xffffff80]c[0x13][0x1c]%[0x1c]$&S[0xffffffc2]d[0xffffff82]C[0x2][0xffffffc9][0xffffffa4][0xffffff84][0xffffffc1][0x4]G[0xffffff80]3;%[0xffffff8c]'8[0xffffff94]<[0xffffffd9][0xffffff94][0xfffffff0][0xffffff9b][0xffffffe0]Pj[0xffffffe5]R[0xffffffc2]e[0xffffff82]#[0xffffff8a][0xfffffff7]RJ[0x14][0xffffffb3][0xffffff94](xJ[0x14][0xffffff83][0xffffff94](hJ[0x14],%[0xffffff8a]SJ[0xffffffec](R)[0x11][0xffffff81][0xffffffa4]Rb[0xffffffc7][0xffffff92]H[0xffffff89][0x2][0xffffffa7]D1N[0xffffff89] O:%[0xffffff84]K[0xffffffe9][0xffffff94][0x8]j%S[0xffffffa2][0xffffffb8][0xffffffa4]D[0xfffffff9][0xffffffe9][0xffffff94][0x18][0xffffffbf][0xffffffd4][0xffffff98][0x12][0x13][[0xffffff9c][0xfffffffd][0xfffffff6]>pJ[0xffffffbc][0xffffffbd][0x1][0xffffff9d][0x12][0xffffffdf][0xffffffde][0xffffff81]I[0xffffff89][0xffffffb7][0xffffffa7]3)[0xfffffff1][0xfffffff1]d[0xffffff8f][0xffffff94][0xffffff88](2)[0xffffffa1][0xffffff80]dR"b[0xffffff99][0xffffff9f][0x12];[0xffffff9c][0xffffffd9])[0xffffffb1]#[0xffffffea][0xffffff94][0x12]B[0xffffff9e]lJH[0xffffff97][0xffffffb2])![0xffffffd4][0xffffffca][0xffffffa5]D0-[0xffffff95][0x12]A[0xffffffbc][0x17]RB[\r][0xffffff83][0xffffffd6]rb)[0xffffff81][0xf][0xffffff83][0x16][0xffffff83]a[0xffffffd0]"&[0xffffff96][0x12][0x1][0xffffffc7][0xffffff86]AK[0xffffff98]I"S[0xffffffc2]d[0x18]T[0x2][0xffffffc9][0xffffffa4][0xffffff84][0xffffffc1]0h[0xffffff80]3;%[0xffffff8c][0xffffff87]A[0xffffff95]<[0xffffffd9][0xffffff94][0xfffffff0][0x1b][0x6]Uj[0xffffffe5]R[0xffffffc2]e[0x18]4[0xffffff8a][0xfffffff7]BJ,[0xffffff95][0x12][0xffffffad]P+[0xffffffaa][0xffffffde][0xffffffde][0x7]N[0xffffff89][0xffffffa5][0xfffffff0]O[0xffffffe6]}E[0xffffffde][0x13][0x1]_XJ,[0xffffffa7][0xffffff94][0xffffff88](2)[0xffffffa1][0xffffff80]dR"b[0xffffff99][0xffffff9f][0x12];[0xffffff9c][0xffffffd9])[0xffffffb1]#[0xffffffea][0xffffff94][0x12]B[0xffffff9e]lJH[0xffffff97][0xffffffb2])![0xffffffd4][0xffffffca][0xffffffa5]D0-[0xffffff95][0x12]A[0xffffffbc][0xffffffaf][0xffffffa7]DU[0xffffff97][0xffffff8c][0xffffffd7]qR)Q[0xfffffff1]K[0xffffffc6][0xffffffab][0xffffffc1]%[0xffffffe3]U[0xffffffdc][0xffffff84][0xffffff9b][0x7]x[0xffffffc5].[0x19][0xffffffaf][0xffffffe1][0xffffffae][0%[0x4][0xffffff8a]HJH [0xffffff91][0xffffff94][0x10]X[0xffffffa6][0xffffffa7]D[0xffffff80]39%[0x2][0xffffffa2]F)[0xffffffa1][0xffffffe4][0xffffff89][0xffffffa6][0xffffff84]v)[0xffffff9a][0x12]J[0xffffffad]XJD[0xffffffd3]B)[0x11][0xffffffc5]{!%[0xffffffd4][0xffffff8a][0xffffffaa]:k[0xffffffa5]R[0x2]_QU[\r]VTU[0xffffffb1]G%[0x11]plEU[\r][0xffffff9b]R[0xffffffc8][0xffffff94]0YQ%[0xffffff81]dR[0xffffffc2]`EU[0xffffff80]3;%[0xffffff8c]WT)y[0xffffffb2])[0xffffffe1][0xffffffb7][0xffffffa2]J[0xffffffa9][0xffffff95]K[0x9][0xffffff97][0x15]UQ[0xffffffbc][0x17]RB[0xffffffad][0xffffffa8][0xffffffaa]s`)[0xffffff81][0xffffffaf][0xffffffa8][0xffffffaa][0x6]+[0xffffffaa][0xffffffaa][0xffffffd8]"
[DEBUG] http-outgoing-1 << "[0xffffffa3][0xffffff92][0x8]8[0xffffffb6][0xffffffa2][0xffffffaa][0xffffff86]M)dJ[0xffffff98][0xffffffac][0xffffffa8][0xffffff92]@2)a[0xffffffb0][0xffffffa2]*[0xffffffc0][0xffffff99][0xffffff9d][0x12][0xffffffc6]+[0xffffffaa][0xffffff94]<[0xffffffd9][0xffffff94][0xfffffff0][Q[0xffffffa5][0xffffffd4][0xffffffca][0xffffffa5][0xffffff84][0xffffffcb][0xffffff8a][0xffffffaa]([0xffffffde][0xb])[0xffffffa1]VT[0xffffffb5][iTJ[0xffffffe0]+[0xffffffaa][0xffffffaa][0xffffffc1][0xffffff8a][0xffffffaa]*[0xfffffff6][0xffffffa8]$[0x2][0xffffff8e][0xffffffad][0xffffffa8][0xffffffaa]aS[\n]"
[DEBUG] http-outgoing-1 << "[0xffffff99][0x12]&+[0xffffffaa]$[0xffffff90]LJ[0x18][0xffffffac][0xffffffa8][\n]"
[DEBUG] http-outgoing-1 << "pf[0xffffffa7][0xffffff84][0xfffffff1][0xffffff8a]*%O6%[0xfffffffc]VT)[0xffffffb5]r)[0xffffffe1][0xffffffb2][0xffffffa2]*[0xffffff8a][0xfffffff7]RJ[0xffffffc4]aP6%[0xffffffe0]a[0xffffffd0][0xffffffc7][0x1b][0xfffffff0])[0x1][0xe][0xffffff83]>[0xffffff9e]N[0xffffffa5][0xffffff84][0xffffffcf]0[0xffffffa8]@[0xffffff91]J[0x9][0xffffff93]aP[0xffffff81]%[0xffffff91][0x12][0xffffffe8]0h@[0xffffffd4]+%[0xffffffbc][0xffffff86]A[0xffffffb5]K[0xffffffe9][0xffffff94][0xfffffff0][0x19][0x6][0xffffff8d][0xffffffa6][0xffffffe5]R[0xffffffe2][0xffffffa7][0xffffff87]A[0xffffffab]ZQ[0xffffffd5][\n]"
[DEBUG] http-outgoing-1 << "[0xfffffff7][0x3][0x7][0xffffffbe][0xffffffa2][0xffffffaa][0x1a][0xffffffac][0xffffffa8][0xffffffaa]b[0xffffff8f]J"[0xffffffe0][0xffffffd8][0xffffff8a][0xffffffaa][0x1a]6[0xffffffa5][0xffffff90])a[0xffffffb2][0xffffffa2]J[0x2][0xffffffc9][0xffffffa4][0xffffff84][0xffffffc1][0xffffff8a][0xffffffaa][0x0]gvJ[0x18][0xffffffaf][0xffffffa8]R[0xfffffff2]dS[0xffffffc2]oE[0xffffff95]R+[0xffffff97][0x12].+[0xffffffaa][0xffffffa2]x/[0xffffffa4][0xffffffc4]P?p[0xffffff9c][0xffffffd8]%[0xffffffe3]o[0xffffffef][0x3][0xffffffa7][0xffffffc4]P[0x1f][0xffffffe5][0xffffff92]y[0x1f][0xfffffff1]+\"[0xffffffe0][0x3][0xfffffffb][0xffffff81]c8[0xfffffffd][0xffffffc0][0x11]QdRB[0x1][0xffffffc9][0xffffffa4]D[0xffffffc4]2?%v8[0xffffffb3]SbG[0xffffffd4])%[0xffffff84]<[0xffffffd9][0xffffff94][0xffffff90].eSB[0xffffffa8][0xffffff95]K[0xffffff89]`Z*%[0xffffff82]x/[0xffffffa4][0xffffffc4]T_%[0xffffffe6]:[0xffffffa9][0xffffff94][0xffffff98][0xfffffff8]W[0xffffff89]i[0xfffffff0]Ub[0xffffffc6]tN[0x4]|b_%[0xffffffa6][0xffffffd3]W[0xffffff89][0xffffff88]"[0xffffff93][0x12][\n]"
[DEBUG] http-outgoing-1 << "H&%"[0xffffff96][0xfffffff9])[0xffffffb1][0xffffffc3][0xffffff99][0xffffff9d][0x12];[0xffffffa2]N)![0xffffffe4][0xffffffc9][0xffffffa6][0xffffff84]t)[0xffffff9b][0x12]B[0xffffffad]\J[0x4][0xffffffd3]R)[0x11][0xffffffc4]{!%[0xffffffd4][0xffffff8a][0xffffffaa][0xffffffb3][0xffffffdc][0xffffffa8][0xffffff9b]A+[0xffffffbe][0xffffffa2][0xffffffaa][0x1a][0xffffffac][0xffffffa8][0xffffffaa]b[0xffffff8f]J"[0xffffffe0][0xffffffd8][0xffffff8a][0xffffffaa][0x1a]6[0xffffffa5][0xffffff90])a[0xffffffb2][0xffffffa2]J[0x2][0xffffffc9][0xffffffa4][0xffffff84][0xffffffc1][0xffffff8a][0xffffffaa][0x0]gvJ[0x18][0xffffffaf][0xffffffa8]R[0xfffffff2]dS[0xffffffc2]oE[0xffffff95]R+[0xffffff97][0x12].+[0xffffffaa][0xffffffa2]x/[0xffffffa5]D[0xfffffffc]*[0xffffffc1][0xffffffa6][0x4][0xfffffffd]Ub[0x19]|[0xffffff95]X1[0xffffff9d]S[0x1][0xffffffa7][0xffffffbe]J,[0xffffffa7][0xffffffaf][0x12][0x11]E*%\[0xffffffbe]JD,[0xffffff89][0xffffff94]`[0xffffffbf]J[0xffffffec][0xffffff88]z[0xffffffa5][0xffffff84][0xffffffd9]W[0x9][0xffffffe9]R:%[0xffffff8c][0xffffffbe]J[0x4][0xffffffd3]r)[0xfffffff1][0xffffffd3]_%[0xffffffda]M}[0xffffff95]8W[0xffffff83]R[0xffffffe2][0xffffffed]}[0xffffffd8][0xffffff94]x[0xffffffbc][0x1][0xffffff9c][0x12][0xffffffdf][0xffffffdf][0x1]I[0xffffff89][0xffffffc7][0xffffffd3][0xffffff91][0xffffff94][0xfffffff8][0xfffffff6]d[0xffffff8b][0xffffff94][0x10](")![0xffffff81]DRB`[0xffffff99][0xffffff9e][0x12][0x1][0xffffffce][0xffffffe4][0xffffff94][0x8][0xffffff88][0x1a][0xffffffa5][0xffffff84][0xffffff92]'[0xffffff9a][0x12][0xffffffda][0xffffffa5]hJ([0xffffffb5]b)[0x11]M[0xb][0xffffffa5]D[0x14][0xffffffef][0xffffff85][0xffffff94]P[0xffffff8b][0xffffffb3]On[0xffffffdb]e[0xffffffc3][0x17]g7[0xffffff83][0xffffffc5][0xffffffd9]MlwM[0x4][0x1c][[0xffffff9c][0xffffffdd][0xffffffc2][0xfffffffe]V2%L[0x16]gK [0xffffff99][0xffffff94]0X[0xffffff9c][0x1d][0xffffffe0][0xffffffcc]N[0x9][0xffffffe3][0xffffffc5][0xffffffd9]J[0xffffff9e]lJ[0xfffffff8]-[0xffffffce]Vj[0xffffffe5]R[0xffffffc2]eqv[0x14][0xffffffef][0xffffffa5][0xffffff94][0xffffff88]{%[0xffffffd8][0xffffff94][0xffffff80][0xfffffff7]J<[0xffffffde][0xffffff80]O[0x9]p[0xffffffaf][0xffffffc4][0xffffffe3][0xffffffe9]TJ[0xfffffff8][0xffffffec][0xffffff95][0x10](R)a[0xffffffb2]WB`I[0xffffffa4][0x4][0xffffffba]W" [0xffffffea][0xffffff95][0x12]^{%[0xffffffb4]K[0xffffffe9][0xffffff94][0xfffffff0][0xffffffd9]+[0x11]M[0xffffffcb][0xffffffa5][0xffffffc4]O[0xffffffef][0xffffff95][0xffffffb8][0xffffffff][0x1b][0xffffffcd],%[0x1a][0xffffff9e][0x12][0xffffffcd] %[0x1a][0xffffff9a][0x12][\r]K[0xffffff89][0xffffffe6][0xffffff94][0x12];[0xffffff8a]TJD [0xffffffa9][0xffffff94][0xffffffd8][0xffffffb1]$R[0xffffffa2][0xffffffc1])[0xffffffd1][0xffffff8c]S"[0xffffffc8][0xffffff93]N[0x9][0xffffffe1]R:%[0xffffff82]Z[0xffffffc9][0xffffff94]h.)[0xffffffd1][0xfffffffe][0xe])q[0xffffff9a][0xffffffa5][0xffffffc4][0xffffff89][0xffffffa7][0xffffffc4]i[0xffffff90][0x12]'[0xffffff9a][0x12]'[0xffffff96][0x12][0xffffffa7]SJ[0xffffffec](R)[0x11][0xffffff81][0xffffffa4]Rb[0xffffffc7][0xffffff92]H[0xffffff89][0x13]N[0xffffff89][0xffffffd3]8%[0xffffff82]<[0xffffffe9][0xffffff94][0x10].[0xffffffa5]S"[0xffffffa8][0xffffff95]L[0xffffff89][0xffffffd3]%%[0xffffffce][0xffffff9f]N[0x9]u[0xffffff9d]W[0xffffffef][0xffffff85][0xffffff9a][0xffffffe0]h[0xfffffff8]u^[0xffffffcd][0xffffffe0]:[0xffffffaf]&[0xffffffee][0xffffff9c]I[0x4][0x1c][0xffffffbb][0xffffffce][0xffffffab][0xffffff85][e[0xffffffc8][0xffffff94]0[0xffffffb9][0xffffffce]K[0x2][0xffffffc9][0xffffffa4][0xffffff84][0xffffffc1]u^[0x1][0xffffffce][0xffffffec][0xffffff94]0[0xffffffbe][0xffffffce]K[0xffffffc9][0xffffff93]M[0x9][0xffffffbf][0xffffffeb][0xffffffbc][0xffffff94]Z[0xffffffb9][0xffffff94]p[0xffffffb9][0xffffffce]+[0xffffff8a][0xfffffff7]BJ[0xffffffa8][0xffffffeb][0xffffffbc][0xfffffffa]X[0xffffffd4][0xffffffb6][0xffffffcb][0xffffff86]_[0xffffffe7][0xffffffd5][0xc][0xffffffae][0xfffffff3]j[0xffffffe2][0xffffffce][0xffffff99]D[0xffffffc0][0xffffffb1][0xffffffeb][0xffffffbc]Z[0xffffffb8]U[0xffffff86]L[0x9][0xffffff93][0xffffffeb][0xffffffbc]$[0xffffff90]LJ[0x18]\[0xffffffe7][0x15][0xffffffe0][0xffffffcc]N[0x9][0xffffffe3][0xffffffeb][0xffffffbc][0xffffff94]<[0xffffffd9][0xffffff94][0xfffffff0][0xffffffbb][0xffffffce]K[0xffffffa9][0xffffff95]K[0x9][0xffffff97][0xffffffeb][0xffffffbc][0xffffffa2]x/[0xffffffa4]DW)1;[0xfffffff6]U[0xffffffa2][0xffffffe3])[0xffffffd1][\r]R[0xffffffa2]G[0xffffffde][0x13][0x1][0xffffffef]XJt[0xffffffa7][0xffffff94][0xffffff88](2)[0xffffffa1][0xffffff80]dR"b[0xffffff99][0xffffff9f][0x12];[0xffffff9c][0xffffffd9])[0xffffffb1]#[0xffffffea][0xffffff94][0x12]B[0xffffff9e]lJH[0xffffff97][0xffffffb2])![0xffffffd4][0xffffffca][0xffffffa5]D0-[0xffffff95][0x12]A[0xffffffbc][0x17]Rb[0xffffffaa][0xffffff94]X[0x15]K[0xffffff89][0xffffff89][0xffffffa7][0xffffffc4]4H[0xffffff89][0x19]yO[0x4]|b)1[0xffffff9d]R"[0xffffffa2][0xffffffc8][0xffffffa4][0xffffff84][0x2][0xffffff92]I[0xffffff89][0xffffff88]e~J[0xffffffec]pf[0xffffffa7][0xffffffc4][0xffffff8e][0xffffffa8]SJ[0x8]y[0xffffffb2])!][0xffffffca][0xffffffa6][0xffffff84]P+[0xffffff97][0x12][0xffffffc1][0xffffffb4]TJ[0x4][0xfffffff1]^H[0x9][0xffffffb5]8[0xffffffbb][0xffffffaf]5[0xffffffa8][0xffffff94][0xffffffc0][0x17]g7[0xffffff83][0xffffffc5][0xffffffd9]MlwM[0x4][0x1c][[0xffffff9c][0xffffffdd][0xffffffc2][0xfffffffe]V2%L[0x16]gK [0xffffff99][0xffffff94]0X[0xffffff9c][0x1d][0xffffffe0][0xffffffcc]N[0x9][0xffffffe3][0xffffffc5][0xffffffd9]J[0xffffff9e]lJ[0xfffffff8]-[0xffffffce]Vj[0xffffffe5]R[0xffffffc2]eqv[0x14][0xffffffef][0xffffffeb])q[0xffffffaa][0x15]U[0xffffffa3]6[0xffffffea]:[0xffffffaf][0x13]_Qu[0x1a][0xffffffac][0xffffffa8]:[0xffffffc5][0x1e][0xffffff95]<[0xffffffc0]OlE[0xffffffd5][0x19]6[0xffffffa5][0xffffff80])!PDRB[0x2][0xffffff89][0xffffffa4][0xffffff84][0xffffffc0]2=%[0x2][0xffffff9c][0xffffffc9])[0x11][0x10]5J[0x9]%O4%[0xffffffb4]K[0xffffffd1][0xffffff94]Pj[0xffffffc5]R"[0xffffff9a][0x16]J[0xffffff89]([0xffffffde][0xb])Q[0xffffffc4]^[0xffffff89][0xffffffd1]Z[0xffffffa1]R[0xffffffa2][0xffffffd0]{%[0x1e]o@[0xffffffa7]D[0xffffff89][0xffffffc3][0xffffffcf][0xffffff89][0xffffff80][0x17]j[0xffffffaf][0xffffffc4][0xffffffb7]'{[0xffffffa4]DD[0xffffff91]I[0x9][0x5]$[0xffffff93][0x12][0x11][0xffffffcb][0xfffffffc][0xffffff94][0xffffffd8][0xffffffe1][0xffffffcc]N[0xffffff89][0x1d]Q[0xffffffa7][0xffffff94][0x10][0xfffffff2]dSB[0xffffffba][0xffffff94]M[0x9][0xffffffa1]V.%[0xffffff82]i[0xffffffa9][0xffffff94][0x8][0xffffffe2][0xffffffbd][0xffffff90][0x12]U}[0xffffff95][0xffffff98][0xffffff8b][0xffffffda]+[0xfffffff1][0xfffffff6]>pJT[0xffffff83][0xffffffaf][0x12]5[0xffffffa6]s"[0xffffffe0][0x15][0xfffffffb]*Q[0xffffff9d][0xffffffbe]JD[0x14][0xffffff99][0xffffff94]P@2)[0x11][0xffffffb1][0xffffffcc]O[0xffffff89][0x1d][0xffffffce][0xffffffec][0xffffff94][0xffffffd8][0x11]uJ[0x9]!O6%[0xffffffa4]K[0xffffffd9][0xffffff94][0x10]j[0xffffffe5]R"[0xffffff98][0xffffff96]J[0xffffff89] [0xffffffde]"
[DEBUG] http-outgoing-1 << "K)[0x11][0x17]g[0xffffffb3])[0x1]/[0xffffffce]~[0xffffffbc][0x1][0xffffff9f][0x12][0xffffffe0][0xffffffe2][0xffffffec][0xffffffc7][0xffffffd3][0xffffffa9][0xffffff94][0xfffffff0]Y[0xffffff9c]-P[0xffffffa4]R[0xffffffc2]dq[0xffffffb6][0xffffffc0][0xffffff92]H[0x9]tqv@[0xffffffd4]+%[0xffffffbc][0x16]gk[0xffffff97][0xffffffd2])[0xffffffe1][0xffffffb3]8;[0xffffff9a][0xffffff96]K[0xffffff89][0xffffff9f]^[0xffffff9c]}[0xffffffaa][0x15]U[0xfffffff3][0xffffffb8]Q[0xffffffc7].O|E[0xffffffd5]i[0xffffffb0][0xffffffa2][0xffffffea][0x14]{T[0x12][0x1][0xffffffc7]VT[0xffffff9d]aS[\n]"
[DEBUG] http-outgoing-1 << "[0xffffff99][0x12]&+[0xffffffaa]$[0xffffff90]LJ[0x18][0xffffffac][0xffffffa8][\n]"
[DEBUG] http-outgoing-1 << "pf[0xffffffa7][0xffffff84][0xfffffff1][0xffffff8a]*%O6%[0xfffffffc]VT)[0xffffffb5]r)[0xffffffe1][0xffffffb2][0xffffffa2]*[0xffffff8a][0xfffffff7]BJ[0xffffffa8][0x15]U[0xfffffff3]l[0xffffffd8]W[0x9]|E[0xffffffd5]i[0xffffffb0][0xffffffa2][0xffffffea][0x14]{T[0x12][0x1][0xffffffc7]VT[0xffffff9d]aS[\n]"
[DEBUG] http-outgoing-1 << "[0xffffff99][0x12]&+[0xffffffaa]$[0xffffff90]LJ[0x18][0xffffffac][0xffffffa8][\n]"
[DEBUG] http-outgoing-1 << "pf[0xffffffa7][0xffffff84][0xfffffff1][0xffffff8a]*%O6%[0xfffffffc]VT)[0xffffffb5]r)[0xffffffe1][0xffffffb2][0xffffffa2]*[0xffffff8a][0xfffffff7]BJ[0xfffffff4]_JL[0xffffff89]Q[0xf]*%[0xffffffee][0xffffffef][0x3][0xffffffa7][0xffffffc4][0xffffffdb][0x1b][0xffffffd0])[0xfffffff1][0xffffffed][0x1d][0xffffff98][0xffffff94]x{:[0xffffff93][0x12][0x1f]O[0xfffffff6]H[0xffffff89][0xffffff88]"[0xffffff93][0x12][\n]"
[DEBUG] http-outgoing-1 << "H&%"[0xffffff96][0xfffffff9])[0xffffffb1][0xffffffc3][0xffffff99][0xffffff9d][0x12];[0xffffffa2]N)![0xffffffe4][0xffffffc9][0xffffffa6][0xffffff84]t)[0xffffff9b][0x12]B[0xffffffad]\J[0x4][0xffffffd3]R)[0x11][0xffffffc4]{!%[0xffffff86][0xfffffff8]*[0xffffffb1][0xe]lq[0xfffffff6][0xffffffdb][0xfffffffb][0xffffffc0])1[0xc][0xffffffbe]J[0xffffff8c][0xffffff98][0xffffffce][0xffffff89][0xffffff80][0xf][0xffffffec][0xffffffab][0xffffffc4]p[0xfffffffa]*[0x11]QdRB[0x1][0xffffffc9][0xffffffa4]D[0xffffffc4]2?%v8[0xffffffb3]SbG[0xffffffd4])%[0xffffff84]<[0xffffffd9][0xffffff94][0xffffff90].eSB[0xffffffa8][0xffffff95]K[0xffffff89]`Z*%[0xffffff82]x/[0xffffffa4][0xffffff84][0xffffffda]v[0xffffffb9]*7[0xc][0xffffff8a]o[0xffffffbb]<[\r][0xffffffb6]][0xffffff9e]b%["[0xffffffe0][0xffffffd8][0xffffffb6][0xffffffcb]3,]#S[0xffffffc2]d[0xffffffdb][0xffffffa5][0x4][0xffffff92]I[0x9][0xffffff83]m[0xffffff97][0x1][0xffffffce][0xffffffec][0xffffff94]0[0xffffffde]v[0xffffffa9][0xffffffe4][0xffffffc9][0xffffffa6][0xffffff84][0xffffffdf][0xffffffb6]K[0xffffffa5]V.%\[0xffffffb6]]F[0xfffffff1]^H[0x9][0xffffffb5][0xffffffed]r[0xffffff9d]'v[0xffffffec][0x12][0xffffffdf]vy[0x1a]l[0xffffffbb]<[0xffffffc5]J[0xffffffb6]D[0xffffffc0][0xffffffb1]m[0xffffff97]gX[0xffffffba]F[0xffffffa6][0xffffff84][0xffffffc9][0xffffffb6]K[0x9]$[0xffffff93][0x12][0x6][0xffffffdb].[0x3][0xffffff9c][0xffffffd9])a[0xffffffbc][0xffffffed]R[0xffffffc9][0xffffff93]M[0x9][0xffffffbf]m[0xffffff97]J[0xffffffad]\J[0xffffffb8]l[0xffffffbb][0xffffff8c][0xffffffe2]}=%[0xfffffffa]-[0xffffffa6][0xffffffc4]y[0xffffffbb]Uj[0xffffffdb][0xffffffe5][0xffffffdb][0xfffffffb][0xffffffb0])[0xfffffff1]x[0x3]8%[0xffffffbe][0xffffffbf][0x3][0xffffff92][0x12][0xffffff8f][0xffffffa7]#)[0xfffffff1][0xffffffed][0xffffffc9][0x16])!PDRB[0x2][0xffffff89][0xffffffa4][0xffffff84][0xffffffc0]2=%[0x2][0xffffff9c][0xffffffc9])[0x11][0x10]5J[0x9]%O4%[0xffffffb4]K[0xffffffd1][0xffffff94]Pj[0xffffffc5]R"[0xffffff9a][0x16]J[0xffffff89]([0xffffffde][0xb])![0x16]g[0xffffff9f][0xffffffb7]s[0xffffffde][0xffffffa8][0xffffff94][0xffffffc0][0x17]gw[0xffffff83][0xffffffc5][0xffffffd9]]lwM[0x4][0x1c][[0xffffff9c][0xffffffdd][0xffffffc3][0xfffffffe]V2%L[0x16]gK [0xffffff99][0xffffff94]0X[0xffffff9c][0x1d][0xffffffe0][0xffffffcc]N[0x9][0xffffffe3][0xffffffc5][0xffffffd9]J[0xffffff9e]lJ[0xfffffff8]-[0xffffffce]Vj[0xffffffe5]R[0xffffffc2]eqv[0x14][0xffffffef][0xffffffa5][0xffffff94][0x8]+[0xffffffaa][0xffffffe0][0xffffff94][0xffffff80]WT=[0xffffffde][0xffffff80]O[0x9]pE[0xffffffd5][0xffffffe3][0xffffffe9]TJ[0xfffffff8][0xffffffac][0xffffffa8][0x12](R)a[0xffffffb2][0xffffffa2]J`I[0xffffffa4][0x4][0xffffffba][0xffffffa2]* [0xffffffea][0xffffff95][0x12]^+[0xffffffaa][0xffffffb4]K[0xffffffe9][0xffffff94][0xfffffff0]YQ[0x15]M[0xffffffcb][0xffffffa5][0xffffffc4]O[0xffffffaf][0xffffffa8][0xffffffba][0xffffffff][0x1b][0xffffffdd],%:[0xffffff9e][0x12][0xffffffdd] %:[0xffffff9a][0x12][0x1d]K[0xffffff89][0xffffffee][0xffffff94][0x12];[0xffffff8a]TJD [0xffffffa9][0xffffff94][0xffffffd8][0xffffffb1]$R[0xffffffa2][0xffffffc3])[0xffffffd1][0xffffff8d]S"[0xffffffc8][0xffffff93]N[0x9][0xffffffe1]R:%[0xffffff82]Z[0xffffffc9][0xffffff94][0xffffffe8].)[0xffffffd1][0xffffffff][0xe])qL[0xffffffb3][0xffffff96]8&[0x1e][0x13][0xfffffff7]W[0xffffffe0]k[0xffffffe2][0xffffffe3]%[0xffffffa8][0xffffff9c][0xffffffb8]?[0xffffff9e][0xffffffea][0xffffff89][0xfffffff7]G[0xffffffbb][0x4]E[0xffffffe0][0xffffff91]*[\n]"
[DEBUG] http-outgoing-1 << "A%[0xffffff95][0x14][0xffffff81]M[0xffffffa2])6B[0xfffffff3][0xffffffa3]b[0xffffffe3][0xffffffd4][0xffffffab]*[0xffffffa2]F[0xffffffe9][0xffffffac]PV[0xffffffa5][0xffffffbb]"J[0xffffff96][0xc][0xffffff8b][0xffffffdd][0xffffffb9]\Y[0xffffffec][\n]"
[DEBUG] http-outgoing-1 << "[0xffffffbe][0xffffff94][0x16]e[0xffffff99][0xffffffa5]EYxZ[0xffffffdc]_[0xffffff81]O[0xffffff8b][0xffffff8f][0xffffff97][0xffffffa0][0xffffffd2][0xffffffe2][0xfffffffe]x*-[0xffffffde][0x1f][0xffffffed][0xffffff92][0x16][0xffffff81]G*-[0x4][0xffffff95]TZ[0x4]6[0xffffff89][0xffffffb4][0xffffffd8][0x8][0xffffffcd]O[0xffffff8b][0xffffff8d]S[0xffffffaf][0xffffffb4][0xffffff88][0x1a][0xffffffa5][0xffffffd3]BY[0xffffff95]N[0xffffff8b](Y2-v[0xffffffe7]ri[0xffffffb1]+[0xfffffff8]RZT[0xffffffb7][0xffffffb4][0xffffffa8]|ZT[0xffffff87][0xffffffb4][0xffffffa8]lZT.-[0xffffffaa]UZ[0x4][0x1e][0xffffffa9][0xffffffb4][0x10]TRi[0x11][0xffffffd8]$[0xffffffd2][0xffffffa2][0xffffffd2]iQ[0xffffff9d][0xffffffd3]"j[0xffffff94]N[0xb]eU:-[0xffffffa2]d[0xffffffc9][0xffffffb4][0xffffffd8][0xffffff9d][0xffffffcb][0xffffffa5][0xffffffc5][0xffffffae][0xffffffe0]Ki[0xfffffff1][0xffffffd8]9[0xffffffe1][0xffffff94][0x16][0xffffffe7][0xffffffc0][0xffffffd3][0xffffffe2][0xfffffffe][\n]"
[DEBUG] http-outgoing-1 << "|Z|[0xffffffbc][0x4][0xffffff95][0x16][0xfffffff7][0xffffffc7]Si[0xfffffff1][0xfffffffe]h[0xffffff97][0xffffffb4][0x8]<Ri![0xffffffa8][0xffffffa4][0xffffffd2]"[0xffffffb0]I[0xffffffa4][0xffffffc5]Fh~Zl[0xffffff9c]z[0xffffffa5]E[0xffffffd4]([0xffffff9d][0x16][0xffffffca][0xffffffaa]tZD[0xffffffc9][0xffffff92]i[0xffffffb1];[0xffffff97]K[0xffffff8b]][0xffffffc1][0xffffff97][0xffffffd2][0xffffffa2][0xffffffbb]}[0xffffffb5][0xffffffe8][0xfffffffc]W[0xffffff8b][0xffffffee][0xfffffff0][0xffffffd5][0xffffffa2][0xffffffb3]_-:[0xfffffff7][0xffffffd5][0xffffffa2][}[0xffffffb5][0x8]<Ri![0xffffffa8][0xffffffa4][0xffffffd2]"[0xffffffb0]I[0xffffffa4]E[0xffffffa7][0xffffffbf]Zt[0xffffffe7][0xffffffaf][0x16]Q[0xffffffa3]tZ([0xffffffab][0xffffffd2]i[0x11]%K[0xffffffa6][0xffffffc5][0xffffffee]\.-v[0x5]_J[0xffffff8b][0xffffffd5][0xffffffcc][0xffffffd2]b5<-[0xffffffee][0xffffffaf][0xffffffc0][0xffffffa7][0xffffffc5][0xffffffc7]KPiq[0x7f]<[0xffffff95][0x16][0xffffffef][0xffffff8f]vI[0xffffff8b][0xffffffc0]#[0xffffff95][0x16][0xffffff82]J*-[0x2][0xffffff9b]DZl[0xffffff84][0xffffffe6][0xffffffa7][0xffffffc5][0xffffffc6][0xffffffa9]WZD[0xffffff8d][0xffffffd2]i[0xffffffa1][0xffffffac]J[0xffffffa7]E[0xffffff94],[0xffffff99][0x16][0xffffffbb]s[0xffffffb9][0xffffffb4][0xffffffd8][0x15]|)-[0xffffff8e][0xffffffe3]0k[0xffffff8b][0xfffffffb][0x1b][0xffffffe1]q[0xfffffff1][0xfffffff6][0xe]|]|{[0xb]*/[0xffffffde][0xffffff9e]O[0xfffffff5][0xffffffc5][0xffffffc7][0xffffffb3]][0x2]#BI[0x15][0xffffff86]B[0xffffff93]J[0xffffff8c][0x8]([0xffffffd1][0x18];[0xffffffa6][0xfffffff9][0xffffff91][0xffffffb1][0xffffffc3][0xffffffea]U[0x19]B[0xffffffa8]tfH[0xffffffbf][0xffffffd2][0xffffff9d]!tK[0xffffff86]F[0xffffffb0]/W[0x1a]A[0xffffffc6][0xffffffaf][0xffffffa4]F}[0xffffffff]W[0xffffff8a][0xffffffd8][0xffffffb6]y[0x1c][0xffffffab][0xffffffa6][0xffffff87][0xffffffc6][0xffffffe7][0xfffffffb]P[0xffffff99][0xfffffff1][0xffffffe5][\r][0xffffffb0][0xffffffc8][0xffffffd8][0xffffffde]!91[0xffffffbe]<=90~[0xfffffffd]d8/[0xffffff9e][0xffffffa2][0xffffff98][0x1c][0x17]?[0x0]29-[0xffffff9e]b[0xffffff99][0x18][0x16]O[0xffffffe0]L[0xffffffcb][0xffffff8a]'[0xffffff88]ZD[0xffffffc5]syBI[0xfffffff1]#[0xffffff97]BA[0xfffffff1]\[0xffffffad]@N<3mzL<[0x13][0xffffffef][0xffffffa5][0xffffff94]8[0xffffffcd]R[0xffffffe2][0xffffffc4]S[0xffffffe2]4H[0xffffff89][0x13]M[0xffffff89][0x13]K[0xffffff89][0xffffffd3])%v[0x14][0xffffffa9][0xffffff94][0xffffff88]@R)[0xffffffb1]cI[0xffffffa4][0xffffffc4][0x9][0xffffffa7][0xffffffc4]i[0xffffff9c][0x12]A[0xffffff9e]tJ[0x8][0xffffff97][0xffffffd2])[0x11][0xffffffd4]J[0xffffffa6][0xffffffc4][0xffffffe9][0xffffff92][0x12][0xffffffe7]O[0xffffffa7]DU_%[0xffffffea],TJT[0xfffffffc][0xffffffab]D5[0xfffffff8]*Qc:'[0x2]^[0xffffffb1][0xffffffaf][0x12][0xffffffd5][0xffffffe9]"
[DEBUG] http-outgoing-1 << "[0xffffffab]DD[0xffffff91]I[0x9][0x5]$[0xffffff93][0x12][0x11][0xffffffcb][0xfffffffc][0xffffff94][0xffffffd8][0xffffffe1][0xffffffcc]N[0xffffff89][0x1d]Q[0xffffffa7][0xffffff94][0x10][0xfffffff2]dSB[0xffffffba][0xffffff94]M[0x9][0xffffffa1]V.%[0xffffff82]i[0xffffffa9][0xffffff94][0x8][0xffffffe2][0xffffffbd][0xffffff90][0x12][0xffffffa7]H[0xffffff89]r+[0xffffff9d]J[0xffffff89][0x13]O[0xffffff89][0xffffffd3] %[0xffffffce][0xffffffc8]{"[0xffffffe0]'[0xffffff96][0x12][0xffffffa7]SJD[0x14][0xffffff99][0xffffff94]P@2)[0x11][0xffffffb1][0xffffffcc]O[0xffffff89][0x1d][0xffffffce][0xffffffec][0xffffff94][0xffffffd8][0x11]uJ[0x9]!O6%[0xffffffa4]K[0xffffffd9][0xffffff94][0x10]j[0xffffffe5]R"[0xffffff98][0xffffff96]J[0xffffff89] [0xffffffde][0xb])1UJ[0xffffffac]~P)1[0xfffffff1][0xffffff94][0xffffff98][0x6])1#[0xffffffef][0xffffff89][0xffffff80]O,%[0xffffffa6]SJD[0x14][0xffffff99][0xffffff94]P@2)[0x11][0xffffffb1][0xffffffcc]O[0xffffff89][0x1d][0xffffffce][0xffffffec][0xffffff94][0xffffffd8][0x11]uJ[0x9]!O6%[0xffffffa4]K[0xffffffd9][0xffffff94][0x10]j[0xffffffe5]R"[0xffffff98][0xffffff96]J[0xffffff89] [0xffffffde][0xb])[0xffffffb1]DJ[0xffffffd4]r.*%[0x16][0xffffff9e][0x12][0xffffffcb] %V[0xffffffe4]=[0x11][0xfffffff0][0xffffff85][0xffffffa5][0xffffffc4]rJ[0xffffff89][0xffffff88]"[0xffffff93][0x12][\n]"
[DEBUG] http-outgoing-1 << "H&%"[0xffffff96][0xfffffff9])[0xffffffb1][0xffffffc3][0xffffff99][0xffffff9d][0x12];[0xffffffa2]N)![0xffffffe4][0xffffffc9][0xffffffa6][0xffffff84]t)[0xffffff9b][0x12]B[0xffffffad]\J[0x4][0xffffffd3]R)[0x11][0xffffffc4]{)%[0xffffff8a]YJ[0x14]<%[0xffffff8a]AJ[0x14]4%[\n]"
[DEBUG] http-outgoing-1 << "[0xffffff96][0x12][0xffffffc5])%v[0x14][0xffffffa9][0xffffff94][0xffffff88]@R)[0xffffffb1]cI[0xffffffa4]D[0xffffff81]S[0xffffffa2][0x18][0xffffffa7]D[0xffffff90]'[0xffffff9d][0x12][0xffffffc2][0xffffffa5]tJ[0x4][0xffffffb5][0xffffff92])Q\R[0xffffffa2][0xfffffffc]lJ[0xffffff8c][0xffffff9b][0xfffffffa]*[0xffffffd1][0xffffffb1]c[0xffffff97]o[0xffffffef][0xffffffc3][0xffffffa6][0xffffffc4][0xffffffe3][\r][0xffffffe0][0xffffff94][0xfffffff8][0xfffffffe][0xe]HJ<[0xffffff9e][0xffffff8e][0xffffffa4][0xffffffc4][0xffffffb7]'[[0xffffffa4][0xffffff84]@[0x11]I[0x9][0x9]$[0xffffff92][0x12][0x2][0xffffffcb][0xfffffff4][0xffffff94][0x8]p&[0xffffffa7]D@[0xffffffd4](%[0xffffff94]<[0xffffffd1][0xffffff94][0xffffffd0].ESB[0xffffffa9][0x15]K[0xffffff89]hZ(%[0xffffffa2]x/[0xffffffa4][0xffffffc4][0xffffffa1]Rb[0xffffff8e]F[0xffffffa5][0xffffffc4][0xffffff81][0xffffffa7][0xffffffc4]a[0xffffff90][0x12]G[0xffffffe4]=[0x11][0xfffffff0][0x3]K[0xffffff89][0xffffffc3])%"[0xffffff8a]LJ( [0xffffff99][0xffffff94][0xffffff88]X[0xffffffe6][0xffffffa7][0xffffffc4][0xe]gvJ[0xffffffec][0xffffff88]:[0xffffffa5][0xffffff84][0xffffff90]'[0xffffff9b][0x12][0xffffffd2][0xffffffa5]lJ[0x8][0xffffffb5]r)[0x11]LK[0xffffffa5]D[0x10][0xffffffef][0xffffff85][0xffffff94]P+[0xffffffaa]Z[0xffffffbd]Q?p[0xc]|E[0xffffffd5]0XQ5[0xffffffc4][0x1e][0xffffff95]D[0xffffffc0][0xffffffb1][0x15]U#lJ!S[0xffffffc2]dE[0xffffff95][0x4][0xffffff92]I[0x9][0xffffff83][0x15]U[0x1][0xffffffce][0xffffffec][0xffffff94]0^Q[0xffffffa5][0xffffffe4][0xffffffc9][0xffffffa6][0xffffff84][0xffffffdf][0xffffff8a]*[0xffffffa5]V.%\VTE[0xfffffff1]^J[0xffffff89]xV[0xffffff82]M[0x9][0xfffffff8][0xffffffac][0xffffffc4][0xffffffe3][\r][0xfffffff8][0xffffff94][0x0][0xffffffcf]J<[0xffffff9e]N[0xffffffa5][0xffffff84][0xffffffcf]Y[0x9][0xffffff81]"[0xffffff95][0x12]&g%[0x4][0xffffff96]DJ[0xffffffa0]g%[0x2][0xffffffa2]^)[0xffffffe1]uVB[0xffffffbb][0xffffff94]N[0x9][0xffffff9f][0xffffffb3][0x12][0xffffffd1][0xffffffb4]\J[0xfffffffc][0xfffffffc]Y[0xffffff89][0xffffffaa][0xffffffbe]J[0xffffffb4]qR)Q[0xfffffff1][0xffffffaf][0x12][0xffffffd5][0xffffffe0][0xffffffab]D[0xffffff8d][0xffffffe9][0xffffff9c][0x8]x[0xffffffc5][0xffffffbe]JT[0xffffffa7][0xffffffaf][0x12][0x11]E&%[0x14][0xffffff90]LJD,[0xfffffff3]Sb[0xffffff87]3;%vD[0xffffff9d]RB[0xffffffc8][0xffffff93]M[0x9][0xffffffe9]R6%[0xffffff84]Z[0xffffffb9][0xffffff94][0x8][0xffffffa6][0xffffffa5]R"[0xffffff88][0xfffffff7]BJ4[0xffffff95][0x12]s6*%[0x1a][0xffffff9e][0x12][0xffffffcd] %Z[0xffffffe4]=[0x11][0xfffffff0][0xffffff86][0xffffffa5]DsJ[0xffffff89][0xffffff88]"[0xffffff93][0x12][\n]"
[DEBUG] http-outgoing-1 << "H&%"[0xffffff96][0xfffffff9])[0xffffffb1][0xffffffc3][0xffffff99][0xffffff9d][0x12];[0xffffffa2]N)![0xffffffe4][0xffffffc9][0xffffffa6][0xffffff84]t)[0xffffff9b][0x12]B[0xffffffad]\J[0x4][0xffffffd3]R)[0x11][0xffffffc4]{!%[0xffffffd4][0xffffffb6][0xffffffcb][0xfffffff3]V[0xfffffff2][0xffffffef][\r][0xfffffffd]|[0x1f]8%[0xc][0xffffffb6]][0xe][0xffffffb1][0xffffff92]-[0x11]pl[0xffffffdb][0xffffffe5][0x8]K[0xffffffd7][0xffffffc8][0xffffff94]0[0xffffffd9]v)[0xffffff81]dR[0xffffffc2]`[0xffffffdb]e[0xffffff80]3;%[0xffffff8c][0xffffffb7]]*y[0xffffffb2])[0xffffffe1][0xffffffb7][0xffffffed]R[0xffffffa9][0xffffff95]K[0x9][0xffffff97]m[0xffffff97]Q[0xffffffbc][0x17]R[0xffffffa2][0xffffffab][0xffffff94]h[0x7][0xffffffb5]8[0xfffffffb][0xffffffed]}[0xffffffe0][0xffffff94][0xffffffe8][0x6])[0xffffffd1]#[0xffffffef][0xffffff89][0xffffff80]w,%[0xffffffba]SJD[0x14][0xffffff99][0xffffff94]P@2)[0x11][0xffffffb1][0xffffffcc]O[0xffffff89][0x1d][0xffffffce][0xffffffec][0xffffff94][0xffffffd8][0x11]uJ[0x9]!O6%[0xffffffa4]K[0xffffffd9][0xffffff94][0x10]j[0xffffffe5]R"[0xffffff98][0xffffff96]J[0xffffff89] [0xffffffde][0xb])1TJ[0xffffff9c][0xffffffd8][0xffffff8a][0xffffffaa][0xffffffb7][0xfffffff7][0xffffff81]Sb[0x18][0xffffffa4][0xffffffc4][0xffffff88][0xffffffbc]'[0x2]>[0xffffffb0][0xffffff94][0x18]N)[0x11]QdRB[0x1][0xffffffc9][0xffffffa4]D[0xffffffc4]2?%v8[0xffffffb3]SbG[0xffffffd4])%[0xffffff84]<[0xffffffd9][0xffffff94][0xffffff90].eSB[0xffffffa8][0xffffff95]K[0xffffff89]`Z*%[0xffffff82]x/[0xffffffa4][0xffffff84][0xffffffba][0xffffff83][0xffffffe3][0xffffff9c][0xffffff93][0xffffffba][0xffffff83]c[0xffffffe0]wp[0xc][0xffffff83];8[0xffffff86]X[0x14][0xffffff9f][0x8]8v[0x7][0xffffffc7][0x8][0xffffffab][0xffffffe0][0xffffffc9][0xffffff94]0[0xffffffb9][0xffffff83]C[0x2][0xffffffc9][0xffffffa4][0xffffff84][0xffffffc1][0x1d][0x1c][0x1][0xffffffce][0xffffffec][0xffffff94]0[0xffffffbe][0xffffff83]C[0xffffffc9][0xffffff93]M[0x9][0xffffffbf];8[0xffffff94]Z[0xffffffb9][0xffffff94]p[0xffffffb9][0xffffff83]#[0xffffff8a][0xfffffff7]BJ[0xffffffa8];8[0xffffffce]U[0xffffffb1]m[0xffffff97][0xfffffff8][0x1d][0x1c][0xffffffc3][0xffffffe0][0xe][0xffffff8e]![0x16][0xffffffc5]'[0x2][0xffffff8e][0xffffffdd][0xffffffc1]1[0xffffffc2]*x2%L[0xffffffee][0xffffffe0][0xffffff90]@2)ap[0x7]G[0xffffff80]3;%[0xffffff8c][0xffffffef][0xffffffe0]P[0xfffffff2]dS[0xffffffc2][0xffffffef][0xe][0xe][0xffffffa5]V.%\[0xffffffee][0xffffffe0][0xffffff88][0xffffffe2]}=%[0xffffffa6]Z[0xffffff9c]}[0xffffffae]N[0xffffff9d][0xffffff95][0xffffff98][0xfffffff8][0xffffffe2][0xffffffec]i[0xffffffb0]8{[0xffffff8a][0xffffffed][0xffffffae]y[0xffffff80]Olq[0xfffffff6][0xc][0xfffffffb][[0xffffffc1][0xffffff94][0x10](")![0xffffff81]DRB`[0xffffff99][0xffffff9e][0x12][0x1][0xffffffce][0xffffffe4][0xffffff94][0x8][0xffffff88][0x1a][0xffffffa5][0xffffff84][0xffffff92]'[0xffffff9a][0x12][0xffffffda][0xffffffa5]hJ([0xffffffb5]b)[0x11]M[0xb][0xffffffa5]D[0x14][0xffffffef][0xffffff85][0xffffff94]P[0xffffff8b][0xffffffb3][0xffffffcf][0xffffffb5][0xffffffa8][0xffffffbd][0x12][0x13]_[0xffffff9c]=[\r][0x16]gO[0xffffffb1][0xffffffdd]5[0x11]plq[0xfffffff6][0xc][0xfffffffb][[0xffffffc9][0xffffff94]0Y[0xffffff9c]-[0xffffff81]dR[0xffffffc2]`qv[0xffffff80]3;%[0xffffff8c][0x17]g+y[0xffffffb2])[0xffffffe1][0xffffffb7]8[[0xffffffa9][0xffffff95]K[0x9][0xffffff97][0xffffffc5][0xffffffd9]Q[0xffffffbc][0x17]R[0xffffffa2][0xffffff8a][0xffffff94][0xffffffe8][0xffffffc7][0xffffffaa]TJT<%[0xffffffaa]AJ[0xffffffd4][0xffffffc8]{"[0xffffffe0][0x15]K[0xffffff89][0xffffffea][0xffffff94][0x12][0x11]E&%[0x14][0xffffff90]LJD,[0xfffffff3]Sb[0xffffff87]3;%vD[0xffffff9d]RB[0xffffffc8][0xffffff93]M[0x9][0xffffffe9]R6%[0xffffff84]Z[0xffffffb9][0xffffff94][0x8][0xffffffa6][0xffffffa5]R"[0xffffff88][0xfffffff7]BJ[0xffffffa8][0x15]U[0xfffffffd][0xffffffec][0xffffff93]J[0x9]|E[0xffffffd5]4XQ5[0xffffffc5][0x1e][0xffffff95]D[0xffffffc0][0xffffffb1][0x15]U3lJ!S[0xffffffc2]dE[0xffffff95][0x4][0xffffff92]I[0x9][0xffffff83][0x15]U[0x1][0xffffffce][0xffffffec][0xffffff94]0^Q[0xffffffa5][0xffffffe4][0xffffffc9][0xffffffa6][0xffffff84][0xffffffdf][0xffffff8a]*[0xffffffa5]V.%\VTE[0xfffffff1]^H[0x9][0xffffffb5][0xffffffa2][0xffffffaa][0xffffff8f][0xffffff82][0xffffffa5][0x4][0xffffffbe][0xffffffa2]j[0x1a][0xffffffac][0xffffffa8][0xffffff9a]b[0xffffff8f]J"[0xffffffe0][0xffffffd8][0xffffff8a][0xffffffaa][0x19]6[0xffffffa5][0xffffff90])a[0xffffffb2][0xffffffa2]J[0x2][0xffffffc9][0xffffffa4][0xffffff84][0xffffffc1][0xffffff8a][0xffffffaa][0x0]gvJ[0x18][0xffffffaf][0xffffffa8]R[0xfffffff2]dS[0xffffffc2]oE[0xffffff95]R+[0xffffff97]"
[DEBUG] http-outgoing-1 << "[0x12].+[0xffffffaa][0xffffffa2]x/[0xffffffa4][0xffffff84]ZQ5[0xffffff8e][0xffffff86][0xfffffffd][0xffffffc0][0xffffff81][0xffffffaf][0xffffffa8][0xffffff9a][0x6]+[0xffffffaa][0xffffffa6][0xffffffd8][0xffffffa3][0xffffff92][0x8]8[0xffffffb6][0xffffffa2]j[0xffffff86]M)dJ[0xffffff98][0xffffffac][0xffffffa8][0xffffff92]@2)a[0xffffffb0][0xffffffa2]*[0xffffffc0][0xffffff99][0xffffff9d][0x12][0xffffffc6]+[0xffffffaa][0xffffff94]<[0xffffffd9][0xffffff94][0xfffffff0][Q[0xffffffa5][0xffffffd4][0xffffffca][0xffffffa5][0xffffff84][0xffffffcb][0xffffff8a][0xffffffaa]([0xffffffde][0xb])[0xffffffa1]VT[0xffffff8d]z`)[0xffffff81][0xffffffaf][0xffffffa8][0xffffff9a][0x6]+[0xffffffaa][0xffffffa6][0xffffffd8][0xffffffa3][0xffffff92][0x8]8[0xffffffb6][0xffffffa2]j[0xffffff86]M)dJ[0xffffff98][0xffffffac][0xffffffa8][0xffffff92]@2)a[0xffffffb0][0xffffffa2]*[0xffffffc0][0xffffff99][0xffffff9d][0x12][0xffffffc6]+[0xffffffaa][0xffffff94]<[0xffffffd9][0xffffff94][0xfffffff0][Q[0xffffffa5][0xffffffd4][0xffffffca][0xffffffa5][0xffffff84][0xffffffcb][0xffffff8a][0xffffffaa]([0xffffffde][0xb])[0xffffffa1]VT[0xffffff8d][0xffffff81]-[0xffffffce][0xffffff9e][0xfffffff8][0xffffff8a][0xffffffaa]i[0xffffffb0][0xffffffa2]j[0xffffff8a]=*[0xffffff89][0xffffff80]c+[0xffffffaa]f[0xffffffd8][0xffffff94]B[0xffffffa6][0xffffff84][0xffffffc9][0xffffff8a]*[0x9]$[0xffffff93][0x12][0x6]+[0xffffffaa][0x2][0xffffff9c][0xffffffd9])a[0xffffffbc][0xffffffa2]J[0xffffffc9][0xffffff93]M[0x9][0xffffffbf][0x15]UJ[0xffffffad]\J[0xffffffb8][0xffffffac][0xffffffa8][0xffffff8a][0xffffffe2][0xffffffbd][0xffffff90][0x12]jE[0xffffffd5]X7,%[0xfffffff0][0x15]U[0xffffffd3]`E[0xffffffd5][0x14]{T[0x12][0x1][0xffffffc7]VT[0xffffffcd][0xffffffb0])[0xffffff85]L[0x9][0xffffff93][0x15]U[0x12]H&%[0xc]VT[0x5]8[0xffffffb3]S[0xffffffc2]xE[0xffffff95][0xffffff92]'[0xffffff9b][0x12]~+[0xffffffaa][0xffffff94]Z[0xffffffb9][0xffffff94]pYQ[0x15][0xffffffc5][0xfffffffb]zJ,[0xffffffb5][0xffffffa2]j[0xffffffd6][0xffffffa3]A)[0xffffffb1][0xfffffff0][0x15]U[0xffffffcb]`E[0xffffffd5][0x12]{T[0xfffffff2][0x0]_[0xffffffd8][0xffffff8a][0xffffffaa][0x15]6[0xffffffa5][0xffffff80])!PDRB[0x2][0xffffff89][0xffffffa4][0xffffff84][0xffffffc0]2=%[0x2][0xffffff9c][0xffffffc9])[0x11][0x10]5J[0x9]%O4%[0xffffffb4]K[0xffffffd1][0xffffff94]Pj[0xffffffc5]R"[0xffffff9a][0x16]J[0xffffff89]([0xffffffde][0xb])[0xffffffa1]VT[0xffffffcd]V[0xffffffa8][0xffffffb3][0x12][0xb]_Q[0xffffffb5][0xc]VT-[0xffffffb1]G%[0x11]plE[0xffffffd5][\n]"
[DEBUG] http-outgoing-1 << "[0xffffff9b]R[0xffffffc8][0xffffff94]0YQ%[0xffffff81]dR[0xffffffc2]`EU[0xffffff80]3;%[0xffffff8c]WT)y[0xffffffb2])[0xffffffe1][0xffffffb7][0xffffffa2]J[0xffffffa9][0xffffff95]K[0x9][0xffffff97][0x15]UQ[0xffffffbc][0x17]R[0xffffffa2][0xffffffa8][0xffffff94][0xffffff98][0xffffff8d][0xfffffffa][0xffffff81][0xffffffe3][0xffffffed]}[0xffffffe0][0xffffff94]([0x6])Q"[0xffffffef][0xffffff89][0xffffff80][0x17],%[0xffffff8a]SJD[0x14][0xffffff99][0xffffff94]P@2)[0x11][0xffffffb1][0xffffffcc]O[0xffffff89][0x1d][0xffffffce][0xffffffec][0xffffff94][0xffffffd8][0x11]uJ[0x9]!O6%[0xffffffa4]K[0xffffffd9][0xffffff94][0x10]j[0xffffffe5]R"[0xffffff98][0xffffff96]J[0xffffff89] [0xffffffde][0xb])QeJL,%*[0xffffff9e][0x12][0xffffffd5] %j[0xffffffe4]=[0x11][0xfffffff0][0xffffff8a][0xffffffa5]DuJ[0xffffff89][0xffffff88]"[0xffffff93][0x12][\n]"
[DEBUG] http-outgoing-1 << "H&%"[0xffffff96][0xfffffff9])[0xffffffb1][0xffffffc3][0xffffff99][0xffffff9d][0x12];[0xffffffa2]N)![0xffffffe4][0xffffffc9][0xffffffa6][0xffffff84]t)[0xffffff9b][0x12]B[0xffffffad]\J[0x4][0xffffffd3]R)[0x11][0xffffffc4]{!%[0xffffffd4][0xffffffb6][0xffffffcb][0xffffffb9]J[0xffffffa1]R[0x2][0xffffffdf]v[0xffffffb9][0xc][0xffffffb6]].[0xffffffb1][0xffffff92]-[0x11]pl[0xffffffdb][0xffffffe5][\n]"
[DEBUG] http-outgoing-1 << "K[0xffffffd7][0xffffffc8][0xffffff94]0[0xffffffd9]v)[0xffffff81]dR[0xffffffc2]`[0xffffffdb]e[0xffffff80]3;%[0xffffff8c][0xffffffb7]]*y[0xffffffb2])[0xffffffe1][0xffffffb7][0xffffffed]R[0xffffffa9][0xffffff95]K[0x9][0xffffff97]m[0xffffff97]Q[0xffffffbc][0x17]RBm[0xffffffbb][0xffffff9c][0xffffffeb]<[0xffffffa8][0xffffff94][0xffffffc0][0xffffffb7]].[0xffffff83]m[0xffffff97]K[0xffffffac]dK[0x4][0x1c][0xffffffdb]v[0xffffffb9][0xffffffc2][0xffffffd2]52%L[0xffffffb6]]J [0xffffff99][0xffffff94]0[0xffffffd8]v[0x19][0xffffffe0][0xffffffcc]N[0x9][0xffffffe3]m[0xffffff97]J[0xffffff9e]lJ[0xfffffff8]m[0xffffffbb]Tj[0xffffffe5]R[0xffffffc2]e[0xffffffdb]e[0x14][0xffffffef][0xffffff85][0xffffff94]P[0xffffffdb].[0xffffffd7][0xffffffed]6[0xffffffa8][0xffffff94][0xffffffc0][0xffffffb7]].[0xffffff83]m[0xffffff97]K[0xffffffac]dK[0x4][0x1c][0xffffffdb]v[0xffffffb9][0xffffffc2][0xffffffd2]52%L[0xffffffb6]]J [0xffffff99][0xffffff94]0[0xffffffd8]v[0x19][0xffffffe0][0xffffffcc]N[0x9][0xffffffe3]m[0xffffff97]J[0xffffff9e]lJ[0xfffffff8]m[0xffffffbb]Tj[0xffffffe5]R[0xffffffc2]e[0xffffffdb]e[0x14][0xffffffef][0xffffff85][0xffffff94]P[0xffffffdb].[0xffffffd7]qRwp,|[0xffffffdb][0xffffffe5]2[0xffffffd8]v[0xffffffb9][0xffffffc4]J[0xffffffb6]D[0xffffffc0][0xffffffb1]m[0xffffff97]+,]#S[0xffffffc2]d[0xffffffdb][0xffffffa5][0x4][0xffffff92]I[0x9][0xffffff83]m[0xffffff97][0x1][0xffffffce][0xffffffec][0xffffff94]0[0xffffffde]v[0xffffffa9][0xffffffe4][0xffffffc9][0xffffffa6][0xffffff84][0xffffffdf][0xffffffb6]K[0xffffffa5]V.%\[0xffffffb6]]F[0xfffffff1]^J[0xffffff89]b[0xffffff96][0x12][0x5]O[0xffffff89]b[0xffffff90][0x12][0x5]M[0xffffff89][0xffffff82][0xffffffa5]DqJ[0xffffff89][0x1d]E*%"[0xffffff90]TJ[0xffffffec]X[0x12])Q[0xffffffe0][0xffffff94]([0xffffffc6])[0x11][0xffffffe4]I[0xffffffa7][0xffffff84]p)[0xffffff9d][0x12]A[0xffffffad]dJ[0x14][0xffffff97][0xffffff94](?[0xffffff9d][0x12]jq[0xfffffff6][0xffffffea][0x15][0xffffffdb]+[0xffffff81]/[0xffffffce]^[0x6][0xffffff8b][0xffffffb3][0xffffff97][0xffffffd8][0xffffffee][0xffffff9a][0x8]8[0xffffffb6]8{[0xffffff85][0xfffffffd][0xffffffad]dJ[0xffffff98],[0xffffffce][0xffffff96]@2)a[0xffffffb0]8;[0xffffffc0][0xffffff99][0xffffff9d][0x12][0xffffffc6][0xffffff8b][0xffffffb3][0xffffff95]<[0xffffffd9][0xffffff94][0xfffffff0][[0xffffff9c][0xffffffad][0xffffffd4][0xffffffca][0xffffffa5][0xffffff84][0xffffffcb][0xffffffe2][0xffffffec]([0xffffffde][0xb])[0xffffffa1][0x16]g[0xffffffaf]y`g%[0xfffffff0][0xffffffc5][0xffffffd9][0xffffffcb]`q[0xfffffff6][0x12][0xffffffdb]][0x13][0x1][0xffffffc7][0x16]g[0xffffffaf][0xffffffb0][0xffffffbf][0xffffff95]L[0x9][0xffffff93][0xffffffc5][0xffffffd9][0x12]H&%[0xc][0x16]g[0x7]8[0xffffffb3]S[0xffffffc2]xq[0xffffffb6][0xffffff92]'[0xffffff9b][0x12]~[0xffffff8b][0xffffffb3][0xffffff95]Z[0xffffffb9][0xffffff94]pY[0xffffff9c][0x1d][0xffffffc5][0xfffffffb]rJ[0xffffffd4][0xffffffdb]-[0xfffffffe][0xffffffc0][0xffffffd1]o7j[0xffffffdb][0xffffffe5][0xffffffe3]}[0xffffffd0][0xffffff94]x[0x7f][0x3]6%>[0xffffffdf][0xffffff81]H[0xffffff89][0xfffffff7][0xffffffa7][0x13])[0xfffffff1][0xfffffffd][0xffffffc9][0xe])[0xffffffa1]P$RB[0x3]I[0xffffffa4][0xffffff84][0xffffffc2]2;%"[0xffffff9c][0xffffffb9])[0x11][0x11][0xfffffff5]I[0x9])O2%[0xffffff9e][0xffffffb8][0xffffff94]L[0x9][0xffffffa9]V*%[0xffffff84]i[0xffffff99][0xffffff94][0x10][0xffffffe2][0xffffffbd][0xffffff94][0x12][0xffffffd5],%*[0xffffff9e][0x12][0xffffffd5] %*[0xffffff9a][0x12][0x15]K[0xffffff89][0xffffffea][0xffffff94][0x12];[0xffffff8a]TJD [0xffffffa9][0xffffff94][0xffffffd8][0xffffffb1]$R[0xffffffa2][0xffffffc2])Q[0xffffff8d]S"[0xffffffc8][0xffffff93]N[0x9][0xffffffe1]R:%[0xffffff82]Z[0xffffffc9][0xffffff94][0xffffffa8].)Q[0x7f]:%[0xffffffc4][0x1d][0x1c][0xfffffffd][0xffffffd6][0xffffffa8][0xffffffeb][0xffffffbc][0x1e][0xffffffef][0x3][0xffffffa7][0x4][0x7f][0x7][0xffffffc7][0xffffffe7];0)A[0xffffffdd][0xffffffc1][0xfffffff1][0xfffffffd][0xffffffc9][0x1e])[0xffffffe1]q[0x7][0xffffff87][0x6][0xffffff92]I[0x9][0xfffffffe][0xe][0xffffff8e][0x8]gvJ[0xfffffff8][0xffffffde][0xffffffc1]![0xffffffe5][0xffffffc9][0xffffffa6][0xffffff84][0xffffffdd][0x1d][0x1c]R[0xffffffad]\J[0xffffff98][0xffffffdc][0xffffffc1]![0xffffffc4]{)%[0xffffffc4][0xf][0x1c]hJ[0xffffffd0]?p[0x1c][0x6]?p[0x1c][0xfffffff1]+\*[0xffffffe0][0xffffffd4][0xf][0x1c][0xffffff87][0xffffffd3][0xf][0x1c][0x11]E*%\~[0xffffffe0][0xffffff88]X[0x12])[0xffffffc1][0xfffffffe][0xffffffc0][0xffffffb1]#[0xffffffea][0xffffff95][0x12]f?pH[0xffffff97][0xffffffd2])a[0xfffffff4][0x3]G0-[0xffffff97][0x12]?[0xffffffff][0x3][0xffffff87]XQ[0xffffffd5][0xffffff8f][0xffffffb5][0xffffffa0];8[0x1e][0xffffffef][0x3][0xffffffa7][0x4][0xffffffbf][0xffffffa2][0xffffffea][0xfffffff3][0x1d][0xffffff98][0xffffff94][0xffffffa0]VT}[0x7f][0xffffffb2]GJx[0xffffffac][0xffffffa8][0xffffffd2]@2)[0xffffffc1][0xffffffaf][0xffffffa8][0xffffff8a]pf[0xffffffa7][0xffffff84][0xffffffef][0xffffff8a]*)O6%[0xffffffec]VTI[0xffffffb5]r)a[0xffffffb2][0xffffffa2]J[0xffffff88][0xfffffff7]RJ[0xffffffc4][0xffffffaf][0x12]lJ[0xffffffd0]_%[0xffffffba][0xffffffc1]W[0xffffff89][0x1e][0xffffffd3]9[0x15]p[0xffffffea][0xffffffab]Dw[0xfffffffa]*[0x11]Q[0xffffffa4]R[0xffffffc2][0xffffffe5][0xffffffab]D[0xffffffc4][0xffffff92]H[0x9][0xfffffff6][0xffffffab][0xffffffc4][0xffffff8e][0xffffffa8]WJ[0xffffff98]}[0xffffff95][0xffffff90].[0xffffffa5]S[0xffffffc2][0xffffffe8][0xffffffab]D0-"
[DEBUG] http-outgoing-1 << "[0xffffff97][0x12]?[0xffffffff]UBl[0xffffffbb][0xffffffec][0xffffffe5]6[0x1b][0xffffff95][0x12][0xfffffff4][0xffffffb6][0xffffffcb][0xfffffff7]7[0xffffffa0]S[0xffffff82][0xffffffdc]v[0xfffffff9][0xfffffffe]t&%[0xffffff8c][0xffffffb6]]*[0x14][0xffffff99][0xffffff94]p[0xffffffd9]v[0xffffffa9][0xffffffb0][0xffffffcc]O[0x9]v[0xffffffdb]eD[0xffffffd4])%[0xffffffcc][0xffffffb6]]]]><![CDATA[>q)[0xffffff9b][0x12]F[0xffffffdb].[0xffffff85]i[0xffffffa9][0xffffff94][0xfffffff8][0xfffffff9]m[0xffffff97][0xfffffff5]&VT[0xfffffff5]r[0xffffffff][0xffffffdf]TJ[0xffffffd0]+[0xffffffaa][0xffffffde][0xffffffdf][0xffffff80]N[0x9]rE[0xffffffd5][0xfffffffb][0xffffffd3][0xffffff99][0xffffff94]0ZQ[0xffffffa5]PdR[0xffffffc2]eE[0xffffff95][0xffffffc2]2?%[0xffffffd8][0x15]U[0x11]Q[0xffffffa7][0xffffff94]0[Q[0xfffffff5][0xffffffc4][0xffffffa5]lJ[0x18][0xffffffad][0xffffffa8][0x12][0xffffffa6][0xffffffa5]R[0xffffffe2][0xffffffe7]WT[0xffffffd5][0xffffff9b]XQuO[0xffffff89][0xe][0xffffffdd][0xc][0xfffffffa]x[0x1f]8%[0xfffffff8][0x15]U[0xffffff9f][0xffffffef][0xffffffc0][0xffffffa4][0x4][0xffffffb5][0xffffffa2][0xffffffea][0xfffffffb][0xffffff93]=R[0xffffffc2]cE[0xffffff95][0x6][0xffffff92]I[0x9]~EU[0xffffff84]3;%|WTIy[0xffffffb2])a[0xffffffb7][0xffffffa2]J[0xffffffaa][0xffffff95]K[0x9][0xffffff93][0x15]UB[0xffffffbc][0xffffffaf][0xffffffa7][0xffffffc4]q[0xffffff93])[0xffffffb1][0x16][0xffffff94][0x12]o[0xffffffef][0xffffffc3][0xffffffa6][0xffffffc4][0xffffffe3][\r][0xffffffe0][0xffffff94][0xfffffff8][0xfffffffe][0xe]HJ<[0xffffff9e][0xffffff8e][0xffffffa4][0xffffffc4][0xffffffb7]'[[0xffffffa4][0xffffff84]@[0x11]I[0x9][0x9]$[0xffffff92][0x12][0x2][0xffffffcb][0xfffffff4][0xffffff94][0x8]p&[0xffffffa7]D@[0xffffffd4](%[0xffffff94]<[0xffffffd1][0xffffff94][0xffffffd0].ESB[0xffffffa9][0x15]K[0xffffff89]hZ(%[0xffffffa2]x/[0xffffffa4][0xffffff84][0xffffffda]+Q[0xffffffea][0xffffffa0][0xffffffbe]J[0x1c][0xfffffff8]^[0xffffff89][0xffffffc3]`[0xffffffaf][0xffffffc4]![0xffffff86][0xffffff9f][0x13][0x1][0xffffffc7][0xfffffff6]J[0x1c]a[0xffffffbc][0xffffff99]L[0x9][0xffffff93][0xffffffbd][0x12][0x12]H&%[0xc][0xfffffff6]J[0x4]8[0xffffffb3]S[0xffffffc2]x[0xffffffaf][0xffffff84][0xffffff92]'[0xffffff9b][0x12]~{%[0xffffff94]Z[0xffffffb9][0xffffff94]p[0xffffffd9]+[0x11][0xffffffc5]{!%[0xffffff8a]J[0xffffff89][0xfffffff3]F[0xffffff9d][0xffffff95]x{[0x1f]8%[0xffffff8a]AJ[0xffffff94][0xffffffc8]{"[0xffffffe0][0x5]K[0xffffff89][0xffffffe2][0xffffff94][0x12][0x11]E&%[0x14][0xffffff90]LJD,[0xfffffff3]Sb[0xffffff87]3;%vD[0xffffff9d]RB[0xffffffc8][0xffffff93]M[0x9][0xffffffe9]R6%[0xffffff84]Z[0xffffffb9][0xffffff94][0x8][0xffffffa6][0xffffffa5]R"[0xffffff88][0xfffffff7]RJ[0xffffffc4]aP6%[0xffffffe0]a[0xffffffd0][0xffffffc7][0x1b][0xfffffff0])[0x1][0xe][0xffffff83]>[0xffffff9e]N[0xffffffa5][0xffffff84][0xffffffcf]0[0xffffffa8]@[0xffffff91]J[0x9][0xffffff93]aP[0xffffff81]%[0xffffff91][0x12][0xffffffe8]0h@[0xffffffd4]+%[0xffffffbc][0xffffff86]A[0xffffffb5]K[0xffffffe9][0xffffff94][0xfffffff0][0x19][0x6][0xffffff8d][0xffffffa6][0xffffffe5]R[0xffffffe2][0xffffffa7][0xffffff87]A[0xffffffef][0xffffffff]F3K[0xffffff89][0xffffff86][0xffffffa7]D3H[0xffffff89][0xffffff86][0xffffffa6]D[0xffffffc3]R[0xffffffa2]9[0xffffffa5][0xffffffc4][0xffffff8e]"[0xffffff95][0x12][0x11]H*%v,[0xffffff89][0xffffff94]hpJ4[0xffffffe3][0xffffff94][0x8][0xfffffff2][0xffffffa4]SB[0xffffffb8][0xffffff94]N[0xffffff89][0xffffffa0]V2%[0xffffff9a]KJ[0xffffffb4][0xffffffbf]CJ[0x1c]n[0xffffffbf]p[0x1c][0xfffffffc]O[0x1c][0xfffffff7]W[0xffffffe0]k[0xffffffe2][0xffffffe3]%[0xffffffa8][0xffffff9c]8[0xffffffb8]_9[0xe][0xffffffab][0xffffff9f]9[0x2][0xffffff8f]TQ[0x8]*[0xffffffa9][0xffffffa4][0x8]l[0x12]Mq[0xffffffd0]?u[0x1c][0xffffffce][0xffffffbf]uD[0xffffff8d][0xffffffd2]Y[0xffffffa1][0xffffffac]JwE[0xffffff94],[0x19][0x16][0xffffffbb]s[0xffffffb9][0xffffffb2][0xffffffd8][0x15]|)-[0xffffff8a][0xffffffdd]/[0x1e][0x6]?yX[0xfffffffc][0xffffffe6][0x1][0xffffffff][0xffffffe8][0x1][0xfffffffe][0xffffffea][0xffffffe1][0xfffffff5][0xffffffb3][0xffffff87][0xffffffcd][0xffffffef][0x1e]F?|X[0xfffffffc][0xfffffff2][0xffffff81][0xffffffff][0xfffffff4]a[0xfffffffd][0xffffffdb][0xffffff87][0xffffffdf][0xffffff8f][0x1f][0xffffff8e][0xffffffbf]~x[0xfffffffd][0xfffffffc][0xffffffe1][0xfffffff3][0xfffffffb][0xffffffc7][0xffffffdf][0xffffffe3][0x7][0xffffff90]2[0xffffffdd][0xffffffd2]b[0xfffffff2]i1[0x1d][0xffffffd2]b[0xffffffb2]i1[0xffffffb9][0xffffffb4][0xffffff98]Vi[0xffffffb1][0xfffffff3][0xffffff88][0xffffffa5]E[0xffffffa4][0x12]K[0xffffff8b][0xffffff9d]M$-&[0xffffff9d][0x16][0xffffffd3]9-[0xffffff82]F[0xfffffff1][0xffffffb4][0x10]V[0xffffffc5][0xffffffd3]"H[0x16]M[0xffffff8b]i[0xffffff93][0x16][0xfffffff3]zZ[0xffffffb4][0xffffffc7]?RN1[0xfffffff1]q[0xffffff9e]k[0xffffffa4][0xffffff97][0xffffffc5][0xffffffe7][0xfffffffb]Pa[0xfffffff1][0xffffffe5][\r][0xffffffb0][0xffffffae][0xffffffd8][0xffffffde]!9+[0xffffffbe]<=[0xffffffb9]*~[0xfffffffd]d8*[0xffffff9e][0xffffffa2][0xffffff98][0xffffffdc][0x14]?[0x0]29)[0xffffff9e]b[0xffffff99]X[0x14]O[0xffffffe0]L[0xb][0xffffff8a]'[0xffffff88]Z[0xfffffff4][0xffffffc4]syB9[0xfffffff1]#[0xffffff97]B5[0xfffffff1]\[0xffffffad]@L<3mzK<[0x13][0xffffffef][0xffffff85][0xffffff94]P7[0xffffff89][0xffffff9e]}`)[0x1][0xffffffde]$[0xfffffffa][0xffffffe5][\r][0xffffffe8][0xffffff94][0xffffff80]n[0x12][0xfffffffd][0xfffffff2]t&%<n[0x12]}[0xffffff8a]"[0xffffff93][0x12][0x6]7[0xffffff89]>[0xffffffc5]2?%[0xffffffb0][0xffffff9b]D[0xffffff9f] [0xffffffea][0xffffff94][0x12]>7[0xffffff89][0xfffffffe][0xffffffc8][0xffffffa5]lJx[0xffffffdc]$[0xfffffffa][0xffffffcc][0xffffffb4]TJ[0xfffffffc][0xffffffd4]M[0xffffffa2][0x1f][0xffffffff][0xffffff86][0xffffffba][0xffffffb3][0xffffffa3][0xffffffd7]U[0xffffffa9][0xffffff94][0x0][0xffffffef][0xffffffec][0xfffffff8][0xfffffff2][0x6]tJ@wv|y:[0xffffff93][0x12][0x1e]wv<E[0xffffff91]I[0x9][0xffffff83];;[0xffffff9e]b[0xffffff99][0xffffff9f][0x12][0xffffffd8][0xffffff9d][0x1d]O[0x10]uJ[0x9][0xffffff9f];;~[0xffffffe4]R6%<[0xffffffee][0xffffffec]xfZ*%~[0xffffffea][0xffffffce][0xffffff8e][0xffffff8f][0x7f]C[0xffffffdd][0xffffffd9][0xffffffd1][0xffffffc7][0xffffff99][0xffffffbf]h[0xfffffffb][0xfffffff3]}[0xffffffe0][0xffffff94]@[0xffffffef][0xffffffec][0xffffffd8][0xffffffde][0xffffff81]I[0x9][0xffffffe0][0xffffffce][0xffffff8e]_?[0xffffffd9]#%[0xfffffff0];;~[0x0]$[0xffffff93][0x12][0xffffffe8][0xffffff9d][0x1d]O[0xffffffe0][0xffffffcc]N[0x9][0xffffffcb];;[0xffffff9e][0xffffffcb][0xffffff93]M[0x9][0xffffffa7];;[0xffffff9e][0xffffffab][0xffffff95]K[0x9][0xfffffffe][0xffffffce][0xffffff8e]g[0xffffffe2]}=%[0xffffffaa][0xffffffba][0xffffffb3][0xffffffa3][0xffffffaf]>[0xffffffa1][0xffffff94][0xffffffa8][0xffffffe0][0xffffff9d][0x1d]_[0xffffffde][0x0]N[0xffffff89]*[0x16][0xffffffcb][0xffffffe7][0x1]^[0xffffff81];;~[0xfffffffd]d[0xffffff8b][0xffffff94][0x10](")![0xffffff81]DRB`[0xffffff99][0xffffff9e][0x12][0x1][0xffffffce][0xffffffe4][0xffffff94][0x8][0xffffff88][0x1a][0xffffffa5][0xffffff84][0xffffff92]'[0xffffff9a][0x12][0xffffffda][0xffffffa5]hJ([0xffffffb5]b)[0x11]M[0xb][0xffffffa5]D[0x14][0xffffffef][0xffffff85][0xffffff94]Pwv[0xffffff8c]cR_%*xg[0xffffffc7][0xffffff97]7[0xffffffa0]S[0x2][0xffffffba][0xffffffb3][0xffffffe3][0xffffffcb][0xffffffd3][0xffffff99][0xffffff94][0xfffffff0][0xffffffb8][0xffffffb3][0xffffffe3])[0xffffff8a]LJ[0x18][0xffffffdc][0xffffffd9][0xfffffff1][0x14][0xffffffcb][0xfffffffc][0xffffff94][0xffffffc0][0xffffffee][0xffffffec]x[0xffffff82][0xffffffa8]SJ[0xfffffff8][0xffffffdc][0xffffffd9][0xfffffff1]#[0xffffff97][0xffffffb2])[0xffffffe1]qg[0xffffffc7]3[0xffffffd3]R)[0xfffffff1]Swv|[0xfffffffc][0x1b][0xffffffea][0xffffffce][0xffffff8e]Q[0xffffffe7]I[0xffffffa5][0x4]xg[0xffffffc7][0xffffff97]7[0xffffffa0]S[0x2][0xffffffba][0xffffffb3][0xffffffe3][0xffffffcb][0xffffffd3][0xffffff99][0xffffff94][0xfffffff0][0xffffffb8][0xffffffb3][0xffffffe3])[0xffffff8a]LJ[0x18][0xffffffdc][0xffffffd9][0xfffffff1][0x14][0xffffffcb][0xfffffffc][0xffffff94][0xffffffc0][0xffffffee][0xffffffec]x[0xffffff82][0xffffffa8]SJ[0xfffffff8][0xffffffdc][0xffffffd9][0xfffffff1]#[0xffffff97][0xffffffb2])[0xffffffe1]qg[0xffffffc7]3[0xffffffd3]R)[0xfffffff1]Swv|[0xfffffffc][0x1b]U[0xffffffa5]D[0xffffffe3]R[0xffffffa2][0xffffffe2])Q[\r]R[0xffffffa2]F[0xffffffde][0x13][0x1][0xffffffaf]XJT[0xffffffa7][0xffffff94][0xffffff88](2)[0xffffffa1][0xffffff80]dR"b[0xffffff99][0xffffff9f][0x12];[0xffffff9c][0xffffffd9])[0xffffffb1]#[0xffffffea][0xffffff94][0x12]B[0xffffff9e]lJH[0xffffff97][0xffffffb2])![0xffffffd4][0xffffffca][0xffffffa5]D0-[0xffffff95][0x12]A[0xffffffbc][0x17]R[0xffffffa2][0xffffffa9][0xffffff94]8[0xffffffcb][0xffffff8d]J[0xffffff89][0xffffff86][0xffffffa7]D3H[0xffffff89][0x16]yO[0x4][0xffffffbc]a)[0xffffffd1][0xffffff9c]R"[0xffffffa2][0xffffffc8][0xffffffa4][0xffffff84][0x2][0xffffff92]I[0xffffff89][0xffffff88]e~J[0xffffffec]pf[0xffffffa7][0xffffffc4][0xffffff8e][0xffffffa8]SJ[0x8]y[0xffffffb2])!][0xffffffca][0xffffffa6][0xffffff84]P+[0xffffff97][0x12][0xffffffc1][0xffffffb4]TJ[0x4][0xfffffff1]^H[0x9][0xffffffb5][0xffffffa2]j[0xffffff9c][0xffffffbd]P)[0xffffff81][0xffffffaf][0xffffffa8][0xffffffaa][0x6]+[0xffffffaa][0xffffffaa][0xffffffd8][0xffffffa3][0xffffff92][0x8]8[0xffffffb6][0xffffffa2][0xffffffaa][0xffffff86]M)dJ[0xffffff98]"
[DEBUG] http-outgoing-1 << "[0xffffffac][0xffffffa8][0xffffff92]@2)a[0xffffffb0][0xffffffa2]*[0xffffffc0][0xffffff99][0xffffff9d][0x12][0xffffffc6]+[0xffffffaa][0xffffff94]<[0xffffffd9][0xffffff94][0xfffffff0][Q[0xffffffa5][0xffffffd4][0xffffffca][0xffffffa5][0xffffff84][0xffffffcb][0xffffff8a][0xffffffaa]([0xffffffde][0xb])[0xffffffa1]VT[0xffffff8d]sa[0xffffffc7].[0xfffffff1][0x15]U[0xffffffd5]`EU[0x15]{T[0x12][0x1][0xffffffc7]VT[0xffffffd5][0xffffffb0])[0xffffff85]L[0x9][0xffffff93][0x15]U[0x12]H&%[0xc]VT[0x5]8[0xffffffb3]S[0xffffffc2]xE[0xffffff95][0xffffff92]'[0xffffff9b][0x12]~+[0xffffffaa][0xffffff94]Z[0xffffffb9][0xffffff94]pYQ[0x15][0xffffffc5]{!%[0xffffff86]J[0xffffff89][0xffffffde][0xffffffb0][0xffffffaf][0x12][0x3]O[0xffffff89]a[0xffffff90][0x12]#[0xfffffff2][0xffffff9e][0x8][0xfffffff8][0xffffffc0]Rb8[0xffffffa5]DD[0xffffff91]I[0x9][0x5]$[0xffffff93][0x12][0x11][0xffffffcb][0xfffffffc][0xffffff94][0xffffffd8][0xffffffe1][0xffffffcc]N[0xffffff89][0x1d]Q[0xffffffa7][0xffffff94][0x10][0xfffffff2]dSB[0xffffffba][0xffffff94]M[0x9][0xffffffa1]V.%[0xffffff82]i[0xffffffa9][0xffffff94][0x8][0xffffffe2][0xffffffbd][0xffffff90][0x12]j[0xffffffdb][0xffffffe5][0x18][0xb][0xffffffdb]+[0xffffff81]o[0xffffffbb][0xffffffac][0x6][0xffffffdb].[0xffffffab]X[0xffffffc9][0xffffff96][0x8]8[0xffffffb6][0xffffffed][0xffffffb2][0xffffff86][0xffffffa5]kdJ[0xffffff98]l[0xffffffbb][0xffffff94]@2)a[0xffffffb0][0xffffffed]2[0xffffffc0][0xffffff99][0xffffff9d][0x12][0xffffffc6][0xffffffdb].[0xffffff95]<[0xffffffd9][0xffffff94][0xfffffff0][0xffffffdb]v[0xffffffa9][0xffffffd4][0xffffffca][0xffffffa5][0xffffff84][0xffffffcb][0xffffffb6][0xffffffcb]([0xffffffde][0xb])[0xffffffa1][0xffffffb6]][0xffffffce][0xffffffa3]b_%[0xfffffff0]m[0xffffff97][0xffffffd5]`[0xffffffdb]e[0x15]+[0xffffffd9][0x12][0x1][0xffffffc7][0xffffffb6]][0xffffffd6][0xffffffb0]t[0xffffff8d]L[0x9][0xffffff93]m[0xffffff97][0x12]H&%[0xc][0xffffffb6]][0x6]8[0xffffffb3]S[0xffffffc2]x[0xffffffdb][0xffffffa5][0xffffff92]'[0xffffff9b][0x12]~[0xffffffdb].[0xffffff95]Z[0xffffffb9][0xffffff94]p[0xffffffd9]v[0x19][0xffffffc5][0xfffffffb]zJ4[0xffffffb5][0xffffffa2]j[0xfffffff6][0x1b][0xffffff95][0x12][\r]_Q[0xffffffd5][0xc]VT5[0xffffffb1]G%[0xf][0xfffffff0][0xffffff86][0xffffffad][0xffffffa8]jaS[\n]"
[DEBUG] http-outgoing-1 << "[0xffffff98][0x12][0x2]E$%$[0xffffff90]HJ[0x8],[0xffffffd3]S"[0xffffffc0][0xffffff99][0xffffff9c][0x12][0x1]Q[0xffffffa3][0xffffff94]P[0xfffffff2]DSB[0xffffffbb][0x14]M[0x9][0xffffffa5]V,%[0xffffffa2]i[0xffffffa1][0xffffff94][0xffffff88][0xffffffe2][0xffffffbd][0xffffff90][0x12][0xffffffe5][0xffffff97][0x12]Sb[0xffffff9d][0x7][0xffffff95][0x12][0xfffffff7][0xfffffff7][0xffffff81]S[0xffffffe2][0xffffffed][\r][0xffffffe8][0xffffff94][0xfffffff8][0xfffffff6][0xe]LJ[0xffffffbc]=[0xffffff9d]I[0xffffff89][0xffffff8f]'{[0xffffffa4]DD[0xffffff91]I[0x9][0x5]$[0xffffff93][0x12][0x11][0xffffffcb][0xfffffffc][0xffffff94][0xffffffd8][0xffffffe1][0xffffffcc]N[0xffffff89][0x1d]Q[0xffffffa7][0xffffff94][0x10][0xfffffff2]dSB[0xffffffba][0xffffff94]M[0x9][0xffffffa1]V.%[0xffffff82]i[0xffffffa9][0xffffff94][0x8][0xffffffe2][0xffffffbd][0xffffff94][0x12][0xffffffd5],%*[0xffffff9e][0x12][0xffffffd5] %*[0xffffff9a][0x12][0x15]K[0xffffff89][0xffffffea][0xffffff94][0x12];[0xffffff8a]TJD [0xffffffa9][0xffffff94][0xffffffd8][0xffffffb1]$R[0xffffffa2][0xffffffc2])Q[0xffffff8d]S"[0xffffffc8][0xffffff93]N[0x9][0xffffffe1]R:%[0xffffff82]Z[0xffffffc9][0xffffff94][0xffffffa8].)Q[0x7f]:%[0xffffffd4][0xffffffb6][0xffffffcb]U;[0xffffffb5][0xffffffed][0xffffffb2][0xffffffe1][0xffffffdb].[0xffffff9b][0xffffffc1][0xffffffb6][0xffffffcb]&V[0xffffffb2]%[0x2][0xffffff8e]m[0xffffffbb]la[0xffffffe9][0x1a][0xffffff99][0x12]&[0xffffffdb].%[0xffffff90]LJ[0x18]l[0xffffffbb][0xc]pf[0xffffffa7][0xffffff84][0xfffffff1][0xffffffb6]K%O6%[0xfffffffc][0xffffffb6]]*[0xffffffb5]r)[0xffffffe1][0xffffffb2][0xffffffed]2[0xffffff8a][0xfffffff7]BJ4[0xffffff95][0x12]m[0xc]*%[0x1a][0xffffff9e][0x12][0xffffffcd] %Z[0xffffffe4]=[0x11][0xfffffff0][0xffffff86][0xffffffa5]DsJ[0xffffff89][0xffffff88]"[0xffffff93][0x12][\n]"
[DEBUG] http-outgoing-1 << "H&%"[0xffffff96][0xfffffff9])[0xffffffb1][0xffffffc3][0xffffff99][0xffffff9d][0x12];[0xffffffa2]N)![0xffffffe4][0xffffffc9][0xffffffa6][0xffffff84]t)[0xffffff9b][0x12]B[0xffffffad]\J[0x4][0xffffffd3]R)[0x11][0xffffffc4]{!%[0xffffffd4][0xffffffb6][0xffffffcb][0xffffffb5]F[0xffffffa7]R[0x2][0xffffffdf]v[0xffffffd9][0xc][0xffffffb6]]6[0xffffffb1][0xffffff92]-[0x11]pl[0xffffffdb]e[0xb]K[0xffffffd7][0xffffffc8][0xffffff94]0[0xffffffd9]v)[0xffffff81]dR[0xffffffc2]`[0xffffffdb]e[0xffffff80]3;%[0xffffff8c][0xffffffb7]]*y[0xffffffb2])[0xffffffe1][0xffffffb7][0xffffffed]R[0xffffffa9][0xffffff95]K[0x9][0xffffff97]m[0xffffff97]Q[0xffffffbc][0x17]RBl[0xffffffbb][0x1c]7n[0x18][0xffffffb4][0xffffffe1][0xffffffdb].[0xffffff9b][0xffffffc1][0xffffffb6][0xffffffcb]&V[0xffffffb2]%[0x2][0xffffff8e]m[0xffffffbb]la[0xffffffe9][0x1a][0xffffff99][0x12]&[0xffffffdb].%[0xffffff90]LJ[0x18]l[0xffffffbb][0xc]pf[0xffffffa7][0xffffff84][0xfffffff1][0xffffffb6]K%O6%[0xfffffffc][0xffffffb6]]*[0xffffffb5]r)[0xffffffe1][0xffffffb2][0xffffffed]2[0xffffff8a][0xfffffff7]BJ[0xffffff88]m[0xffffff97][0xffffffe3]v[0x1e][0xffffffd4][0xffffff8a][0xffffffaa][0xffffff86]o[0xffffffbb]l[0x6][0xffffffdb].[0xffffff9b]X[0xffffffc9][0xffffff96][0x8]8[0xffffffb6][0xffffffed][0xffffffb2][0xffffff85][0xffffffa5]kdJ[0xffffff98]l[0xffffffbb][0xffffff94]@2)a[0xffffffb0][0xffffffed]2[0xffffffc0][0xffffff99][0xffffff9d][0x12][0xffffffc6][0xffffffdb].[0xffffff95]<[0xffffffd9][0xffffff94][0xfffffff0][0xffffffdb]v[0xffffffa9][0xffffffd4][0xffffffca][0xffffffa5][0xffffff84][0xffffffcb][0xffffffb6][0xffffffcb]([0xffffffde][0xb])![0xffffffb6]][0xffffff8e][[0xffffffe7]R[0x2][0xffffffdf]v[0xffffffd9][0xc][0xffffffb6]]6[0xffffffb1][0xffffff92]-[0x11]pl[0xffffffdb]e[0xb]K[0xffffffd7][0xffffffc8][0xffffff94]0[0xffffffd9]v)[0xffffff81]dR[0xffffffc2]`[0xffffffdb]e[0xffffff80]3;%[0xffffff8c][0xffffffb7]]*y[0xffffffb2])[0xffffffe1][0xffffffb7][0xffffffed]R[0xffffffa9][0xffffff95]K[0x9][0xffffff97]m[0xffffff97]Q[0xffffffbc][0x17]RBl[0xffffffbb][0xffffffbc][0xffffffa7]D[0xffffffc7]R[0x2][0xffffffdf]v[0xffffffd9][0xc][0xffffffb6]]6[0xffffffb1][0xffffff92]-[0x11]pl[0xffffffdb]e[0xb]K[0xffffffd7][0xffffffc8][0xffffff94]0[0xffffffd9]v)[0xffffff81]dR[0xffffffc2]`[0xffffffdb]e[0xffffff80]3;%[0xffffff8c][0xffffffb7]]*y[0xffffffb2])[0xffffffe1][0xffffffb7][0xffffffed]R[0xffffffa9][0xffffff95]K[0x9][0xffffff97]m[0xffffff97]Q[0xffffffbc]?L[0xffffff89][0xffffffff][0xfffffffa][0xffffffbf][0xfffffffe][0xffffffb7][0xffffffff][0xf]O3Z[0xffffffeb]\~[0xe][0x0]"
[DEBUG] ep-0000000002 releasing valid endpoint
[DEBUG] ep-0000000002 releasing endpoint
[DEBUG] ep-0000000002 connection http-outgoing-1 can be kept alive for 3 MINUTES
[DEBUG] ep-0000000002 connection released [route: {s}->https://googlechromelabs.github.io:443][total available: 2; route allocated: 1 of 5; total allocated: 2 of 25]
[INFO] Using chromedriver 122.0.6261.111 (resolved driver for Chrome 122)
[DEBUG] Storing resolution chrome=122 in cache (valid until 22:35:25 10/03/2024 IST)
[DEBUG] Storing resolution chrome122=122.0.6261.111 in cache (valid until 21:35:25 11/03/2024 IST)
[DEBUG] Driver chromedriver 122.0.6261.111 found in cache
[INFO] Exporting webdriver.chrome.driver as C:\Users\Shree\.cache\selenium\chromedriver\win64\122.0.6261.111\chromedriver.exe
[INFO ] 2024-03-10 21:35:27.833 [main] StepDef - Step 1 exicuted
[INFO ] 2024-03-10 21:35:27.954 [main] StepDef - launch chrome browser
[INFO ] 2024-03-10 21:35:29.922 [main] StepDef - url open
[INFO ] 2024-03-10 21:35:30.387 [main] StepDef - enter email add and pwrd
[INFO ] 2024-03-10 21:35:32.411 [main] StepDef - click on login button
[INFO ] 2024-03-10 21:35:33.846 [main] StepDef - user can view dashbord pass
[INFO ] 2024-03-10 21:35:33.849 [main] StepDef - user enter email add 
[INFO ] 2024-03-10 21:35:34.159 [main] StepDef - user click on customer menu
[INFO ] 2024-03-10 21:35:34.159 [main] StepDef - user enter email add 
[INFO ] 2024-03-10 21:35:35.705 [main] StepDef - user click on customer menu item
[INFO ] 2024-03-10 21:35:37.238 [main] StepDef - user click on add new button
[INFO ] 2024-03-10 21:35:37.260 [main] StepDef - user can view add new customer page pass
[INFO ] 2024-03-10 21:35:42.274 [main] StepDef - click on save button
[INFO ] 2024-03-10 21:35:42.990 [main] StepDef - user can view confirmation message pass
[INFO ] 2024-03-10 21:35:43.791 [main] StepDef - close browser
]]></system-out>
    <system-err><![CDATA[Mar 10, 2024 9:35:27 PM org.openqa.selenium.devtools.CdpVersionFinder findNearestMatch
WARNING: Unable to find an exact match for CDP version 122, returning the closest version; found: 121; Please update to a Selenium version that supports CDP version 122
]]></system-err>
  </testcase>
  <testcase name="runScenario[&quot;Add New Customer&quot;, &quot;Customers&quot;](2)" classname="TestRunner.Run" time="25.386">
    <system-out><![CDATA[setup1 method exicuted sanity
[DEBUG] Using WebDriverManager 5.6.3
[DEBUG] Resolution chrome=122 in cache (valid until 22:35:25 10/03/2024 IST)
[DEBUG] Resolution chrome122=122.0.6261.111 in cache (valid until 21:35:25 11/03/2024 IST)
[INFO] Using chromedriver 122.0.6261.111 (resolved driver for Chrome 122)
[DEBUG] Driver chromedriver 122.0.6261.111 found in cache
[INFO] Exporting webdriver.chrome.driver as C:\Users\Shree\.cache\selenium\chromedriver\win64\122.0.6261.111\chromedriver.exe
[INFO ] 2024-03-10 21:35:44.994 [main] StepDef - Step 1 exicuted
[INFO ] 2024-03-10 21:35:44.997 [main] StepDef - launch chrome browser
[INFO ] 2024-03-10 21:35:46.827 [main] StepDef - url open
[INFO ] 2024-03-10 21:35:47.192 [main] StepDef - enter email add and pwrd
[INFO ] 2024-03-10 21:35:52.678 [main] StepDef - click on login button
[INFO ] 2024-03-10 21:35:54.342 [main] StepDef - user can view dashbord pass
[INFO ] 2024-03-10 21:35:54.343 [main] StepDef - user enter email add 
[INFO ] 2024-03-10 21:35:54.665 [main] StepDef - user click on customer menu
[INFO ] 2024-03-10 21:35:54.666 [main] StepDef - user enter email add 
[INFO ] 2024-03-10 21:35:57.687 [main] StepDef - user click on customer menu item
[INFO ] 2024-03-10 21:36:02.125 [main] StepDef - user click on add new button
[INFO ] 2024-03-10 21:36:02.148 [main] StepDef - user can view add new customer page pass
[INFO ] 2024-03-10 21:36:08.039 [main] StepDef - click on save button
[INFO ] 2024-03-10 21:36:08.902 [main] StepDef - user can view confirmation message pass
[INFO ] 2024-03-10 21:36:09.186 [main] StepDef - close browser
]]></system-out>
    <system-err><![CDATA[Mar 10, 2024 9:35:44 PM org.openqa.selenium.devtools.CdpVersionFinder findNearestMatch
WARNING: Unable to find an exact match for CDP version 122, returning the closest version; found: 121; Please update to a Selenium version that supports CDP version 122
]]></system-err>
  </testcase>
  <testcase name="runScenario[&quot;Add New Customer&quot;, &quot;Customers&quot;](3)" classname="TestRunner.Run" time="19.481">
    <system-out><![CDATA[setup1 method exicuted sanity
[DEBUG] Using WebDriverManager 5.6.3
[DEBUG] Resolution chrome=122 in cache (valid until 22:35:25 10/03/2024 IST)
[DEBUG] Resolution chrome122=122.0.6261.111 in cache (valid until 21:35:25 11/03/2024 IST)
[INFO] Using chromedriver 122.0.6261.111 (resolved driver for Chrome 122)
[DEBUG] Driver chromedriver 122.0.6261.111 found in cache
[INFO] Exporting webdriver.chrome.driver as C:\Users\Shree\.cache\selenium\chromedriver\win64\122.0.6261.111\chromedriver.exe
[INFO ] 2024-03-10 21:36:10.432 [main] StepDef - Step 1 exicuted
[INFO ] 2024-03-10 21:36:10.435 [main] StepDef - launch chrome browser
[INFO ] 2024-03-10 21:36:13.247 [main] StepDef - url open
[INFO ] 2024-03-10 21:36:13.615 [main] StepDef - enter email add and pwrd
[INFO ] 2024-03-10 21:36:19.744 [main] StepDef - click on login button
[INFO ] 2024-03-10 21:36:21.373 [main] StepDef - user can view dashbord pass
[INFO ] 2024-03-10 21:36:21.373 [main] StepDef - user enter email add 
[INFO ] 2024-03-10 21:36:21.723 [main] StepDef - user click on customer menu
[INFO ] 2024-03-10 21:36:21.723 [main] StepDef - user enter email add 
[INFO ] 2024-03-10 21:36:23.129 [main] StepDef - user click on customer menu item
[INFO ] 2024-03-10 21:36:24.646 [main] StepDef - user click on add new button
[INFO ] 2024-03-10 21:36:24.684 [main] StepDef - user can view add new customer page pass
[INFO ] 2024-03-10 21:36:27.492 [main] StepDef - click on save button
[INFO ] 2024-03-10 21:36:28.342 [main] StepDef - user can view confirmation message pass
[INFO ] 2024-03-10 21:36:28.668 [main] StepDef - close browser
]]></system-out>
    <system-err><![CDATA[Mar 10, 2024 9:36:10 PM org.openqa.selenium.devtools.CdpVersionFinder findNearestMatch
WARNING: Unable to find an exact match for CDP version 122, returning the closest version; found: 121; Please update to a Selenium version that supports CDP version 122
]]></system-err>
  </testcase>
  <testcase name="runScenario[&quot;Add New Customer&quot;, &quot;Customers&quot;](4)" classname="TestRunner.Run" time="14.742">
    <system-out><![CDATA[setup1 method exicuted sanity
[DEBUG] Using WebDriverManager 5.6.3
[DEBUG] Resolution chrome=122 in cache (valid until 22:35:25 10/03/2024 IST)
[DEBUG] Resolution chrome122=122.0.6261.111 in cache (valid until 21:35:25 11/03/2024 IST)
[INFO] Using chromedriver 122.0.6261.111 (resolved driver for Chrome 122)
[DEBUG] Driver chromedriver 122.0.6261.111 found in cache
[INFO] Exporting webdriver.chrome.driver as C:\Users\Shree\.cache\selenium\chromedriver\win64\122.0.6261.111\chromedriver.exe
[INFO ] 2024-03-10 21:36:29.835 [main] StepDef - Step 1 exicuted
[INFO ] 2024-03-10 21:36:29.838 [main] StepDef - launch chrome browser
[INFO ] 2024-03-10 21:36:31.666 [main] StepDef - url open
[INFO ] 2024-03-10 21:36:32.067 [main] StepDef - enter email add and pwrd
[INFO ] 2024-03-10 21:36:34.234 [main] StepDef - click on login button
[INFO ] 2024-03-10 21:36:35.855 [main] StepDef - user can view dashbord pass
[INFO ] 2024-03-10 21:36:35.855 [main] StepDef - user enter email add 
[INFO ] 2024-03-10 21:36:36.223 [main] StepDef - user click on customer menu
[INFO ] 2024-03-10 21:36:36.224 [main] StepDef - user enter email add 
[INFO ] 2024-03-10 21:36:37.711 [main] StepDef - user click on customer menu item
[INFO ] 2024-03-10 21:36:39.235 [main] StepDef - user click on add new button
[INFO ] 2024-03-10 21:36:39.265 [main] StepDef - user can view add new customer page pass
[INFO ] 2024-03-10 21:36:42.371 [main] StepDef - click on save button
[INFO ] 2024-03-10 21:36:43.128 [main] StepDef - user can view confirmation message pass
[INFO ] 2024-03-10 21:36:43.411 [main] StepDef - close browser
]]></system-out>
    <system-err><![CDATA[Mar 10, 2024 9:36:29 PM org.openqa.selenium.devtools.CdpVersionFinder findNearestMatch
WARNING: Unable to find an exact match for CDP version 122, returning the closest version; found: 121; Please update to a Selenium version that supports CDP version 122
]]></system-err>
  </testcase>
  <testcase name="runScenario[&quot;Add New Customer&quot;, &quot;Customers&quot;](5)" classname="TestRunner.Run" time="226.395">
    <failure message="java.util.concurrent.TimeoutException&#10;Build info: version: &apos;4.17.0&apos;, revision: &apos;e52b1be057*&apos;&#10;System info: os.name: &apos;Windows 10&apos;, os.arch: &apos;amd64&apos;, os.version: &apos;10.0&apos;, java.version: &apos;21.0.2&apos;&#10;Driver info: org.openqa.selenium.chrome.ChromeDriver&#10;Command: [7b6a44cb5f77a8254f11333286210386, findChildElements {using=xpath, id=f.72718CA3138FF5549B5396A90488E403.d.79AC2D3210F8A79E59BEC7C667AFD5AD.e.143, value=.//option[normalize-space(.) = &quot;&quot;]}]&#10;Capabilities {acceptInsecureCerts: false, browserName: chrome, browserVersion: 122.0.6261.112, chrome: {chromedriverVersion: 122.0.6261.111 (9d4c1072da6..., userDataDir: C:\Users\Shree\AppData\Loca...}, fedcm:accounts: true, goog:chromeOptions: {debuggerAddress: localhost:51050}, networkConnectionEnabled: false, pageLoadStrategy: normal, platformName: windows, proxy: Proxy(), se:cdp: ws://localhost:51050/devtoo..., se:cdpVersion: 122.0.6261.112, setWindowRect: true, strictFileInteractability: false, timeouts: {implicit: 0, pageLoad: 300000, script: 30000}, unhandledPromptBehavior: dismiss and notify, webauthn:extension:credBlob: true, webauthn:extension:largeBlob: true, webauthn:extension:minPinLength: true, webauthn:extension:prf: true, webauthn:virtualAuthenticators: true}&#10;Session ID: 7b6a44cb5f77a8254f11333286210386" type="org.openqa.selenium.TimeoutException"><![CDATA[org.openqa.selenium.TimeoutException: 
java.util.concurrent.TimeoutException
Build info: version: '4.17.0', revision: 'e52b1be057*'
System info: os.name: 'Windows 10', os.arch: 'amd64', os.version: '10.0', java.version: '21.0.2'
Driver info: org.openqa.selenium.chrome.ChromeDriver
Command: [7b6a44cb5f77a8254f11333286210386, findChildElements {using=xpath, id=f.72718CA3138FF5549B5396A90488E403.d.79AC2D3210F8A79E59BEC7C667AFD5AD.e.143, value=.//option[normalize-space(.) = ""]}]
Capabilities {acceptInsecureCerts: false, browserName: chrome, browserVersion: 122.0.6261.112, chrome: {chromedriverVersion: 122.0.6261.111 (9d4c1072da6..., userDataDir: C:\Users\Shree\AppData\Loca...}, fedcm:accounts: true, goog:chromeOptions: {debuggerAddress: localhost:51050}, networkConnectionEnabled: false, pageLoadStrategy: normal, platformName: windows, proxy: Proxy(), se:cdp: ws://localhost:51050/devtoo..., se:cdpVersion: 122.0.6261.112, setWindowRect: true, strictFileInteractability: false, timeouts: {implicit: 0, pageLoad: 300000, script: 30000}, unhandledPromptBehavior: dismiss and notify, webauthn:extension:credBlob: true, webauthn:extension:largeBlob: true, webauthn:extension:minPinLength: true, webauthn:extension:prf: true, webauthn:virtualAuthenticators: true}
Session ID: 7b6a44cb5f77a8254f11333286210386
	at org.openqa.selenium.remote.http.jdk.JdkHttpClient.execute0(JdkHttpClient.java:402)
	at org.openqa.selenium.remote.http.AddSeleniumUserAgent.lambda$apply$0(AddSeleniumUserAgent.java:42)
	at org.openqa.selenium.remote.http.Filter.lambda$andFinally$1(Filter.java:55)
	at org.openqa.selenium.remote.http.jdk.JdkHttpClient.execute(JdkHttpClient.java:358)
	at org.openqa.selenium.remote.HttpCommandExecutor.execute(HttpCommandExecutor.java:187)
	at org.openqa.selenium.remote.service.DriverCommandExecutor.invokeExecute(DriverCommandExecutor.java:216)
	at org.openqa.selenium.remote.service.DriverCommandExecutor.execute(DriverCommandExecutor.java:174)
	at org.openqa.selenium.remote.RemoteWebDriver.execute(RemoteWebDriver.java:519)
	at org.openqa.selenium.remote.ElementLocation$ElementFinder$2.findElements(ElementLocation.java:182)
	at org.openqa.selenium.remote.ElementLocation.findElements(ElementLocation.java:103)
	at org.openqa.selenium.remote.RemoteWebDriver.findElements(RemoteWebDriver.java:369)
	at org.openqa.selenium.remote.RemoteWebElement.findElements(RemoteWebElement.java:203)
	at java.base/jdk.internal.reflect.DirectMethodHandleAccessor.invoke(DirectMethodHandleAccessor.java:103)
	at java.base/java.lang.reflect.Method.invoke(Method.java:580)
	at org.openqa.selenium.support.pagefactory.internal.LocatingElementHandler.invoke(LocatingElementHandler.java:51)
	at jdk.proxy2/jdk.proxy2.$Proxy38.findElements(Unknown Source)
	at org.openqa.selenium.support.ui.Select.selectByVisibleText(Select.java:115)
	at PageObject.AddNewCustomerPAGE.enterManagerOfVendor(AddNewCustomerPAGE.java:159)
	at StepDefination.StepDef.user_enter_customer_info_from_sheetname_and_rownumber(StepDef.java:249)
	at ✽.User enter customer info from sheetname "contactus" and rownumber 5(file:///C:/Users/Shree/Desktop/Cucumber/CucumberFramework/./Features/Customers.feature:15)
Caused by: java.util.concurrent.TimeoutException
	at java.base/java.util.concurrent.CompletableFuture.timedGet(CompletableFuture.java:1960)
	at java.base/java.util.concurrent.CompletableFuture.get(CompletableFuture.java:2095)
	at org.openqa.selenium.remote.http.jdk.JdkHttpClient.execute0(JdkHttpClient.java:385)
	at org.openqa.selenium.remote.http.AddSeleniumUserAgent.lambda$apply$0(AddSeleniumUserAgent.java:42)
	at org.openqa.selenium.remote.http.Filter.lambda$andFinally$1(Filter.java:55)
	at org.openqa.selenium.remote.http.jdk.JdkHttpClient.execute(JdkHttpClient.java:358)
	at org.openqa.selenium.remote.HttpCommandExecutor.execute(HttpCommandExecutor.java:187)
	at org.openqa.selenium.remote.service.DriverCommandExecutor.invokeExecute(DriverCommandExecutor.java:216)
	at org.openqa.selenium.remote.service.DriverCommandExecutor.execute(DriverCommandExecutor.java:174)
	at org.openqa.selenium.remote.RemoteWebDriver.execute(RemoteWebDriver.java:519)
	at org.openqa.selenium.remote.ElementLocation$ElementFinder$2.findElements(ElementLocation.java:182)
	at org.openqa.selenium.remote.ElementLocation.findElements(ElementLocation.java:103)
	at org.openqa.selenium.remote.RemoteWebDriver.findElements(RemoteWebDriver.java:369)
	at org.openqa.selenium.remote.RemoteWebElement.findElements(RemoteWebElement.java:203)
	at java.base/jdk.internal.reflect.DirectMethodHandleAccessor.invoke(DirectMethodHandleAccessor.java:103)
	at java.base/java.lang.reflect.Method.invoke(Method.java:580)
	at org.openqa.selenium.support.pagefactory.internal.LocatingElementHandler.invoke(LocatingElementHandler.java:51)
	at jdk.proxy2/jdk.proxy2.$Proxy38.findElements(Unknown Source)
	at org.openqa.selenium.support.ui.Select.selectByVisibleText(Select.java:115)
	at PageObject.AddNewCustomerPAGE.enterManagerOfVendor(AddNewCustomerPAGE.java:159)
	at StepDefination.StepDef.user_enter_customer_info_from_sheetname_and_rownumber(StepDef.java:249)
	at java.base/jdk.internal.reflect.DirectMethodHandleAccessor.invoke(DirectMethodHandleAccessor.java:103)
	at java.base/java.lang.reflect.Method.invoke(Method.java:580)
	at io.cucumber.java.Invoker.doInvoke(Invoker.java:66)
	at io.cucumber.java.Invoker.invoke(Invoker.java:24)
	at io.cucumber.java.AbstractGlueDefinition.invokeMethod(AbstractGlueDefinition.java:47)
	at io.cucumber.java.JavaStepDefinition.execute(JavaStepDefinition.java:29)
	at io.cucumber.core.runner.CoreStepDefinition.execute(CoreStepDefinition.java:66)
	at io.cucumber.core.runner.PickleStepDefinitionMatch.runStep(PickleStepDefinitionMatch.java:63)
	at io.cucumber.core.runner.ExecutionMode$1.execute(ExecutionMode.java:10)
	at io.cucumber.core.runner.TestStep.executeStep(TestStep.java:84)
	at io.cucumber.core.runner.TestStep.run(TestStep.java:56)
	at io.cucumber.core.runner.PickleStepTestStep.run(PickleStepTestStep.java:51)
	at io.cucumber.core.runner.TestCase.run(TestCase.java:84)
	at io.cucumber.core.runner.Runner.runPickle(Runner.java:75)
	at io.cucumber.testng.TestNGCucumberRunner.lambda$runScenario$1(TestNGCucumberRunner.java:132)
	at io.cucumber.core.runtime.CucumberExecutionContext.lambda$runTestCase$5(CucumberExecutionContext.java:137)
	at io.cucumber.core.runtime.RethrowingThrowableCollector.executeAndThrow(RethrowingThrowableCollector.java:23)
	at io.cucumber.core.runtime.CucumberExecutionContext.runTestCase(CucumberExecutionContext.java:137)
	at io.cucumber.testng.TestNGCucumberRunner.runScenario(TestNGCucumberRunner.java:129)
	at io.cucumber.testng.AbstractTestNGCucumberTests.runScenario(AbstractTestNGCucumberTests.java:35)
	at java.base/jdk.internal.reflect.DirectMethodHandleAccessor.invoke(DirectMethodHandleAccessor.java:103)
	at java.base/java.lang.reflect.Method.invoke(Method.java:580)
	at org.testng.internal.invokers.MethodInvocationHelper.invokeMethod(MethodInvocationHelper.java:139)
	at org.testng.internal.invokers.TestInvoker.invokeMethod(TestInvoker.java:664)
	at org.testng.internal.invokers.TestInvoker.invokeTestMethod(TestInvoker.java:228)
	at org.testng.internal.invokers.MethodRunner.runInSequence(MethodRunner.java:63)
	at org.testng.internal.invokers.TestInvoker$MethodInvocationAgent.invoke(TestInvoker.java:961)
	at org.testng.internal.invokers.TestInvoker.invokeTestMethods(TestInvoker.java:201)
	at org.testng.internal.invokers.TestMethodWorker.invokeTestMethods(TestMethodWorker.java:148)
	at org.testng.internal.invokers.TestMethodWorker.run(TestMethodWorker.java:128)
	at java.base/java.util.ArrayList.forEach(ArrayList.java:1596)
	at org.testng.TestRunner.privateRun(TestRunner.java:819)
	at org.testng.TestRunner.run(TestRunner.java:619)
	at org.testng.SuiteRunner.runTest(SuiteRunner.java:443)
	at org.testng.SuiteRunner.runSequentially(SuiteRunner.java:437)
	at org.testng.SuiteRunner.privateRun(SuiteRunner.java:397)
	at org.testng.SuiteRunner.run(SuiteRunner.java:336)
	at org.testng.SuiteRunnerWorker.runSuite(SuiteRunnerWorker.java:52)
	at org.testng.SuiteRunnerWorker.run(SuiteRunnerWorker.java:95)
	at org.testng.TestNG.runSuitesSequentially(TestNG.java:1301)
	at org.testng.TestNG.runSuitesLocally(TestNG.java:1228)
	at org.testng.TestNG.runSuites(TestNG.java:1134)
	at org.testng.TestNG.run(TestNG.java:1101)
	at org.apache.maven.surefire.testng.TestNGExecutor.run(TestNGExecutor.java:151)
	at org.apache.maven.surefire.testng.TestNGDirectoryTestSuite.executeSingleClass(TestNGDirectoryTestSuite.java:111)
	at org.apache.maven.surefire.testng.TestNGDirectoryTestSuite.execute(TestNGDirectoryTestSuite.java:98)
	at org.apache.maven.surefire.testng.TestNGProvider.invoke(TestNGProvider.java:155)
	at org.apache.maven.surefire.booter.ForkedBooter.runSuitesInProcess(ForkedBooter.java:456)
	at org.apache.maven.surefire.booter.ForkedBooter.execute(ForkedBooter.java:169)
	at org.apache.maven.surefire.booter.ForkedBooter.run(ForkedBooter.java:595)
	at org.apache.maven.surefire.booter.ForkedBooter.main(ForkedBooter.java:581)
]]></failure>
    <system-out><![CDATA[setup1 method exicuted sanity
[DEBUG] Using WebDriverManager 5.6.3
[DEBUG] Resolution chrome=122 in cache (valid until 22:35:25 10/03/2024 IST)
[DEBUG] Resolution chrome122=122.0.6261.111 in cache (valid until 21:35:25 11/03/2024 IST)
[INFO] Using chromedriver 122.0.6261.111 (resolved driver for Chrome 122)
[DEBUG] Driver chromedriver 122.0.6261.111 found in cache
[INFO] Exporting webdriver.chrome.driver as C:\Users\Shree\.cache\selenium\chromedriver\win64\122.0.6261.111\chromedriver.exe
[INFO ] 2024-03-10 21:36:44.413 [main] StepDef - Step 1 exicuted
[INFO ] 2024-03-10 21:36:44.417 [main] StepDef - launch chrome browser
[INFO ] 2024-03-10 21:36:46.749 [main] StepDef - url open
[INFO ] 2024-03-10 21:36:47.102 [main] StepDef - enter email add and pwrd
[INFO ] 2024-03-10 21:36:59.990 [main] StepDef - click on login button
[INFO ] 2024-03-10 21:37:01.655 [main] StepDef - user can view dashbord pass
[INFO ] 2024-03-10 21:37:01.656 [main] StepDef - user enter email add 
[INFO ] 2024-03-10 21:37:02.117 [main] StepDef - user click on customer menu
[INFO ] 2024-03-10 21:37:02.117 [main] StepDef - user enter email add 
[INFO ] 2024-03-10 21:37:05.021 [main] StepDef - user click on customer menu item
[INFO ] 2024-03-10 21:37:07.299 [main] StepDef - user click on add new button
[INFO ] 2024-03-10 21:37:07.355 [main] StepDef - user can view add new customer page pass
]]></system-out>
    <system-err><![CDATA[Mar 10, 2024 9:36:44 PM org.openqa.selenium.devtools.CdpVersionFinder findNearestMatch
WARNING: Unable to find an exact match for CDP version 122, returning the closest version; found: 121; Please update to a Selenium version that supports CDP version 122
]]></system-err>
  </testcase>
  <testcase name="runScenario[&quot;Successful login with valid Credentials&quot;, &quot;Login&quot;](6)" classname="TestRunner.Run" time="29.008">
    <system-out><![CDATA[setup1 method exicuted sanity
[DEBUG] Using WebDriverManager 5.6.3
[DEBUG] Resolution chrome=122 in cache (valid until 22:35:25 10/03/2024 IST)
[DEBUG] Resolution chrome122=122.0.6261.111 in cache (valid until 21:35:25 11/03/2024 IST)
[INFO] Using chromedriver 122.0.6261.111 (resolved driver for Chrome 122)
[DEBUG] Driver chromedriver 122.0.6261.111 found in cache
[INFO] Exporting webdriver.chrome.driver as C:\Users\Shree\.cache\selenium\chromedriver\win64\122.0.6261.111\chromedriver.exe
[INFO ] 2024-03-10 21:40:30.915 [main] StepDef - Step 1 exicuted
[INFO ] 2024-03-10 21:40:30.918 [main] StepDef - launch chrome browser
[INFO ] 2024-03-10 21:40:33.788 [main] StepDef - url open
[INFO ] 2024-03-10 21:40:34.225 [main] StepDef - enter email add and pwrd
[INFO ] 2024-03-10 21:40:45.787 [main] StepDef - click on login button
[INFO ] 2024-03-10 21:40:54.192 [main] StepDef - page title match
[INFO ] 2024-03-10 21:40:57.942 [main] StepDef - click on logout button
[INFO ] 2024-03-10 21:40:57.994 [main] StepDef - page title match
[INFO ] 2024-03-10 21:40:58.818 [main] StepDef - close browser
]]></system-out>
    <system-err><![CDATA[Mar 10, 2024 9:40:30 PM org.openqa.selenium.devtools.CdpVersionFinder findNearestMatch
WARNING: Unable to find an exact match for CDP version 122, returning the closest version; found: 121; Please update to a Selenium version that supports CDP version 122
Mar 10, 2024 9:40:58 PM org.openqa.selenium.remote.http.WebSocket$Listener onError
WARNING: Connection reset
java.net.SocketException: Connection reset
	at java.base/sun.nio.ch.SocketChannelImpl.throwConnectionReset(SocketChannelImpl.java:401)
	at java.base/sun.nio.ch.SocketChannelImpl.read(SocketChannelImpl.java:434)
	at java.net.http/jdk.internal.net.http.SocketTube.readAvailable(SocketTube.java:1178)
	at java.net.http/jdk.internal.net.http.SocketTube$InternalReadPublisher$InternalReadSubscription.read(SocketTube.java:841)
	at java.net.http/jdk.internal.net.http.SocketTube$SocketFlowTask.run(SocketTube.java:181)
	at java.net.http/jdk.internal.net.http.common.SequentialScheduler$SchedulableTask.run(SequentialScheduler.java:207)
	at java.net.http/jdk.internal.net.http.common.SequentialScheduler.runOrSchedule(SequentialScheduler.java:280)
	at java.net.http/jdk.internal.net.http.common.SequentialScheduler.runOrSchedule(SequentialScheduler.java:233)
	at java.net.http/jdk.internal.net.http.SocketTube$InternalReadPublisher$InternalReadSubscription.signalReadable(SocketTube.java:782)
	at java.net.http/jdk.internal.net.http.SocketTube$InternalReadPublisher$ReadEvent.signalEvent(SocketTube.java:965)
	at java.net.http/jdk.internal.net.http.SocketTube$SocketFlowEvent.handle(SocketTube.java:253)
	at java.net.http/jdk.internal.net.http.HttpClientImpl$SelectorManager.handleEvent(HttpClientImpl.java:1467)
	at java.net.http/jdk.internal.net.http.HttpClientImpl$SelectorManager.lambda$run$3(HttpClientImpl.java:1412)
	at java.base/java.util.ArrayList.forEach(ArrayList.java:1596)
	at java.net.http/jdk.internal.net.http.HttpClientImpl$SelectorManager.run(HttpClientImpl.java:1412)

]]></system-err>
  </testcase>
</testsuite>