<?xml version="1.0" encoding="UTF-8"?>
<!-- Generated by org.testng.reporters.JUnitReportReporter -->
<testsuite hostname="Shree-PC" failures="0" tests="3" name="TestRunner.Run" time="41.791" errors="0" timestamp="2024-03-02T14:14:06 IST" skipped="0">
  <testcase classname="TestRunner.Run" name="runScenario" time="19.270"/>
  <testcase classname="TestRunner.Run" name="runScenario" time="10.511"/>
  <testcase classname="TestRunner.Run" name="runScenario" time="12.010"/>
</testsuite> <!-- TestRunner.Run -->
